<?xml version="1.0" encoding="utf-8"?><testsuites name="pytest tests"><testsuite name="pytest" errors="0" failures="0" skipped="0" tests="111" time="3.552" timestamp="2025-11-24T19:33:54.091549+05:30" hostname="Mayanks-MacBook-Pro.local"><testcase classname="test.unit.test_template.TestTemplateStructure" name="test_template_format_version" time="0.005" /><testcase classname="test.unit.test_template.TestTemplateStructure" name="test_template_has_description" time="0.001" /><testcase classname="test.unit.test_template.TestTemplateStructure" name="test_template_has_all_sections" time="0.001" /><testcase classname="test.unit.test_template.TestTemplateStructure" name="test_resource_count" time="0.002" /><testcase classname="test.unit.test_template.TestParameters" name="test_environment_suffix_parameter" time="0.002" /><testcase classname="test.unit.test_template.TestParameters" name="test_cluster_version_parameter" time="0.002" /><testcase classname="test.unit.test_template.TestParameters" name="test_node_instance_type_parameter" time="0.002" /><testcase classname="test.unit.test_template.TestParameters" name="test_node_group_size_parameters" time="0.001" /><testcase classname="test.unit.test_template.TestParameters" name="test_node_group_size_defaults" time="0.002" /><testcase classname="test.unit.test_template.TestVPCResources" name="test_vpc_exists" time="0.002" /><testcase classname="test.unit.test_template.TestVPCResources" name="test_vpc_tags" time="0.002" /><testcase classname="test.unit.test_template.TestVPCResources" name="test_internet_gateway_exists" time="0.002" /><testcase classname="test.unit.test_template.TestVPCResources" name="test_public_subnets_count" time="0.002" /><testcase classname="test.unit.test_template.TestVPCResources" name="test_public_subnet_cidrs" time="0.001" /><testcase classname="test.unit.test_template.TestVPCResources" name="test_public_subnets_map_public_ip" time="0.002" /><testcase classname="test.unit.test_template.TestVPCResources" name="test_public_subnets_across_azs" time="0.001" /><testcase classname="test.unit.test_template.TestVPCResources" name="test_public_subnets_kubernetes_tags" time="0.002" /><testcase classname="test.unit.test_template.TestVPCResources" name="test_private_subnets_count" time="0.002" /><testcase classname="test.unit.test_template.TestVPCResources" name="test_private_subnet_cidrs" time="0.002" /><testcase classname="test.unit.test_template.TestVPCResources" name="test_private_subnets_kubernetes_tags" time="0.002" /><testcase classname="test.unit.test_template.TestVPCResources" name="test_nat_gateways_count" time="0.001" /><testcase classname="test.unit.test_template.TestVPCResources" name="test_nat_gateways_have_eips" time="0.001" /><testcase classname="test.unit.test_template.TestVPCResources" name="test_nat_gateways_placement" time="0.001" /><testcase classname="test.unit.test_template.TestVPCResources" name="test_route_tables_exist" time="0.002" /><testcase classname="test.unit.test_template.TestVPCResources" name="test_public_route_to_igw" time="0.002" /><testcase classname="test.unit.test_template.TestVPCResources" name="test_private_routes_to_nat_gateways" time="0.002" /><testcase classname="test.unit.test_template.TestVPCResources" name="test_route_table_associations" time="0.002" /><testcase classname="test.unit.test_template.TestVPCResources" name="test_public_subnet_associations" time="0.002" /><testcase classname="test.unit.test_template.TestVPCResources" name="test_private_subnet_associations" time="0.001" /><testcase classname="test.unit.test_template.TestSecurityGroups" name="test_cluster_security_group_exists" time="0.001" /><testcase classname="test.unit.test_template.TestSecurityGroups" name="test_node_security_group_exists" time="0.002" /><testcase classname="test.unit.test_template.TestSecurityGroups" name="test_node_security_group_kubernetes_tags" time="0.001" /><testcase classname="test.unit.test_template.TestSecurityGroups" name="test_cluster_security_group_ingress_https" time="0.001" /><testcase classname="test.unit.test_template.TestSecurityGroups" name="test_node_security_group_ingress_self" time="0.001" /><testcase classname="test.unit.test_template.TestSecurityGroups" name="test_node_security_group_ingress_from_cluster" time="0.001" /><testcase classname="test.unit.test_template.TestSecurityGroups" name="test_node_security_group_ingress_cluster_https" time="0.001" /><testcase classname="test.unit.test_template.TestSecurityGroups" name="test_cluster_security_group_egress_to_nodes" time="0.001" /><testcase classname="test.unit.test_template.TestSecurityGroups" name="test_cluster_security_group_egress_https" time="0.001" /><testcase classname="test.unit.test_template.TestIAMRoles" name="test_eks_cluster_role_exists" time="0.001" /><testcase classname="test.unit.test_template.TestIAMRoles" name="test_eks_cluster_role_trust_policy" time="0.001" /><testcase classname="test.unit.test_template.TestIAMRoles" name="test_eks_cluster_role_managed_policies" time="0.001" /><testcase classname="test.unit.test_template.TestIAMRoles" name="test_eks_node_role_exists" time="0.001" /><testcase classname="test.unit.test_template.TestIAMRoles" name="test_eks_node_role_trust_policy" time="0.002" /><testcase classname="test.unit.test_template.TestIAMRoles" name="test_eks_node_role_managed_policies" time="0.001" /><testcase classname="test.unit.test_template.TestIAMRoles" name="test_vpc_flow_log_role_exists" time="0.001" /><testcase classname="test.unit.test_template.TestIAMRoles" name="test_vpc_flow_log_role_trust_policy" time="0.001" /><testcase classname="test.unit.test_template.TestIAMRoles" name="test_vpc_flow_log_role_policy" time="0.001" /><testcase classname="test.unit.test_template.TestIAMRoles" name="test_iam_roles_no_wildcard_permissions" time="0.001" /><testcase classname="test.unit.test_template.TestKMSEncryption" name="test_kms_key_exists" time="0.002" /><testcase classname="test.unit.test_template.TestKMSEncryption" name="test_kms_key_policy" time="0.001" /><testcase classname="test.unit.test_template.TestKMSEncryption" name="test_kms_key_alias_exists" time="0.001" /><testcase classname="test.unit.test_template.TestEKSCluster" name="test_eks_cluster_exists" time="0.001" /><testcase classname="test.unit.test_template.TestEKSCluster" name="test_eks_cluster_version" time="0.001" /><testcase classname="test.unit.test_template.TestEKSCluster" name="test_eks_cluster_role" time="0.001" /><testcase classname="test.unit.test_template.TestEKSCluster" name="test_eks_cluster_vpc_config" time="0.001" /><testcase classname="test.unit.test_template.TestEKSCluster" name="test_eks_cluster_encryption" time="0.001" /><testcase classname="test.unit.test_template.TestEKSCluster" name="test_eks_cluster_logging" time="0.001" /><testcase classname="test.unit.test_template.TestEKSCluster" name="test_eks_cluster_tags" time="0.001" /><testcase classname="test.unit.test_template.TestOIDCProvider" name="test_oidc_provider_exists" time="0.001" /><testcase classname="test.unit.test_template.TestOIDCProvider" name="test_oidc_provider_url" time="0.002" /><testcase classname="test.unit.test_template.TestOIDCProvider" name="test_oidc_provider_client_id" time="0.002" /><testcase classname="test.unit.test_template.TestOIDCProvider" name="test_oidc_provider_thumbprint" time="0.001" /><testcase classname="test.unit.test_template.TestEKSNodeGroup" name="test_node_group_exists" time="0.002" /><testcase classname="test.unit.test_template.TestEKSNodeGroup" name="test_node_group_name" time="0.002" /><testcase classname="test.unit.test_template.TestEKSNodeGroup" name="test_node_group_cluster_reference" time="0.002" /><testcase classname="test.unit.test_template.TestEKSNodeGroup" name="test_node_group_role" time="0.002" /><testcase classname="test.unit.test_template.TestEKSNodeGroup" name="test_node_group_subnets" time="0.002" /><testcase classname="test.unit.test_template.TestEKSNodeGroup" name="test_node_group_scaling_config" time="0.002" /><testcase classname="test.unit.test_template.TestEKSNodeGroup" name="test_node_group_instance_types" time="0.001" /><testcase classname="test.unit.test_template.TestEKSNodeGroup" name="test_node_group_ami_type" time="0.001" /><testcase classname="test.unit.test_template.TestEKSNodeGroup" name="test_node_group_tags" time="0.001" /><testcase classname="test.unit.test_template.TestCloudWatchLogs" name="test_cluster_log_group_exists" time="0.001" /><testcase classname="test.unit.test_template.TestCloudWatchLogs" name="test_cluster_log_group_retention" time="0.001" /><testcase classname="test.unit.test_template.TestCloudWatchLogs" name="test_vpc_flow_log_group_exists" time="0.001" /><testcase classname="test.unit.test_template.TestCloudWatchLogs" name="test_vpc_flow_log_group_retention" time="0.001" /><testcase classname="test.unit.test_template.TestVPCFlowLogs" name="test_vpc_flow_log_exists" time="0.001" /><testcase classname="test.unit.test_template.TestVPCFlowLogs" name="test_vpc_flow_log_configuration" time="0.001" /><testcase classname="test.unit.test_template.TestVPCFlowLogs" name="test_vpc_flow_log_references" time="0.002" /><testcase classname="test.unit.test_template.TestCloudTrail" name="test_cloudtrail_bucket_exists" time="0.002" /><testcase classname="test.unit.test_template.TestCloudTrail" name="test_cloudtrail_bucket_name" time="0.002" /><testcase classname="test.unit.test_template.TestCloudTrail" name="test_cloudtrail_bucket_encryption" time="0.001" /><testcase classname="test.unit.test_template.TestCloudTrail" name="test_cloudtrail_bucket_versioning" time="0.001" /><testcase classname="test.unit.test_template.TestCloudTrail" name="test_cloudtrail_bucket_public_access_block" time="0.001" /><testcase classname="test.unit.test_template.TestCloudTrail" name="test_cloudtrail_bucket_policy_exists" time="0.001" /><testcase classname="test.unit.test_template.TestCloudTrail" name="test_cloudtrail_bucket_policy_statements" time="0.001" /><testcase classname="test.unit.test_template.TestCloudTrail" name="test_cloudtrail_exists" time="0.001" /><testcase classname="test.unit.test_template.TestCloudTrail" name="test_cloudtrail_configuration" time="0.001" /><testcase classname="test.unit.test_template.TestCloudTrail" name="test_cloudtrail_event_selectors" time="0.001" /><testcase classname="test.unit.test_template.TestCloudTrail" name="test_cloudtrail_depends_on" time="0.001" /><testcase classname="test.unit.test_template.TestOutputs" name="test_outputs_count" time="0.001" /><testcase classname="test.unit.test_template.TestOutputs" name="test_cluster_name_output" time="0.001" /><testcase classname="test.unit.test_template.TestOutputs" name="test_cluster_endpoint_output" time="0.001" /><testcase classname="test.unit.test_template.TestOutputs" name="test_cluster_arn_output" time="0.001" /><testcase classname="test.unit.test_template.TestOutputs" name="test_oidc_provider_arn_output" time="0.001" /><testcase classname="test.unit.test_template.TestOutputs" name="test_vpc_id_output" time="0.001" /><testcase classname="test.unit.test_template.TestOutputs" name="test_node_security_group_output" time="0.001" /><testcase classname="test.unit.test_template.TestOutputs" name="test_cluster_security_group_output" time="0.001" /><testcase classname="test.unit.test_template.TestOutputs" name="test_all_outputs_have_exports" time="0.002" /><testcase classname="test.unit.test_template.TestResourceNaming" name="test_resources_use_environment_suffix" time="0.002" /><testcase classname="test.unit.test_template.TestResourceNaming" name="test_iam_roles_use_environment_suffix" time="0.002" /><testcase classname="test.unit.test_template.TestDeletionPolicies" name="test_no_retain_policies" time="0.002" /><testcase classname="test.unit.test_template.TestDeletionPolicies" name="test_resources_are_destroyable" time="0.002" /><testcase classname="test.unit.test_template.TestSecurityCompliance" name="test_vpc_flow_logs_enabled" time="0.002" /><testcase classname="test.unit.test_template.TestSecurityCompliance" name="test_cloudtrail_enabled" time="0.001" /><testcase classname="test.unit.test_template.TestSecurityCompliance" name="test_eks_encryption_enabled" time="0.001" /><testcase classname="test.unit.test_template.TestSecurityCompliance" name="test_s3_bucket_encryption_enabled" time="0.001" /><testcase classname="test.unit.test_template.TestSecurityCompliance" name="test_s3_bucket_versioning_enabled" time="0.001" /><testcase classname="test.unit.test_template.TestSecurityCompliance" name="test_eks_logging_enabled" time="0.001" /><testcase classname="test.unit.test_template.TestResourceTags" name="test_vpc_has_required_tags" time="0.001" /><testcase classname="test.unit.test_template.TestResourceTags" name="test_subnets_have_tags" time="0.001" /><testcase classname="test.unit.test_template.TestResourceTags" name="test_eks_cluster_has_tags" time="0.003" /></testsuite></testsuites>