{"meta": {"format": 3, "version": "7.11.0", "timestamp": "2025-11-20T11:11:23.837321", "branch_coverage": true, "show_contexts": false}, "files": {"/var/www/turing/iac-test-automations/worktree/synth-101912518/lib/lambda/data_sync.py": {"executed_lines": [1, 5, 6, 7, 8, 9, 12, 13, 14, 16, 17, 18, 19, 20, 23, 34, 35, 36, 38, 46, 47, 48, 49, 50, 51, 53, 55, 56, 57, 58, 60, 63, 65, 67, 72, 73, 74, 77, 89, 95, 105, 106, 107, 109, 112, 114, 122, 124, 126, 127, 130, 140, 143, 144, 146, 148, 150, 151, 154, 162, 163, 165, 176, 177, 180, 187, 188, 209, 214, 215], "summary": {"covered_lines": 69, "num_statements": 69, "percent_covered": 100.0, "percent_covered_display": "100", "missing_lines": 0, "excluded_lines": 0, "num_branches": 12, "num_partial_branches": 0, "covered_branches": 12, "missing_branches": 0}, "missing_lines": [], "excluded_lines": [], "executed_branches": [[46, 47], [46, 63], [47, 48], [47, 63], [48, 49], [48, 55], [50, 51], [50, 53], [55, 47], [55, 56], [57, 58], [57, 60]], "missing_branches": [], "functions": {"handler": {"executed_lines": [34, 35, 36, 38, 46, 47, 48, 49, 50, 51, 53, 55, 56, 57, 58, 60, 63, 65, 67, 72, 73, 74, 77, 89], "summary": {"covered_lines": 24, "num_statements": 24, "percent_covered": 100.0, "percent_covered_display": "100", "missing_lines": 0, "excluded_lines": 0, "num_branches": 12, "num_partial_branches": 0, "covered_branches": 12, "missing_branches": 0}, "missing_lines": [], "excluded_lines": [], "executed_branches": [[46, 47], [46, 63], [47, 48], [47, 63], [48, 49], [48, 55], [50, 51], [50, 53], [55, 47], [55, 56], [57, 58], [57, 60]], "missing_branches": []}, "sync_document": {"executed_lines": [105, 106, 107, 109, 112, 114, 122, 124, 126, 127], "summary": {"covered_lines": 10, "num_statements": 10, "percent_covered": 100.0, "percent_covered_display": "100", "missing_lines": 0, "excluded_lines": 0, "num_branches": 0, "num_partial_branches": 0, "covered_branches": 0, "missing_branches": 0}, "missing_lines": [], "excluded_lines": [], "executed_branches": [], "missing_branches": []}, "sync_metadata": {"executed_lines": [140, 143, 144, 146, 148, 150, 151], "summary": {"covered_lines": 7, "num_statements": 7, "percent_covered": 100.0, "percent_covered_display": "100", "missing_lines": 0, "excluded_lines": 0, "num_branches": 0, "num_partial_branches": 0, "covered_branches": 0, "missing_branches": 0}, "missing_lines": [], "excluded_lines": [], "executed_branches": [], "missing_branches": []}, "update_document_metadata": {"executed_lines": [162, 163, 165, 176, 177], "summary": {"covered_lines": 5, "num_statements": 5, "percent_covered": 100.0, "percent_covered_display": "100", "missing_lines": 0, "excluded_lines": 0, "num_branches": 0, "num_partial_branches": 0, "covered_branches": 0, "missing_branches": 0}, "missing_lines": [], "excluded_lines": [], "executed_branches": [], "missing_branches": []}, "publish_sync_metrics": {"executed_lines": [187, 188, 209, 214, 215], "summary": {"covered_lines": 5, "num_statements": 5, "percent_covered": 100.0, "percent_covered_display": "100", "missing_lines": 0, "excluded_lines": 0, "num_branches": 0, "num_partial_branches": 0, "covered_branches": 0, "missing_branches": 0}, "missing_lines": [], "excluded_lines": [], "executed_branches": [], "missing_branches": []}, "": {"executed_lines": [1, 5, 6, 7, 8, 9, 12, 13, 14, 16, 17, 18, 19, 20, 23, 95, 130, 154, 180], "summary": {"covered_lines": 18, "num_statements": 18, "percent_covered": 100.0, "percent_covered_display": "100", "missing_lines": 0, "excluded_lines": 0, "num_branches": 0, "num_partial_branches": 0, "covered_branches": 0, "missing_branches": 0}, "missing_lines": [], "excluded_lines": [], "executed_branches": [], "missing_branches": []}}, "classes": {"": {"executed_lines": [1, 5, 6, 7, 8, 9, 12, 13, 14, 16, 17, 18, 19, 20, 23, 34, 35, 36, 38, 46, 47, 48, 49, 50, 51, 53, 55, 56, 57, 58, 60, 63, 65, 67, 72, 73, 74, 77, 89, 95, 105, 106, 107, 109, 112, 114, 122, 124, 126, 127, 130, 140, 143, 144, 146, 148, 150, 151, 154, 162, 163, 165, 176, 177, 180, 187, 188, 209, 214, 215], "summary": {"covered_lines": 69, "num_statements": 69, "percent_covered": 100.0, "percent_covered_display": "100", "missing_lines": 0, "excluded_lines": 0, "num_branches": 12, "num_partial_branches": 0, "covered_branches": 12, "missing_branches": 0}, "missing_lines": [], "excluded_lines": [], "executed_branches": [[46, 47], [46, 63], [47, 48], [47, 63], [48, 49], [48, 55], [50, 51], [50, 53], [55, 47], [55, 56], [57, 58], [57, 60]], "missing_branches": []}}}, "/var/www/turing/iac-test-automations/worktree/synth-101912518/lib/lambda/validation.py": {"executed_lines": [1, 5, 6, 7, 8, 9, 12, 13, 14, 16, 17, 18, 21, 32, 33, 35, 43, 45, 46, 47, 49, 50, 51, 54, 56, 58, 63, 64, 65, 67, 73, 80, 81, 86, 87, 89, 91, 92, 93, 96, 106, 108, 114, 115, 119, 120, 127, 128, 130, 132, 138, 139, 146, 153, 154, 175, 180, 181], "summary": {"covered_lines": 57, "num_statements": 57, "percent_covered": 100.0, "percent_covered_display": "100", "missing_lines": 0, "excluded_lines": 0, "num_branches": 6, "num_partial_branches": 0, "covered_branches": 6, "missing_branches": 0}, "missing_lines": [], "excluded_lines": [], "executed_branches": [[45, 46], [45, 54], [49, 45], [49, 50], [86, 87], [86, 89]], "missing_branches": [], "functions": {"handler": {"executed_lines": [32, 33, 35, 43, 45, 46, 47, 49, 50, 51, 54, 56, 58, 63, 64, 65, 67], "summary": {"covered_lines": 17, "num_statements": 17, "percent_covered": 100.0, "percent_covered_display": "100", "missing_lines": 0, "excluded_lines": 0, "num_branches": 4, "num_partial_branches": 0, "covered_branches": 4, "missing_branches": 0}, "missing_lines": [], "excluded_lines": [], "executed_branches": [[45, 46], [45, 54], [49, 45], [49, 50]], "missing_branches": []}, "get_sample_documents": {"executed_lines": [80, 81, 86, 87, 89, 91, 92, 93], "summary": {"covered_lines": 8, "num_statements": 8, "percent_covered": 100.0, "percent_covered_display": "100", "missing_lines": 0, "excluded_lines": 0, "num_branches": 2, "num_partial_branches": 0, "covered_branches": 2, "missing_branches": 0}, "missing_lines": [], "excluded_lines": [], "executed_branches": [[86, 87], [86, 89]], "missing_branches": []}, "validate_document": {"executed_lines": [106, 108, 114, 115, 119, 120, 127, 128, 130, 132, 138, 139], "summary": {"covered_lines": 12, "num_statements": 12, "percent_covered": 100.0, "percent_covered_display": "100", "missing_lines": 0, "excluded_lines": 0, "num_branches": 0, "num_partial_branches": 0, "covered_branches": 0, "missing_branches": 0}, "missing_lines": [], "excluded_lines": [], "executed_branches": [], "missing_branches": []}, "publish_validation_metrics": {"executed_lines": [153, 154, 175, 180, 181], "summary": {"covered_lines": 5, "num_statements": 5, "percent_covered": 100.0, "percent_covered_display": "100", "missing_lines": 0, "excluded_lines": 0, "num_branches": 0, "num_partial_branches": 0, "covered_branches": 0, "missing_branches": 0}, "missing_lines": [], "excluded_lines": [], "executed_branches": [], "missing_branches": []}, "": {"executed_lines": [1, 5, 6, 7, 8, 9, 12, 13, 14, 16, 17, 18, 21, 73, 96, 146], "summary": {"covered_lines": 15, "num_statements": 15, "percent_covered": 100.0, "percent_covered_display": "100", "missing_lines": 0, "excluded_lines": 0, "num_branches": 0, "num_partial_branches": 0, "covered_branches": 0, "missing_branches": 0}, "missing_lines": [], "excluded_lines": [], "executed_branches": [], "missing_branches": []}}, "classes": {"": {"executed_lines": [1, 5, 6, 7, 8, 9, 12, 13, 14, 16, 17, 18, 21, 32, 33, 35, 43, 45, 46, 47, 49, 50, 51, 54, 56, 58, 63, 64, 65, 67, 73, 80, 81, 86, 87, 89, 91, 92, 93, 96, 106, 108, 114, 115, 119, 120, 127, 128, 130, 132, 138, 139, 146, 153, 154, 175, 180, 181], "summary": {"covered_lines": 57, "num_statements": 57, "percent_covered": 100.0, "percent_covered_display": "100", "missing_lines": 0, "excluded_lines": 0, "num_branches": 6, "num_partial_branches": 0, "covered_branches": 6, "missing_branches": 0}, "missing_lines": [], "excluded_lines": [], "executed_branches": [[45, 46], [45, 54], [49, 45], [49, 50], [86, 87], [86, 89]], "missing_branches": []}}}}, "totals": {"covered_lines": 126, "num_statements": 126, "percent_covered": 100.0, "percent_covered_display": "100", "missing_lines": 0, "excluded_lines": 0, "num_branches": 18, "num_partial_branches": 0, "covered_branches": 18, "missing_branches": 0}}