{"meta": {"format": 3, "version": "7.11.3", "timestamp": "2025-11-24T19:29:21.426053", "branch_coverage": true, "show_contexts": false}, "files": {"test/unit/__init__.py": {"executed_lines": [], "summary": {"covered_lines": 0, "num_statements": 0, "percent_covered": 100.0, "percent_covered_display": "100", "missing_lines": 0, "excluded_lines": 0, "num_branches": 0, "num_partial_branches": 0, "covered_branches": 0, "missing_branches": 0}, "missing_lines": [], "excluded_lines": [], "executed_branches": [], "missing_branches": [], "functions": {"": {"executed_lines": [], "summary": {"covered_lines": 0, "num_statements": 0, "percent_covered": 100.0, "percent_covered_display": "100", "missing_lines": 0, "excluded_lines": 0, "num_branches": 0, "num_partial_branches": 0, "covered_branches": 0, "missing_branches": 0}, "missing_lines": [], "excluded_lines": [], "executed_branches": [], "missing_branches": []}}, "classes": {"": {"executed_lines": [], "summary": {"covered_lines": 0, "num_statements": 0, "percent_covered": 100.0, "percent_covered_display": "100", "missing_lines": 0, "excluded_lines": 0, "num_branches": 0, "num_partial_branches": 0, "covered_branches": 0, "missing_branches": 0}, "missing_lines": [], "excluded_lines": [], "executed_branches": [], "missing_branches": []}}}, "test/unit/test_template.py": {"executed_lines": [2, 8, 9, 10, 11, 12, 15, 16, 18, 20, 23, 25, 26, 27, 28, 30, 32, 33, 34, 36, 38, 42, 43, 45, 47, 48, 49, 50, 52, 54, 55, 56, 57, 58, 61, 63, 64, 65, 67, 69, 70, 71, 72, 73, 74, 76, 78, 79, 80, 82, 84, 85, 86, 89, 90, 92, 94, 95, 96, 97, 98, 100, 102, 103, 105, 106, 107, 110, 111, 112, 115, 117, 118, 121, 122, 124, 126, 129, 131, 133, 135, 137, 138, 140, 141, 142, 143, 145, 147, 149, 150, 151, 154, 156, 158, 159, 160, 161, 162, 163, 165, 167, 169, 170, 171, 172, 174, 176, 178, 180, 182, 184, 185, 187, 188, 189, 190, 192, 194, 196, 197, 198, 199, 202, 204, 206, 208, 210, 211, 212, 214, 215, 216, 218, 220, 221, 222, 224, 225, 228, 229, 231, 233, 235, 236, 239, 241, 242, 243, 245, 248, 250, 251, 252, 253, 255, 258, 260, 263, 265, 267, 268, 269, 271, 273, 276, 278, 279, 280, 282, 286, 287, 289, 291, 292, 293, 295, 297, 299, 300, 301, 305, 307, 308, 311, 312, 314, 316, 317, 318, 319, 320, 321, 324, 326, 327, 328, 329, 332, 334, 335, 336, 337, 340, 342, 343, 344, 346, 348, 349, 350, 351, 352, 355, 357, 358, 359, 362, 363, 365, 367, 368, 371, 372, 373, 376, 378, 379, 381, 382, 384, 385, 386, 388, 390, 392, 393, 395, 400, 401, 404, 406, 407, 409, 411, 412, 414, 415, 418, 420, 421, 423, 430, 431, 434, 436, 437, 439, 441, 442, 444, 445, 448, 450, 451, 453, 454, 455, 458, 459, 461, 469, 472, 475, 476, 478, 479, 480, 481, 482, 486, 487, 491, 492, 494, 496, 497, 499, 500, 501, 503, 505, 506, 508, 509, 512, 513, 514, 517, 518, 520, 521, 523, 525, 526, 528, 529, 530, 533, 537, 538, 540, 542, 543, 545, 546, 547, 550, 552, 553, 554, 557, 559, 560, 561, 562, 565, 567, 568, 571, 572, 573, 577, 578, 579, 580, 584, 585, 587, 589, 590, 592, 593, 595, 596, 597, 600, 603, 605, 606, 608, 610, 611, 613, 614, 617, 619, 620, 622, 623, 624, 627, 628, 630, 632, 633, 635, 637, 638, 640, 641, 644, 646, 647, 649, 652, 654, 655, 657, 658, 662, 663, 665, 667, 668, 670, 672, 673, 675, 676, 679, 681, 682, 684, 687, 689, 690, 692, 693, 696, 698, 699, 701, 702, 703, 706, 708, 709, 711, 713, 715, 718, 720, 721, 723, 724, 727, 729, 730, 732, 735, 737, 738, 740, 741, 744, 745, 747, 749, 750, 752, 753, 754, 757, 759, 760, 762, 764, 766, 767, 769, 771, 772, 774, 777, 778, 780, 782, 783, 785, 787, 788, 790, 791, 792, 793, 796, 798, 799, 801, 804, 805, 806, 810, 811, 813, 815, 816, 818, 820, 821, 823, 824, 826, 829, 831, 832, 834, 835, 838, 840, 841, 843, 846, 848, 849, 851, 852, 853, 854, 856, 858, 859, 861, 863, 864, 866, 867, 870, 871, 872, 874, 877, 878, 879, 881, 883, 884, 886, 888, 889, 891, 893, 895, 896, 899, 901, 902, 904, 905, 906, 907, 910, 912, 913, 914, 918, 919, 921, 923, 925, 927, 928, 929, 931, 933, 935, 936, 938, 939, 942, 944, 945, 947, 948, 951, 953, 954, 955, 958, 960, 961, 964, 966, 967, 970, 972, 973, 976, 978, 979, 980, 983, 984, 986, 988, 994, 995, 996, 998, 1001, 1003, 1005, 1006, 1007, 1009, 1010, 1014, 1015, 1017, 1019, 1020, 1022, 1026, 1029, 1033, 1034, 1035, 1037, 1041, 1042, 1044, 1046, 1047, 1048, 1051, 1053, 1054, 1055, 1058, 1060, 1061, 1062, 1064, 1066, 1067, 1068, 1070, 1072, 1073, 1074, 1077, 1079, 1080, 1081, 1083, 1087, 1088, 1090, 1092, 1093, 1095, 1096, 1097, 1099, 1101, 1102, 1103, 1104, 1105, 1107, 1109, 1110, 1112, 1113, 1114, 1117], "summary": {"covered_lines": 618, "num_statements": 621, "percent_covered": 99.12663755458516, "percent_covered_display": "99", "missing_lines": 3, "excluded_lines": 2, "num_branches": 66, "num_partial_branches": 3, "covered_branches": 63, "missing_branches": 3}, "missing_lines": [483, 488, 1023], "excluded_lines": [1117, 1118], "executed_branches": [[33, -30], [33, 34], [70, -67], [70, 71], [106, 107], [106, 110], [140, 141], [140, 145], [149, -147], [149, 150], [158, 159], [158, 165], [169, -167], [169, 170], [187, 188], [187, 192], [196, -194], [196, 197], [210, -208], [210, 211], [220, -218], [220, 221], [235, -231], [235, 236], [250, -248], [250, 251], [267, -265], [267, 268], [278, -276], [278, 279], [478, -472], [478, 479], [480, 478], [480, 481], [482, 486], [486, 480], [486, 487], [487, 486], [579, 580], [579, 584], [623, -617], [623, 624], [702, -696], [702, 703], [978, -976], [978, 979], [994, -986], [994, 995], [1005, -1001], [1005, 1006], [1019, -1017], [1019, 1020], [1022, 1019], [1033, -1026], [1033, 1034], [1096, -1090], [1096, 1097], [1101, -1099], [1101, 1102], [1102, 1101], [1102, 1103], [1113, -1107], [1113, 1114]], "missing_branches": [[482, 483], [487, 488], [1022, 1023]], "functions": {"TestTemplateStructure.test_template_format_version": {"executed_lines": [20], "summary": {"covered_lines": 1, "num_statements": 1, "percent_covered": 100.0, "percent_covered_display": "100", "missing_lines": 0, "excluded_lines": 0, "num_branches": 0, "num_partial_branches": 0, "covered_branches": 0, "missing_branches": 0}, "missing_lines": [], "excluded_lines": [], "executed_branches": [], "missing_branches": []}, "TestTemplateStructure.test_template_has_description": {"executed_lines": [25, 26, 27, 28], "summary": {"covered_lines": 4, "num_statements": 4, "percent_covered": 100.0, "percent_covered_display": "100", "missing_lines": 0, "excluded_lines": 0, "num_branches": 0, "num_partial_branches": 0, "covered_branches": 0, "missing_branches": 0}, "missing_lines": [], "excluded_lines": [], "executed_branches": [], "missing_branches": []}, "TestTemplateStructure.test_template_has_all_sections": {"executed_lines": [32, 33, 34], "summary": {"covered_lines": 3, "num_statements": 3, "percent_covered": 100.0, "percent_covered_display": "100", "missing_lines": 0, "excluded_lines": 0, "num_branches": 2, "num_partial_branches": 0, "covered_branches": 2, "missing_branches": 0}, "missing_lines": [], "excluded_lines": [], "executed_branches": [[33, -30], [33, 34]], "missing_branches": []}, "TestTemplateStructure.test_resource_count": {"executed_lines": [38], "summary": {"covered_lines": 1, "num_statements": 1, "percent_covered": 100.0, "percent_covered_display": "100", "missing_lines": 0, "excluded_lines": 0, "num_branches": 0, "num_partial_branches": 0, "covered_branches": 0, "missing_branches": 0}, "missing_lines": [], "excluded_lines": [], "executed_branches": [], "missing_branches": []}, "TestParameters.test_environment_suffix_parameter": {"executed_lines": [47, 48, 49, 50], "summary": {"covered_lines": 4, "num_statements": 4, "percent_covered": 100.0, "percent_covered_display": "100", "missing_lines": 0, "excluded_lines": 0, "num_branches": 0, "num_partial_branches": 0, "covered_branches": 0, "missing_branches": 0}, "missing_lines": [], "excluded_lines": [], "executed_branches": [], "missing_branches": []}, "TestParameters.test_cluster_version_parameter": {"executed_lines": [54, 55, 56, 57, 58], "summary": {"covered_lines": 5, "num_statements": 5, "percent_covered": 100.0, "percent_covered_display": "100", "missing_lines": 0, "excluded_lines": 0, "num_branches": 0, "num_partial_branches": 0, "covered_branches": 0, "missing_branches": 0}, "missing_lines": [], "excluded_lines": [], "executed_branches": [], "missing_branches": []}, "TestParameters.test_node_instance_type_parameter": {"executed_lines": [63, 64, 65], "summary": {"covered_lines": 3, "num_statements": 3, "percent_covered": 100.0, "percent_covered_display": "100", "missing_lines": 0, "excluded_lines": 0, "num_branches": 0, "num_partial_branches": 0, "covered_branches": 0, "missing_branches": 0}, "missing_lines": [], "excluded_lines": [], "executed_branches": [], "missing_branches": []}, "TestParameters.test_node_group_size_parameters": {"executed_lines": [69, 70, 71, 72, 73, 74], "summary": {"covered_lines": 6, "num_statements": 6, "percent_covered": 100.0, "percent_covered_display": "100", "missing_lines": 0, "excluded_lines": 0, "num_branches": 2, "num_partial_branches": 0, "covered_branches": 2, "missing_branches": 0}, "missing_lines": [], "excluded_lines": [], "executed_branches": [[70, -67], [70, 71]], "missing_branches": []}, "TestParameters.test_node_group_size_defaults": {"executed_lines": [78, 79, 80, 82, 84, 85, 86], "summary": {"covered_lines": 7, "num_statements": 7, "percent_covered": 100.0, "percent_covered_display": "100", "missing_lines": 0, "excluded_lines": 0, "num_branches": 0, "num_partial_branches": 0, "covered_branches": 0, "missing_branches": 0}, "missing_lines": [], "excluded_lines": [], "executed_branches": [], "missing_branches": []}, "TestVPCResources.test_vpc_exists": {"executed_lines": [94, 95, 96, 97, 98], "summary": {"covered_lines": 5, "num_statements": 5, "percent_covered": 100.0, "percent_covered_display": "100", "missing_lines": 0, "excluded_lines": 0, "num_branches": 0, "num_partial_branches": 0, "covered_branches": 0, "missing_branches": 0}, "missing_lines": [], "excluded_lines": [], "executed_branches": [], "missing_branches": []}, "TestVPCResources.test_vpc_tags": {"executed_lines": [102, 103, 105, 106, 107, 110, 111, 112], "summary": {"covered_lines": 8, "num_statements": 8, "percent_covered": 100.0, "percent_covered_display": "100", "missing_lines": 0, "excluded_lines": 0, "num_branches": 2, "num_partial_branches": 0, "covered_branches": 2, "missing_branches": 0}, "missing_lines": [], "excluded_lines": [], "executed_branches": [[106, 107], [106, 110]], "missing_branches": []}, "TestVPCResources.test_internet_gateway_exists": {"executed_lines": [117, 118, 121, 122, 124, 126], "summary": {"covered_lines": 6, "num_statements": 6, "percent_covered": 100.0, "percent_covered_display": "100", "missing_lines": 0, "excluded_lines": 0, "num_branches": 0, "num_partial_branches": 0, "covered_branches": 0, "missing_branches": 0}, "missing_lines": [], "excluded_lines": [], "executed_branches": [], "missing_branches": []}, "TestVPCResources.test_public_subnets_count": {"executed_lines": [131, 133], "summary": {"covered_lines": 2, "num_statements": 2, "percent_covered": 100.0, "percent_covered_display": "100", "missing_lines": 0, "excluded_lines": 0, "num_branches": 0, "num_partial_branches": 0, "covered_branches": 0, "missing_branches": 0}, "missing_lines": [], "excluded_lines": [], "executed_branches": [], "missing_branches": []}, "TestVPCResources.test_public_subnet_cidrs": {"executed_lines": [137, 138, 140, 141, 142, 143, 145], "summary": {"covered_lines": 7, "num_statements": 7, "percent_covered": 100.0, "percent_covered_display": "100", "missing_lines": 0, "excluded_lines": 0, "num_branches": 2, "num_partial_branches": 0, "covered_branches": 2, "missing_branches": 0}, "missing_lines": [], "excluded_lines": [], "executed_branches": [[140, 141], [140, 145]], "missing_branches": []}, "TestVPCResources.test_public_subnets_map_public_ip": {"executed_lines": [149, 150, 151], "summary": {"covered_lines": 3, "num_statements": 3, "percent_covered": 100.0, "percent_covered_display": "100", "missing_lines": 0, "excluded_lines": 0, "num_branches": 2, "num_partial_branches": 0, "covered_branches": 2, "missing_branches": 0}, "missing_lines": [], "excluded_lines": [], "executed_branches": [[149, -147], [149, 150]], "missing_branches": []}, "TestVPCResources.test_public_subnets_across_azs": {"executed_lines": [156, 158, 159, 160, 161, 162, 163, 165], "summary": {"covered_lines": 8, "num_statements": 8, "percent_covered": 100.0, "percent_covered_display": "100", "missing_lines": 0, "excluded_lines": 0, "num_branches": 2, "num_partial_branches": 0, "covered_branches": 2, "missing_branches": 0}, "missing_lines": [], "excluded_lines": [], "executed_branches": [[158, 159], [158, 165]], "missing_branches": []}, "TestVPCResources.test_public_subnets_kubernetes_tags": {"executed_lines": [169, 170, 171, 172, 174], "summary": {"covered_lines": 5, "num_statements": 5, "percent_covered": 100.0, "percent_covered_display": "100", "missing_lines": 0, "excluded_lines": 0, "num_branches": 2, "num_partial_branches": 0, "covered_branches": 2, "missing_branches": 0}, "missing_lines": [], "excluded_lines": [], "executed_branches": [[169, -167], [169, 170]], "missing_branches": []}, "TestVPCResources.test_private_subnets_count": {"executed_lines": [178, 180], "summary": {"covered_lines": 2, "num_statements": 2, "percent_covered": 100.0, "percent_covered_display": "100", "missing_lines": 0, "excluded_lines": 0, "num_branches": 0, "num_partial_branches": 0, "covered_branches": 0, "missing_branches": 0}, "missing_lines": [], "excluded_lines": [], "executed_branches": [], "missing_branches": []}, "TestVPCResources.test_private_subnet_cidrs": {"executed_lines": [184, 185, 187, 188, 189, 190, 192], "summary": {"covered_lines": 7, "num_statements": 7, "percent_covered": 100.0, "percent_covered_display": "100", "missing_lines": 0, "excluded_lines": 0, "num_branches": 2, "num_partial_branches": 0, "covered_branches": 2, "missing_branches": 0}, "missing_lines": [], "excluded_lines": [], "executed_branches": [[187, 188], [187, 192]], "missing_branches": []}, "TestVPCResources.test_private_subnets_kubernetes_tags": {"executed_lines": [196, 197, 198, 199], "summary": {"covered_lines": 4, "num_statements": 4, "percent_covered": 100.0, "percent_covered_display": "100", "missing_lines": 0, "excluded_lines": 0, "num_branches": 2, "num_partial_branches": 0, "covered_branches": 2, "missing_branches": 0}, "missing_lines": [], "excluded_lines": [], "executed_branches": [[196, -194], [196, 197]], "missing_branches": []}, "TestVPCResources.test_nat_gateways_count": {"executed_lines": [204, 206], "summary": {"covered_lines": 2, "num_statements": 2, "percent_covered": 100.0, "percent_covered_display": "100", "missing_lines": 0, "excluded_lines": 0, "num_branches": 0, "num_partial_branches": 0, "covered_branches": 0, "missing_branches": 0}, "missing_lines": [], "excluded_lines": [], "executed_branches": [], "missing_branches": []}, "TestVPCResources.test_nat_gateways_have_eips": {"executed_lines": [210, 211, 212, 214, 215, 216], "summary": {"covered_lines": 6, "num_statements": 6, "percent_covered": 100.0, "percent_covered_display": "100", "missing_lines": 0, "excluded_lines": 0, "num_branches": 2, "num_partial_branches": 0, "covered_branches": 2, "missing_branches": 0}, "missing_lines": [], "excluded_lines": [], "executed_branches": [[210, -208], [210, 211]], "missing_branches": []}, "TestVPCResources.test_nat_gateways_placement": {"executed_lines": [220, 221, 222, 224, 225, 228, 229], "summary": {"covered_lines": 7, "num_statements": 7, "percent_covered": 100.0, "percent_covered_display": "100", "missing_lines": 0, "excluded_lines": 0, "num_branches": 2, "num_partial_branches": 0, "covered_branches": 2, "missing_branches": 0}, "missing_lines": [], "excluded_lines": [], "executed_branches": [[220, -218], [220, 221]], "missing_branches": []}, "TestVPCResources.test_route_tables_exist": {"executed_lines": [233, 235, 236], "summary": {"covered_lines": 3, "num_statements": 3, "percent_covered": 100.0, "percent_covered_display": "100", "missing_lines": 0, "excluded_lines": 0, "num_branches": 2, "num_partial_branches": 0, "covered_branches": 2, "missing_branches": 0}, "missing_lines": [], "excluded_lines": [], "executed_branches": [[235, -231], [235, 236]], "missing_branches": []}, "TestVPCResources.test_public_route_to_igw": {"executed_lines": [241, 242, 243, 245], "summary": {"covered_lines": 4, "num_statements": 4, "percent_covered": 100.0, "percent_covered_display": "100", "missing_lines": 0, "excluded_lines": 0, "num_branches": 0, "num_partial_branches": 0, "covered_branches": 0, "missing_branches": 0}, "missing_lines": [], "excluded_lines": [], "executed_branches": [], "missing_branches": []}, "TestVPCResources.test_private_routes_to_nat_gateways": {"executed_lines": [250, 251, 252, 253, 255], "summary": {"covered_lines": 5, "num_statements": 5, "percent_covered": 100.0, "percent_covered_display": "100", "missing_lines": 0, "excluded_lines": 0, "num_branches": 2, "num_partial_branches": 0, "covered_branches": 2, "missing_branches": 0}, "missing_lines": [], "excluded_lines": [], "executed_branches": [[250, -248], [250, 251]], "missing_branches": []}, "TestVPCResources.test_route_table_associations": {"executed_lines": [260, 263], "summary": {"covered_lines": 2, "num_statements": 2, "percent_covered": 100.0, "percent_covered_display": "100", "missing_lines": 0, "excluded_lines": 0, "num_branches": 0, "num_partial_branches": 0, "covered_branches": 0, "missing_branches": 0}, "missing_lines": [], "excluded_lines": [], "executed_branches": [], "missing_branches": []}, "TestVPCResources.test_public_subnet_associations": {"executed_lines": [267, 268, 269, 271, 273], "summary": {"covered_lines": 5, "num_statements": 5, "percent_covered": 100.0, "percent_covered_display": "100", "missing_lines": 0, "excluded_lines": 0, "num_branches": 2, "num_partial_branches": 0, "covered_branches": 2, "missing_branches": 0}, "missing_lines": [], "excluded_lines": [], "executed_branches": [[267, -265], [267, 268]], "missing_branches": []}, "TestVPCResources.test_private_subnet_associations": {"executed_lines": [278, 279, 280, 282], "summary": {"covered_lines": 4, "num_statements": 4, "percent_covered": 100.0, "percent_covered_display": "100", "missing_lines": 0, "excluded_lines": 0, "num_branches": 2, "num_partial_branches": 0, "covered_branches": 2, "missing_branches": 0}, "missing_lines": [], "excluded_lines": [], "executed_branches": [[278, -276], [278, 279]], "missing_branches": []}, "TestSecurityGroups.test_cluster_security_group_exists": {"executed_lines": [291, 292, 293, 295], "summary": {"covered_lines": 4, "num_statements": 4, "percent_covered": 100.0, "percent_covered_display": "100", "missing_lines": 0, "excluded_lines": 0, "num_branches": 0, "num_partial_branches": 0, "covered_branches": 0, "missing_branches": 0}, "missing_lines": [], "excluded_lines": [], "executed_branches": [], "missing_branches": []}, "TestSecurityGroups.test_node_security_group_exists": {"executed_lines": [299, 300, 301], "summary": {"covered_lines": 3, "num_statements": 3, "percent_covered": 100.0, "percent_covered_display": "100", "missing_lines": 0, "excluded_lines": 0, "num_branches": 0, "num_partial_branches": 0, "covered_branches": 0, "missing_branches": 0}, "missing_lines": [], "excluded_lines": [], "executed_branches": [], "missing_branches": []}, "TestSecurityGroups.test_node_security_group_kubernetes_tags": {"executed_lines": [307, 308, 311, 312], "summary": {"covered_lines": 4, "num_statements": 4, "percent_covered": 100.0, "percent_covered_display": "100", "missing_lines": 0, "excluded_lines": 0, "num_branches": 0, "num_partial_branches": 0, "covered_branches": 0, "missing_branches": 0}, "missing_lines": [], "excluded_lines": [], "executed_branches": [], "missing_branches": []}, "TestSecurityGroups.test_cluster_security_group_ingress_https": {"executed_lines": [316, 317, 318, 319, 320, 321], "summary": {"covered_lines": 6, "num_statements": 6, "percent_covered": 100.0, "percent_covered_display": "100", "missing_lines": 0, "excluded_lines": 0, "num_branches": 0, "num_partial_branches": 0, "covered_branches": 0, "missing_branches": 0}, "missing_lines": [], "excluded_lines": [], "executed_branches": [], "missing_branches": []}, "TestSecurityGroups.test_node_security_group_ingress_self": {"executed_lines": [326, 327, 328, 329], "summary": {"covered_lines": 4, "num_statements": 4, "percent_covered": 100.0, "percent_covered_display": "100", "missing_lines": 0, "excluded_lines": 0, "num_branches": 0, "num_partial_branches": 0, "covered_branches": 0, "missing_branches": 0}, "missing_lines": [], "excluded_lines": [], "executed_branches": [], "missing_branches": []}, "TestSecurityGroups.test_node_security_group_ingress_from_cluster": {"executed_lines": [334, 335, 336, 337], "summary": {"covered_lines": 4, "num_statements": 4, "percent_covered": 100.0, "percent_covered_display": "100", "missing_lines": 0, "excluded_lines": 0, "num_branches": 0, "num_partial_branches": 0, "covered_branches": 0, "missing_branches": 0}, "missing_lines": [], "excluded_lines": [], "executed_branches": [], "missing_branches": []}, "TestSecurityGroups.test_node_security_group_ingress_cluster_https": {"executed_lines": [342, 343, 344], "summary": {"covered_lines": 3, "num_statements": 3, "percent_covered": 100.0, "percent_covered_display": "100", "missing_lines": 0, "excluded_lines": 0, "num_branches": 0, "num_partial_branches": 0, "covered_branches": 0, "missing_branches": 0}, "missing_lines": [], "excluded_lines": [], "executed_branches": [], "missing_branches": []}, "TestSecurityGroups.test_cluster_security_group_egress_to_nodes": {"executed_lines": [348, 349, 350, 351, 352], "summary": {"covered_lines": 5, "num_statements": 5, "percent_covered": 100.0, "percent_covered_display": "100", "missing_lines": 0, "excluded_lines": 0, "num_branches": 0, "num_partial_branches": 0, "covered_branches": 0, "missing_branches": 0}, "missing_lines": [], "excluded_lines": [], "executed_branches": [], "missing_branches": []}, "TestSecurityGroups.test_cluster_security_group_egress_https": {"executed_lines": [357, 358, 359], "summary": {"covered_lines": 3, "num_statements": 3, "percent_covered": 100.0, "percent_covered_display": "100", "missing_lines": 0, "excluded_lines": 0, "num_branches": 0, "num_partial_branches": 0, "covered_branches": 0, "missing_branches": 0}, "missing_lines": [], "excluded_lines": [], "executed_branches": [], "missing_branches": []}, "TestIAMRoles.test_eks_cluster_role_exists": {"executed_lines": [367, 368, 371, 372, 373], "summary": {"covered_lines": 5, "num_statements": 5, "percent_covered": 100.0, "percent_covered_display": "100", "missing_lines": 0, "excluded_lines": 0, "num_branches": 0, "num_partial_branches": 0, "covered_branches": 0, "missing_branches": 0}, "missing_lines": [], "excluded_lines": [], "executed_branches": [], "missing_branches": []}, "TestIAMRoles.test_eks_cluster_role_trust_policy": {"executed_lines": [378, 379, 381, 382, 384, 385, 386, 388], "summary": {"covered_lines": 8, "num_statements": 8, "percent_covered": 100.0, "percent_covered_display": "100", "missing_lines": 0, "excluded_lines": 0, "num_branches": 0, "num_partial_branches": 0, "covered_branches": 0, "missing_branches": 0}, "missing_lines": [], "excluded_lines": [], "executed_branches": [], "missing_branches": []}, "TestIAMRoles.test_eks_cluster_role_managed_policies": {"executed_lines": [392, 393, 395, 400, 401], "summary": {"covered_lines": 5, "num_statements": 5, "percent_covered": 100.0, "percent_covered_display": "100", "missing_lines": 0, "excluded_lines": 0, "num_branches": 0, "num_partial_branches": 0, "covered_branches": 0, "missing_branches": 0}, "missing_lines": [], "excluded_lines": [], "executed_branches": [], "missing_branches": []}, "TestIAMRoles.test_eks_node_role_exists": {"executed_lines": [406, 407], "summary": {"covered_lines": 2, "num_statements": 2, "percent_covered": 100.0, "percent_covered_display": "100", "missing_lines": 0, "excluded_lines": 0, "num_branches": 0, "num_partial_branches": 0, "covered_branches": 0, "missing_branches": 0}, "missing_lines": [], "excluded_lines": [], "executed_branches": [], "missing_branches": []}, "TestIAMRoles.test_eks_node_role_trust_policy": {"executed_lines": [411, 412, 414, 415], "summary": {"covered_lines": 4, "num_statements": 4, "percent_covered": 100.0, "percent_covered_display": "100", "missing_lines": 0, "excluded_lines": 0, "num_branches": 0, "num_partial_branches": 0, "covered_branches": 0, "missing_branches": 0}, "missing_lines": [], "excluded_lines": [], "executed_branches": [], "missing_branches": []}, "TestIAMRoles.test_eks_node_role_managed_policies": {"executed_lines": [420, 421, 423, 430, 431], "summary": {"covered_lines": 5, "num_statements": 5, "percent_covered": 100.0, "percent_covered_display": "100", "missing_lines": 0, "excluded_lines": 0, "num_branches": 0, "num_partial_branches": 0, "covered_branches": 0, "missing_branches": 0}, "missing_lines": [], "excluded_lines": [], "executed_branches": [], "missing_branches": []}, "TestIAMRoles.test_vpc_flow_log_role_exists": {"executed_lines": [436, 437], "summary": {"covered_lines": 2, "num_statements": 2, "percent_covered": 100.0, "percent_covered_display": "100", "missing_lines": 0, "excluded_lines": 0, "num_branches": 0, "num_partial_branches": 0, "covered_branches": 0, "missing_branches": 0}, "missing_lines": [], "excluded_lines": [], "executed_branches": [], "missing_branches": []}, "TestIAMRoles.test_vpc_flow_log_role_trust_policy": {"executed_lines": [441, 442, 444, 445], "summary": {"covered_lines": 4, "num_statements": 4, "percent_covered": 100.0, "percent_covered_display": "100", "missing_lines": 0, "excluded_lines": 0, "num_branches": 0, "num_partial_branches": 0, "covered_branches": 0, "missing_branches": 0}, "missing_lines": [], "excluded_lines": [], "executed_branches": [], "missing_branches": []}, "TestIAMRoles.test_vpc_flow_log_role_policy": {"executed_lines": [450, 451, 453, 454, 455, 458, 459, 461, 469], "summary": {"covered_lines": 9, "num_statements": 9, "percent_covered": 100.0, "percent_covered_display": "100", "missing_lines": 0, "excluded_lines": 0, "num_branches": 0, "num_partial_branches": 0, "covered_branches": 0, "missing_branches": 0}, "missing_lines": [], "excluded_lines": [], "executed_branches": [], "missing_branches": []}, "TestIAMRoles.test_iam_roles_no_wildcard_permissions": {"executed_lines": [475, 476, 478, 479, 480, 481, 482, 486, 487], "summary": {"covered_lines": 9, "num_statements": 11, "percent_covered": 80.95238095238095, "percent_covered_display": "81", "missing_lines": 2, "excluded_lines": 0, "num_branches": 10, "num_partial_branches": 2, "covered_branches": 8, "missing_branches": 2}, "missing_lines": [483, 488], "excluded_lines": [], "executed_branches": [[478, -472], [478, 479], [480, 478], [480, 481], [482, 486], [486, 480], [486, 487], [487, 486]], "missing_branches": [[482, 483], [487, 488]]}, "TestKMSEncryption.test_kms_key_exists": {"executed_lines": [496, 497, 499, 500, 501], "summary": {"covered_lines": 5, "num_statements": 5, "percent_covered": 100.0, "percent_covered_display": "100", "missing_lines": 0, "excluded_lines": 0, "num_branches": 0, "num_partial_branches": 0, "covered_branches": 0, "missing_branches": 0}, "missing_lines": [], "excluded_lines": [], "executed_branches": [], "missing_branches": []}, "TestKMSEncryption.test_kms_key_policy": {"executed_lines": [505, 506, 508, 509, 512, 513, 514, 517, 518, 520, 521], "summary": {"covered_lines": 11, "num_statements": 11, "percent_covered": 100.0, "percent_covered_display": "100", "missing_lines": 0, "excluded_lines": 0, "num_branches": 0, "num_partial_branches": 0, "covered_branches": 0, "missing_branches": 0}, "missing_lines": [], "excluded_lines": [], "executed_branches": [], "missing_branches": []}, "TestKMSEncryption.test_kms_key_alias_exists": {"executed_lines": [525, 526, 528, 529, 530, 533], "summary": {"covered_lines": 6, "num_statements": 6, "percent_covered": 100.0, "percent_covered_display": "100", "missing_lines": 0, "excluded_lines": 0, "num_branches": 0, "num_partial_branches": 0, "covered_branches": 0, "missing_branches": 0}, "missing_lines": [], "excluded_lines": [], "executed_branches": [], "missing_branches": []}, "TestEKSCluster.test_eks_cluster_exists": {"executed_lines": [542, 543, 545, 546, 547], "summary": {"covered_lines": 5, "num_statements": 5, "percent_covered": 100.0, "percent_covered_display": "100", "missing_lines": 0, "excluded_lines": 0, "num_branches": 0, "num_partial_branches": 0, "covered_branches": 0, "missing_branches": 0}, "missing_lines": [], "excluded_lines": [], "executed_branches": [], "missing_branches": []}, "TestEKSCluster.test_eks_cluster_version": {"executed_lines": [552, 553, 554], "summary": {"covered_lines": 3, "num_statements": 3, "percent_covered": 100.0, "percent_covered_display": "100", "missing_lines": 0, "excluded_lines": 0, "num_branches": 0, "num_partial_branches": 0, "covered_branches": 0, "missing_branches": 0}, "missing_lines": [], "excluded_lines": [], "executed_branches": [], "missing_branches": []}, "TestEKSCluster.test_eks_cluster_role": {"executed_lines": [559, 560, 561, 562], "summary": {"covered_lines": 4, "num_statements": 4, "percent_covered": 100.0, "percent_covered_display": "100", "missing_lines": 0, "excluded_lines": 0, "num_branches": 0, "num_partial_branches": 0, "covered_branches": 0, "missing_branches": 0}, "missing_lines": [], "excluded_lines": [], "executed_branches": [], "missing_branches": []}, "TestEKSCluster.test_eks_cluster_vpc_config": {"executed_lines": [567, 568, 571, 572, 573, 577, 578, 579, 580, 584, 585], "summary": {"covered_lines": 11, "num_statements": 11, "percent_covered": 100.0, "percent_covered_display": "100", "missing_lines": 0, "excluded_lines": 0, "num_branches": 2, "num_partial_branches": 0, "covered_branches": 2, "missing_branches": 0}, "missing_lines": [], "excluded_lines": [], "executed_branches": [[579, 580], [579, 584]], "missing_branches": []}, "TestEKSCluster.test_eks_cluster_encryption": {"executed_lines": [589, 590, 592, 593, 595, 596, 597, 600], "summary": {"covered_lines": 8, "num_statements": 8, "percent_covered": 100.0, "percent_covered_display": "100", "missing_lines": 0, "excluded_lines": 0, "num_branches": 0, "num_partial_branches": 0, "covered_branches": 0, "missing_branches": 0}, "missing_lines": [], "excluded_lines": [], "executed_branches": [], "missing_branches": []}, "TestEKSCluster.test_eks_cluster_logging": {"executed_lines": [605, 606, 608, 610, 611, 613, 614], "summary": {"covered_lines": 7, "num_statements": 7, "percent_covered": 100.0, "percent_covered_display": "100", "missing_lines": 0, "excluded_lines": 0, "num_branches": 0, "num_partial_branches": 0, "covered_branches": 0, "missing_branches": 0}, "missing_lines": [], "excluded_lines": [], "executed_branches": [], "missing_branches": []}, "TestEKSCluster.test_eks_cluster_tags": {"executed_lines": [619, 620, 622, 623, 624], "summary": {"covered_lines": 5, "num_statements": 5, "percent_covered": 100.0, "percent_covered_display": "100", "missing_lines": 0, "excluded_lines": 0, "num_branches": 2, "num_partial_branches": 0, "covered_branches": 2, "missing_branches": 0}, "missing_lines": [], "excluded_lines": [], "executed_branches": [[623, -617], [623, 624]], "missing_branches": []}, "TestOIDCProvider.test_oidc_provider_exists": {"executed_lines": [632, 633], "summary": {"covered_lines": 2, "num_statements": 2, "percent_covered": 100.0, "percent_covered_display": "100", "missing_lines": 0, "excluded_lines": 0, "num_branches": 0, "num_partial_branches": 0, "covered_branches": 0, "missing_branches": 0}, "missing_lines": [], "excluded_lines": [], "executed_branches": [], "missing_branches": []}, "TestOIDCProvider.test_oidc_provider_url": {"executed_lines": [637, 638, 640, 641], "summary": {"covered_lines": 4, "num_statements": 4, "percent_covered": 100.0, "percent_covered_display": "100", "missing_lines": 0, "excluded_lines": 0, "num_branches": 0, "num_partial_branches": 0, "covered_branches": 0, "missing_branches": 0}, "missing_lines": [], "excluded_lines": [], "executed_branches": [], "missing_branches": []}, "TestOIDCProvider.test_oidc_provider_client_id": {"executed_lines": [646, 647, 649], "summary": {"covered_lines": 3, "num_statements": 3, "percent_covered": 100.0, "percent_covered_display": "100", "missing_lines": 0, "excluded_lines": 0, "num_branches": 0, "num_partial_branches": 0, "covered_branches": 0, "missing_branches": 0}, "missing_lines": [], "excluded_lines": [], "executed_branches": [], "missing_branches": []}, "TestOIDCProvider.test_oidc_provider_thumbprint": {"executed_lines": [654, 655, 657, 658], "summary": {"covered_lines": 4, "num_statements": 4, "percent_covered": 100.0, "percent_covered_display": "100", "missing_lines": 0, "excluded_lines": 0, "num_branches": 0, "num_partial_branches": 0, "covered_branches": 0, "missing_branches": 0}, "missing_lines": [], "excluded_lines": [], "executed_branches": [], "missing_branches": []}, "TestEKSNodeGroup.test_node_group_exists": {"executed_lines": [667, 668], "summary": {"covered_lines": 2, "num_statements": 2, "percent_covered": 100.0, "percent_covered_display": "100", "missing_lines": 0, "excluded_lines": 0, "num_branches": 0, "num_partial_branches": 0, "covered_branches": 0, "missing_branches": 0}, "missing_lines": [], "excluded_lines": [], "executed_branches": [], "missing_branches": []}, "TestEKSNodeGroup.test_node_group_name": {"executed_lines": [672, 673, 675, 676], "summary": {"covered_lines": 4, "num_statements": 4, "percent_covered": 100.0, "percent_covered_display": "100", "missing_lines": 0, "excluded_lines": 0, "num_branches": 0, "num_partial_branches": 0, "covered_branches": 0, "missing_branches": 0}, "missing_lines": [], "excluded_lines": [], "executed_branches": [], "missing_branches": []}, "TestEKSNodeGroup.test_node_group_cluster_reference": {"executed_lines": [681, 682, 684], "summary": {"covered_lines": 3, "num_statements": 3, "percent_covered": 100.0, "percent_covered_display": "100", "missing_lines": 0, "excluded_lines": 0, "num_branches": 0, "num_partial_branches": 0, "covered_branches": 0, "missing_branches": 0}, "missing_lines": [], "excluded_lines": [], "executed_branches": [], "missing_branches": []}, "TestEKSNodeGroup.test_node_group_role": {"executed_lines": [689, 690, 692, 693], "summary": {"covered_lines": 4, "num_statements": 4, "percent_covered": 100.0, "percent_covered_display": "100", "missing_lines": 0, "excluded_lines": 0, "num_branches": 0, "num_partial_branches": 0, "covered_branches": 0, "missing_branches": 0}, "missing_lines": [], "excluded_lines": [], "executed_branches": [], "missing_branches": []}, "TestEKSNodeGroup.test_node_group_subnets": {"executed_lines": [698, 699, 701, 702, 703], "summary": {"covered_lines": 5, "num_statements": 5, "percent_covered": 100.0, "percent_covered_display": "100", "missing_lines": 0, "excluded_lines": 0, "num_branches": 2, "num_partial_branches": 0, "covered_branches": 2, "missing_branches": 0}, "missing_lines": [], "excluded_lines": [], "executed_branches": [[702, -696], [702, 703]], "missing_branches": []}, "TestEKSNodeGroup.test_node_group_scaling_config": {"executed_lines": [708, 709, 711, 713, 715], "summary": {"covered_lines": 5, "num_statements": 5, "percent_covered": 100.0, "percent_covered_display": "100", "missing_lines": 0, "excluded_lines": 0, "num_branches": 0, "num_partial_branches": 0, "covered_branches": 0, "missing_branches": 0}, "missing_lines": [], "excluded_lines": [], "executed_branches": [], "missing_branches": []}, "TestEKSNodeGroup.test_node_group_instance_types": {"executed_lines": [720, 721, 723, 724], "summary": {"covered_lines": 4, "num_statements": 4, "percent_covered": 100.0, "percent_covered_display": "100", "missing_lines": 0, "excluded_lines": 0, "num_branches": 0, "num_partial_branches": 0, "covered_branches": 0, "missing_branches": 0}, "missing_lines": [], "excluded_lines": [], "executed_branches": [], "missing_branches": []}, "TestEKSNodeGroup.test_node_group_ami_type": {"executed_lines": [729, 730, 732], "summary": {"covered_lines": 3, "num_statements": 3, "percent_covered": 100.0, "percent_covered_display": "100", "missing_lines": 0, "excluded_lines": 0, "num_branches": 0, "num_partial_branches": 0, "covered_branches": 0, "missing_branches": 0}, "missing_lines": [], "excluded_lines": [], "executed_branches": [], "missing_branches": []}, "TestEKSNodeGroup.test_node_group_tags": {"executed_lines": [737, 738, 740, 741], "summary": {"covered_lines": 4, "num_statements": 4, "percent_covered": 100.0, "percent_covered_display": "100", "missing_lines": 0, "excluded_lines": 0, "num_branches": 0, "num_partial_branches": 0, "covered_branches": 0, "missing_branches": 0}, "missing_lines": [], "excluded_lines": [], "executed_branches": [], "missing_branches": []}, "TestCloudWatchLogs.test_cluster_log_group_exists": {"executed_lines": [749, 750, 752, 753, 754], "summary": {"covered_lines": 5, "num_statements": 5, "percent_covered": 100.0, "percent_covered_display": "100", "missing_lines": 0, "excluded_lines": 0, "num_branches": 0, "num_partial_branches": 0, "covered_branches": 0, "missing_branches": 0}, "missing_lines": [], "excluded_lines": [], "executed_branches": [], "missing_branches": []}, "TestCloudWatchLogs.test_cluster_log_group_retention": {"executed_lines": [759, 760, 762], "summary": {"covered_lines": 3, "num_statements": 3, "percent_covered": 100.0, "percent_covered_display": "100", "missing_lines": 0, "excluded_lines": 0, "num_branches": 0, "num_partial_branches": 0, "covered_branches": 0, "missing_branches": 0}, "missing_lines": [], "excluded_lines": [], "executed_branches": [], "missing_branches": []}, "TestCloudWatchLogs.test_vpc_flow_log_group_exists": {"executed_lines": [766, 767], "summary": {"covered_lines": 2, "num_statements": 2, "percent_covered": 100.0, "percent_covered_display": "100", "missing_lines": 0, "excluded_lines": 0, "num_branches": 0, "num_partial_branches": 0, "covered_branches": 0, "missing_branches": 0}, "missing_lines": [], "excluded_lines": [], "executed_branches": [], "missing_branches": []}, "TestCloudWatchLogs.test_vpc_flow_log_group_retention": {"executed_lines": [771, 772, 774], "summary": {"covered_lines": 3, "num_statements": 3, "percent_covered": 100.0, "percent_covered_display": "100", "missing_lines": 0, "excluded_lines": 0, "num_branches": 0, "num_partial_branches": 0, "covered_branches": 0, "missing_branches": 0}, "missing_lines": [], "excluded_lines": [], "executed_branches": [], "missing_branches": []}, "TestVPCFlowLogs.test_vpc_flow_log_exists": {"executed_lines": [782, 783], "summary": {"covered_lines": 2, "num_statements": 2, "percent_covered": 100.0, "percent_covered_display": "100", "missing_lines": 0, "excluded_lines": 0, "num_branches": 0, "num_partial_branches": 0, "covered_branches": 0, "missing_branches": 0}, "missing_lines": [], "excluded_lines": [], "executed_branches": [], "missing_branches": []}, "TestVPCFlowLogs.test_vpc_flow_log_configuration": {"executed_lines": [787, 788, 790, 791, 792, 793], "summary": {"covered_lines": 6, "num_statements": 6, "percent_covered": 100.0, "percent_covered_display": "100", "missing_lines": 0, "excluded_lines": 0, "num_branches": 0, "num_partial_branches": 0, "covered_branches": 0, "missing_branches": 0}, "missing_lines": [], "excluded_lines": [], "executed_branches": [], "missing_branches": []}, "TestVPCFlowLogs.test_vpc_flow_log_references": {"executed_lines": [798, 799, 801, 804, 805, 806], "summary": {"covered_lines": 6, "num_statements": 6, "percent_covered": 100.0, "percent_covered_display": "100", "missing_lines": 0, "excluded_lines": 0, "num_branches": 0, "num_partial_branches": 0, "covered_branches": 0, "missing_branches": 0}, "missing_lines": [], "excluded_lines": [], "executed_branches": [], "missing_branches": []}, "TestCloudTrail.test_cloudtrail_bucket_exists": {"executed_lines": [815, 816], "summary": {"covered_lines": 2, "num_statements": 2, "percent_covered": 100.0, "percent_covered_display": "100", "missing_lines": 0, "excluded_lines": 0, "num_branches": 0, "num_partial_branches": 0, "covered_branches": 0, "missing_branches": 0}, "missing_lines": [], "excluded_lines": [], "executed_branches": [], "missing_branches": []}, "TestCloudTrail.test_cloudtrail_bucket_name": {"executed_lines": [820, 821, 823, 824, 826], "summary": {"covered_lines": 5, "num_statements": 5, "percent_covered": 100.0, "percent_covered_display": "100", "missing_lines": 0, "excluded_lines": 0, "num_branches": 0, "num_partial_branches": 0, "covered_branches": 0, "missing_branches": 0}, "missing_lines": [], "excluded_lines": [], "executed_branches": [], "missing_branches": []}, "TestCloudTrail.test_cloudtrail_bucket_encryption": {"executed_lines": [831, 832, 834, 835], "summary": {"covered_lines": 4, "num_statements": 4, "percent_covered": 100.0, "percent_covered_display": "100", "missing_lines": 0, "excluded_lines": 0, "num_branches": 0, "num_partial_branches": 0, "covered_branches": 0, "missing_branches": 0}, "missing_lines": [], "excluded_lines": [], "executed_branches": [], "missing_branches": []}, "TestCloudTrail.test_cloudtrail_bucket_versioning": {"executed_lines": [840, 841, 843], "summary": {"covered_lines": 3, "num_statements": 3, "percent_covered": 100.0, "percent_covered_display": "100", "missing_lines": 0, "excluded_lines": 0, "num_branches": 0, "num_partial_branches": 0, "covered_branches": 0, "missing_branches": 0}, "missing_lines": [], "excluded_lines": [], "executed_branches": [], "missing_branches": []}, "TestCloudTrail.test_cloudtrail_bucket_public_access_block": {"executed_lines": [848, 849, 851, 852, 853, 854], "summary": {"covered_lines": 6, "num_statements": 6, "percent_covered": 100.0, "percent_covered_display": "100", "missing_lines": 0, "excluded_lines": 0, "num_branches": 0, "num_partial_branches": 0, "covered_branches": 0, "missing_branches": 0}, "missing_lines": [], "excluded_lines": [], "executed_branches": [], "missing_branches": []}, "TestCloudTrail.test_cloudtrail_bucket_policy_exists": {"executed_lines": [858, 859], "summary": {"covered_lines": 2, "num_statements": 2, "percent_covered": 100.0, "percent_covered_display": "100", "missing_lines": 0, "excluded_lines": 0, "num_branches": 0, "num_partial_branches": 0, "covered_branches": 0, "missing_branches": 0}, "missing_lines": [], "excluded_lines": [], "executed_branches": [], "missing_branches": []}, "TestCloudTrail.test_cloudtrail_bucket_policy_statements": {"executed_lines": [863, 864, 866, 867, 870, 871, 872, 874, 877, 878, 879], "summary": {"covered_lines": 11, "num_statements": 11, "percent_covered": 100.0, "percent_covered_display": "100", "missing_lines": 0, "excluded_lines": 0, "num_branches": 0, "num_partial_branches": 0, "covered_branches": 0, "missing_branches": 0}, "missing_lines": [], "excluded_lines": [], "executed_branches": [], "missing_branches": []}, "TestCloudTrail.test_cloudtrail_exists": {"executed_lines": [883, 884], "summary": {"covered_lines": 2, "num_statements": 2, "percent_covered": 100.0, "percent_covered_display": "100", "missing_lines": 0, "excluded_lines": 0, "num_branches": 0, "num_partial_branches": 0, "covered_branches": 0, "missing_branches": 0}, "missing_lines": [], "excluded_lines": [], "executed_branches": [], "missing_branches": []}, "TestCloudTrail.test_cloudtrail_configuration": {"executed_lines": [888, 889, 891, 893, 895, 896], "summary": {"covered_lines": 6, "num_statements": 6, "percent_covered": 100.0, "percent_covered_display": "100", "missing_lines": 0, "excluded_lines": 0, "num_branches": 0, "num_partial_branches": 0, "covered_branches": 0, "missing_branches": 0}, "missing_lines": [], "excluded_lines": [], "executed_branches": [], "missing_branches": []}, "TestCloudTrail.test_cloudtrail_event_selectors": {"executed_lines": [901, 902, 904, 905, 906, 907], "summary": {"covered_lines": 6, "num_statements": 6, "percent_covered": 100.0, "percent_covered_display": "100", "missing_lines": 0, "excluded_lines": 0, "num_branches": 0, "num_partial_branches": 0, "covered_branches": 0, "missing_branches": 0}, "missing_lines": [], "excluded_lines": [], "executed_branches": [], "missing_branches": []}, "TestCloudTrail.test_cloudtrail_depends_on": {"executed_lines": [912, 913, 914], "summary": {"covered_lines": 3, "num_statements": 3, "percent_covered": 100.0, "percent_covered_display": "100", "missing_lines": 0, "excluded_lines": 0, "num_branches": 0, "num_partial_branches": 0, "covered_branches": 0, "missing_branches": 0}, "missing_lines": [], "excluded_lines": [], "executed_branches": [], "missing_branches": []}, "TestOutputs.test_outputs_count": {"executed_lines": [923], "summary": {"covered_lines": 1, "num_statements": 1, "percent_covered": 100.0, "percent_covered_display": "100", "missing_lines": 0, "excluded_lines": 0, "num_branches": 0, "num_partial_branches": 0, "covered_branches": 0, "missing_branches": 0}, "missing_lines": [], "excluded_lines": [], "executed_branches": [], "missing_branches": []}, "TestOutputs.test_cluster_name_output": {"executed_lines": [927, 928, 929, 931], "summary": {"covered_lines": 4, "num_statements": 4, "percent_covered": 100.0, "percent_covered_display": "100", "missing_lines": 0, "excluded_lines": 0, "num_branches": 0, "num_partial_branches": 0, "covered_branches": 0, "missing_branches": 0}, "missing_lines": [], "excluded_lines": [], "executed_branches": [], "missing_branches": []}, "TestOutputs.test_cluster_endpoint_output": {"executed_lines": [935, 936, 938, 939], "summary": {"covered_lines": 4, "num_statements": 4, "percent_covered": 100.0, "percent_covered_display": "100", "missing_lines": 0, "excluded_lines": 0, "num_branches": 0, "num_partial_branches": 0, "covered_branches": 0, "missing_branches": 0}, "missing_lines": [], "excluded_lines": [], "executed_branches": [], "missing_branches": []}, "TestOutputs.test_cluster_arn_output": {"executed_lines": [944, 945, 947, 948], "summary": {"covered_lines": 4, "num_statements": 4, "percent_covered": 100.0, "percent_covered_display": "100", "missing_lines": 0, "excluded_lines": 0, "num_branches": 0, "num_partial_branches": 0, "covered_branches": 0, "missing_branches": 0}, "missing_lines": [], "excluded_lines": [], "executed_branches": [], "missing_branches": []}, "TestOutputs.test_oidc_provider_arn_output": {"executed_lines": [953, 954, 955], "summary": {"covered_lines": 3, "num_statements": 3, "percent_covered": 100.0, "percent_covered_display": "100", "missing_lines": 0, "excluded_lines": 0, "num_branches": 0, "num_partial_branches": 0, "covered_branches": 0, "missing_branches": 0}, "missing_lines": [], "excluded_lines": [], "executed_branches": [], "missing_branches": []}, "TestOutputs.test_vpc_id_output": {"executed_lines": [960, 961], "summary": {"covered_lines": 2, "num_statements": 2, "percent_covered": 100.0, "percent_covered_display": "100", "missing_lines": 0, "excluded_lines": 0, "num_branches": 0, "num_partial_branches": 0, "covered_branches": 0, "missing_branches": 0}, "missing_lines": [], "excluded_lines": [], "executed_branches": [], "missing_branches": []}, "TestOutputs.test_node_security_group_output": {"executed_lines": [966, 967], "summary": {"covered_lines": 2, "num_statements": 2, "percent_covered": 100.0, "percent_covered_display": "100", "missing_lines": 0, "excluded_lines": 0, "num_branches": 0, "num_partial_branches": 0, "covered_branches": 0, "missing_branches": 0}, "missing_lines": [], "excluded_lines": [], "executed_branches": [], "missing_branches": []}, "TestOutputs.test_cluster_security_group_output": {"executed_lines": [972, 973], "summary": {"covered_lines": 2, "num_statements": 2, "percent_covered": 100.0, "percent_covered_display": "100", "missing_lines": 0, "excluded_lines": 0, "num_branches": 0, "num_partial_branches": 0, "covered_branches": 0, "missing_branches": 0}, "missing_lines": [], "excluded_lines": [], "executed_branches": [], "missing_branches": []}, "TestOutputs.test_all_outputs_have_exports": {"executed_lines": [978, 979, 980], "summary": {"covered_lines": 3, "num_statements": 3, "percent_covered": 100.0, "percent_covered_display": "100", "missing_lines": 0, "excluded_lines": 0, "num_branches": 2, "num_partial_branches": 0, "covered_branches": 2, "missing_branches": 0}, "missing_lines": [], "excluded_lines": [], "executed_branches": [[978, -976], [978, 979]], "missing_branches": []}, "TestResourceNaming.test_resources_use_environment_suffix": {"executed_lines": [988, 994, 995, 996, 998], "summary": {"covered_lines": 5, "num_statements": 5, "percent_covered": 100.0, "percent_covered_display": "100", "missing_lines": 0, "excluded_lines": 0, "num_branches": 2, "num_partial_branches": 0, "covered_branches": 2, "missing_branches": 0}, "missing_lines": [], "excluded_lines": [], "executed_branches": [[994, -986], [994, 995]], "missing_branches": []}, "TestResourceNaming.test_iam_roles_use_environment_suffix": {"executed_lines": [1003, 1005, 1006, 1007, 1009, 1010], "summary": {"covered_lines": 6, "num_statements": 6, "percent_covered": 100.0, "percent_covered_display": "100", "missing_lines": 0, "excluded_lines": 0, "num_branches": 2, "num_partial_branches": 0, "covered_branches": 2, "missing_branches": 0}, "missing_lines": [], "excluded_lines": [], "executed_branches": [[1005, -1001], [1005, 1006]], "missing_branches": []}, "TestDeletionPolicies.test_no_retain_policies": {"executed_lines": [1019, 1020, 1022], "summary": {"covered_lines": 3, "num_statements": 4, "percent_covered": 75.0, "percent_covered_display": "75", "missing_lines": 1, "excluded_lines": 0, "num_branches": 4, "num_partial_branches": 1, "covered_branches": 3, "missing_branches": 1}, "missing_lines": [1023], "excluded_lines": [], "executed_branches": [[1019, -1017], [1019, 1020], [1022, 1019]], "missing_branches": [[1022, 1023]]}, "TestDeletionPolicies.test_resources_are_destroyable": {"executed_lines": [1029, 1033, 1034, 1035, 1037], "summary": {"covered_lines": 5, "num_statements": 5, "percent_covered": 100.0, "percent_covered_display": "100", "missing_lines": 0, "excluded_lines": 0, "num_branches": 2, "num_partial_branches": 0, "covered_branches": 2, "missing_branches": 0}, "missing_lines": [], "excluded_lines": [], "executed_branches": [[1033, -1026], [1033, 1034]], "missing_branches": []}, "TestSecurityCompliance.test_vpc_flow_logs_enabled": {"executed_lines": [1046, 1047, 1048], "summary": {"covered_lines": 3, "num_statements": 3, "percent_covered": 100.0, "percent_covered_display": "100", "missing_lines": 0, "excluded_lines": 0, "num_branches": 0, "num_partial_branches": 0, "covered_branches": 0, "missing_branches": 0}, "missing_lines": [], "excluded_lines": [], "executed_branches": [], "missing_branches": []}, "TestSecurityCompliance.test_cloudtrail_enabled": {"executed_lines": [1053, 1054, 1055], "summary": {"covered_lines": 3, "num_statements": 3, "percent_covered": 100.0, "percent_covered_display": "100", "missing_lines": 0, "excluded_lines": 0, "num_branches": 0, "num_partial_branches": 0, "covered_branches": 0, "missing_branches": 0}, "missing_lines": [], "excluded_lines": [], "executed_branches": [], "missing_branches": []}, "TestSecurityCompliance.test_eks_encryption_enabled": {"executed_lines": [1060, 1061, 1062], "summary": {"covered_lines": 3, "num_statements": 3, "percent_covered": 100.0, "percent_covered_display": "100", "missing_lines": 0, "excluded_lines": 0, "num_branches": 0, "num_partial_branches": 0, "covered_branches": 0, "missing_branches": 0}, "missing_lines": [], "excluded_lines": [], "executed_branches": [], "missing_branches": []}, "TestSecurityCompliance.test_s3_bucket_encryption_enabled": {"executed_lines": [1066, 1067, 1068], "summary": {"covered_lines": 3, "num_statements": 3, "percent_covered": 100.0, "percent_covered_display": "100", "missing_lines": 0, "excluded_lines": 0, "num_branches": 0, "num_partial_branches": 0, "covered_branches": 0, "missing_branches": 0}, "missing_lines": [], "excluded_lines": [], "executed_branches": [], "missing_branches": []}, "TestSecurityCompliance.test_s3_bucket_versioning_enabled": {"executed_lines": [1072, 1073, 1074], "summary": {"covered_lines": 3, "num_statements": 3, "percent_covered": 100.0, "percent_covered_display": "100", "missing_lines": 0, "excluded_lines": 0, "num_branches": 0, "num_partial_branches": 0, "covered_branches": 0, "missing_branches": 0}, "missing_lines": [], "excluded_lines": [], "executed_branches": [], "missing_branches": []}, "TestSecurityCompliance.test_eks_logging_enabled": {"executed_lines": [1079, 1080, 1081, 1083], "summary": {"covered_lines": 4, "num_statements": 4, "percent_covered": 100.0, "percent_covered_display": "100", "missing_lines": 0, "excluded_lines": 0, "num_branches": 0, "num_partial_branches": 0, "covered_branches": 0, "missing_branches": 0}, "missing_lines": [], "excluded_lines": [], "executed_branches": [], "missing_branches": []}, "TestResourceTags.test_vpc_has_required_tags": {"executed_lines": [1092, 1093, 1095, 1096, 1097], "summary": {"covered_lines": 5, "num_statements": 5, "percent_covered": 100.0, "percent_covered_display": "100", "missing_lines": 0, "excluded_lines": 0, "num_branches": 2, "num_partial_branches": 0, "covered_branches": 2, "missing_branches": 0}, "missing_lines": [], "excluded_lines": [], "executed_branches": [[1096, -1090], [1096, 1097]], "missing_branches": []}, "TestResourceTags.test_subnets_have_tags": {"executed_lines": [1101, 1102, 1103, 1104, 1105], "summary": {"covered_lines": 5, "num_statements": 5, "percent_covered": 100.0, "percent_covered_display": "100", "missing_lines": 0, "excluded_lines": 0, "num_branches": 4, "num_partial_branches": 0, "covered_branches": 4, "missing_branches": 0}, "missing_lines": [], "excluded_lines": [], "executed_branches": [[1101, -1099], [1101, 1102], [1102, 1101], [1102, 1103]], "missing_branches": []}, "TestResourceTags.test_eks_cluster_has_tags": {"executed_lines": [1109, 1110, 1112, 1113, 1114], "summary": {"covered_lines": 5, "num_statements": 5, "percent_covered": 100.0, "percent_covered_display": "100", "missing_lines": 0, "excluded_lines": 0, "num_branches": 2, "num_partial_branches": 0, "covered_branches": 2, "missing_branches": 0}, "missing_lines": [], "excluded_lines": [], "executed_branches": [[1113, -1107], [1113, 1114]], "missing_branches": []}, "": {"executed_lines": [2, 8, 9, 10, 11, 12, 15, 16, 18, 23, 30, 36, 42, 43, 45, 52, 61, 67, 76, 89, 90, 92, 100, 115, 129, 135, 147, 154, 167, 176, 182, 194, 202, 208, 218, 231, 239, 248, 258, 265, 276, 286, 287, 289, 297, 305, 314, 324, 332, 340, 346, 355, 362, 363, 365, 376, 390, 404, 409, 418, 434, 439, 448, 472, 491, 492, 494, 503, 523, 537, 538, 540, 550, 557, 565, 587, 603, 617, 627, 628, 630, 635, 644, 652, 662, 663, 665, 670, 679, 687, 696, 706, 718, 727, 735, 744, 745, 747, 757, 764, 769, 777, 778, 780, 785, 796, 810, 811, 813, 818, 829, 838, 846, 856, 861, 881, 886, 899, 910, 918, 919, 921, 925, 933, 942, 951, 958, 964, 970, 976, 983, 984, 986, 1001, 1014, 1015, 1017, 1026, 1041, 1042, 1044, 1051, 1058, 1064, 1070, 1077, 1087, 1088, 1090, 1099, 1107, 1117], "summary": {"covered_lines": 133, "num_statements": 133, "percent_covered": 100.0, "percent_covered_display": "100", "missing_lines": 0, "excluded_lines": 2, "num_branches": 0, "num_partial_branches": 0, "covered_branches": 0, "missing_branches": 0}, "missing_lines": [], "excluded_lines": [1117, 1118], "executed_branches": [], "missing_branches": []}}, "classes": {"TestTemplateStructure": {"executed_lines": [20, 25, 26, 27, 28, 32, 33, 34, 38], "summary": {"covered_lines": 9, "num_statements": 9, "percent_covered": 100.0, "percent_covered_display": "100", "missing_lines": 0, "excluded_lines": 0, "num_branches": 2, "num_partial_branches": 0, "covered_branches": 2, "missing_branches": 0}, "missing_lines": [], "excluded_lines": [], "executed_branches": [[33, -30], [33, 34]], "missing_branches": []}, "TestParameters": {"executed_lines": [47, 48, 49, 50, 54, 55, 56, 57, 58, 63, 64, 65, 69, 70, 71, 72, 73, 74, 78, 79, 80, 82, 84, 85, 86], "summary": {"covered_lines": 25, "num_statements": 25, "percent_covered": 100.0, "percent_covered_display": "100", "missing_lines": 0, "excluded_lines": 0, "num_branches": 2, "num_partial_branches": 0, "covered_branches": 2, "missing_branches": 0}, "missing_lines": [], "excluded_lines": [], "executed_branches": [[70, -67], [70, 71]], "missing_branches": []}, "TestVPCResources": {"executed_lines": [94, 95, 96, 97, 98, 102, 103, 105, 106, 107, 110, 111, 112, 117, 118, 121, 122, 124, 126, 131, 133, 137, 138, 140, 141, 142, 143, 145, 149, 150, 151, 156, 158, 159, 160, 161, 162, 163, 165, 169, 170, 171, 172, 174, 178, 180, 184, 185, 187, 188, 189, 190, 192, 196, 197, 198, 199, 204, 206, 210, 211, 212, 214, 215, 216, 220, 221, 222, 224, 225, 228, 229, 233, 235, 236, 241, 242, 243, 245, 250, 251, 252, 253, 255, 260, 263, 267, 268, 269, 271, 273, 278, 279, 280, 282], "summary": {"covered_lines": 95, "num_statements": 95, "percent_covered": 100.0, "percent_covered_display": "100", "missing_lines": 0, "excluded_lines": 0, "num_branches": 26, "num_partial_branches": 0, "covered_branches": 26, "missing_branches": 0}, "missing_lines": [], "excluded_lines": [], "executed_branches": [[106, 107], [106, 110], [140, 141], [140, 145], [149, -147], [149, 150], [158, 159], [158, 165], [169, -167], [169, 170], [187, 188], [187, 192], [196, -194], [196, 197], [210, -208], [210, 211], [220, -218], [220, 221], [235, -231], [235, 236], [250, -248], [250, 251], [267, -265], [267, 268], [278, -276], [278, 279]], "missing_branches": []}, "TestSecurityGroups": {"executed_lines": [291, 292, 293, 295, 299, 300, 301, 307, 308, 311, 312, 316, 317, 318, 319, 320, 321, 326, 327, 328, 329, 334, 335, 336, 337, 342, 343, 344, 348, 349, 350, 351, 352, 357, 358, 359], "summary": {"covered_lines": 36, "num_statements": 36, "percent_covered": 100.0, "percent_covered_display": "100", "missing_lines": 0, "excluded_lines": 0, "num_branches": 0, "num_partial_branches": 0, "covered_branches": 0, "missing_branches": 0}, "missing_lines": [], "excluded_lines": [], "executed_branches": [], "missing_branches": []}, "TestIAMRoles": {"executed_lines": [367, 368, 371, 372, 373, 378, 379, 381, 382, 384, 385, 386, 388, 392, 393, 395, 400, 401, 406, 407, 411, 412, 414, 415, 420, 421, 423, 430, 431, 436, 437, 441, 442, 444, 445, 450, 451, 453, 454, 455, 458, 459, 461, 469, 475, 476, 478, 479, 480, 481, 482, 486, 487], "summary": {"covered_lines": 53, "num_statements": 55, "percent_covered": 93.84615384615384, "percent_covered_display": "94", "missing_lines": 2, "excluded_lines": 0, "num_branches": 10, "num_partial_branches": 2, "covered_branches": 8, "missing_branches": 2}, "missing_lines": [483, 488], "excluded_lines": [], "executed_branches": [[478, -472], [478, 479], [480, 478], [480, 481], [482, 486], [486, 480], [486, 487], [487, 486]], "missing_branches": [[482, 483], [487, 488]]}, "TestKMSEncryption": {"executed_lines": [496, 497, 499, 500, 501, 505, 506, 508, 509, 512, 513, 514, 517, 518, 520, 521, 525, 526, 528, 529, 530, 533], "summary": {"covered_lines": 22, "num_statements": 22, "percent_covered": 100.0, "percent_covered_display": "100", "missing_lines": 0, "excluded_lines": 0, "num_branches": 0, "num_partial_branches": 0, "covered_branches": 0, "missing_branches": 0}, "missing_lines": [], "excluded_lines": [], "executed_branches": [], "missing_branches": []}, "TestEKSCluster": {"executed_lines": [542, 543, 545, 546, 547, 552, 553, 554, 559, 560, 561, 562, 567, 568, 571, 572, 573, 577, 578, 579, 580, 584, 585, 589, 590, 592, 593, 595, 596, 597, 600, 605, 606, 608, 610, 611, 613, 614, 619, 620, 622, 623, 624], "summary": {"covered_lines": 43, "num_statements": 43, "percent_covered": 100.0, "percent_covered_display": "100", "missing_lines": 0, "excluded_lines": 0, "num_branches": 4, "num_partial_branches": 0, "covered_branches": 4, "missing_branches": 0}, "missing_lines": [], "excluded_lines": [], "executed_branches": [[579, 580], [579, 584], [623, -617], [623, 624]], "missing_branches": []}, "TestOIDCProvider": {"executed_lines": [632, 633, 637, 638, 640, 641, 646, 647, 649, 654, 655, 657, 658], "summary": {"covered_lines": 13, "num_statements": 13, "percent_covered": 100.0, "percent_covered_display": "100", "missing_lines": 0, "excluded_lines": 0, "num_branches": 0, "num_partial_branches": 0, "covered_branches": 0, "missing_branches": 0}, "missing_lines": [], "excluded_lines": [], "executed_branches": [], "missing_branches": []}, "TestEKSNodeGroup": {"executed_lines": [667, 668, 672, 673, 675, 676, 681, 682, 684, 689, 690, 692, 693, 698, 699, 701, 702, 703, 708, 709, 711, 713, 715, 720, 721, 723, 724, 729, 730, 732, 737, 738, 740, 741], "summary": {"covered_lines": 34, "num_statements": 34, "percent_covered": 100.0, "percent_covered_display": "100", "missing_lines": 0, "excluded_lines": 0, "num_branches": 2, "num_partial_branches": 0, "covered_branches": 2, "missing_branches": 0}, "missing_lines": [], "excluded_lines": [], "executed_branches": [[702, -696], [702, 703]], "missing_branches": []}, "TestCloudWatchLogs": {"executed_lines": [749, 750, 752, 753, 754, 759, 760, 762, 766, 767, 771, 772, 774], "summary": {"covered_lines": 13, "num_statements": 13, "percent_covered": 100.0, "percent_covered_display": "100", "missing_lines": 0, "excluded_lines": 0, "num_branches": 0, "num_partial_branches": 0, "covered_branches": 0, "missing_branches": 0}, "missing_lines": [], "excluded_lines": [], "executed_branches": [], "missing_branches": []}, "TestVPCFlowLogs": {"executed_lines": [782, 783, 787, 788, 790, 791, 792, 793, 798, 799, 801, 804, 805, 806], "summary": {"covered_lines": 14, "num_statements": 14, "percent_covered": 100.0, "percent_covered_display": "100", "missing_lines": 0, "excluded_lines": 0, "num_branches": 0, "num_partial_branches": 0, "covered_branches": 0, "missing_branches": 0}, "missing_lines": [], "excluded_lines": [], "executed_branches": [], "missing_branches": []}, "TestCloudTrail": {"executed_lines": [815, 816, 820, 821, 823, 824, 826, 831, 832, 834, 835, 840, 841, 843, 848, 849, 851, 852, 853, 854, 858, 859, 863, 864, 866, 867, 870, 871, 872, 874, 877, 878, 879, 883, 884, 888, 889, 891, 893, 895, 896, 901, 902, 904, 905, 906, 907, 912, 913, 914], "summary": {"covered_lines": 50, "num_statements": 50, "percent_covered": 100.0, "percent_covered_display": "100", "missing_lines": 0, "excluded_lines": 0, "num_branches": 0, "num_partial_branches": 0, "covered_branches": 0, "missing_branches": 0}, "missing_lines": [], "excluded_lines": [], "executed_branches": [], "missing_branches": []}, "TestOutputs": {"executed_lines": [923, 927, 928, 929, 931, 935, 936, 938, 939, 944, 945, 947, 948, 953, 954, 955, 960, 961, 966, 967, 972, 973, 978, 979, 980], "summary": {"covered_lines": 25, "num_statements": 25, "percent_covered": 100.0, "percent_covered_display": "100", "missing_lines": 0, "excluded_lines": 0, "num_branches": 2, "num_partial_branches": 0, "covered_branches": 2, "missing_branches": 0}, "missing_lines": [], "excluded_lines": [], "executed_branches": [[978, -976], [978, 979]], "missing_branches": []}, "TestResourceNaming": {"executed_lines": [988, 994, 995, 996, 998, 1003, 1005, 1006, 1007, 1009, 1010], "summary": {"covered_lines": 11, "num_statements": 11, "percent_covered": 100.0, "percent_covered_display": "100", "missing_lines": 0, "excluded_lines": 0, "num_branches": 4, "num_partial_branches": 0, "covered_branches": 4, "missing_branches": 0}, "missing_lines": [], "excluded_lines": [], "executed_branches": [[994, -986], [994, 995], [1005, -1001], [1005, 1006]], "missing_branches": []}, "TestDeletionPolicies": {"executed_lines": [1019, 1020, 1022, 1029, 1033, 1034, 1035, 1037], "summary": {"covered_lines": 8, "num_statements": 9, "percent_covered": 86.66666666666667, "percent_covered_display": "87", "missing_lines": 1, "excluded_lines": 0, "num_branches": 6, "num_partial_branches": 1, "covered_branches": 5, "missing_branches": 1}, "missing_lines": [1023], "excluded_lines": [], "executed_branches": [[1019, -1017], [1019, 1020], [1022, 1019], [1033, -1026], [1033, 1034]], "missing_branches": [[1022, 1023]]}, "TestSecurityCompliance": {"executed_lines": [1046, 1047, 1048, 1053, 1054, 1055, 1060, 1061, 1062, 1066, 1067, 1068, 1072, 1073, 1074, 1079, 1080, 1081, 1083], "summary": {"covered_lines": 19, "num_statements": 19, "percent_covered": 100.0, "percent_covered_display": "100", "missing_lines": 0, "excluded_lines": 0, "num_branches": 0, "num_partial_branches": 0, "covered_branches": 0, "missing_branches": 0}, "missing_lines": [], "excluded_lines": [], "executed_branches": [], "missing_branches": []}, "TestResourceTags": {"executed_lines": [1092, 1093, 1095, 1096, 1097, 1101, 1102, 1103, 1104, 1105, 1109, 1110, 1112, 1113, 1114], "summary": {"covered_lines": 15, "num_statements": 15, "percent_covered": 100.0, "percent_covered_display": "100", "missing_lines": 0, "excluded_lines": 0, "num_branches": 8, "num_partial_branches": 0, "covered_branches": 8, "missing_branches": 0}, "missing_lines": [], "excluded_lines": [], "executed_branches": [[1096, -1090], [1096, 1097], [1101, -1099], [1101, 1102], [1102, 1101], [1102, 1103], [1113, -1107], [1113, 1114]], "missing_branches": []}, "": {"executed_lines": [2, 8, 9, 10, 11, 12, 15, 16, 18, 23, 30, 36, 42, 43, 45, 52, 61, 67, 76, 89, 90, 92, 100, 115, 129, 135, 147, 154, 167, 176, 182, 194, 202, 208, 218, 231, 239, 248, 258, 265, 276, 286, 287, 289, 297, 305, 314, 324, 332, 340, 346, 355, 362, 363, 365, 376, 390, 404, 409, 418, 434, 439, 448, 472, 491, 492, 494, 503, 523, 537, 538, 540, 550, 557, 565, 587, 603, 617, 627, 628, 630, 635, 644, 652, 662, 663, 665, 670, 679, 687, 696, 706, 718, 727, 735, 744, 745, 747, 757, 764, 769, 777, 778, 780, 785, 796, 810, 811, 813, 818, 829, 838, 846, 856, 861, 881, 886, 899, 910, 918, 919, 921, 925, 933, 942, 951, 958, 964, 970, 976, 983, 984, 986, 1001, 1014, 1015, 1017, 1026, 1041, 1042, 1044, 1051, 1058, 1064, 1070, 1077, 1087, 1088, 1090, 1099, 1107, 1117], "summary": {"covered_lines": 133, "num_statements": 133, "percent_covered": 100.0, "percent_covered_display": "100", "missing_lines": 0, "excluded_lines": 2, "num_branches": 0, "num_partial_branches": 0, "covered_branches": 0, "missing_branches": 0}, "missing_lines": [], "excluded_lines": [1117, 1118], "executed_branches": [], "missing_branches": []}}}}, "totals": {"covered_lines": 618, "num_statements": 621, "percent_covered": 99.12663755458516, "percent_covered_display": "99", "missing_lines": 3, "excluded_lines": 2, "num_branches": 66, "num_partial_branches": 3, "covered_branches": 63, "missing_branches": 3}}