{"meta": {"format": 3, "version": "7.11.0", "timestamp": "2025-11-06T21:27:34.777506", "branch_coverage": true, "show_contexts": false}, "files": {"lib/__init__.py": {"executed_lines": [], "summary": {"covered_lines": 0, "num_statements": 0, "percent_covered": 100.0, "percent_covered_display": "100", "missing_lines": 0, "excluded_lines": 0, "num_branches": 0, "num_partial_branches": 0, "covered_branches": 0, "missing_branches": 0}, "missing_lines": [], "excluded_lines": [], "executed_branches": [], "missing_branches": [], "functions": {"": {"executed_lines": [], "summary": {"covered_lines": 0, "num_statements": 0, "percent_covered": 100.0, "percent_covered_display": "100", "missing_lines": 0, "excluded_lines": 0, "num_branches": 0, "num_partial_branches": 0, "covered_branches": 0, "missing_branches": 0}, "missing_lines": [], "excluded_lines": [], "executed_branches": [], "missing_branches": []}}, "classes": {"": {"executed_lines": [], "summary": {"covered_lines": 0, "num_statements": 0, "percent_covered": 100.0, "percent_covered_display": "100", "missing_lines": 0, "excluded_lines": 0, "num_branches": 0, "num_partial_branches": 0, "covered_branches": 0, "missing_branches": 0}, "missing_lines": [], "excluded_lines": [], "executed_branches": [], "missing_branches": []}}}, "lib/tap_stack.py": {"executed_lines": [1, 17, 18, 19, 20, 42, 43, 49, 54, 55, 67, 74], "summary": {"covered_lines": 9, "num_statements": 72, "percent_covered": 12.5, "percent_covered_display": "12", "missing_lines": 63, "excluded_lines": 0, "num_branches": 0, "num_partial_branches": 0, "covered_branches": 0, "missing_branches": 0}, "missing_lines": [50, 51, 77, 85, 111, 119, 124, 131, 139, 146, 154, 165, 173, 210, 220, 235, 254, 263, 271, 280, 293, 301, 309, 312, 322, 339, 349, 372, 383, 390, 409, 428, 434, 448, 466, 469, 487, 494, 499, 507, 512, 524, 552, 563, 585, 606, 616, 622, 635, 643, 651, 663, 670, 682, 694, 706, 721, 729, 737, 745, 753, 761, 769], "excluded_lines": [], "executed_branches": [], "missing_branches": [], "functions": {"TapStackProps.__init__": {"executed_lines": [], "summary": {"covered_lines": 0, "num_statements": 2, "percent_covered": 0.0, "percent_covered_display": "0", "missing_lines": 2, "excluded_lines": 0, "num_branches": 0, "num_partial_branches": 0, "covered_branches": 0, "missing_branches": 0}, "missing_lines": [50, 51], "excluded_lines": [], "executed_branches": [], "missing_branches": []}, "TapStack.__init__": {"executed_lines": [74], "summary": {"covered_lines": 1, "num_statements": 62, "percent_covered": 1.6129032258064515, "percent_covered_display": "2", "missing_lines": 61, "excluded_lines": 0, "num_branches": 0, "num_partial_branches": 0, "covered_branches": 0, "missing_branches": 0}, "missing_lines": [77, 85, 111, 119, 124, 131, 139, 146, 154, 165, 173, 210, 220, 235, 254, 263, 271, 280, 293, 301, 309, 312, 322, 339, 349, 372, 383, 390, 409, 428, 434, 448, 466, 469, 487, 494, 499, 507, 512, 524, 552, 563, 585, 606, 616, 622, 635, 643, 651, 663, 670, 682, 694, 706, 721, 729, 737, 745, 753, 761, 769], "excluded_lines": [], "executed_branches": [], "missing_branches": []}, "": {"executed_lines": [1, 17, 18, 19, 20, 42, 43, 49, 54, 55, 67], "summary": {"covered_lines": 8, "num_statements": 8, "percent_covered": 100.0, "percent_covered_display": "100", "missing_lines": 0, "excluded_lines": 0, "num_branches": 0, "num_partial_branches": 0, "covered_branches": 0, "missing_branches": 0}, "missing_lines": [], "excluded_lines": [], "executed_branches": [], "missing_branches": []}}, "classes": {"TapStackProps": {"executed_lines": [], "summary": {"covered_lines": 0, "num_statements": 2, "percent_covered": 0.0, "percent_covered_display": "0", "missing_lines": 2, "excluded_lines": 0, "num_branches": 0, "num_partial_branches": 0, "covered_branches": 0, "missing_branches": 0}, "missing_lines": [50, 51], "excluded_lines": [], "executed_branches": [], "missing_branches": []}, "TapStack": {"executed_lines": [74], "summary": {"covered_lines": 1, "num_statements": 62, "percent_covered": 1.6129032258064515, "percent_covered_display": "2", "missing_lines": 61, "excluded_lines": 0, "num_branches": 0, "num_partial_branches": 0, "covered_branches": 0, "missing_branches": 0}, "missing_lines": [77, 85, 111, 119, 124, 131, 139, 146, 154, 165, 173, 210, 220, 235, 254, 263, 271, 280, 293, 301, 309, 312, 322, 339, 349, 372, 383, 390, 409, 428, 434, 448, 466, 469, 487, 494, 499, 507, 512, 524, 552, 563, 585, 606, 616, 622, 635, 643, 651, 663, 670, 682, 694, 706, 721, 729, 737, 745, 753, 761, 769], "excluded_lines": [], "executed_branches": [], "missing_branches": []}, "": {"executed_lines": [1, 17, 18, 19, 20, 42, 43, 49, 54, 55, 67], "summary": {"covered_lines": 8, "num_statements": 8, "percent_covered": 100.0, "percent_covered_display": "100", "missing_lines": 0, "excluded_lines": 0, "num_branches": 0, "num_partial_branches": 0, "covered_branches": 0, "missing_branches": 0}, "missing_lines": [], "excluded_lines": [], "executed_branches": [], "missing_branches": []}}}}, "totals": {"covered_lines": 9, "num_statements": 72, "percent_covered": 12.5, "percent_covered_display": "12", "missing_lines": 63, "excluded_lines": 0, "num_branches": 0, "num_partial_branches": 0, "covered_branches": 0, "missing_branches": 0}}