{"meta": {"format": 3, "version": "7.11.0", "timestamp": "2025-11-26T07:24:20.905022", "branch_coverage": true, "show_contexts": false}, "files": {"lib/lambda/app.py": {"executed_lines": [1, 2, 3, 4, 5, 6, 7, 8, 11, 14, 15, 18, 19, 20, 22, 24, 30, 32, 33, 69, 70, 86, 87, 115, 116, 139, 140, 172, 173, 208, 210, 213, 214, 217, 218, 221, 222, 224, 226, 227], "summary": {"covered_lines": 40, "num_statements": 115, "percent_covered": 34.58646616541353, "percent_covered_display": "35", "missing_lines": 75, "excluded_lines": 0, "num_branches": 18, "num_partial_branches": 0, "covered_branches": 6, "missing_branches": 12}, "missing_lines": [37, 39, 41, 42, 45, 46, 47, 50, 53, 54, 56, 59, 60, 62, 64, 65, 66, 67, 72, 74, 75, 76, 77, 80, 81, 82, 84, 90, 91, 92, 94, 100, 107, 109, 119, 121, 125, 131, 133, 143, 145, 146, 163, 164, 168, 169, 170, 177, 180, 182, 194, 195, 204, 205, 206, 230, 232, 237, 238, 240, 242, 244, 245, 246, 247, 248, 249, 251, 257, 258, 263, 268, 276, 277, 279], "excluded_lines": [], "executed_branches": [[213, 214], [213, 217], [217, 218], [217, 221], [221, 222], [221, 224]], "missing_branches": [[59, 60], [59, 62], [74, 75], [74, 80], [75, 74], [75, 76], [80, 81], [80, 84], [145, 146], [145, 163], [244, 245], [244, 257]], "functions": {"log": {"executed_lines": [24, 30], "summary": {"covered_lines": 2, "num_statements": 2, "percent_covered": 100.0, "percent_covered_display": "100", "missing_lines": 0, "excluded_lines": 0, "num_branches": 0, "num_partial_branches": 0, "covered_branches": 0, "missing_branches": 0}, "missing_lines": [], "excluded_lines": [], "executed_branches": [], "missing_branches": []}, "process_transaction": {"executed_lines": [], "summary": {"covered_lines": 0, "num_statements": 18, "percent_covered": 0.0, "percent_covered_display": "0", "missing_lines": 18, "excluded_lines": 0, "num_branches": 2, "num_partial_branches": 0, "covered_branches": 0, "missing_branches": 2}, "missing_lines": [37, 39, 41, 42, 45, 46, 47, 50, 53, 54, 56, 59, 60, 62, 64, 65, 66, 67], "excluded_lines": [], "executed_branches": [], "missing_branches": [[59, 60], [59, 62]]}, "validate_transaction": {"executed_lines": [], "summary": {"covered_lines": 0, "num_statements": 9, "percent_covered": 0.0, "percent_covered_display": "0", "missing_lines": 9, "excluded_lines": 0, "num_branches": 6, "num_partial_branches": 0, "covered_branches": 0, "missing_branches": 6}, "missing_lines": [72, 74, 75, 76, 77, 80, 81, 82, 84], "excluded_lines": [], "executed_branches": [], "missing_branches": [[74, 75], [74, 80], [75, 74], [75, 76], [80, 81], [80, 84]]}, "process_valid_transaction": {"executed_lines": [], "summary": {"covered_lines": 0, "num_statements": 7, "percent_covered": 0.0, "percent_covered_display": "0", "missing_lines": 7, "excluded_lines": 0, "num_branches": 0, "num_partial_branches": 0, "covered_branches": 0, "missing_branches": 0}, "missing_lines": [90, 91, 92, 94, 100, 107, 109], "excluded_lines": [], "executed_branches": [], "missing_branches": []}, "process_invalid_transaction": {"executed_lines": [], "summary": {"covered_lines": 0, "num_statements": 5, "percent_covered": 0.0, "percent_covered_display": "0", "missing_lines": 5, "excluded_lines": 0, "num_branches": 0, "num_partial_branches": 0, "covered_branches": 0, "missing_branches": 0}, "missing_lines": [119, 121, 125, 131, 133], "excluded_lines": [], "executed_branches": [], "missing_branches": []}, "emit_metrics": {"executed_lines": [], "summary": {"covered_lines": 0, "num_statements": 8, "percent_covered": 0.0, "percent_covered_display": "0", "missing_lines": 8, "excluded_lines": 0, "num_branches": 2, "num_partial_branches": 0, "covered_branches": 0, "missing_branches": 2}, "missing_lines": [143, 145, 146, 163, 164, 168, 169, 170], "excluded_lines": [], "executed_branches": [], "missing_branches": [[145, 146], [145, 163]]}, "send_transaction_event": {"executed_lines": [], "summary": {"covered_lines": 0, "num_statements": 8, "percent_covered": 0.0, "percent_covered_display": "0", "missing_lines": 8, "excluded_lines": 0, "num_branches": 0, "num_partial_branches": 0, "covered_branches": 0, "missing_branches": 0}, "missing_lines": [177, 180, 182, 194, 195, 204, 205, 206], "excluded_lines": [], "executed_branches": [], "missing_branches": []}, "calculate_risk_score": {"executed_lines": [210, 213, 214, 217, 218, 221, 222, 224], "summary": {"covered_lines": 8, "num_statements": 8, "percent_covered": 100.0, "percent_covered_display": "100", "missing_lines": 0, "excluded_lines": 0, "num_branches": 6, "num_partial_branches": 0, "covered_branches": 6, "missing_branches": 0}, "missing_lines": [], "excluded_lines": [], "executed_branches": [[213, 214], [213, 217], [217, 218], [217, 221], [221, 222], [221, 224]], "missing_branches": []}, "lambda_handler": {"executed_lines": [], "summary": {"covered_lines": 0, "num_statements": 20, "percent_covered": 0.0, "percent_covered_display": "0", "missing_lines": 20, "excluded_lines": 0, "num_branches": 2, "num_partial_branches": 0, "covered_branches": 0, "missing_branches": 2}, "missing_lines": [230, 232, 237, 238, 240, 242, 244, 245, 246, 247, 248, 249, 251, 257, 258, 263, 268, 276, 277, 279], "excluded_lines": [], "executed_branches": [], "missing_branches": [[244, 245], [244, 257]]}, "": {"executed_lines": [1, 2, 3, 4, 5, 6, 7, 8, 11, 14, 15, 18, 19, 20, 22, 32, 33, 69, 70, 86, 87, 115, 116, 139, 140, 172, 173, 208, 226, 227], "summary": {"covered_lines": 30, "num_statements": 30, "percent_covered": 100.0, "percent_covered_display": "100", "missing_lines": 0, "excluded_lines": 0, "num_branches": 0, "num_partial_branches": 0, "covered_branches": 0, "missing_branches": 0}, "missing_lines": [], "excluded_lines": [], "executed_branches": [], "missing_branches": []}}, "classes": {"": {"executed_lines": [1, 2, 3, 4, 5, 6, 7, 8, 11, 14, 15, 18, 19, 20, 22, 24, 30, 32, 33, 69, 70, 86, 87, 115, 116, 139, 140, 172, 173, 208, 210, 213, 214, 217, 218, 221, 222, 224, 226, 227], "summary": {"covered_lines": 40, "num_statements": 115, "percent_covered": 34.58646616541353, "percent_covered_display": "35", "missing_lines": 75, "excluded_lines": 0, "num_branches": 18, "num_partial_branches": 0, "covered_branches": 6, "missing_branches": 12}, "missing_lines": [37, 39, 41, 42, 45, 46, 47, 50, 53, 54, 56, 59, 60, 62, 64, 65, 66, 67, 72, 74, 75, 76, 77, 80, 81, 82, 84, 90, 91, 92, 94, 100, 107, 109, 119, 121, 125, 131, 133, 143, 145, 146, 163, 164, 168, 169, 170, 177, 180, 182, 194, 195, 204, 205, 206, 230, 232, 237, 238, 240, 242, 244, 245, 246, 247, 248, 249, 251, 257, 258, 263, 268, 276, 277, 279], "excluded_lines": [], "executed_branches": [[213, 214], [213, 217], [217, 218], [217, 221], [221, 222], [221, 224]], "missing_branches": [[59, 60], [59, 62], [74, 75], [74, 80], [75, 74], [75, 76], [80, 81], [80, 84], [145, 146], [145, 163], [244, 245], [244, 257]]}}}}, "totals": {"covered_lines": 40, "num_statements": 115, "percent_covered": 34.58646616541353, "percent_covered_display": "35", "missing_lines": 75, "excluded_lines": 0, "num_branches": 18, "num_partial_branches": 0, "covered_branches": 6, "missing_branches": 12}}