{"meta": {"format": 3, "version": "7.11.3", "timestamp": "2025-11-26T03:45:57.858070", "branch_coverage": false, "show_contexts": false}, "files": {"lib/__init__.py": {"executed_lines": [], "summary": {"covered_lines": 0, "num_statements": 0, "percent_covered": 100.0, "percent_covered_display": "100", "missing_lines": 0, "excluded_lines": 0}, "missing_lines": [], "excluded_lines": [], "functions": {"": {"executed_lines": [], "summary": {"covered_lines": 0, "num_statements": 0, "percent_covered": 100.0, "percent_covered_display": "100", "missing_lines": 0, "excluded_lines": 0}, "missing_lines": [], "excluded_lines": []}}, "classes": {"": {"executed_lines": [], "summary": {"covered_lines": 0, "num_statements": 0, "percent_covered": 100.0, "percent_covered_display": "100", "missing_lines": 0, "excluded_lines": 0}, "missing_lines": [], "excluded_lines": []}}}, "lib/tap_stack.py": {"executed_lines": [], "summary": {"covered_lines": 0, "num_statements": 55, "percent_covered": 0.0, "percent_covered_display": "0", "missing_lines": 55, "excluded_lines": 0}, "missing_lines": [1, 2, 3, 4, 5, 6, 11, 16, 17, 18, 19, 22, 25, 26, 27, 28, 29, 30, 31, 36, 39, 40, 41, 43, 46, 53, 54, 56, 58, 59, 62, 70, 86, 101, 112, 117, 128, 144, 221, 233, 249, 279, 313, 327, 346, 370, 379, 391, 441, 450, 475, 482, 489, 496, 503], "excluded_lines": [], "functions": {"TapStack.__init__": {"executed_lines": [], "summary": {"covered_lines": 0, "num_statements": 5, "percent_covered": 0.0, "percent_covered_display": "0", "missing_lines": 5, "excluded_lines": 0}, "missing_lines": [41, 43, 46, 53, 54], "excluded_lines": []}, "TapStack.create_regional_infrastructure": {"executed_lines": [], "summary": {"covered_lines": 0, "num_statements": 27, "percent_covered": 0.0, "percent_covered_display": "0", "missing_lines": 27, "excluded_lines": 0}, "missing_lines": [58, 59, 62, 70, 86, 101, 112, 117, 128, 144, 221, 233, 249, 279, 313, 327, 346, 370, 379, 391, 441, 450, 475, 482, 489, 496, 503], "excluded_lines": []}, "": {"executed_lines": [], "summary": {"covered_lines": 0, "num_statements": 23, "percent_covered": 0.0, "percent_covered_display": "0", "missing_lines": 23, "excluded_lines": 0}, "missing_lines": [1, 2, 3, 4, 5, 6, 11, 16, 17, 18, 19, 22, 25, 26, 27, 28, 29, 30, 31, 36, 39, 40, 56], "excluded_lines": []}}, "classes": {"TapStack": {"executed_lines": [], "summary": {"covered_lines": 0, "num_statements": 32, "percent_covered": 0.0, "percent_covered_display": "0", "missing_lines": 32, "excluded_lines": 0}, "missing_lines": [41, 43, 46, 53, 54, 58, 59, 62, 70, 86, 101, 112, 117, 128, 144, 221, 233, 249, 279, 313, 327, 346, 370, 379, 391, 441, 450, 475, 482, 489, 496, 503], "excluded_lines": []}, "": {"executed_lines": [], "summary": {"covered_lines": 0, "num_statements": 23, "percent_covered": 0.0, "percent_covered_display": "0", "missing_lines": 23, "excluded_lines": 0}, "missing_lines": [1, 2, 3, 4, 5, 6, 11, 16, 17, 18, 19, 22, 25, 26, 27, 28, 29, 30, 31, 36, 39, 40, 56], "excluded_lines": []}}}}, "totals": {"covered_lines": 0, "num_statements": 55, "percent_covered": 0.0, "percent_covered_display": "0", "missing_lines": 55, "excluded_lines": 0}}