{"meta": {"format": 3, "version": "7.10.6", "timestamp": "2025-11-12T21:20:50.911105", "branch_coverage": true, "show_contexts": false}, "files": {"lib/__init__.py": {"executed_lines": [], "summary": {"covered_lines": 0, "num_statements": 0, "percent_covered": 100.0, "percent_covered_display": "100", "missing_lines": 0, "excluded_lines": 0, "num_branches": 0, "num_partial_branches": 0, "covered_branches": 0, "missing_branches": 0}, "missing_lines": [], "excluded_lines": [], "executed_branches": [], "missing_branches": [], "functions": {"": {"executed_lines": [], "summary": {"covered_lines": 0, "num_statements": 0, "percent_covered": 100.0, "percent_covered_display": "100", "missing_lines": 0, "excluded_lines": 0, "num_branches": 0, "num_partial_branches": 0, "covered_branches": 0, "missing_branches": 0}, "missing_lines": [], "excluded_lines": [], "executed_branches": [], "missing_branches": []}}, "classes": {"": {"executed_lines": [], "summary": {"covered_lines": 0, "num_statements": 0, "percent_covered": 100.0, "percent_covered_display": "100", "missing_lines": 0, "excluded_lines": 0, "num_branches": 0, "num_partial_branches": 0, "covered_branches": 0, "missing_branches": 0}, "missing_lines": [], "excluded_lines": [], "executed_branches": [], "missing_branches": []}}}, "lib/lambda_functions.py": {"executed_lines": [1, 6, 7, 8, 9, 12, 13, 18, 34, 36, 39, 50, 58, 66, 117, 125, 164, 165, 166, 168, 170, 196, 227, 228, 229, 232, 233, 244], "summary": {"covered_lines": 26, "num_statements": 26, "percent_covered": 100.0, "percent_covered_display": "100", "missing_lines": 0, "excluded_lines": 0, "num_branches": 4, "num_partial_branches": 0, "covered_branches": 4, "missing_branches": 0}, "missing_lines": [], "excluded_lines": [], "executed_branches": [[168, 170], [168, 232], [232, 233], [232, 244]], "missing_branches": [], "functions": {"LambdaFunctionsComponent.__init__": {"executed_lines": [34, 36, 39, 50, 58, 66, 117, 125, 164, 165, 166, 168, 170, 196, 227, 228, 229, 232, 233, 244], "summary": {"covered_lines": 20, "num_statements": 20, "percent_covered": 100.0, "percent_covered_display": "100", "missing_lines": 0, "excluded_lines": 0, "num_branches": 4, "num_partial_branches": 0, "covered_branches": 4, "missing_branches": 0}, "missing_lines": [], "excluded_lines": [], "executed_branches": [[168, 170], [168, 232], [232, 233], [232, 244]], "missing_branches": []}, "": {"executed_lines": [1, 6, 7, 8, 9, 12, 13, 18], "summary": {"covered_lines": 6, "num_statements": 6, "percent_covered": 100.0, "percent_covered_display": "100", "missing_lines": 0, "excluded_lines": 0, "num_branches": 0, "num_partial_branches": 0, "covered_branches": 0, "missing_branches": 0}, "missing_lines": [], "excluded_lines": [], "executed_branches": [], "missing_branches": []}}, "classes": {"LambdaFunctionsComponent": {"executed_lines": [34, 36, 39, 50, 58, 66, 117, 125, 164, 165, 166, 168, 170, 196, 227, 228, 229, 232, 233, 244], "summary": {"covered_lines": 20, "num_statements": 20, "percent_covered": 100.0, "percent_covered_display": "100", "missing_lines": 0, "excluded_lines": 0, "num_branches": 4, "num_partial_branches": 0, "covered_branches": 4, "missing_branches": 0}, "missing_lines": [], "excluded_lines": [], "executed_branches": [[168, 170], [168, 232], [232, 233], [232, 244]], "missing_branches": []}, "": {"executed_lines": [1, 6, 7, 8, 9, 12, 13, 18], "summary": {"covered_lines": 6, "num_statements": 6, "percent_covered": 100.0, "percent_covered_display": "100", "missing_lines": 0, "excluded_lines": 0, "num_branches": 0, "num_partial_branches": 0, "covered_branches": 0, "missing_branches": 0}, "missing_lines": [], "excluded_lines": [], "executed_branches": [], "missing_branches": []}}}, "lib/streaming_pipeline_component.py": {"executed_lines": [1, 6, 7, 8, 9, 10, 13, 18, 19, 20, 21, 22, 23, 25, 26, 27, 31, 32, 37, 48, 50, 53, 68, 88, 96, 97, 98, 117, 119], "summary": {"covered_lines": 27, "num_statements": 28, "percent_covered": 94.11764705882354, "percent_covered_display": "94", "missing_lines": 1, "excluded_lines": 0, "num_branches": 6, "num_partial_branches": 1, "covered_branches": 5, "missing_branches": 1}, "missing_lines": [28], "excluded_lines": [], "executed_branches": [[18, 19], [22, 23], [22, 25], [97, 98], [97, 119]], "missing_branches": [[18, 28]], "functions": {"create_with_retry": {"executed_lines": [18, 19, 20, 21, 22, 23, 25, 26, 27], "summary": {"covered_lines": 9, "num_statements": 10, "percent_covered": 85.71428571428571, "percent_covered_display": "86", "missing_lines": 1, "excluded_lines": 0, "num_branches": 4, "num_partial_branches": 1, "covered_branches": 3, "missing_branches": 1}, "missing_lines": [28], "excluded_lines": [], "executed_branches": [[18, 19], [22, 23], [22, 25]], "missing_branches": [[18, 28]]}, "StreamingPipelineComponent.__init__": {"executed_lines": [48, 50, 53, 68, 88, 96, 97, 98, 117, 119], "summary": {"covered_lines": 10, "num_statements": 10, "percent_covered": 100.0, "percent_covered_display": "100", "missing_lines": 0, "excluded_lines": 0, "num_branches": 2, "num_partial_branches": 0, "covered_branches": 2, "missing_branches": 0}, "missing_lines": [], "excluded_lines": [], "executed_branches": [[97, 98], [97, 119]], "missing_branches": []}, "": {"executed_lines": [1, 6, 7, 8, 9, 10, 13, 31, 32, 37], "summary": {"covered_lines": 8, "num_statements": 8, "percent_covered": 100.0, "percent_covered_display": "100", "missing_lines": 0, "excluded_lines": 0, "num_branches": 0, "num_partial_branches": 0, "covered_branches": 0, "missing_branches": 0}, "missing_lines": [], "excluded_lines": [], "executed_branches": [], "missing_branches": []}}, "classes": {"StreamingPipelineComponent": {"executed_lines": [48, 50, 53, 68, 88, 96, 97, 98, 117, 119], "summary": {"covered_lines": 10, "num_statements": 10, "percent_covered": 100.0, "percent_covered_display": "100", "missing_lines": 0, "excluded_lines": 0, "num_branches": 2, "num_partial_branches": 0, "covered_branches": 2, "missing_branches": 0}, "missing_lines": [], "excluded_lines": [], "executed_branches": [[97, 98], [97, 119]], "missing_branches": []}, "": {"executed_lines": [1, 6, 7, 8, 9, 10, 13, 18, 19, 20, 21, 22, 23, 25, 26, 27, 31, 32, 37], "summary": {"covered_lines": 17, "num_statements": 18, "percent_covered": 90.9090909090909, "percent_covered_display": "91", "missing_lines": 1, "excluded_lines": 0, "num_branches": 4, "num_partial_branches": 1, "covered_branches": 3, "missing_branches": 1}, "missing_lines": [28], "excluded_lines": [], "executed_branches": [[18, 19], [22, 23], [22, 25]], "missing_branches": [[18, 28]]}}}, "lib/tap_stack.py": {"executed_lines": [], "summary": {"covered_lines": 0, "num_statements": 14, "percent_covered": 0.0, "percent_covered_display": "0", "missing_lines": 14, "excluded_lines": 0, "num_branches": 0, "num_partial_branches": 0, "covered_branches": 0, "missing_branches": 0}, "missing_lines": [11, 13, 14, 15, 21, 31, 36, 37, 40, 57, 63, 65, 66, 78], "excluded_lines": [], "executed_branches": [], "missing_branches": [], "functions": {"TapStackArgs.__init__": {"executed_lines": [], "summary": {"covered_lines": 0, "num_statements": 2, "percent_covered": 0.0, "percent_covered_display": "0", "missing_lines": 2, "excluded_lines": 0, "num_branches": 0, "num_partial_branches": 0, "covered_branches": 0, "missing_branches": 0}, "missing_lines": [36, 37], "excluded_lines": [], "executed_branches": [], "missing_branches": []}, "TapStack.__init__": {"executed_lines": [], "summary": {"covered_lines": 0, "num_statements": 4, "percent_covered": 0.0, "percent_covered_display": "0", "missing_lines": 4, "excluded_lines": 0, "num_branches": 0, "num_partial_branches": 0, "covered_branches": 0, "missing_branches": 0}, "missing_lines": [63, 65, 66, 78], "excluded_lines": [], "executed_branches": [], "missing_branches": []}, "": {"executed_lines": [], "summary": {"covered_lines": 0, "num_statements": 8, "percent_covered": 0.0, "percent_covered_display": "0", "missing_lines": 8, "excluded_lines": 0, "num_branches": 0, "num_partial_branches": 0, "covered_branches": 0, "missing_branches": 0}, "missing_lines": [11, 13, 14, 15, 21, 31, 40, 57], "excluded_lines": [], "executed_branches": [], "missing_branches": []}}, "classes": {"TapStackArgs": {"executed_lines": [], "summary": {"covered_lines": 0, "num_statements": 2, "percent_covered": 0.0, "percent_covered_display": "0", "missing_lines": 2, "excluded_lines": 0, "num_branches": 0, "num_partial_branches": 0, "covered_branches": 0, "missing_branches": 0}, "missing_lines": [36, 37], "excluded_lines": [], "executed_branches": [], "missing_branches": []}, "TapStack": {"executed_lines": [], "summary": {"covered_lines": 0, "num_statements": 4, "percent_covered": 0.0, "percent_covered_display": "0", "missing_lines": 4, "excluded_lines": 0, "num_branches": 0, "num_partial_branches": 0, "covered_branches": 0, "missing_branches": 0}, "missing_lines": [63, 65, 66, 78], "excluded_lines": [], "executed_branches": [], "missing_branches": []}, "": {"executed_lines": [], "summary": {"covered_lines": 0, "num_statements": 8, "percent_covered": 0.0, "percent_covered_display": "0", "missing_lines": 8, "excluded_lines": 0, "num_branches": 0, "num_partial_branches": 0, "covered_branches": 0, "missing_branches": 0}, "missing_lines": [11, 13, 14, 15, 21, 31, 40, 57], "excluded_lines": [], "executed_branches": [], "missing_branches": []}}}, "lib/vpc_infrastructure.py": {"executed_lines": [1, 6, 7, 8, 11, 12, 17, 25, 28, 31, 41, 42, 44, 45, 61, 64, 75, 76, 90, 111, 112, 113, 115], "summary": {"covered_lines": 21, "num_statements": 21, "percent_covered": 100.0, "percent_covered_display": "100", "missing_lines": 0, "excluded_lines": 0, "num_branches": 4, "num_partial_branches": 0, "covered_branches": 4, "missing_branches": 0}, "missing_lines": [], "excluded_lines": [], "executed_branches": [[44, 45], [44, 64], [75, 76], [75, 90]], "missing_branches": [], "functions": {"VpcInfrastructure.__init__": {"executed_lines": [25, 28, 31, 41, 42, 44, 45, 61, 64, 75, 76, 90, 111, 112, 113, 115], "summary": {"covered_lines": 16, "num_statements": 16, "percent_covered": 100.0, "percent_covered_display": "100", "missing_lines": 0, "excluded_lines": 0, "num_branches": 4, "num_partial_branches": 0, "covered_branches": 4, "missing_branches": 0}, "missing_lines": [], "excluded_lines": [], "executed_branches": [[44, 45], [44, 64], [75, 76], [75, 90]], "missing_branches": []}, "": {"executed_lines": [1, 6, 7, 8, 11, 12, 17], "summary": {"covered_lines": 5, "num_statements": 5, "percent_covered": 100.0, "percent_covered_display": "100", "missing_lines": 0, "excluded_lines": 0, "num_branches": 0, "num_partial_branches": 0, "covered_branches": 0, "missing_branches": 0}, "missing_lines": [], "excluded_lines": [], "executed_branches": [], "missing_branches": []}}, "classes": {"VpcInfrastructure": {"executed_lines": [25, 28, 31, 41, 42, 44, 45, 61, 64, 75, 76, 90, 111, 112, 113, 115], "summary": {"covered_lines": 16, "num_statements": 16, "percent_covered": 100.0, "percent_covered_display": "100", "missing_lines": 0, "excluded_lines": 0, "num_branches": 4, "num_partial_branches": 0, "covered_branches": 4, "missing_branches": 0}, "missing_lines": [], "excluded_lines": [], "executed_branches": [[44, 45], [44, 64], [75, 76], [75, 90]], "missing_branches": []}, "": {"executed_lines": [1, 6, 7, 8, 11, 12, 17], "summary": {"covered_lines": 5, "num_statements": 5, "percent_covered": 100.0, "percent_covered_display": "100", "missing_lines": 0, "excluded_lines": 0, "num_branches": 0, "num_partial_branches": 0, "covered_branches": 0, "missing_branches": 0}, "missing_lines": [], "excluded_lines": [], "executed_branches": [], "missing_branches": []}}}, "setup.py": {"executed_lines": [], "summary": {"covered_lines": 0, "num_statements": 2, "percent_covered": 0.0, "percent_covered_display": "0", "missing_lines": 2, "excluded_lines": 0, "num_branches": 0, "num_partial_branches": 0, "covered_branches": 0, "missing_branches": 0}, "missing_lines": [1, 3], "excluded_lines": [], "executed_branches": [], "missing_branches": [], "functions": {"": {"executed_lines": [], "summary": {"covered_lines": 0, "num_statements": 2, "percent_covered": 0.0, "percent_covered_display": "0", "missing_lines": 2, "excluded_lines": 0, "num_branches": 0, "num_partial_branches": 0, "covered_branches": 0, "missing_branches": 0}, "missing_lines": [1, 3], "excluded_lines": [], "executed_branches": [], "missing_branches": []}}, "classes": {"": {"executed_lines": [], "summary": {"covered_lines": 0, "num_statements": 2, "percent_covered": 0.0, "percent_covered_display": "0", "missing_lines": 2, "excluded_lines": 0, "num_branches": 0, "num_partial_branches": 0, "covered_branches": 0, "missing_branches": 0}, "missing_lines": [1, 3], "excluded_lines": [], "executed_branches": [], "missing_branches": []}}}, "tap.py": {"executed_lines": [1, 11, 12, 13, 14, 15, 16, 17, 20, 21, 22, 25, 44, 53, 62, 97, 112, 140, 195, 214, 228, 278, 289, 290, 291, 292, 293, 294, 295, 296, 297, 298, 299, 300, 301], "summary": {"covered_lines": 34, "num_statements": 34, "percent_covered": 100.0, "percent_covered_display": "100", "missing_lines": 0, "excluded_lines": 0, "num_branches": 0, "num_partial_branches": 0, "covered_branches": 0, "missing_branches": 0}, "missing_lines": [], "excluded_lines": [], "executed_branches": [], "missing_branches": [], "functions": {"": {"executed_lines": [1, 11, 12, 13, 14, 15, 16, 17, 20, 21, 22, 25, 44, 53, 62, 97, 112, 140, 195, 214, 228, 278, 289, 290, 291, 292, 293, 294, 295, 296, 297, 298, 299, 300, 301], "summary": {"covered_lines": 34, "num_statements": 34, "percent_covered": 100.0, "percent_covered_display": "100", "missing_lines": 0, "excluded_lines": 0, "num_branches": 0, "num_partial_branches": 0, "covered_branches": 0, "missing_branches": 0}, "missing_lines": [], "excluded_lines": [], "executed_branches": [], "missing_branches": []}}, "classes": {"": {"executed_lines": [1, 11, 12, 13, 14, 15, 16, 17, 20, 21, 22, 25, 44, 53, 62, 97, 112, 140, 195, 214, 228, 278, 289, 290, 291, 292, 293, 294, 295, 296, 297, 298, 299, 300, 301], "summary": {"covered_lines": 34, "num_statements": 34, "percent_covered": 100.0, "percent_covered_display": "100", "missing_lines": 0, "excluded_lines": 0, "num_branches": 0, "num_partial_branches": 0, "covered_branches": 0, "missing_branches": 0}, "missing_lines": [], "excluded_lines": [], "executed_branches": [], "missing_branches": []}}}, "tests/__init__.py": {"executed_lines": [], "summary": {"covered_lines": 0, "num_statements": 0, "percent_covered": 100.0, "percent_covered_display": "100", "missing_lines": 0, "excluded_lines": 0, "num_branches": 0, "num_partial_branches": 0, "covered_branches": 0, "missing_branches": 0}, "missing_lines": [], "excluded_lines": [], "executed_branches": [], "missing_branches": [], "functions": {"": {"executed_lines": [], "summary": {"covered_lines": 0, "num_statements": 0, "percent_covered": 100.0, "percent_covered_display": "100", "missing_lines": 0, "excluded_lines": 0, "num_branches": 0, "num_partial_branches": 0, "covered_branches": 0, "missing_branches": 0}, "missing_lines": [], "excluded_lines": [], "executed_branches": [], "missing_branches": []}}, "classes": {"": {"executed_lines": [], "summary": {"covered_lines": 0, "num_statements": 0, "percent_covered": 100.0, "percent_covered_display": "100", "missing_lines": 0, "excluded_lines": 0, "num_branches": 0, "num_partial_branches": 0, "covered_branches": 0, "missing_branches": 0}, "missing_lines": [], "excluded_lines": [], "executed_branches": [], "missing_branches": []}}}, "tests/integration/__init__.py": {"executed_lines": [], "summary": {"covered_lines": 0, "num_statements": 0, "percent_covered": 100.0, "percent_covered_display": "100", "missing_lines": 0, "excluded_lines": 0, "num_branches": 0, "num_partial_branches": 0, "covered_branches": 0, "missing_branches": 0}, "missing_lines": [], "excluded_lines": [], "executed_branches": [], "missing_branches": [], "functions": {"": {"executed_lines": [], "summary": {"covered_lines": 0, "num_statements": 0, "percent_covered": 100.0, "percent_covered_display": "100", "missing_lines": 0, "excluded_lines": 0, "num_branches": 0, "num_partial_branches": 0, "covered_branches": 0, "missing_branches": 0}, "missing_lines": [], "excluded_lines": [], "executed_branches": [], "missing_branches": []}}, "classes": {"": {"executed_lines": [], "summary": {"covered_lines": 0, "num_statements": 0, "percent_covered": 100.0, "percent_covered_display": "100", "missing_lines": 0, "excluded_lines": 0, "num_branches": 0, "num_partial_branches": 0, "covered_branches": 0, "missing_branches": 0}, "missing_lines": [], "excluded_lines": [], "executed_branches": [], "missing_branches": []}}}, "tests/integration/test_tap_stack.py": {"executed_lines": [], "summary": {"covered_lines": 0, "num_statements": 5, "percent_covered": 0.0, "percent_covered_display": "0", "missing_lines": 5, "excluded_lines": 0, "num_branches": 0, "num_partial_branches": 0, "covered_branches": 0, "missing_branches": 0}, "missing_lines": [8, 9, 10, 11, 12], "excluded_lines": [], "executed_branches": [], "missing_branches": [], "functions": {"": {"executed_lines": [], "summary": {"covered_lines": 0, "num_statements": 5, "percent_covered": 0.0, "percent_covered_display": "0", "missing_lines": 5, "excluded_lines": 0, "num_branches": 0, "num_partial_branches": 0, "covered_branches": 0, "missing_branches": 0}, "missing_lines": [8, 9, 10, 11, 12], "excluded_lines": [], "executed_branches": [], "missing_branches": []}}, "classes": {"": {"executed_lines": [], "summary": {"covered_lines": 0, "num_statements": 5, "percent_covered": 0.0, "percent_covered_display": "0", "missing_lines": 5, "excluded_lines": 0, "num_branches": 0, "num_partial_branches": 0, "covered_branches": 0, "missing_branches": 0}, "missing_lines": [8, 9, 10, 11, 12], "excluded_lines": [], "executed_branches": [], "missing_branches": []}}}, "tests/unit/__init__.py": {"executed_lines": [], "summary": {"covered_lines": 0, "num_statements": 0, "percent_covered": 100.0, "percent_covered_display": "100", "missing_lines": 0, "excluded_lines": 0, "num_branches": 0, "num_partial_branches": 0, "covered_branches": 0, "missing_branches": 0}, "missing_lines": [], "excluded_lines": [], "executed_branches": [], "missing_branches": [], "functions": {"": {"executed_lines": [], "summary": {"covered_lines": 0, "num_statements": 0, "percent_covered": 100.0, "percent_covered_display": "100", "missing_lines": 0, "excluded_lines": 0, "num_branches": 0, "num_partial_branches": 0, "covered_branches": 0, "missing_branches": 0}, "missing_lines": [], "excluded_lines": [], "executed_branches": [], "missing_branches": []}}, "classes": {"": {"executed_lines": [], "summary": {"covered_lines": 0, "num_statements": 0, "percent_covered": 100.0, "percent_covered_display": "100", "missing_lines": 0, "excluded_lines": 0, "num_branches": 0, "num_partial_branches": 0, "covered_branches": 0, "missing_branches": 0}, "missing_lines": [], "excluded_lines": [], "executed_branches": [], "missing_branches": []}}}, "tests/unit/test_tap_stack.py": {"executed_lines": [1, 8, 9, 10, 11, 14, 15, 17, 18, 20, 22, 23, 26, 27, 28, 30, 33, 35, 36, 37, 38, 40, 41, 42, 44, 45, 46, 48, 49, 51, 52, 53, 55, 56, 57, 58, 60, 61, 62, 63, 65, 66, 67, 68, 70, 71, 73, 74, 75, 76, 77, 79, 80, 81, 82, 84, 85, 86, 88, 89, 91, 92, 93, 94, 96, 97, 98, 100, 101, 102, 103, 105, 106, 107, 108, 110, 111, 112, 113, 115, 116, 118, 120, 125, 128, 129, 131, 132, 134, 136, 137, 139, 146, 147, 148, 149, 151, 153, 154, 156, 158, 159, 161, 168, 169, 171, 172, 174, 176, 177, 179, 186, 187, 188, 189, 190, 192, 194, 195, 197, 199, 200, 202, 209, 210, 211, 212, 214, 217, 218, 220, 221, 223, 225, 226, 228, 247, 248, 249, 251, 252, 254, 256, 257, 259, 274, 275, 276, 278, 279, 281, 283, 284, 286, 301, 304, 305, 307, 308, 310, 312, 313, 315, 328, 330, 331, 333, 335, 336, 338, 348, 350, 351, 353, 355, 356, 358, 368, 371, 372, 374, 375, 377, 381, 383, 384, 386, 389, 391, 392, 394, 397, 399, 400, 402, 405, 408, 409, 411, 413, 415, 416, 418, 419, 421, 423, 425, 426, 428, 429, 431, 433, 435, 437, 438, 440, 441, 444, 445, 447, 448, 450, 452, 453, 455, 462, 464, 465, 467, 469, 470, 472, 487, 490, 491, 493, 494, 496, 498, 499, 505, 512, 515, 516, 518, 519, 521, 523, 524, 526, 533, 534, 535, 537, 538, 540, 542, 543, 545, 560, 561, 564, 565, 567, 568, 570, 572, 573, 575, 582, 584, 585, 587, 589, 590, 592, 599, 602], "summary": {"covered_lines": 266, "num_statements": 267, "percent_covered": 99.67845659163987, "percent_covered_display": "99", "missing_lines": 1, "excluded_lines": 2, "num_branches": 44, "num_partial_branches": 0, "covered_branches": 44, "missing_branches": 0}, "missing_lines": [122], "excluded_lines": [602, 603], "executed_branches": [[26, 27], [26, 28], [35, 36], [35, 40], [40, 41], [40, 44], [44, 45], [44, 48], [48, 49], [48, 51], [51, 52], [51, 55], [55, 56], [55, 60], [60, 61], [60, 65], [65, 66], [65, 70], [70, 71], [70, 73], [73, 74], [73, 79], [79, 80], [79, 84], [84, 85], [84, 88], [88, 89], [88, 91], [91, 92], [91, 96], [96, 97], [96, 100], [100, 101], [100, 105], [105, 106], [105, 110], [110, 111], [110, 115], [115, 116], [115, 118], [189, -186], [189, 190], [275, -251], [275, 276]], "missing_branches": [], "functions": {"PulumiMocks.__init__": {"executed_lines": [18], "summary": {"covered_lines": 1, "num_statements": 1, "percent_covered": 100.0, "percent_covered_display": "100", "missing_lines": 0, "excluded_lines": 0, "num_branches": 0, "num_partial_branches": 0, "covered_branches": 0, "missing_branches": 0}, "missing_lines": [], "excluded_lines": [], "executed_branches": [], "missing_branches": []}, "PulumiMocks.new_resource": {"executed_lines": [22, 23, 26, 27, 28, 30, 33, 35, 36, 37, 38, 40, 41, 42, 44, 45, 46, 48, 49, 51, 52, 53, 55, 56, 57, 58, 60, 61, 62, 63, 65, 66, 67, 68, 70, 71, 73, 74, 75, 76, 77, 79, 80, 81, 82, 84, 85, 86, 88, 89, 91, 92, 93, 94, 96, 97, 98, 100, 101, 102, 103, 105, 106, 107, 108, 110, 111, 112, 113, 115, 116, 118], "summary": {"covered_lines": 72, "num_statements": 72, "percent_covered": 100.0, "percent_covered_display": "100", "missing_lines": 0, "excluded_lines": 0, "num_branches": 40, "num_partial_branches": 0, "covered_branches": 40, "missing_branches": 0}, "missing_lines": [], "excluded_lines": [], "executed_branches": [[26, 27], [26, 28], [35, 36], [35, 40], [40, 41], [40, 44], [44, 45], [44, 48], [48, 49], [48, 51], [51, 52], [51, 55], [55, 56], [55, 60], [60, 61], [60, 65], [65, 66], [65, 70], [70, 71], [70, 73], [73, 74], [73, 79], [79, 80], [79, 84], [84, 85], [84, 88], [88, 89], [88, 91], [91, 92], [91, 96], [96, 97], [96, 100], [100, 101], [100, 105], [105, 106], [105, 110], [110, 111], [110, 115], [115, 116], [115, 118]], "missing_branches": []}, "PulumiMocks.call": {"executed_lines": [], "summary": {"covered_lines": 0, "num_statements": 1, "percent_covered": 0.0, "percent_covered_display": "0", "missing_lines": 1, "excluded_lines": 0, "num_branches": 0, "num_partial_branches": 0, "covered_branches": 0, "missing_branches": 0}, "missing_lines": [122], "excluded_lines": [], "executed_branches": [], "missing_branches": []}, "TestVpcInfrastructure.test_vpc_creation": {"executed_lines": [134, 136, 137, 139, 146, 151], "summary": {"covered_lines": 6, "num_statements": 6, "percent_covered": 100.0, "percent_covered_display": "100", "missing_lines": 0, "excluded_lines": 0, "num_branches": 0, "num_partial_branches": 0, "covered_branches": 0, "missing_branches": 0}, "missing_lines": [], "excluded_lines": [], "executed_branches": [], "missing_branches": []}, "TestVpcInfrastructure.test_vpc_creation.check_vpc": {"executed_lines": [147, 148, 149], "summary": {"covered_lines": 3, "num_statements": 3, "percent_covered": 100.0, "percent_covered_display": "100", "missing_lines": 0, "excluded_lines": 0, "num_branches": 0, "num_partial_branches": 0, "covered_branches": 0, "missing_branches": 0}, "missing_lines": [], "excluded_lines": [], "executed_branches": [], "missing_branches": []}, "TestVpcInfrastructure.test_vpc_cidr_block": {"executed_lines": [156, 158, 159, 161, 168, 169], "summary": {"covered_lines": 6, "num_statements": 6, "percent_covered": 100.0, "percent_covered_display": "100", "missing_lines": 0, "excluded_lines": 0, "num_branches": 0, "num_partial_branches": 0, "covered_branches": 0, "missing_branches": 0}, "missing_lines": [], "excluded_lines": [], "executed_branches": [], "missing_branches": []}, "TestVpcInfrastructure.test_private_subnets_creation": {"executed_lines": [174, 176, 177, 179, 186, 192], "summary": {"covered_lines": 6, "num_statements": 6, "percent_covered": 100.0, "percent_covered_display": "100", "missing_lines": 0, "excluded_lines": 0, "num_branches": 0, "num_partial_branches": 0, "covered_branches": 0, "missing_branches": 0}, "missing_lines": [], "excluded_lines": [], "executed_branches": [], "missing_branches": []}, "TestVpcInfrastructure.test_private_subnets_creation.check_subnets": {"executed_lines": [187, 188, 189, 190], "summary": {"covered_lines": 4, "num_statements": 4, "percent_covered": 100.0, "percent_covered_display": "100", "missing_lines": 0, "excluded_lines": 0, "num_branches": 2, "num_partial_branches": 0, "covered_branches": 2, "missing_branches": 0}, "missing_lines": [], "excluded_lines": [], "executed_branches": [[189, -186], [189, 190]], "missing_branches": []}, "TestVpcInfrastructure.test_security_group_creation": {"executed_lines": [197, 199, 200, 202, 209, 214], "summary": {"covered_lines": 6, "num_statements": 6, "percent_covered": 100.0, "percent_covered_display": "100", "missing_lines": 0, "excluded_lines": 0, "num_branches": 0, "num_partial_branches": 0, "covered_branches": 0, "missing_branches": 0}, "missing_lines": [], "excluded_lines": [], "executed_branches": [], "missing_branches": []}, "TestVpcInfrastructure.test_security_group_creation.check_sg": {"executed_lines": [210, 211, 212], "summary": {"covered_lines": 3, "num_statements": 3, "percent_covered": 100.0, "percent_covered_display": "100", "missing_lines": 0, "excluded_lines": 0, "num_branches": 0, "num_partial_branches": 0, "covered_branches": 0, "missing_branches": 0}, "missing_lines": [], "excluded_lines": [], "executed_branches": [], "missing_branches": []}, "TestLambdaFunctions.test_lambda_functions_count": {"executed_lines": [223, 225, 226, 228, 247, 248, 249], "summary": {"covered_lines": 7, "num_statements": 7, "percent_covered": 100.0, "percent_covered_display": "100", "missing_lines": 0, "excluded_lines": 0, "num_branches": 0, "num_partial_branches": 0, "covered_branches": 0, "missing_branches": 0}, "missing_lines": [], "excluded_lines": [], "executed_branches": [], "missing_branches": []}, "TestLambdaFunctions.test_lambda_function_names": {"executed_lines": [254, 256, 257, 259, 274, 275, 276], "summary": {"covered_lines": 7, "num_statements": 7, "percent_covered": 100.0, "percent_covered_display": "100", "missing_lines": 0, "excluded_lines": 0, "num_branches": 2, "num_partial_branches": 0, "covered_branches": 2, "missing_branches": 0}, "missing_lines": [], "excluded_lines": [], "executed_branches": [[275, -251], [275, 276]], "missing_branches": []}, "TestLambdaFunctions.test_lambda_iam_role_creation": {"executed_lines": [281, 283, 284, 286, 301], "summary": {"covered_lines": 5, "num_statements": 5, "percent_covered": 100.0, "percent_covered_display": "100", "missing_lines": 0, "excluded_lines": 0, "num_branches": 0, "num_partial_branches": 0, "covered_branches": 0, "missing_branches": 0}, "missing_lines": [], "excluded_lines": [], "executed_branches": [], "missing_branches": []}, "TestStreamingPipelineComponent.test_event_source_mapping_creation": {"executed_lines": [310, 312, 313, 315, 328], "summary": {"covered_lines": 5, "num_statements": 5, "percent_covered": 100.0, "percent_covered_display": "100", "missing_lines": 0, "excluded_lines": 0, "num_branches": 0, "num_partial_branches": 0, "covered_branches": 0, "missing_branches": 0}, "missing_lines": [], "excluded_lines": [], "executed_branches": [], "missing_branches": []}, "TestStreamingPipelineComponent.test_cloudwatch_alarms_creation": {"executed_lines": [333, 335, 336, 338, 348], "summary": {"covered_lines": 5, "num_statements": 5, "percent_covered": 100.0, "percent_covered_display": "100", "missing_lines": 0, "excluded_lines": 0, "num_branches": 0, "num_partial_branches": 0, "covered_branches": 0, "missing_branches": 0}, "missing_lines": [], "excluded_lines": [], "executed_branches": [], "missing_branches": []}, "TestStreamingPipelineComponent.test_sns_topic_creation": {"executed_lines": [353, 355, 356, 358, 368], "summary": {"covered_lines": 5, "num_statements": 5, "percent_covered": 100.0, "percent_covered_display": "100", "missing_lines": 0, "excluded_lines": 0, "num_branches": 0, "num_partial_branches": 0, "covered_branches": 0, "missing_branches": 0}, "missing_lines": [], "excluded_lines": [], "executed_branches": [], "missing_branches": []}, "TestMainStack.test_kinesis_stream_creation": {"executed_lines": [377, 381], "summary": {"covered_lines": 2, "num_statements": 2, "percent_covered": 100.0, "percent_covered_display": "100", "missing_lines": 0, "excluded_lines": 0, "num_branches": 0, "num_partial_branches": 0, "covered_branches": 0, "missing_branches": 0}, "missing_lines": [], "excluded_lines": [], "executed_branches": [], "missing_branches": []}, "TestMainStack.test_dynamodb_table_creation": {"executed_lines": [386, 389], "summary": {"covered_lines": 2, "num_statements": 2, "percent_covered": 100.0, "percent_covered_display": "100", "missing_lines": 0, "excluded_lines": 0, "num_branches": 0, "num_partial_branches": 0, "covered_branches": 0, "missing_branches": 0}, "missing_lines": [], "excluded_lines": [], "executed_branches": [], "missing_branches": []}, "TestMainStack.test_s3_bucket_creation": {"executed_lines": [394, 397], "summary": {"covered_lines": 2, "num_statements": 2, "percent_covered": 100.0, "percent_covered_display": "100", "missing_lines": 0, "excluded_lines": 0, "num_branches": 0, "num_partial_branches": 0, "covered_branches": 0, "missing_branches": 0}, "missing_lines": [], "excluded_lines": [], "executed_branches": [], "missing_branches": []}, "TestMainStack.test_cloudwatch_dashboard_creation": {"executed_lines": [402, 405], "summary": {"covered_lines": 2, "num_statements": 2, "percent_covered": 100.0, "percent_covered_display": "100", "missing_lines": 0, "excluded_lines": 0, "num_branches": 0, "num_partial_branches": 0, "covered_branches": 0, "missing_branches": 0}, "missing_lines": [], "excluded_lines": [], "executed_branches": [], "missing_branches": []}, "TestRetryLogic.test_create_with_retry_success_first_attempt": {"executed_lines": [413, 415, 416, 418, 419], "summary": {"covered_lines": 5, "num_statements": 5, "percent_covered": 100.0, "percent_covered_display": "100", "missing_lines": 0, "excluded_lines": 0, "num_branches": 0, "num_partial_branches": 0, "covered_branches": 0, "missing_branches": 0}, "missing_lines": [], "excluded_lines": [], "executed_branches": [], "missing_branches": []}, "TestRetryLogic.test_create_with_retry_success_after_failures": {"executed_lines": [423, 425, 426, 428, 429], "summary": {"covered_lines": 5, "num_statements": 5, "percent_covered": 100.0, "percent_covered_display": "100", "missing_lines": 0, "excluded_lines": 0, "num_branches": 0, "num_partial_branches": 0, "covered_branches": 0, "missing_branches": 0}, "missing_lines": [], "excluded_lines": [], "executed_branches": [], "missing_branches": []}, "TestRetryLogic.test_create_with_retry_max_retries_exceeded": {"executed_lines": [433, 435, 437, 438, 440, 441], "summary": {"covered_lines": 6, "num_statements": 6, "percent_covered": 100.0, "percent_covered_display": "100", "missing_lines": 0, "excluded_lines": 0, "num_branches": 0, "num_partial_branches": 0, "covered_branches": 0, "missing_branches": 0}, "missing_lines": [], "excluded_lines": [], "executed_branches": [], "missing_branches": []}, "TestResourceNaming.test_vpc_naming_includes_suffix": {"executed_lines": [450, 452, 453, 455, 462], "summary": {"covered_lines": 5, "num_statements": 5, "percent_covered": 100.0, "percent_covered_display": "100", "missing_lines": 0, "excluded_lines": 0, "num_branches": 0, "num_partial_branches": 0, "covered_branches": 0, "missing_branches": 0}, "missing_lines": [], "excluded_lines": [], "executed_branches": [], "missing_branches": []}, "TestResourceNaming.test_lambda_naming_includes_suffix": {"executed_lines": [467, 469, 470, 472, 487], "summary": {"covered_lines": 5, "num_statements": 5, "percent_covered": 100.0, "percent_covered_display": "100", "missing_lines": 0, "excluded_lines": 0, "num_branches": 0, "num_partial_branches": 0, "covered_branches": 0, "missing_branches": 0}, "missing_lines": [], "excluded_lines": [], "executed_branches": [], "missing_branches": []}, "TestResourceTags.test_common_tags_applied": {"executed_lines": [496, 498, 499, 505, 512], "summary": {"covered_lines": 5, "num_statements": 5, "percent_covered": 100.0, "percent_covered_display": "100", "missing_lines": 0, "excluded_lines": 0, "num_branches": 0, "num_partial_branches": 0, "covered_branches": 0, "missing_branches": 0}, "missing_lines": [], "excluded_lines": [], "executed_branches": [], "missing_branches": []}, "TestComponentResourceOutputs.test_vpc_outputs_registration": {"executed_lines": [521, 523, 524, 526, 533, 534, 535], "summary": {"covered_lines": 7, "num_statements": 7, "percent_covered": 100.0, "percent_covered_display": "100", "missing_lines": 0, "excluded_lines": 0, "num_branches": 0, "num_partial_branches": 0, "covered_branches": 0, "missing_branches": 0}, "missing_lines": [], "excluded_lines": [], "executed_branches": [], "missing_branches": []}, "TestComponentResourceOutputs.test_lambda_outputs_registration": {"executed_lines": [540, 542, 543, 545, 560, 561], "summary": {"covered_lines": 6, "num_statements": 6, "percent_covered": 100.0, "percent_covered_display": "100", "missing_lines": 0, "excluded_lines": 0, "num_branches": 0, "num_partial_branches": 0, "covered_branches": 0, "missing_branches": 0}, "missing_lines": [], "excluded_lines": [], "executed_branches": [], "missing_branches": []}, "TestEdgeCases.test_empty_environment_suffix": {"executed_lines": [570, 572, 573, 575, 582], "summary": {"covered_lines": 5, "num_statements": 5, "percent_covered": 100.0, "percent_covered_display": "100", "missing_lines": 0, "excluded_lines": 0, "num_branches": 0, "num_partial_branches": 0, "covered_branches": 0, "missing_branches": 0}, "missing_lines": [], "excluded_lines": [], "executed_branches": [], "missing_branches": []}, "TestEdgeCases.test_empty_common_tags": {"executed_lines": [587, 589, 590, 592, 599], "summary": {"covered_lines": 5, "num_statements": 5, "percent_covered": 100.0, "percent_covered_display": "100", "missing_lines": 0, "excluded_lines": 0, "num_branches": 0, "num_partial_branches": 0, "covered_branches": 0, "missing_branches": 0}, "missing_lines": [], "excluded_lines": [], "executed_branches": [], "missing_branches": []}, "": {"executed_lines": [1, 8, 9, 10, 11, 14, 15, 17, 20, 120, 125, 128, 129, 131, 132, 153, 154, 171, 172, 194, 195, 217, 218, 220, 221, 251, 252, 278, 279, 304, 305, 307, 308, 330, 331, 350, 351, 371, 372, 374, 375, 383, 384, 391, 392, 399, 400, 408, 409, 411, 421, 431, 444, 445, 447, 448, 464, 465, 490, 491, 493, 494, 515, 516, 518, 519, 537, 538, 564, 565, 567, 568, 584, 585, 602], "summary": {"covered_lines": 63, "num_statements": 63, "percent_covered": 100.0, "percent_covered_display": "100", "missing_lines": 0, "excluded_lines": 2, "num_branches": 0, "num_partial_branches": 0, "covered_branches": 0, "missing_branches": 0}, "missing_lines": [], "excluded_lines": [602, 603], "executed_branches": [], "missing_branches": []}}, "classes": {"PulumiMocks": {"executed_lines": [18, 22, 23, 26, 27, 28, 30, 33, 35, 36, 37, 38, 40, 41, 42, 44, 45, 46, 48, 49, 51, 52, 53, 55, 56, 57, 58, 60, 61, 62, 63, 65, 66, 67, 68, 70, 71, 73, 74, 75, 76, 77, 79, 80, 81, 82, 84, 85, 86, 88, 89, 91, 92, 93, 94, 96, 97, 98, 100, 101, 102, 103, 105, 106, 107, 108, 110, 111, 112, 113, 115, 116, 118], "summary": {"covered_lines": 73, "num_statements": 74, "percent_covered": 99.12280701754386, "percent_covered_display": "99", "missing_lines": 1, "excluded_lines": 0, "num_branches": 40, "num_partial_branches": 0, "covered_branches": 40, "missing_branches": 0}, "missing_lines": [122], "excluded_lines": [], "executed_branches": [[26, 27], [26, 28], [35, 36], [35, 40], [40, 41], [40, 44], [44, 45], [44, 48], [48, 49], [48, 51], [51, 52], [51, 55], [55, 56], [55, 60], [60, 61], [60, 65], [65, 66], [65, 70], [70, 71], [70, 73], [73, 74], [73, 79], [79, 80], [79, 84], [84, 85], [84, 88], [88, 89], [88, 91], [91, 92], [91, 96], [96, 97], [96, 100], [100, 101], [100, 105], [105, 106], [105, 110], [110, 111], [110, 115], [115, 116], [115, 118]], "missing_branches": []}, "TestVpcInfrastructure": {"executed_lines": [134, 136, 137, 139, 146, 147, 148, 149, 151, 156, 158, 159, 161, 168, 169, 174, 176, 177, 179, 186, 187, 188, 189, 190, 192, 197, 199, 200, 202, 209, 210, 211, 212, 214], "summary": {"covered_lines": 34, "num_statements": 34, "percent_covered": 100.0, "percent_covered_display": "100", "missing_lines": 0, "excluded_lines": 0, "num_branches": 2, "num_partial_branches": 0, "covered_branches": 2, "missing_branches": 0}, "missing_lines": [], "excluded_lines": [], "executed_branches": [[189, -186], [189, 190]], "missing_branches": []}, "TestLambdaFunctions": {"executed_lines": [223, 225, 226, 228, 247, 248, 249, 254, 256, 257, 259, 274, 275, 276, 281, 283, 284, 286, 301], "summary": {"covered_lines": 19, "num_statements": 19, "percent_covered": 100.0, "percent_covered_display": "100", "missing_lines": 0, "excluded_lines": 0, "num_branches": 2, "num_partial_branches": 0, "covered_branches": 2, "missing_branches": 0}, "missing_lines": [], "excluded_lines": [], "executed_branches": [[275, -251], [275, 276]], "missing_branches": []}, "TestStreamingPipelineComponent": {"executed_lines": [310, 312, 313, 315, 328, 333, 335, 336, 338, 348, 353, 355, 356, 358, 368], "summary": {"covered_lines": 15, "num_statements": 15, "percent_covered": 100.0, "percent_covered_display": "100", "missing_lines": 0, "excluded_lines": 0, "num_branches": 0, "num_partial_branches": 0, "covered_branches": 0, "missing_branches": 0}, "missing_lines": [], "excluded_lines": [], "executed_branches": [], "missing_branches": []}, "TestMainStack": {"executed_lines": [377, 381, 386, 389, 394, 397, 402, 405], "summary": {"covered_lines": 8, "num_statements": 8, "percent_covered": 100.0, "percent_covered_display": "100", "missing_lines": 0, "excluded_lines": 0, "num_branches": 0, "num_partial_branches": 0, "covered_branches": 0, "missing_branches": 0}, "missing_lines": [], "excluded_lines": [], "executed_branches": [], "missing_branches": []}, "TestRetryLogic": {"executed_lines": [413, 415, 416, 418, 419, 423, 425, 426, 428, 429, 433, 435, 437, 438, 440, 441], "summary": {"covered_lines": 16, "num_statements": 16, "percent_covered": 100.0, "percent_covered_display": "100", "missing_lines": 0, "excluded_lines": 0, "num_branches": 0, "num_partial_branches": 0, "covered_branches": 0, "missing_branches": 0}, "missing_lines": [], "excluded_lines": [], "executed_branches": [], "missing_branches": []}, "TestResourceNaming": {"executed_lines": [450, 452, 453, 455, 462, 467, 469, 470, 472, 487], "summary": {"covered_lines": 10, "num_statements": 10, "percent_covered": 100.0, "percent_covered_display": "100", "missing_lines": 0, "excluded_lines": 0, "num_branches": 0, "num_partial_branches": 0, "covered_branches": 0, "missing_branches": 0}, "missing_lines": [], "excluded_lines": [], "executed_branches": [], "missing_branches": []}, "TestResourceTags": {"executed_lines": [496, 498, 499, 505, 512], "summary": {"covered_lines": 5, "num_statements": 5, "percent_covered": 100.0, "percent_covered_display": "100", "missing_lines": 0, "excluded_lines": 0, "num_branches": 0, "num_partial_branches": 0, "covered_branches": 0, "missing_branches": 0}, "missing_lines": [], "excluded_lines": [], "executed_branches": [], "missing_branches": []}, "TestComponentResourceOutputs": {"executed_lines": [521, 523, 524, 526, 533, 534, 535, 540, 542, 543, 545, 560, 561], "summary": {"covered_lines": 13, "num_statements": 13, "percent_covered": 100.0, "percent_covered_display": "100", "missing_lines": 0, "excluded_lines": 0, "num_branches": 0, "num_partial_branches": 0, "covered_branches": 0, "missing_branches": 0}, "missing_lines": [], "excluded_lines": [], "executed_branches": [], "missing_branches": []}, "TestEdgeCases": {"executed_lines": [570, 572, 573, 575, 582, 587, 589, 590, 592, 599], "summary": {"covered_lines": 10, "num_statements": 10, "percent_covered": 100.0, "percent_covered_display": "100", "missing_lines": 0, "excluded_lines": 0, "num_branches": 0, "num_partial_branches": 0, "covered_branches": 0, "missing_branches": 0}, "missing_lines": [], "excluded_lines": [], "executed_branches": [], "missing_branches": []}, "": {"executed_lines": [1, 8, 9, 10, 11, 14, 15, 17, 20, 120, 125, 128, 129, 131, 132, 153, 154, 171, 172, 194, 195, 217, 218, 220, 221, 251, 252, 278, 279, 304, 305, 307, 308, 330, 331, 350, 351, 371, 372, 374, 375, 383, 384, 391, 392, 399, 400, 408, 409, 411, 421, 431, 444, 445, 447, 448, 464, 465, 490, 491, 493, 494, 515, 516, 518, 519, 537, 538, 564, 565, 567, 568, 584, 585, 602], "summary": {"covered_lines": 63, "num_statements": 63, "percent_covered": 100.0, "percent_covered_display": "100", "missing_lines": 0, "excluded_lines": 2, "num_branches": 0, "num_partial_branches": 0, "covered_branches": 0, "missing_branches": 0}, "missing_lines": [], "excluded_lines": [602, 603], "executed_branches": [], "missing_branches": []}}}}, "totals": {"covered_lines": 374, "num_statements": 397, "percent_covered": 94.72527472527473, "percent_covered_display": "95", "missing_lines": 23, "excluded_lines": 2, "num_branches": 58, "num_partial_branches": 1, "covered_branches": 57, "missing_branches": 1}}