{"meta": {"format": 3, "version": "7.11.3", "timestamp": "2025-11-28T05:36:01.931989", "branch_coverage": true, "show_contexts": false}, "files": {"lib/__init__.py": {"executed_lines": [], "summary": {"covered_lines": 0, "num_statements": 0, "percent_covered": 100.0, "percent_covered_display": "100", "missing_lines": 0, "excluded_lines": 0, "num_branches": 0, "num_partial_branches": 0, "covered_branches": 0, "missing_branches": 0}, "missing_lines": [], "excluded_lines": [], "executed_branches": [], "missing_branches": [], "functions": {"": {"executed_lines": [], "summary": {"covered_lines": 0, "num_statements": 0, "percent_covered": 100.0, "percent_covered_display": "100", "missing_lines": 0, "excluded_lines": 0, "num_branches": 0, "num_partial_branches": 0, "covered_branches": 0, "missing_branches": 0}, "missing_lines": [], "excluded_lines": [], "executed_branches": [], "missing_branches": []}}, "classes": {"": {"executed_lines": [], "summary": {"covered_lines": 0, "num_statements": 0, "percent_covered": 100.0, "percent_covered_display": "100", "missing_lines": 0, "excluded_lines": 0, "num_branches": 0, "num_partial_branches": 0, "covered_branches": 0, "missing_branches": 0}, "missing_lines": [], "excluded_lines": [], "executed_branches": [], "missing_branches": []}}}, "lib/tap_stack.py": {"executed_lines": [1, 3, 4, 5, 6, 7, 8, 9, 10, 11, 12, 13, 14, 15, 16, 17, 18, 19, 20, 21, 22, 23, 24, 25, 26, 27, 28, 29, 30, 31, 32, 33, 34, 35, 36, 37, 38, 41, 42, 44, 51, 54, 55, 56, 57, 58, 59, 62, 70, 79, 88, 91, 98, 108, 109, 110, 119, 122, 123, 124, 132, 135, 143, 155, 156, 164, 165, 166, 172, 180, 183, 184, 194, 202, 246, 255, 288, 321, 345, 356, 379, 380, 381, 392, 395, 411, 418, 426, 434, 452, 468, 492, 506, 516, 540, 555, 579, 588, 607, 626, 645, 665, 681, 688, 696, 783, 794, 805, 817, 826, 975, 982, 989, 996, 1003, 1010, 1017, 1024, 1031, 1038, 1045, 1052, 1059, 1066], "summary": {"covered_lines": 122, "num_statements": 122, "percent_covered": 100.0, "percent_covered_display": "100", "missing_lines": 0, "excluded_lines": 0, "num_branches": 12, "num_partial_branches": 0, "covered_branches": 12, "missing_branches": 0}, "missing_lines": [], "excluded_lines": [], "executed_branches": [[109, 110], [109, 122], [123, 124], [123, 135], [155, 156], [155, 164], [165, 166], [165, 183], [183, 184], [183, 202], [380, 381], [380, 395]], "missing_branches": [], "functions": {"TapStack.__init__": {"executed_lines": [51, 54, 55, 56, 57, 58, 59, 62, 70, 79, 88, 91, 98, 108, 109, 110, 119, 122, 123, 124, 132, 135, 143, 155, 156, 164, 165, 166, 172, 180, 183, 184, 194, 202, 246, 255, 288, 321, 345, 356, 379, 380, 381, 392, 395, 411, 418, 426, 434, 452, 468, 492, 506, 516, 540, 555, 579, 588, 607, 626, 645, 665, 681, 688, 696, 783, 794, 805, 817, 826, 975, 982, 989, 996, 1003, 1010, 1017, 1024, 1031, 1038, 1045, 1052, 1059, 1066], "summary": {"covered_lines": 84, "num_statements": 84, "percent_covered": 100.0, "percent_covered_display": "100", "missing_lines": 0, "excluded_lines": 0, "num_branches": 12, "num_partial_branches": 0, "covered_branches": 12, "missing_branches": 0}, "missing_lines": [], "excluded_lines": [], "executed_branches": [[109, 110], [109, 122], [123, 124], [123, 135], [155, 156], [155, 164], [165, 166], [165, 183], [183, 184], [183, 202], [380, 381], [380, 395]], "missing_branches": []}, "": {"executed_lines": [1, 3, 4, 5, 6, 7, 8, 9, 10, 11, 12, 13, 14, 15, 16, 17, 18, 19, 20, 21, 22, 23, 24, 25, 26, 27, 28, 29, 30, 31, 32, 33, 34, 35, 36, 37, 38, 41, 42, 44], "summary": {"covered_lines": 38, "num_statements": 38, "percent_covered": 100.0, "percent_covered_display": "100", "missing_lines": 0, "excluded_lines": 0, "num_branches": 0, "num_partial_branches": 0, "covered_branches": 0, "missing_branches": 0}, "missing_lines": [], "excluded_lines": [], "executed_branches": [], "missing_branches": []}}, "classes": {"TapStack": {"executed_lines": [51, 54, 55, 56, 57, 58, 59, 62, 70, 79, 88, 91, 98, 108, 109, 110, 119, 122, 123, 124, 132, 135, 143, 155, 156, 164, 165, 166, 172, 180, 183, 184, 194, 202, 246, 255, 288, 321, 345, 356, 379, 380, 381, 392, 395, 411, 418, 426, 434, 452, 468, 492, 506, 516, 540, 555, 579, 588, 607, 626, 645, 665, 681, 688, 696, 783, 794, 805, 817, 826, 975, 982, 989, 996, 1003, 1010, 1017, 1024, 1031, 1038, 1045, 1052, 1059, 1066], "summary": {"covered_lines": 84, "num_statements": 84, "percent_covered": 100.0, "percent_covered_display": "100", "missing_lines": 0, "excluded_lines": 0, "num_branches": 12, "num_partial_branches": 0, "covered_branches": 12, "missing_branches": 0}, "missing_lines": [], "excluded_lines": [], "executed_branches": [[109, 110], [109, 122], [123, 124], [123, 135], [155, 156], [155, 164], [165, 166], [165, 183], [183, 184], [183, 202], [380, 381], [380, 395]], "missing_branches": []}, "": {"executed_lines": [1, 3, 4, 5, 6, 7, 8, 9, 10, 11, 12, 13, 14, 15, 16, 17, 18, 19, 20, 21, 22, 23, 24, 25, 26, 27, 28, 29, 30, 31, 32, 33, 34, 35, 36, 37, 38, 41, 42, 44], "summary": {"covered_lines": 38, "num_statements": 38, "percent_covered": 100.0, "percent_covered_display": "100", "missing_lines": 0, "excluded_lines": 0, "num_branches": 0, "num_partial_branches": 0, "covered_branches": 0, "missing_branches": 0}, "missing_lines": [], "excluded_lines": [], "executed_branches": [], "missing_branches": []}}}}, "totals": {"covered_lines": 122, "num_statements": 122, "percent_covered": 100.0, "percent_covered_display": "100", "missing_lines": 0, "excluded_lines": 0, "num_branches": 12, "num_partial_branches": 0, "covered_branches": 12, "missing_branches": 0}}