{"meta": {"format": 3, "version": "7.11.0", "timestamp": "2025-11-05T00:30:59.433021", "branch_coverage": true, "show_contexts": false}, "files": {"tap.py": {"executed_lines": [1, 6, 7, 8, 11, 12, 13, 16, 24, 36, 47, 50, 51, 52, 65, 68, 69, 70, 83, 86, 93, 94, 95, 104, 107, 108, 109, 122, 125, 136, 147, 148, 149, 154, 157, 158, 159, 170, 180, 185, 188, 199, 212, 225, 238, 251, 262, 273, 274, 275, 280, 283, 294, 308, 323, 333, 369, 383, 384, 385, 386, 387, 388, 389, 390, 391, 392, 393, 394, 395, 396], "summary": {"covered_lines": 70, "num_statements": 70, "percent_covered": 100.0, "percent_covered_display": "100", "missing_lines": 0, "excluded_lines": 0, "num_branches": 14, "num_partial_branches": 0, "covered_branches": 14, "missing_branches": 0}, "missing_lines": [], "excluded_lines": [], "executed_branches": [[51, 52], [51, 68], [69, 70], [69, 86], [94, 95], [94, 107], [108, 109], [108, 125], [148, 149], [148, 157], [158, 159], [158, 188], [274, 275], [274, 283]], "missing_branches": [], "functions": {"": {"executed_lines": [1, 6, 7, 8, 11, 12, 13, 16, 24, 36, 47, 50, 51, 52, 65, 68, 69, 70, 83, 86, 93, 94, 95, 104, 107, 108, 109, 122, 125, 136, 147, 148, 149, 154, 157, 158, 159, 170, 180, 185, 188, 199, 212, 225, 238, 251, 262, 273, 274, 275, 280, 283, 294, 308, 323, 333, 369, 383, 384, 385, 386, 387, 388, 389, 390, 391, 392, 393, 394, 395, 396], "summary": {"covered_lines": 70, "num_statements": 70, "percent_covered": 100.0, "percent_covered_display": "100", "missing_lines": 0, "excluded_lines": 0, "num_branches": 14, "num_partial_branches": 0, "covered_branches": 14, "missing_branches": 0}, "missing_lines": [], "excluded_lines": [], "executed_branches": [[51, 52], [51, 68], [69, 70], [69, 86], [94, 95], [94, 107], [108, 109], [108, 125], [148, 149], [148, 157], [158, 159], [158, 188], [274, 275], [274, 283]], "missing_branches": []}}, "classes": {"": {"executed_lines": [1, 6, 7, 8, 11, 12, 13, 16, 24, 36, 47, 50, 51, 52, 65, 68, 69, 70, 83, 86, 93, 94, 95, 104, 107, 108, 109, 122, 125, 136, 147, 148, 149, 154, 157, 158, 159, 170, 180, 185, 188, 199, 212, 225, 238, 251, 262, 273, 274, 275, 280, 283, 294, 308, 323, 333, 369, 383, 384, 385, 386, 387, 388, 389, 390, 391, 392, 393, 394, 395, 396], "summary": {"covered_lines": 70, "num_statements": 70, "percent_covered": 100.0, "percent_covered_display": "100", "missing_lines": 0, "excluded_lines": 0, "num_branches": 14, "num_partial_branches": 0, "covered_branches": 14, "missing_branches": 0}, "missing_lines": [], "excluded_lines": [], "executed_branches": [[51, 52], [51, 68], [69, 70], [69, 86], [94, 95], [94, 107], [108, 109], [108, 125], [148, 149], [148, 157], [158, 159], [158, 188], [274, 275], [274, 283]], "missing_branches": []}}}}, "totals": {"covered_lines": 70, "num_statements": 70, "percent_covered": 100.0, "percent_covered_display": "100", "missing_lines": 0, "excluded_lines": 0, "num_branches": 14, "num_partial_branches": 0, "covered_branches": 14, "missing_branches": 0}}