{"meta": {"format": 3, "version": "7.11.3", "timestamp": "2025-11-20T02:17:44.418618", "branch_coverage": true, "show_contexts": false}, "files": {"lib/__init__.py": {"executed_lines": [], "summary": {"covered_lines": 0, "num_statements": 0, "percent_covered": 100.0, "percent_covered_display": "100", "missing_lines": 0, "excluded_lines": 0, "num_branches": 0, "num_partial_branches": 0, "covered_branches": 0, "missing_branches": 0}, "missing_lines": [], "excluded_lines": [], "executed_branches": [], "missing_branches": [], "functions": {"": {"executed_lines": [], "summary": {"covered_lines": 0, "num_statements": 0, "percent_covered": 100.0, "percent_covered_display": "100", "missing_lines": 0, "excluded_lines": 0, "num_branches": 0, "num_partial_branches": 0, "covered_branches": 0, "missing_branches": 0}, "missing_lines": [], "excluded_lines": [], "executed_branches": [], "missing_branches": []}}, "classes": {"": {"executed_lines": [], "summary": {"covered_lines": 0, "num_statements": 0, "percent_covered": 100.0, "percent_covered_display": "100", "missing_lines": 0, "excluded_lines": 0, "num_branches": 0, "num_partial_branches": 0, "covered_branches": 0, "missing_branches": 0}, "missing_lines": [], "excluded_lines": [], "executed_branches": [], "missing_branches": []}}}, "lib/tap_stack.py": {"executed_lines": [1, 2, 3, 20, 21, 24, 25, 26, 27, 28, 31, 32, 34, 37, 38, 39, 40, 41, 43, 46, 49, 60, 63, 86, 87, 90, 91, 94, 108, 109, 112, 119, 120, 123, 133, 134, 137, 152, 168, 174, 175, 178, 188, 198, 208, 218, 228, 229, 231, 235, 244, 250, 251, 254, 264, 265, 268, 269, 283, 295, 296, 297, 299, 300, 303, 315, 324, 332, 344, 345, 347, 452, 453, 456, 461, 469, 470, 473, 481, 489, 497, 505, 513, 522], "summary": {"covered_lines": 83, "num_statements": 83, "percent_covered": 100.0, "percent_covered_display": "100", "missing_lines": 0, "excluded_lines": 0, "num_branches": 6, "num_partial_branches": 0, "covered_branches": 6, "missing_branches": 0}, "missing_lines": [], "excluded_lines": [], "executed_branches": [[38, 39], [38, 41], [39, 40], [39, 41], [231, 235], [231, 332]], "missing_branches": [], "functions": {"TapStackProps.__init__": {"executed_lines": [27, 28], "summary": {"covered_lines": 2, "num_statements": 2, "percent_covered": 100.0, "percent_covered_display": "100", "missing_lines": 0, "excluded_lines": 0, "num_branches": 0, "num_partial_branches": 0, "covered_branches": 0, "missing_branches": 0}, "missing_lines": [], "excluded_lines": [], "executed_branches": [], "missing_branches": []}, "TapStack.__init__": {"executed_lines": [34, 37, 38, 39, 40, 41, 43, 46, 49, 60, 63, 86, 87, 90, 91, 94, 108, 109, 112, 119, 120, 123, 133, 134, 137, 152, 168, 174, 175, 178, 188, 198, 208, 218, 228, 229, 231, 235, 244, 250, 251, 254, 264, 265, 268, 269, 283, 295, 296, 297, 299, 300, 303, 315, 324, 332, 344, 345, 347, 452, 453, 456, 461, 469, 470, 473, 481, 489, 497, 505, 513, 522], "summary": {"covered_lines": 72, "num_statements": 72, "percent_covered": 100.0, "percent_covered_display": "100", "missing_lines": 0, "excluded_lines": 0, "num_branches": 6, "num_partial_branches": 0, "covered_branches": 6, "missing_branches": 0}, "missing_lines": [], "excluded_lines": [], "executed_branches": [[38, 39], [38, 41], [39, 40], [39, 41], [231, 235], [231, 332]], "missing_branches": []}, "": {"executed_lines": [1, 2, 3, 20, 21, 24, 25, 26, 31, 32], "summary": {"covered_lines": 9, "num_statements": 9, "percent_covered": 100.0, "percent_covered_display": "100", "missing_lines": 0, "excluded_lines": 0, "num_branches": 0, "num_partial_branches": 0, "covered_branches": 0, "missing_branches": 0}, "missing_lines": [], "excluded_lines": [], "executed_branches": [], "missing_branches": []}}, "classes": {"TapStackProps": {"executed_lines": [27, 28], "summary": {"covered_lines": 2, "num_statements": 2, "percent_covered": 100.0, "percent_covered_display": "100", "missing_lines": 0, "excluded_lines": 0, "num_branches": 0, "num_partial_branches": 0, "covered_branches": 0, "missing_branches": 0}, "missing_lines": [], "excluded_lines": [], "executed_branches": [], "missing_branches": []}, "TapStack": {"executed_lines": [34, 37, 38, 39, 40, 41, 43, 46, 49, 60, 63, 86, 87, 90, 91, 94, 108, 109, 112, 119, 120, 123, 133, 134, 137, 152, 168, 174, 175, 178, 188, 198, 208, 218, 228, 229, 231, 235, 244, 250, 251, 254, 264, 265, 268, 269, 283, 295, 296, 297, 299, 300, 303, 315, 324, 332, 344, 345, 347, 452, 453, 456, 461, 469, 470, 473, 481, 489, 497, 505, 513, 522], "summary": {"covered_lines": 72, "num_statements": 72, "percent_covered": 100.0, "percent_covered_display": "100", "missing_lines": 0, "excluded_lines": 0, "num_branches": 6, "num_partial_branches": 0, "covered_branches": 6, "missing_branches": 0}, "missing_lines": [], "excluded_lines": [], "executed_branches": [[38, 39], [38, 41], [39, 40], [39, 41], [231, 235], [231, 332]], "missing_branches": []}, "": {"executed_lines": [1, 2, 3, 20, 21, 24, 25, 26, 31, 32], "summary": {"covered_lines": 9, "num_statements": 9, "percent_covered": 100.0, "percent_covered_display": "100", "missing_lines": 0, "excluded_lines": 0, "num_branches": 0, "num_partial_branches": 0, "covered_branches": 0, "missing_branches": 0}, "missing_lines": [], "excluded_lines": [], "executed_branches": [], "missing_branches": []}}}}, "totals": {"covered_lines": 83, "num_statements": 83, "percent_covered": 100.0, "percent_covered_display": "100", "missing_lines": 0, "excluded_lines": 0, "num_branches": 6, "num_partial_branches": 0, "covered_branches": 6, "missing_branches": 0}}