{"meta": {"format": 3, "version": "7.11.0", "timestamp": "2025-11-24T12:24:15.348452", "branch_coverage": true, "show_contexts": false}, "files": {"lib/lambda/backup_check.py": {"executed_lines": [1, 2, 3, 4, 6, 7, 8, 9, 10, 12, 13, 14, 17, 22, 25, 27, 28, 29, 30, 32, 35, 43, 49, 50, 54, 55, 57, 63, 67, 68, 69, 70, 71, 72, 73, 75, 79, 80, 81, 87, 91, 92, 94, 95, 97, 100, 101, 102, 108, 112, 113, 119, 121, 122, 129, 134, 135, 140, 144, 145, 146, 149, 153, 154, 156, 157, 159, 161, 163, 164, 169, 170, 175, 179, 180, 181, 184, 188, 189, 191, 193, 194, 199, 203, 204, 205, 208, 212, 213, 216, 217, 218, 219, 220, 221, 222, 223, 224, 225, 228, 229, 230, 231, 232, 233, 234, 235, 236, 239, 240, 241, 242, 244, 251, 255, 256, 270, 275, 276, 277], "summary": {"covered_lines": 120, "num_statements": 120, "percent_covered": 100.0, "percent_covered_display": "100", "missing_lines": 0, "excluded_lines": 0, "num_branches": 40, "num_partial_branches": 0, "covered_branches": 40, "missing_branches": 0}, "missing_lines": [], "excluded_lines": [], "executed_branches": [[25, 27], [25, 54], [49, 50], [49, 57], [68, 69], [68, 70], [70, 71], [70, 72], [72, 73], [72, 75], [94, 95], [94, 97], [101, 102], [101, 108], [112, 113], [112, 119], [121, 122], [121, 140], [134, 121], [134, 135], [156, 157], [156, 159], [163, 164], [163, 169], [169, 170], [169, 175], [193, 194], [193, 199], [218, 219], [218, 228], [219, 218], [219, 220], [222, 219], [222, 223], [230, 231], [230, 239], [233, 230], [233, 234], [239, -208], [239, 240]], "missing_branches": [], "functions": {"lambda_handler": {"executed_lines": [22, 25, 27, 28, 29, 30, 32, 35, 43, 49, 50, 54, 55, 57], "summary": {"covered_lines": 14, "num_statements": 14, "percent_covered": 100.0, "percent_covered_display": "100", "missing_lines": 0, "excluded_lines": 0, "num_branches": 4, "num_partial_branches": 0, "covered_branches": 4, "missing_branches": 0}, "missing_lines": [], "excluded_lines": [], "executed_branches": [[25, 27], [25, 54], [49, 50], [49, 57]], "missing_branches": []}, "evaluate_resource_backup": {"executed_lines": [67, 68, 69, 70, 71, 72, 73, 75, 79, 80, 81], "summary": {"covered_lines": 11, "num_statements": 11, "percent_covered": 100.0, "percent_covered_display": "100", "missing_lines": 0, "excluded_lines": 0, "num_branches": 6, "num_partial_branches": 0, "covered_branches": 6, "missing_branches": 0}, "missing_lines": [], "excluded_lines": [], "executed_branches": [[68, 69], [68, 70], [70, 71], [70, 72], [72, 73], [72, 75]], "missing_branches": []}, "check_ec2_backup": {"executed_lines": [91, 92, 94, 95, 97, 100, 101, 102, 108, 112, 113, 119, 121, 122, 129, 134, 135, 140, 144, 145, 146], "summary": {"covered_lines": 21, "num_statements": 21, "percent_covered": 100.0, "percent_covered_display": "100", "missing_lines": 0, "excluded_lines": 0, "num_branches": 10, "num_partial_branches": 0, "covered_branches": 10, "missing_branches": 0}, "missing_lines": [], "excluded_lines": [], "executed_branches": [[94, 95], [94, 97], [101, 102], [101, 108], [112, 113], [112, 119], [121, 122], [121, 140], [134, 121], [134, 135]], "missing_branches": []}, "check_rds_backup": {"executed_lines": [153, 154, 156, 157, 159, 161, 163, 164, 169, 170, 175, 179, 180, 181], "summary": {"covered_lines": 14, "num_statements": 14, "percent_covered": 100.0, "percent_covered_display": "100", "missing_lines": 0, "excluded_lines": 0, "num_branches": 6, "num_partial_branches": 0, "covered_branches": 6, "missing_branches": 0}, "missing_lines": [], "excluded_lines": [], "executed_branches": [[156, 157], [156, 159], [163, 164], [163, 169], [169, 170], [169, 175]], "missing_branches": []}, "check_s3_backup": {"executed_lines": [188, 189, 191, 193, 194, 199, 203, 204, 205], "summary": {"covered_lines": 9, "num_statements": 9, "percent_covered": 100.0, "percent_covered_display": "100", "missing_lines": 0, "excluded_lines": 0, "num_branches": 2, "num_partial_branches": 0, "covered_branches": 2, "missing_branches": 0}, "missing_lines": [], "excluded_lines": [], "executed_branches": [[193, 194], [193, 199]], "missing_branches": []}, "scan_all_resources": {"executed_lines": [212, 213, 216, 217, 218, 219, 220, 221, 222, 223, 224, 225, 228, 229, 230, 231, 232, 233, 234, 235, 236, 239, 240, 241, 242, 244], "summary": {"covered_lines": 26, "num_statements": 26, "percent_covered": 100.0, "percent_covered_display": "100", "missing_lines": 0, "excluded_lines": 0, "num_branches": 12, "num_partial_branches": 0, "covered_branches": 12, "missing_branches": 0}, "missing_lines": [], "excluded_lines": [], "executed_branches": [[218, 219], [218, 228], [219, 218], [219, 220], [222, 219], [222, 223], [230, 231], [230, 239], [233, 230], [233, 234], [239, -208], [239, 240]], "missing_branches": []}, "send_notification": {"executed_lines": [255, 256, 270, 275, 276, 277], "summary": {"covered_lines": 6, "num_statements": 6, "percent_covered": 100.0, "percent_covered_display": "100", "missing_lines": 0, "excluded_lines": 0, "num_branches": 0, "num_partial_branches": 0, "covered_branches": 0, "missing_branches": 0}, "missing_lines": [], "excluded_lines": [], "executed_branches": [], "missing_branches": []}, "": {"executed_lines": [1, 2, 3, 4, 6, 7, 8, 9, 10, 12, 13, 14, 17, 63, 87, 149, 184, 208, 251], "summary": {"covered_lines": 19, "num_statements": 19, "percent_covered": 100.0, "percent_covered_display": "100", "missing_lines": 0, "excluded_lines": 0, "num_branches": 0, "num_partial_branches": 0, "covered_branches": 0, "missing_branches": 0}, "missing_lines": [], "excluded_lines": [], "executed_branches": [], "missing_branches": []}}, "classes": {"": {"executed_lines": [1, 2, 3, 4, 6, 7, 8, 9, 10, 12, 13, 14, 17, 22, 25, 27, 28, 29, 30, 32, 35, 43, 49, 50, 54, 55, 57, 63, 67, 68, 69, 70, 71, 72, 73, 75, 79, 80, 81, 87, 91, 92, 94, 95, 97, 100, 101, 102, 108, 112, 113, 119, 121, 122, 129, 134, 135, 140, 144, 145, 146, 149, 153, 154, 156, 157, 159, 161, 163, 164, 169, 170, 175, 179, 180, 181, 184, 188, 189, 191, 193, 194, 199, 203, 204, 205, 208, 212, 213, 216, 217, 218, 219, 220, 221, 222, 223, 224, 225, 228, 229, 230, 231, 232, 233, 234, 235, 236, 239, 240, 241, 242, 244, 251, 255, 256, 270, 275, 276, 277], "summary": {"covered_lines": 120, "num_statements": 120, "percent_covered": 100.0, "percent_covered_display": "100", "missing_lines": 0, "excluded_lines": 0, "num_branches": 40, "num_partial_branches": 0, "covered_branches": 40, "missing_branches": 0}, "missing_lines": [], "excluded_lines": [], "executed_branches": [[25, 27], [25, 54], [49, 50], [49, 57], [68, 69], [68, 70], [70, 71], [70, 72], [72, 73], [72, 75], [94, 95], [94, 97], [101, 102], [101, 108], [112, 113], [112, 119], [121, 122], [121, 140], [134, 121], [134, 135], [156, 157], [156, 159], [163, 164], [163, 169], [169, 170], [169, 175], [193, 194], [193, 199], [218, 219], [218, 228], [219, 218], [219, 220], [222, 219], [222, 223], [230, 231], [230, 239], [233, 230], [233, 234], [239, -208], [239, 240]], "missing_branches": []}}}, "lib/lambda/encryption_check.py": {"executed_lines": [1, 2, 3, 4, 6, 7, 8, 9, 10, 12, 13, 14, 17, 22, 25, 27, 28, 29, 30, 32, 35, 43, 49, 50, 54, 55, 57, 63, 67, 68, 69, 70, 71, 72, 73, 75, 79, 80, 81, 87, 91, 92, 94, 95, 97, 100, 101, 102, 103, 104, 105, 106, 107, 108, 110, 111, 116, 120, 121, 122, 125, 129, 130, 132, 133, 135, 137, 138, 143, 147, 148, 149, 152, 156, 157, 159, 161, 162, 167, 171, 172, 176, 177, 178, 181, 185, 186, 189, 190, 191, 192, 193, 194, 195, 196, 197, 198, 201, 202, 203, 204, 205, 206, 207, 208, 209, 212, 213, 214, 215, 217, 224, 228, 229, 243, 248, 249, 250], "summary": {"covered_lines": 118, "num_statements": 118, "percent_covered": 100.0, "percent_covered_display": "100", "missing_lines": 0, "excluded_lines": 0, "num_branches": 40, "num_partial_branches": 0, "covered_branches": 40, "missing_branches": 0}, "missing_lines": [], "excluded_lines": [], "executed_branches": [[25, 27], [25, 54], [49, 50], [49, 57], [68, 69], [68, 70], [70, 71], [70, 72], [72, 73], [72, 75], [94, 95], [94, 97], [101, 102], [101, 110], [103, 101], [103, 104], [105, 101], [105, 106], [107, 101], [107, 108], [110, 111], [110, 116], [132, 133], [132, 135], [137, 138], [137, 143], [161, 162], [161, 167], [191, 192], [191, 201], [192, 191], [192, 193], [195, 192], [195, 196], [203, 204], [203, 212], [206, 203], [206, 207], [212, -181], [212, 213]], "missing_branches": [], "functions": {"lambda_handler": {"executed_lines": [22, 25, 27, 28, 29, 30, 32, 35, 43, 49, 50, 54, 55, 57], "summary": {"covered_lines": 14, "num_statements": 14, "percent_covered": 100.0, "percent_covered_display": "100", "missing_lines": 0, "excluded_lines": 0, "num_branches": 4, "num_partial_branches": 0, "covered_branches": 4, "missing_branches": 0}, "missing_lines": [], "excluded_lines": [], "executed_branches": [[25, 27], [25, 54], [49, 50], [49, 57]], "missing_branches": []}, "evaluate_resource_encryption": {"executed_lines": [67, 68, 69, 70, 71, 72, 73, 75, 79, 80, 81], "summary": {"covered_lines": 11, "num_statements": 11, "percent_covered": 100.0, "percent_covered_display": "100", "missing_lines": 0, "excluded_lines": 0, "num_branches": 6, "num_partial_branches": 0, "covered_branches": 6, "missing_branches": 0}, "missing_lines": [], "excluded_lines": [], "executed_branches": [[68, 69], [68, 70], [70, 71], [70, 72], [72, 73], [72, 75]], "missing_branches": []}, "check_ec2_encryption": {"executed_lines": [91, 92, 94, 95, 97, 100, 101, 102, 103, 104, 105, 106, 107, 108, 110, 111, 116, 120, 121, 122], "summary": {"covered_lines": 20, "num_statements": 20, "percent_covered": 100.0, "percent_covered_display": "100", "missing_lines": 0, "excluded_lines": 0, "num_branches": 12, "num_partial_branches": 0, "covered_branches": 12, "missing_branches": 0}, "missing_lines": [], "excluded_lines": [], "executed_branches": [[94, 95], [94, 97], [101, 102], [101, 110], [103, 101], [103, 104], [105, 101], [105, 106], [107, 101], [107, 108], [110, 111], [110, 116]], "missing_branches": []}, "check_rds_encryption": {"executed_lines": [129, 130, 132, 133, 135, 137, 138, 143, 147, 148, 149], "summary": {"covered_lines": 11, "num_statements": 11, "percent_covered": 100.0, "percent_covered_display": "100", "missing_lines": 0, "excluded_lines": 0, "num_branches": 4, "num_partial_branches": 0, "covered_branches": 4, "missing_branches": 0}, "missing_lines": [], "excluded_lines": [], "executed_branches": [[132, 133], [132, 135], [137, 138], [137, 143]], "missing_branches": []}, "check_s3_encryption": {"executed_lines": [156, 157, 159, 161, 162, 167, 171, 172, 176, 177, 178], "summary": {"covered_lines": 11, "num_statements": 11, "percent_covered": 100.0, "percent_covered_display": "100", "missing_lines": 0, "excluded_lines": 0, "num_branches": 2, "num_partial_branches": 0, "covered_branches": 2, "missing_branches": 0}, "missing_lines": [], "excluded_lines": [], "executed_branches": [[161, 162], [161, 167]], "missing_branches": []}, "scan_all_resources": {"executed_lines": [185, 186, 189, 190, 191, 192, 193, 194, 195, 196, 197, 198, 201, 202, 203, 204, 205, 206, 207, 208, 209, 212, 213, 214, 215, 217], "summary": {"covered_lines": 26, "num_statements": 26, "percent_covered": 100.0, "percent_covered_display": "100", "missing_lines": 0, "excluded_lines": 0, "num_branches": 12, "num_partial_branches": 0, "covered_branches": 12, "missing_branches": 0}, "missing_lines": [], "excluded_lines": [], "executed_branches": [[191, 192], [191, 201], [192, 191], [192, 193], [195, 192], [195, 196], [203, 204], [203, 212], [206, 203], [206, 207], [212, -181], [212, 213]], "missing_branches": []}, "send_notification": {"executed_lines": [228, 229, 243, 248, 249, 250], "summary": {"covered_lines": 6, "num_statements": 6, "percent_covered": 100.0, "percent_covered_display": "100", "missing_lines": 0, "excluded_lines": 0, "num_branches": 0, "num_partial_branches": 0, "covered_branches": 0, "missing_branches": 0}, "missing_lines": [], "excluded_lines": [], "executed_branches": [], "missing_branches": []}, "": {"executed_lines": [1, 2, 3, 4, 6, 7, 8, 9, 10, 12, 13, 14, 17, 63, 87, 125, 152, 181, 224], "summary": {"covered_lines": 19, "num_statements": 19, "percent_covered": 100.0, "percent_covered_display": "100", "missing_lines": 0, "excluded_lines": 0, "num_branches": 0, "num_partial_branches": 0, "covered_branches": 0, "missing_branches": 0}, "missing_lines": [], "excluded_lines": [], "executed_branches": [], "missing_branches": []}}, "classes": {"": {"executed_lines": [1, 2, 3, 4, 6, 7, 8, 9, 10, 12, 13, 14, 17, 22, 25, 27, 28, 29, 30, 32, 35, 43, 49, 50, 54, 55, 57, 63, 67, 68, 69, 70, 71, 72, 73, 75, 79, 80, 81, 87, 91, 92, 94, 95, 97, 100, 101, 102, 103, 104, 105, 106, 107, 108, 110, 111, 116, 120, 121, 122, 125, 129, 130, 132, 133, 135, 137, 138, 143, 147, 148, 149, 152, 156, 157, 159, 161, 162, 167, 171, 172, 176, 177, 178, 181, 185, 186, 189, 190, 191, 192, 193, 194, 195, 196, 197, 198, 201, 202, 203, 204, 205, 206, 207, 208, 209, 212, 213, 214, 215, 217, 224, 228, 229, 243, 248, 249, 250], "summary": {"covered_lines": 118, "num_statements": 118, "percent_covered": 100.0, "percent_covered_display": "100", "missing_lines": 0, "excluded_lines": 0, "num_branches": 40, "num_partial_branches": 0, "covered_branches": 40, "missing_branches": 0}, "missing_lines": [], "excluded_lines": [], "executed_branches": [[25, 27], [25, 54], [49, 50], [49, 57], [68, 69], [68, 70], [70, 71], [70, 72], [72, 73], [72, 75], [94, 95], [94, 97], [101, 102], [101, 110], [103, 101], [103, 104], [105, 101], [105, 106], [107, 101], [107, 108], [110, 111], [110, 116], [132, 133], [132, 135], [137, 138], [137, 143], [161, 162], [161, 167], [191, 192], [191, 201], [192, 191], [192, 193], [195, 192], [195, 196], [203, 204], [203, 212], [206, 203], [206, 207], [212, -181], [212, 213]], "missing_branches": []}}}, "lib/lambda/tagging_check.py": {"executed_lines": [1, 2, 3, 4, 6, 7, 8, 9, 10, 12, 13, 14, 17, 20, 25, 28, 30, 31, 32, 33, 35, 38, 46, 52, 53, 57, 58, 60, 66, 70, 71, 72, 73, 74, 75, 76, 78, 82, 83, 84, 90, 94, 95, 97, 98, 100, 101, 103, 105, 106, 111, 115, 116, 117, 120, 124, 125, 127, 128, 130, 131, 133, 134, 136, 138, 139, 144, 148, 149, 150, 153, 157, 158, 159, 161, 163, 164, 169, 173, 174, 178, 179, 180, 183, 187, 188, 191, 192, 193, 194, 195, 196, 197, 198, 199, 200, 203, 204, 205, 206, 207, 208, 209, 210, 211, 214, 215, 216, 217, 219, 226, 230, 231, 247, 252, 253, 254], "summary": {"covered_lines": 117, "num_statements": 117, "percent_covered": 100.0, "percent_covered_display": "100", "missing_lines": 0, "excluded_lines": 0, "num_branches": 32, "num_partial_branches": 0, "covered_branches": 32, "missing_branches": 0}, "missing_lines": [], "excluded_lines": [], "executed_branches": [[28, 30], [28, 57], [52, 53], [52, 60], [71, 72], [71, 73], [73, 74], [73, 75], [75, 76], [75, 78], [97, 98], [97, 100], [105, 106], [105, 111], [127, 128], [127, 130], [138, 139], [138, 144], [163, 164], [163, 169], [193, 194], [193, 203], [194, 193], [194, 195], [197, 194], [197, 198], [205, 206], [205, 214], [208, 205], [208, 209], [214, -183], [214, 215]], "missing_branches": [], "functions": {"lambda_handler": {"executed_lines": [25, 28, 30, 31, 32, 33, 35, 38, 46, 52, 53, 57, 58, 60], "summary": {"covered_lines": 14, "num_statements": 14, "percent_covered": 100.0, "percent_covered_display": "100", "missing_lines": 0, "excluded_lines": 0, "num_branches": 4, "num_partial_branches": 0, "covered_branches": 4, "missing_branches": 0}, "missing_lines": [], "excluded_lines": [], "executed_branches": [[28, 30], [28, 57], [52, 53], [52, 60]], "missing_branches": []}, "evaluate_resource_tags": {"executed_lines": [70, 71, 72, 73, 74, 75, 76, 78, 82, 83, 84], "summary": {"covered_lines": 11, "num_statements": 11, "percent_covered": 100.0, "percent_covered_display": "100", "missing_lines": 0, "excluded_lines": 0, "num_branches": 6, "num_partial_branches": 0, "covered_branches": 6, "missing_branches": 0}, "missing_lines": [], "excluded_lines": [], "executed_branches": [[71, 72], [71, 73], [73, 74], [73, 75], [75, 76], [75, 78]], "missing_branches": []}, "check_ec2_tags": {"executed_lines": [94, 95, 97, 98, 100, 101, 103, 105, 106, 111, 115, 116, 117], "summary": {"covered_lines": 13, "num_statements": 13, "percent_covered": 100.0, "percent_covered_display": "100", "missing_lines": 0, "excluded_lines": 0, "num_branches": 4, "num_partial_branches": 0, "covered_branches": 4, "missing_branches": 0}, "missing_lines": [], "excluded_lines": [], "executed_branches": [[97, 98], [97, 100], [105, 106], [105, 111]], "missing_branches": []}, "check_rds_tags": {"executed_lines": [124, 125, 127, 128, 130, 131, 133, 134, 136, 138, 139, 144, 148, 149, 150], "summary": {"covered_lines": 15, "num_statements": 15, "percent_covered": 100.0, "percent_covered_display": "100", "missing_lines": 0, "excluded_lines": 0, "num_branches": 4, "num_partial_branches": 0, "covered_branches": 4, "missing_branches": 0}, "missing_lines": [], "excluded_lines": [], "executed_branches": [[127, 128], [127, 130], [138, 139], [138, 144]], "missing_branches": []}, "check_s3_tags": {"executed_lines": [157, 158, 159, 161, 163, 164, 169, 173, 174, 178, 179, 180], "summary": {"covered_lines": 12, "num_statements": 12, "percent_covered": 100.0, "percent_covered_display": "100", "missing_lines": 0, "excluded_lines": 0, "num_branches": 2, "num_partial_branches": 0, "covered_branches": 2, "missing_branches": 0}, "missing_lines": [], "excluded_lines": [], "executed_branches": [[163, 164], [163, 169]], "missing_branches": []}, "scan_all_resources": {"executed_lines": [187, 188, 191, 192, 193, 194, 195, 196, 197, 198, 199, 200, 203, 204, 205, 206, 207, 208, 209, 210, 211, 214, 215, 216, 217, 219], "summary": {"covered_lines": 26, "num_statements": 26, "percent_covered": 100.0, "percent_covered_display": "100", "missing_lines": 0, "excluded_lines": 0, "num_branches": 12, "num_partial_branches": 0, "covered_branches": 12, "missing_branches": 0}, "missing_lines": [], "excluded_lines": [], "executed_branches": [[193, 194], [193, 203], [194, 193], [194, 195], [197, 194], [197, 198], [205, 206], [205, 214], [208, 205], [208, 209], [214, -183], [214, 215]], "missing_branches": []}, "send_notification": {"executed_lines": [230, 231, 247, 252, 253, 254], "summary": {"covered_lines": 6, "num_statements": 6, "percent_covered": 100.0, "percent_covered_display": "100", "missing_lines": 0, "excluded_lines": 0, "num_branches": 0, "num_partial_branches": 0, "covered_branches": 0, "missing_branches": 0}, "missing_lines": [], "excluded_lines": [], "executed_branches": [], "missing_branches": []}, "": {"executed_lines": [1, 2, 3, 4, 6, 7, 8, 9, 10, 12, 13, 14, 17, 20, 66, 90, 120, 153, 183, 226], "summary": {"covered_lines": 20, "num_statements": 20, "percent_covered": 100.0, "percent_covered_display": "100", "missing_lines": 0, "excluded_lines": 0, "num_branches": 0, "num_partial_branches": 0, "covered_branches": 0, "missing_branches": 0}, "missing_lines": [], "excluded_lines": [], "executed_branches": [], "missing_branches": []}}, "classes": {"": {"executed_lines": [1, 2, 3, 4, 6, 7, 8, 9, 10, 12, 13, 14, 17, 20, 25, 28, 30, 31, 32, 33, 35, 38, 46, 52, 53, 57, 58, 60, 66, 70, 71, 72, 73, 74, 75, 76, 78, 82, 83, 84, 90, 94, 95, 97, 98, 100, 101, 103, 105, 106, 111, 115, 116, 117, 120, 124, 125, 127, 128, 130, 131, 133, 134, 136, 138, 139, 144, 148, 149, 150, 153, 157, 158, 159, 161, 163, 164, 169, 173, 174, 178, 179, 180, 183, 187, 188, 191, 192, 193, 194, 195, 196, 197, 198, 199, 200, 203, 204, 205, 206, 207, 208, 209, 210, 211, 214, 215, 216, 217, 219, 226, 230, 231, 247, 252, 253, 254], "summary": {"covered_lines": 117, "num_statements": 117, "percent_covered": 100.0, "percent_covered_display": "100", "missing_lines": 0, "excluded_lines": 0, "num_branches": 32, "num_partial_branches": 0, "covered_branches": 32, "missing_branches": 0}, "missing_lines": [], "excluded_lines": [], "executed_branches": [[28, 30], [28, 57], [52, 53], [52, 60], [71, 72], [71, 73], [73, 74], [73, 75], [75, 76], [75, 78], [97, 98], [97, 100], [105, 106], [105, 111], [127, 128], [127, 130], [138, 139], [138, 144], [163, 164], [163, 169], [193, 194], [193, 203], [194, 193], [194, 195], [197, 194], [197, 198], [205, 206], [205, 214], [208, 205], [208, 209], [214, -183], [214, 215]], "missing_branches": []}}}}, "totals": {"covered_lines": 355, "num_statements": 355, "percent_covered": 100.0, "percent_covered_display": "100", "missing_lines": 0, "excluded_lines": 0, "num_branches": 112, "num_partial_branches": 0, "covered_branches": 112, "missing_branches": 0}}