{"meta": {"format": 3, "version": "7.11.0", "timestamp": "2025-11-11T16:01:50.352279", "branch_coverage": true, "show_contexts": false}, "files": {"lib/api_gateway_stack.py": {"executed_lines": [1, 8, 9, 10, 11, 12, 15, 16, 18, 35, 36, 47, 263], "summary": {"covered_lines": 10, "num_statements": 37, "percent_covered": 27.027027027027028, "percent_covered_display": "27", "missing_lines": 27, "excluded_lines": 0, "num_branches": 0, "num_partial_branches": 0, "covered_branches": 0, "missing_branches": 0}, "missing_lines": [27, 28, 29, 30, 31, 32, 53, 55, 56, 63, 78, 93, 103, 112, 126, 141, 154, 173, 187, 202, 215, 230, 246, 256, 266, 287, 301], "excluded_lines": [], "executed_branches": [], "missing_branches": [], "functions": {"ApiGatewayStackArgs.__init__": {"executed_lines": [], "summary": {"covered_lines": 0, "num_statements": 6, "percent_covered": 0.0, "percent_covered_display": "0", "missing_lines": 6, "excluded_lines": 0, "num_branches": 0, "num_partial_branches": 0, "covered_branches": 0, "missing_branches": 0}, "missing_lines": [27, 28, 29, 30, 31, 32], "excluded_lines": [], "executed_branches": [], "missing_branches": []}, "ApiGatewayStack.__init__": {"executed_lines": [], "summary": {"covered_lines": 0, "num_statements": 18, "percent_covered": 0.0, "percent_covered_display": "0", "missing_lines": 18, "excluded_lines": 0, "num_branches": 0, "num_partial_branches": 0, "covered_branches": 0, "missing_branches": 0}, "missing_lines": [53, 55, 56, 63, 78, 93, 103, 112, 126, 141, 154, 173, 187, 202, 215, 230, 246, 256], "excluded_lines": [], "executed_branches": [], "missing_branches": []}, "ApiGatewayStack._create_api_gateway_role": {"executed_lines": [], "summary": {"covered_lines": 0, "num_statements": 3, "percent_covered": 0.0, "percent_covered_display": "0", "missing_lines": 3, "excluded_lines": 0, "num_branches": 0, "num_partial_branches": 0, "covered_branches": 0, "missing_branches": 0}, "missing_lines": [266, 287, 301], "excluded_lines": [], "executed_branches": [], "missing_branches": []}, "": {"executed_lines": [1, 8, 9, 10, 11, 12, 15, 16, 18, 35, 36, 47, 263], "summary": {"covered_lines": 10, "num_statements": 10, "percent_covered": 100.0, "percent_covered_display": "100", "missing_lines": 0, "excluded_lines": 0, "num_branches": 0, "num_partial_branches": 0, "covered_branches": 0, "missing_branches": 0}, "missing_lines": [], "excluded_lines": [], "executed_branches": [], "missing_branches": []}}, "classes": {"ApiGatewayStackArgs": {"executed_lines": [], "summary": {"covered_lines": 0, "num_statements": 6, "percent_covered": 0.0, "percent_covered_display": "0", "missing_lines": 6, "excluded_lines": 0, "num_branches": 0, "num_partial_branches": 0, "covered_branches": 0, "missing_branches": 0}, "missing_lines": [27, 28, 29, 30, 31, 32], "excluded_lines": [], "executed_branches": [], "missing_branches": []}, "ApiGatewayStack": {"executed_lines": [], "summary": {"covered_lines": 0, "num_statements": 21, "percent_covered": 0.0, "percent_covered_display": "0", "missing_lines": 21, "excluded_lines": 0, "num_branches": 0, "num_partial_branches": 0, "covered_branches": 0, "missing_branches": 0}, "missing_lines": [53, 55, 56, 63, 78, 93, 103, 112, 126, 141, 154, 173, 187, 202, 215, 230, 246, 256, 266, 287, 301], "excluded_lines": [], "executed_branches": [], "missing_branches": []}, "": {"executed_lines": [1, 8, 9, 10, 11, 12, 15, 16, 18, 35, 36, 47, 263], "summary": {"covered_lines": 10, "num_statements": 10, "percent_covered": 100.0, "percent_covered_display": "100", "missing_lines": 0, "excluded_lines": 0, "num_branches": 0, "num_partial_branches": 0, "covered_branches": 0, "missing_branches": 0}, "missing_lines": [], "excluded_lines": [], "executed_branches": [], "missing_branches": []}}}, "lib/database_stack.py": {"executed_lines": [1, 8, 9, 10, 11, 12, 15, 16, 18, 29, 30, 31, 32, 33, 34, 35, 36, 39, 40, 51, 283], "summary": {"covered_lines": 18, "num_statements": 35, "percent_covered": 51.42857142857143, "percent_covered_display": "51", "missing_lines": 17, "excluded_lines": 0, "num_branches": 0, "num_partial_branches": 0, "covered_branches": 0, "missing_branches": 0}, "missing_lines": [57, 59, 60, 70, 73, 85, 111, 129, 157, 179, 201, 229, 251, 273, 286, 305, 312], "excluded_lines": [], "executed_branches": [], "missing_branches": [], "functions": {"DatabaseStackArgs.__init__": {"executed_lines": [29, 30, 31, 32, 33, 34, 35, 36], "summary": {"covered_lines": 8, "num_statements": 8, "percent_covered": 100.0, "percent_covered_display": "100", "missing_lines": 0, "excluded_lines": 0, "num_branches": 0, "num_partial_branches": 0, "covered_branches": 0, "missing_branches": 0}, "missing_lines": [], "excluded_lines": [], "executed_branches": [], "missing_branches": []}, "DatabaseStack.__init__": {"executed_lines": [], "summary": {"covered_lines": 0, "num_statements": 14, "percent_covered": 0.0, "percent_covered_display": "0", "missing_lines": 14, "excluded_lines": 0, "num_branches": 0, "num_partial_branches": 0, "covered_branches": 0, "missing_branches": 0}, "missing_lines": [57, 59, 60, 70, 73, 85, 111, 129, 157, 179, 201, 229, 251, 273], "excluded_lines": [], "executed_branches": [], "missing_branches": []}, "DatabaseStack._create_rds_monitoring_role": {"executed_lines": [], "summary": {"covered_lines": 0, "num_statements": 3, "percent_covered": 0.0, "percent_covered_display": "0", "missing_lines": 3, "excluded_lines": 0, "num_branches": 0, "num_partial_branches": 0, "covered_branches": 0, "missing_branches": 0}, "missing_lines": [286, 305, 312], "excluded_lines": [], "executed_branches": [], "missing_branches": []}, "": {"executed_lines": [1, 8, 9, 10, 11, 12, 15, 16, 18, 39, 40, 51, 283], "summary": {"covered_lines": 10, "num_statements": 10, "percent_covered": 100.0, "percent_covered_display": "100", "missing_lines": 0, "excluded_lines": 0, "num_branches": 0, "num_partial_branches": 0, "covered_branches": 0, "missing_branches": 0}, "missing_lines": [], "excluded_lines": [], "executed_branches": [], "missing_branches": []}}, "classes": {"DatabaseStackArgs": {"executed_lines": [29, 30, 31, 32, 33, 34, 35, 36], "summary": {"covered_lines": 8, "num_statements": 8, "percent_covered": 100.0, "percent_covered_display": "100", "missing_lines": 0, "excluded_lines": 0, "num_branches": 0, "num_partial_branches": 0, "covered_branches": 0, "missing_branches": 0}, "missing_lines": [], "excluded_lines": [], "executed_branches": [], "missing_branches": []}, "DatabaseStack": {"executed_lines": [], "summary": {"covered_lines": 0, "num_statements": 17, "percent_covered": 0.0, "percent_covered_display": "0", "missing_lines": 17, "excluded_lines": 0, "num_branches": 0, "num_partial_branches": 0, "covered_branches": 0, "missing_branches": 0}, "missing_lines": [57, 59, 60, 70, 73, 85, 111, 129, 157, 179, 201, 229, 251, 273, 286, 305, 312], "excluded_lines": [], "executed_branches": [], "missing_branches": []}, "": {"executed_lines": [1, 8, 9, 10, 11, 12, 15, 16, 18, 39, 40, 51, 283], "summary": {"covered_lines": 10, "num_statements": 10, "percent_covered": 100.0, "percent_covered_display": "100", "missing_lines": 0, "excluded_lines": 0, "num_branches": 0, "num_partial_branches": 0, "covered_branches": 0, "missing_branches": 0}, "missing_lines": [], "excluded_lines": [], "executed_branches": [], "missing_branches": []}}}, "lib/dms_stack.py": {"executed_lines": [1, 8, 9, 10, 11, 12, 15, 16, 18, 41, 42, 53, 242], "summary": {"covered_lines": 10, "num_statements": 34, "percent_covered": 29.41176470588235, "percent_covered_display": "29", "missing_lines": 24, "excluded_lines": 0, "num_branches": 0, "num_partial_branches": 0, "covered_branches": 0, "missing_branches": 0}, "missing_lines": [30, 31, 32, 33, 34, 35, 36, 37, 38, 59, 61, 62, 69, 72, 85, 105, 125, 145, 223, 235, 246, 266, 274, 294], "excluded_lines": [], "executed_branches": [], "missing_branches": [], "functions": {"DmsStackArgs.__init__": {"executed_lines": [], "summary": {"covered_lines": 0, "num_statements": 9, "percent_covered": 0.0, "percent_covered_display": "0", "missing_lines": 9, "excluded_lines": 0, "num_branches": 0, "num_partial_branches": 0, "covered_branches": 0, "missing_branches": 0}, "missing_lines": [30, 31, 32, 33, 34, 35, 36, 37, 38], "excluded_lines": [], "executed_branches": [], "missing_branches": []}, "DmsStack.__init__": {"executed_lines": [], "summary": {"covered_lines": 0, "num_statements": 11, "percent_covered": 0.0, "percent_covered_display": "0", "missing_lines": 11, "excluded_lines": 0, "num_branches": 0, "num_partial_branches": 0, "covered_branches": 0, "missing_branches": 0}, "missing_lines": [59, 61, 62, 69, 72, 85, 105, 125, 145, 223, 235], "excluded_lines": [], "executed_branches": [], "missing_branches": []}, "DmsStack._create_dms_iam_roles": {"executed_lines": [], "summary": {"covered_lines": 0, "num_statements": 4, "percent_covered": 0.0, "percent_covered_display": "0", "missing_lines": 4, "excluded_lines": 0, "num_branches": 0, "num_partial_branches": 0, "covered_branches": 0, "missing_branches": 0}, "missing_lines": [246, 266, 274, 294], "excluded_lines": [], "executed_branches": [], "missing_branches": []}, "": {"executed_lines": [1, 8, 9, 10, 11, 12, 15, 16, 18, 41, 42, 53, 242], "summary": {"covered_lines": 10, "num_statements": 10, "percent_covered": 100.0, "percent_covered_display": "100", "missing_lines": 0, "excluded_lines": 0, "num_branches": 0, "num_partial_branches": 0, "covered_branches": 0, "missing_branches": 0}, "missing_lines": [], "excluded_lines": [], "executed_branches": [], "missing_branches": []}}, "classes": {"DmsStackArgs": {"executed_lines": [], "summary": {"covered_lines": 0, "num_statements": 9, "percent_covered": 0.0, "percent_covered_display": "0", "missing_lines": 9, "excluded_lines": 0, "num_branches": 0, "num_partial_branches": 0, "covered_branches": 0, "missing_branches": 0}, "missing_lines": [30, 31, 32, 33, 34, 35, 36, 37, 38], "excluded_lines": [], "executed_branches": [], "missing_branches": []}, "DmsStack": {"executed_lines": [], "summary": {"covered_lines": 0, "num_statements": 15, "percent_covered": 0.0, "percent_covered_display": "0", "missing_lines": 15, "excluded_lines": 0, "num_branches": 0, "num_partial_branches": 0, "covered_branches": 0, "missing_branches": 0}, "missing_lines": [59, 61, 62, 69, 72, 85, 105, 125, 145, 223, 235, 246, 266, 274, 294], "excluded_lines": [], "executed_branches": [], "missing_branches": []}, "": {"executed_lines": [1, 8, 9, 10, 11, 12, 15, 16, 18, 41, 42, 53, 242], "summary": {"covered_lines": 10, "num_statements": 10, "percent_covered": 100.0, "percent_covered_display": "100", "missing_lines": 0, "excluded_lines": 0, "num_branches": 0, "num_partial_branches": 0, "covered_branches": 0, "missing_branches": 0}, "missing_lines": [], "excluded_lines": [], "executed_branches": [], "missing_branches": []}}}, "lib/lambda_stack.py": {"executed_lines": [1, 8, 9, 10, 11, 12, 13, 16, 17, 19, 40, 41, 51, 170], "summary": {"covered_lines": 11, "num_statements": 45, "percent_covered": 19.29824561403509, "percent_covered_display": "19", "missing_lines": 34, "excluded_lines": 0, "num_branches": 12, "num_partial_branches": 0, "covered_branches": 0, "missing_branches": 12}, "missing_lines": [30, 31, 32, 33, 34, 35, 36, 37, 57, 59, 60, 67, 76, 83, 116, 128, 151, 163, 181, 202, 210, 211, 219, 221, 222, 231, 232, 240, 241, 249, 250, 260, 261, 271], "excluded_lines": [], "executed_branches": [], "missing_branches": [[210, 211], [210, 219], [221, 222], [221, 231], [231, 232], [231, 240], [240, 241], [240, 249], [249, 250], [249, 260], [260, 261], [260, 271]], "functions": {"LambdaStackArgs.__init__": {"executed_lines": [], "summary": {"covered_lines": 0, "num_statements": 8, "percent_covered": 0.0, "percent_covered_display": "0", "missing_lines": 8, "excluded_lines": 0, "num_branches": 0, "num_partial_branches": 0, "covered_branches": 0, "missing_branches": 0}, "missing_lines": [30, 31, 32, 33, 34, 35, 36, 37], "excluded_lines": [], "executed_branches": [], "missing_branches": []}, "LambdaStack.__init__": {"executed_lines": [], "summary": {"covered_lines": 0, "num_statements": 10, "percent_covered": 0.0, "percent_covered_display": "0", "missing_lines": 10, "excluded_lines": 0, "num_branches": 0, "num_partial_branches": 0, "covered_branches": 0, "missing_branches": 0}, "missing_lines": [57, 59, 60, 67, 76, 83, 116, 128, 151, 163], "excluded_lines": [], "executed_branches": [], "missing_branches": []}, "LambdaStack._create_lambda_execution_role": {"executed_lines": [], "summary": {"covered_lines": 0, "num_statements": 16, "percent_covered": 0.0, "percent_covered_display": "0", "missing_lines": 16, "excluded_lines": 0, "num_branches": 12, "num_partial_branches": 0, "covered_branches": 0, "missing_branches": 12}, "missing_lines": [181, 202, 210, 211, 219, 221, 222, 231, 232, 240, 241, 249, 250, 260, 261, 271], "excluded_lines": [], "executed_branches": [], "missing_branches": [[210, 211], [210, 219], [221, 222], [221, 231], [231, 232], [231, 240], [240, 241], [240, 249], [249, 250], [249, 260], [260, 261], [260, 271]]}, "": {"executed_lines": [1, 8, 9, 10, 11, 12, 13, 16, 17, 19, 40, 41, 51, 170], "summary": {"covered_lines": 11, "num_statements": 11, "percent_covered": 100.0, "percent_covered_display": "100", "missing_lines": 0, "excluded_lines": 0, "num_branches": 0, "num_partial_branches": 0, "covered_branches": 0, "missing_branches": 0}, "missing_lines": [], "excluded_lines": [], "executed_branches": [], "missing_branches": []}}, "classes": {"LambdaStackArgs": {"executed_lines": [], "summary": {"covered_lines": 0, "num_statements": 8, "percent_covered": 0.0, "percent_covered_display": "0", "missing_lines": 8, "excluded_lines": 0, "num_branches": 0, "num_partial_branches": 0, "covered_branches": 0, "missing_branches": 0}, "missing_lines": [30, 31, 32, 33, 34, 35, 36, 37], "excluded_lines": [], "executed_branches": [], "missing_branches": []}, "LambdaStack": {"executed_lines": [], "summary": {"covered_lines": 0, "num_statements": 26, "percent_covered": 0.0, "percent_covered_display": "0", "missing_lines": 26, "excluded_lines": 0, "num_branches": 12, "num_partial_branches": 0, "covered_branches": 0, "missing_branches": 12}, "missing_lines": [57, 59, 60, 67, 76, 83, 116, 128, 151, 163, 181, 202, 210, 211, 219, 221, 222, 231, 232, 240, 241, 249, 250, 260, 261, 271], "excluded_lines": [], "executed_branches": [], "missing_branches": [[210, 211], [210, 219], [221, 222], [221, 231], [231, 232], [231, 240], [240, 241], [240, 249], [249, 250], [249, 260], [260, 261], [260, 271]]}, "": {"executed_lines": [1, 8, 9, 10, 11, 12, 13, 16, 17, 19, 40, 41, 51, 170], "summary": {"covered_lines": 11, "num_statements": 11, "percent_covered": 100.0, "percent_covered_display": "100", "missing_lines": 0, "excluded_lines": 0, "num_branches": 0, "num_partial_branches": 0, "covered_branches": 0, "missing_branches": 0}, "missing_lines": [], "excluded_lines": [], "executed_branches": [], "missing_branches": []}}}, "lib/monitoring_stack.py": {"executed_lines": [1, 8, 9, 10, 11, 12, 15, 16, 18, 41, 42, 52, 94, 204, 255, 279, 306, 330, 357], "summary": {"covered_lines": 16, "num_statements": 46, "percent_covered": 34.78260869565217, "percent_covered_display": "35", "missing_lines": 30, "excluded_lines": 0, "num_branches": 0, "num_partial_branches": 0, "covered_branches": 0, "missing_branches": 0}, "missing_lines": [30, 31, 32, 33, 34, 35, 36, 37, 38, 58, 60, 61, 68, 71, 74, 77, 80, 83, 86, 89, 97, 197, 208, 232, 259, 283, 310, 334, 361, 372], "excluded_lines": [], "executed_branches": [], "missing_branches": [], "functions": {"MonitoringStackArgs.__init__": {"executed_lines": [], "summary": {"covered_lines": 0, "num_statements": 9, "percent_covered": 0.0, "percent_covered_display": "0", "missing_lines": 9, "excluded_lines": 0, "num_branches": 0, "num_partial_branches": 0, "covered_branches": 0, "missing_branches": 0}, "missing_lines": [30, 31, 32, 33, 34, 35, 36, 37, 38], "excluded_lines": [], "executed_branches": [], "missing_branches": []}, "MonitoringStack.__init__": {"executed_lines": [], "summary": {"covered_lines": 0, "num_statements": 11, "percent_covered": 0.0, "percent_covered_display": "0", "missing_lines": 11, "excluded_lines": 0, "num_branches": 0, "num_partial_branches": 0, "covered_branches": 0, "missing_branches": 0}, "missing_lines": [58, 60, 61, 68, 71, 74, 77, 80, 83, 86, 89], "excluded_lines": [], "executed_branches": [], "missing_branches": []}, "MonitoringStack._create_dashboard": {"executed_lines": [], "summary": {"covered_lines": 0, "num_statements": 2, "percent_covered": 0.0, "percent_covered_display": "0", "missing_lines": 2, "excluded_lines": 0, "num_branches": 0, "num_partial_branches": 0, "covered_branches": 0, "missing_branches": 0}, "missing_lines": [97, 197], "excluded_lines": [], "executed_branches": [], "missing_branches": []}, "MonitoringStack._create_rds_alarms": {"executed_lines": [], "summary": {"covered_lines": 0, "num_statements": 2, "percent_covered": 0.0, "percent_covered_display": "0", "missing_lines": 2, "excluded_lines": 0, "num_branches": 0, "num_partial_branches": 0, "covered_branches": 0, "missing_branches": 0}, "missing_lines": [208, 232], "excluded_lines": [], "executed_branches": [], "missing_branches": []}, "MonitoringStack._create_dms_alarms": {"executed_lines": [], "summary": {"covered_lines": 0, "num_statements": 1, "percent_covered": 0.0, "percent_covered_display": "0", "missing_lines": 1, "excluded_lines": 0, "num_branches": 0, "num_partial_branches": 0, "covered_branches": 0, "missing_branches": 0}, "missing_lines": [259], "excluded_lines": [], "executed_branches": [], "missing_branches": []}, "MonitoringStack._create_lambda_alarms": {"executed_lines": [], "summary": {"covered_lines": 0, "num_statements": 1, "percent_covered": 0.0, "percent_covered_display": "0", "missing_lines": 1, "excluded_lines": 0, "num_branches": 0, "num_partial_branches": 0, "covered_branches": 0, "missing_branches": 0}, "missing_lines": [283], "excluded_lines": [], "executed_branches": [], "missing_branches": []}, "MonitoringStack._create_stepfunctions_alarms": {"executed_lines": [], "summary": {"covered_lines": 0, "num_statements": 1, "percent_covered": 0.0, "percent_covered_display": "0", "missing_lines": 1, "excluded_lines": 0, "num_branches": 0, "num_partial_branches": 0, "covered_branches": 0, "missing_branches": 0}, "missing_lines": [310], "excluded_lines": [], "executed_branches": [], "missing_branches": []}, "MonitoringStack._create_api_gateway_alarms": {"executed_lines": [], "summary": {"covered_lines": 0, "num_statements": 1, "percent_covered": 0.0, "percent_covered_display": "0", "missing_lines": 1, "excluded_lines": 0, "num_branches": 0, "num_partial_branches": 0, "covered_branches": 0, "missing_branches": 0}, "missing_lines": [334], "excluded_lines": [], "executed_branches": [], "missing_branches": []}, "MonitoringStack._create_metric_filters": {"executed_lines": [], "summary": {"covered_lines": 0, "num_statements": 2, "percent_covered": 0.0, "percent_covered_display": "0", "missing_lines": 2, "excluded_lines": 0, "num_branches": 0, "num_partial_branches": 0, "covered_branches": 0, "missing_branches": 0}, "missing_lines": [361, 372], "excluded_lines": [], "executed_branches": [], "missing_branches": []}, "": {"executed_lines": [1, 8, 9, 10, 11, 12, 15, 16, 18, 41, 42, 52, 94, 204, 255, 279, 306, 330, 357], "summary": {"covered_lines": 16, "num_statements": 16, "percent_covered": 100.0, "percent_covered_display": "100", "missing_lines": 0, "excluded_lines": 0, "num_branches": 0, "num_partial_branches": 0, "covered_branches": 0, "missing_branches": 0}, "missing_lines": [], "excluded_lines": [], "executed_branches": [], "missing_branches": []}}, "classes": {"MonitoringStackArgs": {"executed_lines": [], "summary": {"covered_lines": 0, "num_statements": 9, "percent_covered": 0.0, "percent_covered_display": "0", "missing_lines": 9, "excluded_lines": 0, "num_branches": 0, "num_partial_branches": 0, "covered_branches": 0, "missing_branches": 0}, "missing_lines": [30, 31, 32, 33, 34, 35, 36, 37, 38], "excluded_lines": [], "executed_branches": [], "missing_branches": []}, "MonitoringStack": {"executed_lines": [], "summary": {"covered_lines": 0, "num_statements": 21, "percent_covered": 0.0, "percent_covered_display": "0", "missing_lines": 21, "excluded_lines": 0, "num_branches": 0, "num_partial_branches": 0, "covered_branches": 0, "missing_branches": 0}, "missing_lines": [58, 60, 61, 68, 71, 74, 77, 80, 83, 86, 89, 97, 197, 208, 232, 259, 283, 310, 334, 361, 372], "excluded_lines": [], "executed_branches": [], "missing_branches": []}, "": {"executed_lines": [1, 8, 9, 10, 11, 12, 15, 16, 18, 41, 42, 52, 94, 204, 255, 279, 306, 330, 357], "summary": {"covered_lines": 16, "num_statements": 16, "percent_covered": 100.0, "percent_covered_display": "100", "missing_lines": 0, "excluded_lines": 0, "num_branches": 0, "num_partial_branches": 0, "covered_branches": 0, "missing_branches": 0}, "missing_lines": [], "excluded_lines": [], "executed_branches": [], "missing_branches": []}}}, "lib/network_stack.py": {"executed_lines": [1, 8, 9, 10, 11, 14, 15, 17, 25, 26, 27, 28, 29, 32, 33, 45, 51, 53, 54, 61, 75, 89, 92, 93, 94, 96, 98], "summary": {"covered_lines": 24, "num_statements": 76, "percent_covered": 26.041666666666668, "percent_covered_display": "26", "missing_lines": 52, "excluded_lines": 0, "num_branches": 20, "num_partial_branches": 1, "covered_branches": 1, "missing_branches": 19}, "missing_lines": [111, 114, 126, 129, 141, 144, 145, 146, 148, 150, 163, 166, 178, 181, 193, 196, 206, 217, 218, 219, 229, 239, 242, 243, 244, 254, 264, 267, 277, 285, 286, 294, 304, 305, 313, 314, 322, 332, 340, 341, 349, 359, 360, 368, 369, 377, 392, 406, 420, 449, 469, 499], "excluded_lines": [], "executed_branches": [[96, 98]], "missing_branches": [[96, 144], [148, 150], [148, 196], [218, 219], [218, 242], [243, 244], [243, 267], [285, 286], [285, 294], [304, 305], [304, 313], [313, 314], [313, 322], [340, 341], [340, 349], [359, 360], [359, 368], [368, 369], [368, 377]], "functions": {"NetworkStackArgs.__init__": {"executed_lines": [25, 26, 27, 28, 29], "summary": {"covered_lines": 5, "num_statements": 5, "percent_covered": 100.0, "percent_covered_display": "100", "missing_lines": 0, "excluded_lines": 0, "num_branches": 0, "num_partial_branches": 0, "covered_branches": 0, "missing_branches": 0}, "missing_lines": [], "excluded_lines": [], "executed_branches": [], "missing_branches": []}, "NetworkStack.__init__": {"executed_lines": [51, 53, 54, 61, 75, 89, 92, 93, 94, 96, 98], "summary": {"covered_lines": 11, "num_statements": 63, "percent_covered": 14.457831325301205, "percent_covered_display": "14", "missing_lines": 52, "excluded_lines": 0, "num_branches": 20, "num_partial_branches": 1, "covered_branches": 1, "missing_branches": 19}, "missing_lines": [111, 114, 126, 129, 141, 144, 145, 146, 148, 150, 163, 166, 178, 181, 193, 196, 206, 217, 218, 219, 229, 239, 242, 243, 244, 254, 264, 267, 277, 285, 286, 294, 304, 305, 313, 314, 322, 332, 340, 341, 349, 359, 360, 368, 369, 377, 392, 406, 420, 449, 469, 499], "excluded_lines": [], "executed_branches": [[96, 98]], "missing_branches": [[96, 144], [148, 150], [148, 196], [218, 219], [218, 242], [243, 244], [243, 267], [285, 286], [285, 294], [304, 305], [304, 313], [313, 314], [313, 322], [340, 341], [340, 349], [359, 360], [359, 368], [368, 369], [368, 377]]}, "": {"executed_lines": [1, 8, 9, 10, 11, 14, 15, 17, 32, 33, 45], "summary": {"covered_lines": 8, "num_statements": 8, "percent_covered": 100.0, "percent_covered_display": "100", "missing_lines": 0, "excluded_lines": 0, "num_branches": 0, "num_partial_branches": 0, "covered_branches": 0, "missing_branches": 0}, "missing_lines": [], "excluded_lines": [], "executed_branches": [], "missing_branches": []}}, "classes": {"NetworkStackArgs": {"executed_lines": [25, 26, 27, 28, 29], "summary": {"covered_lines": 5, "num_statements": 5, "percent_covered": 100.0, "percent_covered_display": "100", "missing_lines": 0, "excluded_lines": 0, "num_branches": 0, "num_partial_branches": 0, "covered_branches": 0, "missing_branches": 0}, "missing_lines": [], "excluded_lines": [], "executed_branches": [], "missing_branches": []}, "NetworkStack": {"executed_lines": [51, 53, 54, 61, 75, 89, 92, 93, 94, 96, 98], "summary": {"covered_lines": 11, "num_statements": 63, "percent_covered": 14.457831325301205, "percent_covered_display": "14", "missing_lines": 52, "excluded_lines": 0, "num_branches": 20, "num_partial_branches": 1, "covered_branches": 1, "missing_branches": 19}, "missing_lines": [111, 114, 126, 129, 141, 144, 145, 146, 148, 150, 163, 166, 178, 181, 193, 196, 206, 217, 218, 219, 229, 239, 242, 243, 244, 254, 264, 267, 277, 285, 286, 294, 304, 305, 313, 314, 322, 332, 340, 341, 349, 359, 360, 368, 369, 377, 392, 406, 420, 449, 469, 499], "excluded_lines": [], "executed_branches": [[96, 98]], "missing_branches": [[96, 144], [148, 150], [148, 196], [218, 219], [218, 242], [243, 244], [243, 267], [285, 286], [285, 294], [304, 305], [304, 313], [313, 314], [313, 322], [340, 341], [340, 349], [359, 360], [359, 368], [368, 369], [368, 377]]}, "": {"executed_lines": [1, 8, 9, 10, 11, 14, 15, 17, 32, 33, 45], "summary": {"covered_lines": 8, "num_statements": 8, "percent_covered": 100.0, "percent_covered_display": "100", "missing_lines": 0, "excluded_lines": 0, "num_branches": 0, "num_partial_branches": 0, "covered_branches": 0, "missing_branches": 0}, "missing_lines": [], "excluded_lines": [], "executed_branches": [], "missing_branches": []}}}, "lib/notification_stack.py": {"executed_lines": [1, 8, 9, 10, 11, 12, 15, 16, 18, 29, 30, 40, 173], "summary": {"covered_lines": 10, "num_statements": 32, "percent_covered": 27.77777777777778, "percent_covered_display": "28", "missing_lines": 22, "excluded_lines": 0, "num_branches": 4, "num_partial_branches": 0, "covered_branches": 0, "missing_branches": 4}, "missing_lines": [24, 25, 26, 46, 48, 49, 56, 82, 95, 108, 121, 122, 124, 133, 142, 151, 160, 161, 162, 163, 166, 176], "excluded_lines": [], "executed_branches": [], "missing_branches": [[121, 122], [121, 160], [122, 124], [122, 160]], "functions": {"NotificationStackArgs.__init__": {"executed_lines": [], "summary": {"covered_lines": 0, "num_statements": 3, "percent_covered": 0.0, "percent_covered_display": "0", "missing_lines": 3, "excluded_lines": 0, "num_branches": 0, "num_partial_branches": 0, "covered_branches": 0, "missing_branches": 0}, "missing_lines": [24, 25, 26], "excluded_lines": [], "executed_branches": [], "missing_branches": []}, "NotificationStack.__init__": {"executed_lines": [], "summary": {"covered_lines": 0, "num_statements": 18, "percent_covered": 0.0, "percent_covered_display": "0", "missing_lines": 18, "excluded_lines": 0, "num_branches": 4, "num_partial_branches": 0, "covered_branches": 0, "missing_branches": 4}, "missing_lines": [46, 48, 49, 56, 82, 95, 108, 121, 122, 124, 133, 142, 151, 160, 161, 162, 163, 166], "excluded_lines": [], "executed_branches": [], "missing_branches": [[121, 122], [121, 160], [122, 124], [122, 160]]}, "NotificationStack._create_topic_policy": {"executed_lines": [], "summary": {"covered_lines": 0, "num_statements": 1, "percent_covered": 0.0, "percent_covered_display": "0", "missing_lines": 1, "excluded_lines": 0, "num_branches": 0, "num_partial_branches": 0, "covered_branches": 0, "missing_branches": 0}, "missing_lines": [176], "excluded_lines": [], "executed_branches": [], "missing_branches": []}, "": {"executed_lines": [1, 8, 9, 10, 11, 12, 15, 16, 18, 29, 30, 40, 173], "summary": {"covered_lines": 10, "num_statements": 10, "percent_covered": 100.0, "percent_covered_display": "100", "missing_lines": 0, "excluded_lines": 0, "num_branches": 0, "num_partial_branches": 0, "covered_branches": 0, "missing_branches": 0}, "missing_lines": [], "excluded_lines": [], "executed_branches": [], "missing_branches": []}}, "classes": {"NotificationStackArgs": {"executed_lines": [], "summary": {"covered_lines": 0, "num_statements": 3, "percent_covered": 0.0, "percent_covered_display": "0", "missing_lines": 3, "excluded_lines": 0, "num_branches": 0, "num_partial_branches": 0, "covered_branches": 0, "missing_branches": 0}, "missing_lines": [24, 25, 26], "excluded_lines": [], "executed_branches": [], "missing_branches": []}, "NotificationStack": {"executed_lines": [], "summary": {"covered_lines": 0, "num_statements": 19, "percent_covered": 0.0, "percent_covered_display": "0", "missing_lines": 19, "excluded_lines": 0, "num_branches": 4, "num_partial_branches": 0, "covered_branches": 0, "missing_branches": 4}, "missing_lines": [46, 48, 49, 56, 82, 95, 108, 121, 122, 124, 133, 142, 151, 160, 161, 162, 163, 166, 176], "excluded_lines": [], "executed_branches": [], "missing_branches": [[121, 122], [121, 160], [122, 124], [122, 160]]}, "": {"executed_lines": [1, 8, 9, 10, 11, 12, 15, 16, 18, 29, 30, 40, 173], "summary": {"covered_lines": 10, "num_statements": 10, "percent_covered": 100.0, "percent_covered_display": "100", "missing_lines": 0, "excluded_lines": 0, "num_branches": 0, "num_partial_branches": 0, "covered_branches": 0, "missing_branches": 0}, "missing_lines": [], "excluded_lines": [], "executed_branches": [], "missing_branches": []}}}, "lib/parameter_store_stack.py": {"executed_lines": [1, 8, 9, 10, 11, 14, 15, 17, 32, 33, 44], "summary": {"covered_lines": 8, "num_statements": 31, "percent_covered": 25.806451612903224, "percent_covered_display": "26", "missing_lines": 23, "excluded_lines": 0, "num_branches": 0, "num_partial_branches": 0, "covered_branches": 0, "missing_branches": 0}, "missing_lines": [25, 26, 27, 28, 29, 50, 52, 53, 60, 75, 90, 106, 121, 137, 152, 167, 182, 197, 213, 228, 244, 259, 275], "excluded_lines": [], "executed_branches": [], "missing_branches": [], "functions": {"ParameterStoreStackArgs.__init__": {"executed_lines": [], "summary": {"covered_lines": 0, "num_statements": 5, "percent_covered": 0.0, "percent_covered_display": "0", "missing_lines": 5, "excluded_lines": 0, "num_branches": 0, "num_partial_branches": 0, "covered_branches": 0, "missing_branches": 0}, "missing_lines": [25, 26, 27, 28, 29], "excluded_lines": [], "executed_branches": [], "missing_branches": []}, "ParameterStoreStack.__init__": {"executed_lines": [], "summary": {"covered_lines": 0, "num_statements": 18, "percent_covered": 0.0, "percent_covered_display": "0", "missing_lines": 18, "excluded_lines": 0, "num_branches": 0, "num_partial_branches": 0, "covered_branches": 0, "missing_branches": 0}, "missing_lines": [50, 52, 53, 60, 75, 90, 106, 121, 137, 152, 167, 182, 197, 213, 228, 244, 259, 275], "excluded_lines": [], "executed_branches": [], "missing_branches": []}, "": {"executed_lines": [1, 8, 9, 10, 11, 14, 15, 17, 32, 33, 44], "summary": {"covered_lines": 8, "num_statements": 8, "percent_covered": 100.0, "percent_covered_display": "100", "missing_lines": 0, "excluded_lines": 0, "num_branches": 0, "num_partial_branches": 0, "covered_branches": 0, "missing_branches": 0}, "missing_lines": [], "excluded_lines": [], "executed_branches": [], "missing_branches": []}}, "classes": {"ParameterStoreStackArgs": {"executed_lines": [], "summary": {"covered_lines": 0, "num_statements": 5, "percent_covered": 0.0, "percent_covered_display": "0", "missing_lines": 5, "excluded_lines": 0, "num_branches": 0, "num_partial_branches": 0, "covered_branches": 0, "missing_branches": 0}, "missing_lines": [25, 26, 27, 28, 29], "excluded_lines": [], "executed_branches": [], "missing_branches": []}, "ParameterStoreStack": {"executed_lines": [], "summary": {"covered_lines": 0, "num_statements": 18, "percent_covered": 0.0, "percent_covered_display": "0", "missing_lines": 18, "excluded_lines": 0, "num_branches": 0, "num_partial_branches": 0, "covered_branches": 0, "missing_branches": 0}, "missing_lines": [50, 52, 53, 60, 75, 90, 106, 121, 137, 152, 167, 182, 197, 213, 228, 244, 259, 275], "excluded_lines": [], "executed_branches": [], "missing_branches": []}, "": {"executed_lines": [1, 8, 9, 10, 11, 14, 15, 17, 32, 33, 44], "summary": {"covered_lines": 8, "num_statements": 8, "percent_covered": 100.0, "percent_covered_display": "100", "missing_lines": 0, "excluded_lines": 0, "num_branches": 0, "num_partial_branches": 0, "covered_branches": 0, "missing_branches": 0}, "missing_lines": [], "excluded_lines": [], "executed_branches": [], "missing_branches": []}}}, "lib/stepfunctions_stack.py": {"executed_lines": [1, 8, 9, 10, 11, 12, 15, 16, 18, 37, 38, 48, 118, 293, 361, 453], "summary": {"covered_lines": 13, "num_statements": 33, "percent_covered": 39.39393939393939, "percent_covered_display": "39", "missing_lines": 20, "excluded_lines": 0, "num_branches": 0, "num_partial_branches": 0, "covered_branches": 0, "missing_branches": 0}, "missing_lines": [28, 29, 30, 31, 32, 33, 34, 54, 56, 57, 64, 67, 89, 111, 121, 296, 364, 385, 451, 456], "excluded_lines": [], "executed_branches": [], "missing_branches": [], "functions": {"StepFunctionsStackArgs.__init__": {"executed_lines": [], "summary": {"covered_lines": 0, "num_statements": 7, "percent_covered": 0.0, "percent_covered_display": "0", "missing_lines": 7, "excluded_lines": 0, "num_branches": 0, "num_partial_branches": 0, "covered_branches": 0, "missing_branches": 0}, "missing_lines": [28, 29, 30, 31, 32, 33, 34], "excluded_lines": [], "executed_branches": [], "missing_branches": []}, "StepFunctionsStack.__init__": {"executed_lines": [], "summary": {"covered_lines": 0, "num_statements": 7, "percent_covered": 0.0, "percent_covered_display": "0", "missing_lines": 7, "excluded_lines": 0, "num_branches": 0, "num_partial_branches": 0, "covered_branches": 0, "missing_branches": 0}, "missing_lines": [54, 56, 57, 64, 67, 89, 111], "excluded_lines": [], "executed_branches": [], "missing_branches": []}, "StepFunctionsStack._create_migration_definition": {"executed_lines": [], "summary": {"covered_lines": 0, "num_statements": 1, "percent_covered": 0.0, "percent_covered_display": "0", "missing_lines": 1, "excluded_lines": 0, "num_branches": 0, "num_partial_branches": 0, "covered_branches": 0, "missing_branches": 0}, "missing_lines": [121], "excluded_lines": [], "executed_branches": [], "missing_branches": []}, "StepFunctionsStack._create_rollback_definition": {"executed_lines": [], "summary": {"covered_lines": 0, "num_statements": 1, "percent_covered": 0.0, "percent_covered_display": "0", "missing_lines": 1, "excluded_lines": 0, "num_branches": 0, "num_partial_branches": 0, "covered_branches": 0, "missing_branches": 0}, "missing_lines": [296], "excluded_lines": [], "executed_branches": [], "missing_branches": []}, "StepFunctionsStack._create_state_machine_role": {"executed_lines": [], "summary": {"covered_lines": 0, "num_statements": 3, "percent_covered": 0.0, "percent_covered_display": "0", "missing_lines": 3, "excluded_lines": 0, "num_branches": 0, "num_partial_branches": 0, "covered_branches": 0, "missing_branches": 0}, "missing_lines": [364, 385, 451], "excluded_lines": [], "executed_branches": [], "missing_branches": []}, "StepFunctionsStack._create_log_group": {"executed_lines": [], "summary": {"covered_lines": 0, "num_statements": 1, "percent_covered": 0.0, "percent_covered_display": "0", "missing_lines": 1, "excluded_lines": 0, "num_branches": 0, "num_partial_branches": 0, "covered_branches": 0, "missing_branches": 0}, "missing_lines": [456], "excluded_lines": [], "executed_branches": [], "missing_branches": []}, "": {"executed_lines": [1, 8, 9, 10, 11, 12, 15, 16, 18, 37, 38, 48, 118, 293, 361, 453], "summary": {"covered_lines": 13, "num_statements": 13, "percent_covered": 100.0, "percent_covered_display": "100", "missing_lines": 0, "excluded_lines": 0, "num_branches": 0, "num_partial_branches": 0, "covered_branches": 0, "missing_branches": 0}, "missing_lines": [], "excluded_lines": [], "executed_branches": [], "missing_branches": []}}, "classes": {"StepFunctionsStackArgs": {"executed_lines": [], "summary": {"covered_lines": 0, "num_statements": 7, "percent_covered": 0.0, "percent_covered_display": "0", "missing_lines": 7, "excluded_lines": 0, "num_branches": 0, "num_partial_branches": 0, "covered_branches": 0, "missing_branches": 0}, "missing_lines": [28, 29, 30, 31, 32, 33, 34], "excluded_lines": [], "executed_branches": [], "missing_branches": []}, "StepFunctionsStack": {"executed_lines": [], "summary": {"covered_lines": 0, "num_statements": 13, "percent_covered": 0.0, "percent_covered_display": "0", "missing_lines": 13, "excluded_lines": 0, "num_branches": 0, "num_partial_branches": 0, "covered_branches": 0, "missing_branches": 0}, "missing_lines": [54, 56, 57, 64, 67, 89, 111, 121, 296, 364, 385, 451, 456], "excluded_lines": [], "executed_branches": [], "missing_branches": []}, "": {"executed_lines": [1, 8, 9, 10, 11, 12, 15, 16, 18, 37, 38, 48, 118, 293, 361, 453], "summary": {"covered_lines": 13, "num_statements": 13, "percent_covered": 100.0, "percent_covered_display": "100", "missing_lines": 0, "excluded_lines": 0, "num_branches": 0, "num_partial_branches": 0, "covered_branches": 0, "missing_branches": 0}, "missing_lines": [], "excluded_lines": [], "executed_branches": [], "missing_branches": []}}}, "lib/storage_stack.py": {"executed_lines": [1, 8, 9, 10, 11, 12, 15, 16, 18, 23, 24, 27, 28, 39], "summary": {"covered_lines": 11, "num_statements": 21, "percent_covered": 52.38095238095238, "percent_covered_display": "52", "missing_lines": 10, "excluded_lines": 0, "num_branches": 0, "num_partial_branches": 0, "covered_branches": 0, "missing_branches": 0}, "missing_lines": [45, 47, 48, 55, 96, 107, 138, 149, 180, 191], "excluded_lines": [], "executed_branches": [], "missing_branches": [], "functions": {"StorageStackArgs.__init__": {"executed_lines": [23, 24], "summary": {"covered_lines": 2, "num_statements": 2, "percent_covered": 100.0, "percent_covered_display": "100", "missing_lines": 0, "excluded_lines": 0, "num_branches": 0, "num_partial_branches": 0, "covered_branches": 0, "missing_branches": 0}, "missing_lines": [], "excluded_lines": [], "executed_branches": [], "missing_branches": []}, "StorageStack.__init__": {"executed_lines": [], "summary": {"covered_lines": 0, "num_statements": 10, "percent_covered": 0.0, "percent_covered_display": "0", "missing_lines": 10, "excluded_lines": 0, "num_branches": 0, "num_partial_branches": 0, "covered_branches": 0, "missing_branches": 0}, "missing_lines": [45, 47, 48, 55, 96, 107, 138, 149, 180, 191], "excluded_lines": [], "executed_branches": [], "missing_branches": []}, "": {"executed_lines": [1, 8, 9, 10, 11, 12, 15, 16, 18, 27, 28, 39], "summary": {"covered_lines": 9, "num_statements": 9, "percent_covered": 100.0, "percent_covered_display": "100", "missing_lines": 0, "excluded_lines": 0, "num_branches": 0, "num_partial_branches": 0, "covered_branches": 0, "missing_branches": 0}, "missing_lines": [], "excluded_lines": [], "executed_branches": [], "missing_branches": []}}, "classes": {"StorageStackArgs": {"executed_lines": [23, 24], "summary": {"covered_lines": 2, "num_statements": 2, "percent_covered": 100.0, "percent_covered_display": "100", "missing_lines": 0, "excluded_lines": 0, "num_branches": 0, "num_partial_branches": 0, "covered_branches": 0, "missing_branches": 0}, "missing_lines": [], "excluded_lines": [], "executed_branches": [], "missing_branches": []}, "StorageStack": {"executed_lines": [], "summary": {"covered_lines": 0, "num_statements": 10, "percent_covered": 0.0, "percent_covered_display": "0", "missing_lines": 10, "excluded_lines": 0, "num_branches": 0, "num_partial_branches": 0, "covered_branches": 0, "missing_branches": 0}, "missing_lines": [45, 47, 48, 55, 96, 107, 138, 149, 180, 191], "excluded_lines": [], "executed_branches": [], "missing_branches": []}, "": {"executed_lines": [1, 8, 9, 10, 11, 12, 15, 16, 18, 27, 28, 39], "summary": {"covered_lines": 9, "num_statements": 9, "percent_covered": 100.0, "percent_covered_display": "100", "missing_lines": 0, "excluded_lines": 0, "num_branches": 0, "num_partial_branches": 0, "covered_branches": 0, "missing_branches": 0}, "missing_lines": [], "excluded_lines": [], "executed_branches": [], "missing_branches": []}}}, "lib/tap_stack.py": {"executed_lines": [1, 11, 12, 13, 16, 17, 18, 19, 20, 21, 22, 23, 24, 25, 28, 29, 38, 44, 45, 46, 49, 50, 71], "summary": {"covered_lines": 20, "num_statements": 34, "percent_covered": 58.8235294117647, "percent_covered_display": "59", "missing_lines": 14, "excluded_lines": 0, "num_branches": 0, "num_partial_branches": 0, "covered_branches": 0, "missing_branches": 0}, "missing_lines": [77, 79, 80, 88, 101, 111, 122, 138, 155, 171, 185, 198, 216, 243], "excluded_lines": [], "executed_branches": [], "missing_branches": [], "functions": {"TapStackArgs.__init__": {"executed_lines": [44, 45, 46], "summary": {"covered_lines": 3, "num_statements": 3, "percent_covered": 100.0, "percent_covered_display": "100", "missing_lines": 0, "excluded_lines": 0, "num_branches": 0, "num_partial_branches": 0, "covered_branches": 0, "missing_branches": 0}, "missing_lines": [], "excluded_lines": [], "executed_branches": [], "missing_branches": []}, "TapStack.__init__": {"executed_lines": [], "summary": {"covered_lines": 0, "num_statements": 14, "percent_covered": 0.0, "percent_covered_display": "0", "missing_lines": 14, "excluded_lines": 0, "num_branches": 0, "num_partial_branches": 0, "covered_branches": 0, "missing_branches": 0}, "missing_lines": [77, 79, 80, 88, 101, 111, 122, 138, 155, 171, 185, 198, 216, 243], "excluded_lines": [], "executed_branches": [], "missing_branches": []}, "": {"executed_lines": [1, 11, 12, 13, 16, 17, 18, 19, 20, 21, 22, 23, 24, 25, 28, 29, 38, 49, 50, 71], "summary": {"covered_lines": 17, "num_statements": 17, "percent_covered": 100.0, "percent_covered_display": "100", "missing_lines": 0, "excluded_lines": 0, "num_branches": 0, "num_partial_branches": 0, "covered_branches": 0, "missing_branches": 0}, "missing_lines": [], "excluded_lines": [], "executed_branches": [], "missing_branches": []}}, "classes": {"TapStackArgs": {"executed_lines": [44, 45, 46], "summary": {"covered_lines": 3, "num_statements": 3, "percent_covered": 100.0, "percent_covered_display": "100", "missing_lines": 0, "excluded_lines": 0, "num_branches": 0, "num_partial_branches": 0, "covered_branches": 0, "missing_branches": 0}, "missing_lines": [], "excluded_lines": [], "executed_branches": [], "missing_branches": []}, "TapStack": {"executed_lines": [], "summary": {"covered_lines": 0, "num_statements": 14, "percent_covered": 0.0, "percent_covered_display": "0", "missing_lines": 14, "excluded_lines": 0, "num_branches": 0, "num_partial_branches": 0, "covered_branches": 0, "missing_branches": 0}, "missing_lines": [77, 79, 80, 88, 101, 111, 122, 138, 155, 171, 185, 198, 216, 243], "excluded_lines": [], "executed_branches": [], "missing_branches": []}, "": {"executed_lines": [1, 11, 12, 13, 16, 17, 18, 19, 20, 21, 22, 23, 24, 25, 28, 29, 38, 49, 50, 71], "summary": {"covered_lines": 17, "num_statements": 17, "percent_covered": 100.0, "percent_covered_display": "100", "missing_lines": 0, "excluded_lines": 0, "num_branches": 0, "num_partial_branches": 0, "covered_branches": 0, "missing_branches": 0}, "missing_lines": [], "excluded_lines": [], "executed_branches": [], "missing_branches": []}}}}, "totals": {"covered_lines": 151, "num_statements": 424, "percent_covered": 33.04347826086956, "percent_covered_display": "33", "missing_lines": 273, "excluded_lines": 0, "num_branches": 36, "num_partial_branches": 1, "covered_branches": 1, "missing_branches": 35}}