{"meta": {"format": 3, "version": "7.10.6", "timestamp": "2025-10-03T18:27:42.651245", "branch_coverage": true, "show_contexts": false}, "files": {"lib/__init__.py": {"executed_lines": [], "summary": {"covered_lines": 0, "num_statements": 0, "percent_covered": 100.0, "percent_covered_display": "100", "missing_lines": 0, "excluded_lines": 0, "num_branches": 0, "num_partial_branches": 0, "covered_branches": 0, "missing_branches": 0}, "missing_lines": [], "excluded_lines": [], "executed_branches": [], "missing_branches": [], "functions": {"": {"executed_lines": [], "summary": {"covered_lines": 0, "num_statements": 0, "percent_covered": 100.0, "percent_covered_display": "100", "missing_lines": 0, "excluded_lines": 0, "num_branches": 0, "num_partial_branches": 0, "covered_branches": 0, "missing_branches": 0}, "missing_lines": [], "excluded_lines": [], "executed_branches": [], "missing_branches": []}}, "classes": {"": {"executed_lines": [], "summary": {"covered_lines": 0, "num_statements": 0, "percent_covered": 100.0, "percent_covered_display": "100", "missing_lines": 0, "excluded_lines": 0, "num_branches": 0, "num_partial_branches": 0, "covered_branches": 0, "missing_branches": 0}, "missing_lines": [], "excluded_lines": [], "executed_branches": [], "missing_branches": []}}}, "lib/content_moderation_stack.py": {"executed_lines": [1, 3, 4, 5, 6, 10, 14, 15, 20, 21, 22, 23, 24, 25, 26, 27, 28, 29, 30, 31, 32, 33, 34, 37, 38, 40, 49, 52, 59, 68, 81, 91, 110, 139, 148, 162, 170, 183, 191, 268, 293, 318, 342, 355, 362, 392, 471, 480, 526, 534, 549, 567], "summary": {"covered_lines": 50, "num_statements": 50, "percent_covered": 100.0, "percent_covered_display": "100", "missing_lines": 0, "excluded_lines": 0, "num_branches": 0, "num_partial_branches": 0, "covered_branches": 0, "missing_branches": 0}, "missing_lines": [], "excluded_lines": [], "executed_branches": [], "missing_branches": [], "functions": {"ContentModerationStack.__init__": {"executed_lines": [49, 52, 59, 68, 81, 91, 110, 139, 148, 162, 170, 183, 191, 268, 293, 318, 342, 355, 362, 392, 471, 480, 526, 534, 549, 567], "summary": {"covered_lines": 26, "num_statements": 26, "percent_covered": 100.0, "percent_covered_display": "100", "missing_lines": 0, "excluded_lines": 0, "num_branches": 0, "num_partial_branches": 0, "covered_branches": 0, "missing_branches": 0}, "missing_lines": [], "excluded_lines": [], "executed_branches": [], "missing_branches": []}, "": {"executed_lines": [1, 3, 4, 5, 6, 10, 14, 15, 20, 21, 22, 23, 24, 25, 26, 27, 28, 29, 30, 31, 32, 33, 34, 37, 38, 40], "summary": {"covered_lines": 24, "num_statements": 24, "percent_covered": 100.0, "percent_covered_display": "100", "missing_lines": 0, "excluded_lines": 0, "num_branches": 0, "num_partial_branches": 0, "covered_branches": 0, "missing_branches": 0}, "missing_lines": [], "excluded_lines": [], "executed_branches": [], "missing_branches": []}}, "classes": {"ContentModerationStack": {"executed_lines": [49, 52, 59, 68, 81, 91, 110, 139, 148, 162, 170, 183, 191, 268, 293, 318, 342, 355, 362, 392, 471, 480, 526, 534, 549, 567], "summary": {"covered_lines": 26, "num_statements": 26, "percent_covered": 100.0, "percent_covered_display": "100", "missing_lines": 0, "excluded_lines": 0, "num_branches": 0, "num_partial_branches": 0, "covered_branches": 0, "missing_branches": 0}, "missing_lines": [], "excluded_lines": [], "executed_branches": [], "missing_branches": []}, "": {"executed_lines": [1, 3, 4, 5, 6, 10, 14, 15, 20, 21, 22, 23, 24, 25, 26, 27, 28, 29, 30, 31, 32, 33, 34, 37, 38, 40], "summary": {"covered_lines": 24, "num_statements": 24, "percent_covered": 100.0, "percent_covered_display": "100", "missing_lines": 0, "excluded_lines": 0, "num_branches": 0, "num_partial_branches": 0, "covered_branches": 0, "missing_branches": 0}, "missing_lines": [], "excluded_lines": [], "executed_branches": [], "missing_branches": []}}}, "lib/lambda/image_moderation.py": {"executed_lines": [1, 2, 3, 4, 7, 8, 9, 10, 12, 15, 16, 18, 19, 20, 21, 22, 23, 24, 26, 27, 28, 29, 31, 34, 36, 37, 38, 39, 42, 52, 55, 56, 58, 59, 60, 61, 68, 69, 71, 82, 85, 86, 93, 99, 106, 107, 108], "summary": {"covered_lines": 47, "num_statements": 48, "percent_covered": 96.7741935483871, "percent_covered_display": "97", "missing_lines": 1, "excluded_lines": 0, "num_branches": 14, "num_partial_branches": 1, "covered_branches": 13, "missing_branches": 1}, "missing_lines": [17], "excluded_lines": [], "executed_branches": [[16, 18], [18, 19], [18, 20], [20, 21], [20, 22], [22, 23], [22, 24], [58, 59], [58, 68], [59, 58], [59, 60], [85, 86], [85, 99]], "missing_branches": [[16, 17]], "functions": {"get_clients": {"executed_lines": [15, 16, 18, 19, 20, 21, 22, 23, 24], "summary": {"covered_lines": 9, "num_statements": 10, "percent_covered": 88.88888888888889, "percent_covered_display": "89", "missing_lines": 1, "excluded_lines": 0, "num_branches": 8, "num_partial_branches": 1, "covered_branches": 7, "missing_branches": 1}, "missing_lines": [17], "excluded_lines": [], "executed_branches": [[16, 18], [18, 19], [18, 20], [20, 21], [20, 22], [22, 23], [22, 24]], "missing_branches": [[16, 17]]}, "handler": {"executed_lines": [34, 36, 37, 38, 39, 42, 52, 55, 56, 58, 59, 60, 61, 68, 69, 71, 82, 85, 86, 93, 99, 106, 107, 108], "summary": {"covered_lines": 24, "num_statements": 24, "percent_covered": 100.0, "percent_covered_display": "100", "missing_lines": 0, "excluded_lines": 0, "num_branches": 6, "num_partial_branches": 0, "covered_branches": 6, "missing_branches": 0}, "missing_lines": [], "excluded_lines": [], "executed_branches": [[58, 59], [58, 68], [59, 58], [59, 60], [85, 86], [85, 99]], "missing_branches": []}, "": {"executed_lines": [1, 2, 3, 4, 7, 8, 9, 10, 12, 26, 27, 28, 29, 31], "summary": {"covered_lines": 14, "num_statements": 14, "percent_covered": 100.0, "percent_covered_display": "100", "missing_lines": 0, "excluded_lines": 0, "num_branches": 0, "num_partial_branches": 0, "covered_branches": 0, "missing_branches": 0}, "missing_lines": [], "excluded_lines": [], "executed_branches": [], "missing_branches": []}}, "classes": {"": {"executed_lines": [1, 2, 3, 4, 7, 8, 9, 10, 12, 15, 16, 18, 19, 20, 21, 22, 23, 24, 26, 27, 28, 29, 31, 34, 36, 37, 38, 39, 42, 52, 55, 56, 58, 59, 60, 61, 68, 69, 71, 82, 85, 86, 93, 99, 106, 107, 108], "summary": {"covered_lines": 47, "num_statements": 48, "percent_covered": 96.7741935483871, "percent_covered_display": "97", "missing_lines": 1, "excluded_lines": 0, "num_branches": 14, "num_partial_branches": 1, "covered_branches": 13, "missing_branches": 1}, "missing_lines": [17], "excluded_lines": [], "executed_branches": [[16, 18], [18, 19], [18, 20], [20, 21], [20, 22], [22, 23], [22, 24], [58, 59], [58, 68], [59, 58], [59, 60], [85, 86], [85, 99]], "missing_branches": [[16, 17]]}}}, "lib/lambda/result_processor.py": {"executed_lines": [1, 2, 3, 4, 7, 8, 10, 13, 14, 16, 17, 18, 20, 21, 23, 26, 28, 29, 30, 33, 36, 43, 45, 58, 59, 60, 62, 63, 64, 65, 66, 69, 75, 81, 82, 83], "summary": {"covered_lines": 36, "num_statements": 37, "percent_covered": 91.83673469387755, "percent_covered_display": "92", "missing_lines": 1, "excluded_lines": 0, "num_branches": 12, "num_partial_branches": 3, "covered_branches": 9, "missing_branches": 3}, "missing_lines": [15], "excluded_lines": [], "executed_branches": [[14, 16], [16, 17], [16, 18], [43, 45], [58, 59], [58, 75], [60, 62], [60, 75], [63, 64]], "missing_branches": [[14, 15], [43, 58], [63, 75]], "functions": {"get_clients": {"executed_lines": [13, 14, 16, 17, 18], "summary": {"covered_lines": 5, "num_statements": 6, "percent_covered": 80.0, "percent_covered_display": "80", "missing_lines": 1, "excluded_lines": 0, "num_branches": 4, "num_partial_branches": 1, "covered_branches": 3, "missing_branches": 1}, "missing_lines": [15], "excluded_lines": [], "executed_branches": [[14, 16], [16, 17], [16, 18]], "missing_branches": [[14, 15]]}, "handler": {"executed_lines": [26, 28, 29, 30, 33, 36, 43, 45, 58, 59, 60, 62, 63, 64, 65, 66, 69, 75, 81, 82, 83], "summary": {"covered_lines": 21, "num_statements": 21, "percent_covered": 93.10344827586206, "percent_covered_display": "93", "missing_lines": 0, "excluded_lines": 0, "num_branches": 8, "num_partial_branches": 2, "covered_branches": 6, "missing_branches": 2}, "missing_lines": [], "excluded_lines": [], "executed_branches": [[43, 45], [58, 59], [58, 75], [60, 62], [60, 75], [63, 64]], "missing_branches": [[43, 58], [63, 75]]}, "": {"executed_lines": [1, 2, 3, 4, 7, 8, 10, 20, 21, 23], "summary": {"covered_lines": 10, "num_statements": 10, "percent_covered": 100.0, "percent_covered_display": "100", "missing_lines": 0, "excluded_lines": 0, "num_branches": 0, "num_partial_branches": 0, "covered_branches": 0, "missing_branches": 0}, "missing_lines": [], "excluded_lines": [], "executed_branches": [], "missing_branches": []}}, "classes": {"": {"executed_lines": [1, 2, 3, 4, 7, 8, 10, 13, 14, 16, 17, 18, 20, 21, 23, 26, 28, 29, 30, 33, 36, 43, 45, 58, 59, 60, 62, 63, 64, 65, 66, 69, 75, 81, 82, 83], "summary": {"covered_lines": 36, "num_statements": 37, "percent_covered": 91.83673469387755, "percent_covered_display": "92", "missing_lines": 1, "excluded_lines": 0, "num_branches": 12, "num_partial_branches": 3, "covered_branches": 9, "missing_branches": 3}, "missing_lines": [15], "excluded_lines": [], "executed_branches": [[14, 16], [16, 17], [16, 18], [43, 45], [58, 59], [58, 75], [60, 62], [60, 75], [63, 64]], "missing_branches": [[14, 15], [43, 58], [63, 75]]}}}, "lib/lambda/text_moderation.py": {"executed_lines": [1, 2, 3, 4, 7, 8, 9, 10, 11, 13, 16, 17, 19, 21, 23, 24, 25, 26, 27, 29, 30, 31, 32, 34, 37, 39, 40, 41, 42, 45, 46, 49, 52, 53, 54, 56, 57, 62, 63, 64, 65, 67, 68, 69, 75, 80, 81, 84, 87, 88, 90, 104, 107, 108, 116, 122], "summary": {"covered_lines": 56, "num_statements": 62, "percent_covered": 88.0952380952381, "percent_covered_display": "88", "missing_lines": 6, "excluded_lines": 0, "num_branches": 22, "num_partial_branches": 4, "covered_branches": 18, "missing_branches": 4}, "missing_lines": [18, 20, 22, 129, 130, 131], "excluded_lines": [], "executed_branches": [[17, 19], [19, 21], [21, 23], [23, 24], [23, 25], [25, 26], [25, 27], [56, 57], [56, 75], [62, 56], [62, 63], [64, 65], [64, 67], [67, 62], [67, 68], [68, 69], [107, 108], [107, 122]], "missing_branches": [[17, 18], [19, 20], [21, 22], [68, 67]], "functions": {"get_clients": {"executed_lines": [16, 17, 19, 21, 23, 24, 25, 26, 27], "summary": {"covered_lines": 9, "num_statements": 12, "percent_covered": 72.72727272727273, "percent_covered_display": "73", "missing_lines": 3, "excluded_lines": 0, "num_branches": 10, "num_partial_branches": 3, "covered_branches": 7, "missing_branches": 3}, "missing_lines": [18, 20, 22], "excluded_lines": [], "executed_branches": [[17, 19], [19, 21], [21, 23], [23, 24], [23, 25], [25, 26], [25, 27]], "missing_branches": [[17, 18], [19, 20], [21, 22]]}, "handler": {"executed_lines": [37, 39, 40, 41, 42, 45, 46, 49, 52, 53, 54, 56, 57, 62, 63, 64, 65, 67, 68, 69, 75, 80, 81, 84, 87, 88, 90, 104, 107, 108, 116, 122], "summary": {"covered_lines": 32, "num_statements": 35, "percent_covered": 91.48936170212765, "percent_covered_display": "91", "missing_lines": 3, "excluded_lines": 0, "num_branches": 12, "num_partial_branches": 1, "covered_branches": 11, "missing_branches": 1}, "missing_lines": [129, 130, 131], "excluded_lines": [], "executed_branches": [[56, 57], [56, 75], [62, 56], [62, 63], [64, 65], [64, 67], [67, 62], [67, 68], [68, 69], [107, 108], [107, 122]], "missing_branches": [[68, 67]]}, "": {"executed_lines": [1, 2, 3, 4, 7, 8, 9, 10, 11, 13, 29, 30, 31, 32, 34], "summary": {"covered_lines": 15, "num_statements": 15, "percent_covered": 100.0, "percent_covered_display": "100", "missing_lines": 0, "excluded_lines": 0, "num_branches": 0, "num_partial_branches": 0, "covered_branches": 0, "missing_branches": 0}, "missing_lines": [], "excluded_lines": [], "executed_branches": [], "missing_branches": []}}, "classes": {"": {"executed_lines": [1, 2, 3, 4, 7, 8, 9, 10, 11, 13, 16, 17, 19, 21, 23, 24, 25, 26, 27, 29, 30, 31, 32, 34, 37, 39, 40, 41, 42, 45, 46, 49, 52, 53, 54, 56, 57, 62, 63, 64, 65, 67, 68, 69, 75, 80, 81, 84, 87, 88, 90, 104, 107, 108, 116, 122], "summary": {"covered_lines": 56, "num_statements": 62, "percent_covered": 88.0952380952381, "percent_covered_display": "88", "missing_lines": 6, "excluded_lines": 0, "num_branches": 22, "num_partial_branches": 4, "covered_branches": 18, "missing_branches": 4}, "missing_lines": [18, 20, 22, 129, 130, 131], "excluded_lines": [], "executed_branches": [[17, 19], [19, 21], [21, 23], [23, 24], [23, 25], [25, 26], [25, 27], [56, 57], [56, 75], [62, 56], [62, 63], [64, 65], [64, 67], [67, 62], [67, 68], [68, 69], [107, 108], [107, 122]], "missing_branches": [[17, 18], [19, 20], [21, 22], [68, 67]]}}}, "lib/tap_stack.py": {"executed_lines": [1, 3, 4, 5, 6, 9, 10, 12, 19, 22, 23, 24, 25, 26, 29, 37, 48], "summary": {"covered_lines": 15, "num_statements": 15, "percent_covered": 100.0, "percent_covered_display": "100", "missing_lines": 0, "excluded_lines": 0, "num_branches": 0, "num_partial_branches": 0, "covered_branches": 0, "missing_branches": 0}, "missing_lines": [], "excluded_lines": [], "executed_branches": [], "missing_branches": [], "functions": {"TapStack.__init__": {"executed_lines": [19, 22, 23, 24, 25, 26, 29, 37, 48], "summary": {"covered_lines": 9, "num_statements": 9, "percent_covered": 100.0, "percent_covered_display": "100", "missing_lines": 0, "excluded_lines": 0, "num_branches": 0, "num_partial_branches": 0, "covered_branches": 0, "missing_branches": 0}, "missing_lines": [], "excluded_lines": [], "executed_branches": [], "missing_branches": []}, "": {"executed_lines": [1, 3, 4, 5, 6, 9, 10, 12], "summary": {"covered_lines": 6, "num_statements": 6, "percent_covered": 100.0, "percent_covered_display": "100", "missing_lines": 0, "excluded_lines": 0, "num_branches": 0, "num_partial_branches": 0, "covered_branches": 0, "missing_branches": 0}, "missing_lines": [], "excluded_lines": [], "executed_branches": [], "missing_branches": []}}, "classes": {"TapStack": {"executed_lines": [19, 22, 23, 24, 25, 26, 29, 37, 48], "summary": {"covered_lines": 9, "num_statements": 9, "percent_covered": 100.0, "percent_covered_display": "100", "missing_lines": 0, "excluded_lines": 0, "num_branches": 0, "num_partial_branches": 0, "covered_branches": 0, "missing_branches": 0}, "missing_lines": [], "excluded_lines": [], "executed_branches": [], "missing_branches": []}, "": {"executed_lines": [1, 3, 4, 5, 6, 9, 10, 12], "summary": {"covered_lines": 6, "num_statements": 6, "percent_covered": 100.0, "percent_covered_display": "100", "missing_lines": 0, "excluded_lines": 0, "num_branches": 0, "num_partial_branches": 0, "covered_branches": 0, "missing_branches": 0}, "missing_lines": [], "excluded_lines": [], "executed_branches": [], "missing_branches": []}}}}, "totals": {"covered_lines": 204, "num_statements": 212, "percent_covered": 93.84615384615384, "percent_covered_display": "94", "missing_lines": 8, "excluded_lines": 0, "num_branches": 48, "num_partial_branches": 8, "covered_branches": 40, "missing_branches": 8}}