{"meta": {"format": 3, "version": "7.11.3", "timestamp": "2025-11-19T13:18:35.201507", "branch_coverage": true, "show_contexts": false}, "files": {"lib/__init__.py": {"executed_lines": [], "summary": {"covered_lines": 0, "num_statements": 0, "percent_covered": 100.0, "percent_covered_display": "100", "missing_lines": 0, "excluded_lines": 0, "num_branches": 0, "num_partial_branches": 0, "covered_branches": 0, "missing_branches": 0}, "missing_lines": [], "excluded_lines": [], "executed_branches": [], "missing_branches": [], "functions": {"": {"executed_lines": [], "summary": {"covered_lines": 0, "num_statements": 0, "percent_covered": 100.0, "percent_covered_display": "100", "missing_lines": 0, "excluded_lines": 0, "num_branches": 0, "num_partial_branches": 0, "covered_branches": 0, "missing_branches": 0}, "missing_lines": [], "excluded_lines": [], "executed_branches": [], "missing_branches": []}}, "classes": {"": {"executed_lines": [], "summary": {"covered_lines": 0, "num_statements": 0, "percent_covered": 100.0, "percent_covered_display": "100", "missing_lines": 0, "excluded_lines": 0, "num_branches": 0, "num_partial_branches": 0, "covered_branches": 0, "missing_branches": 0}, "missing_lines": [], "excluded_lines": [], "executed_branches": [], "missing_branches": []}}}, "lib/tap_stack.py": {"executed_lines": [1, 19, 20, 21, 22, 23, 26, 27, 29, 30, 33, 34, 36, 37, 39, 40, 43, 44, 47, 53, 60, 61, 62, 63, 64, 65, 66, 67, 68, 70, 76, 80, 90, 100, 110, 119, 129, 137, 145, 152, 160, 170, 180, 190, 199, 209, 217, 225, 232, 240, 250, 259, 267, 276, 286, 297, 309, 321, 325, 336, 343, 350, 358, 369, 376, 385, 396, 405, 423, 441, 454, 467, 475, 483, 491, 500, 510, 522, 523, 525, 543, 551, 559, 568, 578, 590, 592, 609, 617, 627, 637, 648, 658, 668, 678, 682, 691, 700, 728, 736, 771, 784, 788, 796, 817, 827, 854, 865, 873, 894, 918, 929, 936, 944, 955, 962, 969, 977, 995, 1004, 1008, 1023, 1052, 1067, 1096, 1104, 1111, 1120, 1128, 1135, 1145, 1151, 1157, 1161, 1169, 1178, 1209, 1216, 1247, 1255, 1271], "summary": {"covered_lines": 138, "num_statements": 142, "percent_covered": 95.89041095890411, "percent_covered_display": "96", "missing_lines": 4, "excluded_lines": 0, "num_branches": 4, "num_partial_branches": 2, "covered_branches": 2, "missing_branches": 2}, "missing_lines": [526, 534, 593, 601], "excluded_lines": [], "executed_branches": [[525, 543], [592, -467]], "missing_branches": [[525, 526], [592, 593]], "functions": {"TapStackArgs.__init__": {"executed_lines": [30], "summary": {"covered_lines": 1, "num_statements": 1, "percent_covered": 100.0, "percent_covered_display": "100", "missing_lines": 0, "excluded_lines": 0, "num_branches": 0, "num_partial_branches": 0, "covered_branches": 0, "missing_branches": 0}, "missing_lines": [], "excluded_lines": [], "executed_branches": [], "missing_branches": []}, "TapStack.__init__": {"executed_lines": [37, 39, 40, 43, 44, 47, 53, 60, 61, 62, 63, 64, 65, 66, 67, 68, 70], "summary": {"covered_lines": 17, "num_statements": 17, "percent_covered": 100.0, "percent_covered_display": "100", "missing_lines": 0, "excluded_lines": 0, "num_branches": 0, "num_partial_branches": 0, "covered_branches": 0, "missing_branches": 0}, "missing_lines": [], "excluded_lines": [], "executed_branches": [], "missing_branches": []}, "TapStack._create_networking": {"executed_lines": [80, 90, 100, 110, 119, 129, 137, 145, 152, 160, 170, 180, 190, 199, 209, 217, 225, 232, 240, 250, 259, 267, 276, 286, 297, 309], "summary": {"covered_lines": 26, "num_statements": 26, "percent_covered": 100.0, "percent_covered_display": "100", "missing_lines": 0, "excluded_lines": 0, "num_branches": 0, "num_partial_branches": 0, "covered_branches": 0, "missing_branches": 0}, "missing_lines": [], "excluded_lines": [], "executed_branches": [], "missing_branches": []}, "TapStack._create_iam_roles": {"executed_lines": [325, 336, 343, 350, 358, 369], "summary": {"covered_lines": 6, "num_statements": 6, "percent_covered": 100.0, "percent_covered_display": "100", "missing_lines": 0, "excluded_lines": 0, "num_branches": 0, "num_partial_branches": 0, "covered_branches": 0, "missing_branches": 0}, "missing_lines": [], "excluded_lines": [], "executed_branches": [], "missing_branches": []}, "TapStack._create_global_accelerator": {"executed_lines": [385, 396, 405, 423, 441, 454], "summary": {"covered_lines": 6, "num_statements": 6, "percent_covered": 100.0, "percent_covered_display": "100", "missing_lines": 0, "excluded_lines": 0, "num_branches": 0, "num_partial_branches": 0, "covered_branches": 0, "missing_branches": 0}, "missing_lines": [], "excluded_lines": [], "executed_branches": [], "missing_branches": []}, "TapStack._create_api_gateway": {"executed_lines": [475, 483, 491, 500, 510, 522, 523, 525, 543, 551, 559, 568, 578, 590, 592], "summary": {"covered_lines": 15, "num_statements": 19, "percent_covered": 73.91304347826087, "percent_covered_display": "74", "missing_lines": 4, "excluded_lines": 0, "num_branches": 4, "num_partial_branches": 2, "covered_branches": 2, "missing_branches": 2}, "missing_lines": [526, 534, 593, 601], "excluded_lines": [], "executed_branches": [[525, 543], [592, -467]], "missing_branches": [[525, 526], [592, 593]]}, "TapStack._create_parameter_store": {"executed_lines": [617, 627, 637, 648, 658, 668], "summary": {"covered_lines": 6, "num_statements": 6, "percent_covered": 100.0, "percent_covered_display": "100", "missing_lines": 0, "excluded_lines": 0, "num_branches": 0, "num_partial_branches": 0, "covered_branches": 0, "missing_branches": 0}, "missing_lines": [], "excluded_lines": [], "executed_branches": [], "missing_branches": []}, "TapStack._create_storage": {"executed_lines": [682, 691, 700, 728, 736, 771], "summary": {"covered_lines": 6, "num_statements": 6, "percent_covered": 100.0, "percent_covered_display": "100", "missing_lines": 0, "excluded_lines": 0, "num_branches": 0, "num_partial_branches": 0, "covered_branches": 0, "missing_branches": 0}, "missing_lines": [], "excluded_lines": [], "executed_branches": [], "missing_branches": []}, "TapStack._create_databases": {"executed_lines": [788, 796, 817, 827, 854, 865, 873, 894, 918, 929, 936, 944, 955, 962, 969, 977, 995], "summary": {"covered_lines": 17, "num_statements": 17, "percent_covered": 100.0, "percent_covered_display": "100", "missing_lines": 0, "excluded_lines": 0, "num_branches": 0, "num_partial_branches": 0, "covered_branches": 0, "missing_branches": 0}, "missing_lines": [], "excluded_lines": [], "executed_branches": [], "missing_branches": []}, "TapStack._create_compute": {"executed_lines": [1008, 1023, 1052, 1067, 1096, 1104, 1111, 1120, 1128, 1135, 1145, 1151], "summary": {"covered_lines": 12, "num_statements": 12, "percent_covered": 100.0, "percent_covered_display": "100", "missing_lines": 0, "excluded_lines": 0, "num_branches": 0, "num_partial_branches": 0, "covered_branches": 0, "missing_branches": 0}, "missing_lines": [], "excluded_lines": [], "executed_branches": [], "missing_branches": []}, "TapStack._create_monitoring": {"executed_lines": [1161, 1169, 1178, 1209, 1216, 1247, 1255, 1271], "summary": {"covered_lines": 8, "num_statements": 8, "percent_covered": 100.0, "percent_covered_display": "100", "missing_lines": 0, "excluded_lines": 0, "num_branches": 0, "num_partial_branches": 0, "covered_branches": 0, "missing_branches": 0}, "missing_lines": [], "excluded_lines": [], "executed_branches": [], "missing_branches": []}, "": {"executed_lines": [1, 19, 20, 21, 22, 23, 26, 27, 29, 33, 34, 36, 76, 321, 376, 467, 609, 678, 784, 1004, 1157], "summary": {"covered_lines": 18, "num_statements": 18, "percent_covered": 100.0, "percent_covered_display": "100", "missing_lines": 0, "excluded_lines": 0, "num_branches": 0, "num_partial_branches": 0, "covered_branches": 0, "missing_branches": 0}, "missing_lines": [], "excluded_lines": [], "executed_branches": [], "missing_branches": []}}, "classes": {"TapStackArgs": {"executed_lines": [30], "summary": {"covered_lines": 1, "num_statements": 1, "percent_covered": 100.0, "percent_covered_display": "100", "missing_lines": 0, "excluded_lines": 0, "num_branches": 0, "num_partial_branches": 0, "covered_branches": 0, "missing_branches": 0}, "missing_lines": [], "excluded_lines": [], "executed_branches": [], "missing_branches": []}, "TapStack": {"executed_lines": [37, 39, 40, 43, 44, 47, 53, 60, 61, 62, 63, 64, 65, 66, 67, 68, 70, 80, 90, 100, 110, 119, 129, 137, 145, 152, 160, 170, 180, 190, 199, 209, 217, 225, 232, 240, 250, 259, 267, 276, 286, 297, 309, 325, 336, 343, 350, 358, 369, 385, 396, 405, 423, 441, 454, 475, 483, 491, 500, 510, 522, 523, 525, 543, 551, 559, 568, 578, 590, 592, 617, 627, 637, 648, 658, 668, 682, 691, 700, 728, 736, 771, 788, 796, 817, 827, 854, 865, 873, 894, 918, 929, 936, 944, 955, 962, 969, 977, 995, 1008, 1023, 1052, 1067, 1096, 1104, 1111, 1120, 1128, 1135, 1145, 1151, 1161, 1169, 1178, 1209, 1216, 1247, 1255, 1271], "summary": {"covered_lines": 119, "num_statements": 123, "percent_covered": 95.2755905511811, "percent_covered_display": "95", "missing_lines": 4, "excluded_lines": 0, "num_branches": 4, "num_partial_branches": 2, "covered_branches": 2, "missing_branches": 2}, "missing_lines": [526, 534, 593, 601], "excluded_lines": [], "executed_branches": [[525, 543], [592, -467]], "missing_branches": [[525, 526], [592, 593]]}, "": {"executed_lines": [1, 19, 20, 21, 22, 23, 26, 27, 29, 33, 34, 36, 76, 321, 376, 467, 609, 678, 784, 1004, 1157], "summary": {"covered_lines": 18, "num_statements": 18, "percent_covered": 100.0, "percent_covered_display": "100", "missing_lines": 0, "excluded_lines": 0, "num_branches": 0, "num_partial_branches": 0, "covered_branches": 0, "missing_branches": 0}, "missing_lines": [], "excluded_lines": [], "executed_branches": [], "missing_branches": []}}}}, "totals": {"covered_lines": 138, "num_statements": 142, "percent_covered": 95.89041095890411, "percent_covered_display": "96", "missing_lines": 4, "excluded_lines": 0, "num_branches": 4, "num_partial_branches": 2, "covered_branches": 2, "missing_branches": 2}}