{"meta": {"format": 3, "version": "7.11.0", "timestamp": "2025-11-27T08:29:12.384448", "branch_coverage": true, "show_contexts": false}, "files": {"lib/cfn_template.py": {"executed_lines": [1, 5, 6, 7, 10, 11, 13, 20, 21, 23, 34, 35, 37, 38, 40, 42, 44, 46, 48, 58, 60, 70, 71, 73, 83, 84, 86, 96, 97, 98, 99, 100, 102, 104, 106, 116, 118, 120, 122, 132, 134, 141, 144, 145, 147, 148, 149, 150, 153, 154, 155, 157, 159, 166, 167, 168, 169, 170, 172, 182, 183, 184, 185, 186, 187, 188, 189, 190, 192, 194, 204, 205, 208, 209, 212, 214, 224, 226, 227, 228, 230, 231, 232, 234], "summary": {"covered_lines": 82, "num_statements": 82, "percent_covered": 100.0, "percent_covered_display": "100", "missing_lines": 0, "excluded_lines": 0, "num_branches": 34, "num_partial_branches": 0, "covered_branches": 34, "missing_branches": 0}, "missing_lines": [], "excluded_lines": [], "executed_branches": [[34, 35], [34, 37], [97, 98], [97, 100], [98, 97], [98, 99], [144, 145], [144, 147], [147, 148], [147, 149], [149, 150], [149, 153], [153, 154], [153, 157], [154, 153], [154, 155], [167, 168], [167, 170], [182, 183], [182, 189], [183, 184], [183, 192], [185, 186], [185, 187], [187, 188], [187, 192], [189, 190], [189, 192], [208, 209], [208, 212], [226, 227], [226, 234], [231, 226], [231, 232]], "missing_branches": [], "functions": {"CloudFormationTemplate.__init__": {"executed_lines": [20, 21], "summary": {"covered_lines": 2, "num_statements": 2, "percent_covered": 100.0, "percent_covered_display": "100", "missing_lines": 0, "excluded_lines": 0, "num_branches": 0, "num_partial_branches": 0, "covered_branches": 0, "missing_branches": 0}, "missing_lines": [], "excluded_lines": [], "executed_branches": [], "missing_branches": []}, "CloudFormationTemplate._load_template": {"executed_lines": [34, 35, 37, 38], "summary": {"covered_lines": 4, "num_statements": 4, "percent_covered": 100.0, "percent_covered_display": "100", "missing_lines": 0, "excluded_lines": 0, "num_branches": 2, "num_partial_branches": 0, "covered_branches": 2, "missing_branches": 0}, "missing_lines": [], "excluded_lines": [], "executed_branches": [[34, 35], [34, 37]], "missing_branches": []}, "CloudFormationTemplate.get_template": {"executed_lines": [42], "summary": {"covered_lines": 1, "num_statements": 1, "percent_covered": 100.0, "percent_covered_display": "100", "missing_lines": 0, "excluded_lines": 0, "num_branches": 0, "num_partial_branches": 0, "covered_branches": 0, "missing_branches": 0}, "missing_lines": [], "excluded_lines": [], "executed_branches": [], "missing_branches": []}, "CloudFormationTemplate.get_resources": {"executed_lines": [46], "summary": {"covered_lines": 1, "num_statements": 1, "percent_covered": 100.0, "percent_covered_display": "100", "missing_lines": 0, "excluded_lines": 0, "num_branches": 0, "num_partial_branches": 0, "covered_branches": 0, "missing_branches": 0}, "missing_lines": [], "excluded_lines": [], "executed_branches": [], "missing_branches": []}, "CloudFormationTemplate.get_resource": {"executed_lines": [58], "summary": {"covered_lines": 1, "num_statements": 1, "percent_covered": 100.0, "percent_covered_display": "100", "missing_lines": 0, "excluded_lines": 0, "num_branches": 0, "num_partial_branches": 0, "covered_branches": 0, "missing_branches": 0}, "missing_lines": [], "excluded_lines": [], "executed_branches": [], "missing_branches": []}, "CloudFormationTemplate.get_resource_type": {"executed_lines": [70, 71], "summary": {"covered_lines": 2, "num_statements": 2, "percent_covered": 100.0, "percent_covered_display": "100", "missing_lines": 0, "excluded_lines": 0, "num_branches": 0, "num_partial_branches": 0, "covered_branches": 0, "missing_branches": 0}, "missing_lines": [], "excluded_lines": [], "executed_branches": [], "missing_branches": []}, "CloudFormationTemplate.get_resource_properties": {"executed_lines": [83, 84], "summary": {"covered_lines": 2, "num_statements": 2, "percent_covered": 100.0, "percent_covered_display": "100", "missing_lines": 0, "excluded_lines": 0, "num_branches": 0, "num_partial_branches": 0, "covered_branches": 0, "missing_branches": 0}, "missing_lines": [], "excluded_lines": [], "executed_branches": [], "missing_branches": []}, "CloudFormationTemplate.get_resources_by_type": {"executed_lines": [96, 97, 98, 99, 100], "summary": {"covered_lines": 5, "num_statements": 5, "percent_covered": 100.0, "percent_covered_display": "100", "missing_lines": 0, "excluded_lines": 0, "num_branches": 4, "num_partial_branches": 0, "covered_branches": 4, "missing_branches": 0}, "missing_lines": [], "excluded_lines": [], "executed_branches": [[97, 98], [97, 100], [98, 97], [98, 99]], "missing_branches": []}, "CloudFormationTemplate.get_parameters": {"executed_lines": [104], "summary": {"covered_lines": 1, "num_statements": 1, "percent_covered": 100.0, "percent_covered_display": "100", "missing_lines": 0, "excluded_lines": 0, "num_branches": 0, "num_partial_branches": 0, "covered_branches": 0, "missing_branches": 0}, "missing_lines": [], "excluded_lines": [], "executed_branches": [], "missing_branches": []}, "CloudFormationTemplate.get_parameter": {"executed_lines": [116], "summary": {"covered_lines": 1, "num_statements": 1, "percent_covered": 100.0, "percent_covered_display": "100", "missing_lines": 0, "excluded_lines": 0, "num_branches": 0, "num_partial_branches": 0, "covered_branches": 0, "missing_branches": 0}, "missing_lines": [], "excluded_lines": [], "executed_branches": [], "missing_branches": []}, "CloudFormationTemplate.get_outputs": {"executed_lines": [120], "summary": {"covered_lines": 1, "num_statements": 1, "percent_covered": 100.0, "percent_covered_display": "100", "missing_lines": 0, "excluded_lines": 0, "num_branches": 0, "num_partial_branches": 0, "covered_branches": 0, "missing_branches": 0}, "missing_lines": [], "excluded_lines": [], "executed_branches": [], "missing_branches": []}, "CloudFormationTemplate.get_output": {"executed_lines": [132], "summary": {"covered_lines": 1, "num_statements": 1, "percent_covered": 100.0, "percent_covered_display": "100", "missing_lines": 0, "excluded_lines": 0, "num_branches": 0, "num_partial_branches": 0, "covered_branches": 0, "missing_branches": 0}, "missing_lines": [], "excluded_lines": [], "executed_branches": [], "missing_branches": []}, "CloudFormationTemplate.validate_structure": {"executed_lines": [141, 144, 145, 147, 148, 149, 150, 153, 154, 155, 157], "summary": {"covered_lines": 11, "num_statements": 11, "percent_covered": 100.0, "percent_covered_display": "100", "missing_lines": 0, "excluded_lines": 0, "num_branches": 10, "num_partial_branches": 0, "covered_branches": 10, "missing_branches": 0}, "missing_lines": [], "excluded_lines": [], "executed_branches": [[144, 145], [144, 147], [147, 148], [147, 149], [149, 150], [149, 153], [153, 154], [153, 157], [154, 153], [154, 155]], "missing_branches": []}, "CloudFormationTemplate.count_resources_by_type": {"executed_lines": [166, 167, 168, 169, 170], "summary": {"covered_lines": 5, "num_statements": 5, "percent_covered": 100.0, "percent_covered_display": "100", "missing_lines": 0, "excluded_lines": 0, "num_branches": 2, "num_partial_branches": 0, "covered_branches": 2, "missing_branches": 0}, "missing_lines": [], "excluded_lines": [], "executed_branches": [[167, 168], [167, 170]], "missing_branches": []}, "CloudFormationTemplate.has_environment_suffix": {"executed_lines": [182, 183, 184, 185, 186, 187, 188, 189, 190, 192], "summary": {"covered_lines": 10, "num_statements": 10, "percent_covered": 100.0, "percent_covered_display": "100", "missing_lines": 0, "excluded_lines": 0, "num_branches": 10, "num_partial_branches": 0, "covered_branches": 10, "missing_branches": 0}, "missing_lines": [], "excluded_lines": [], "executed_branches": [[182, 183], [182, 189], [183, 184], [183, 192], [185, 186], [185, 187], [187, 188], [187, 192], [189, 190], [189, 192]], "missing_branches": []}, "CloudFormationTemplate.get_resource_tags": {"executed_lines": [204, 205, 208, 209, 212], "summary": {"covered_lines": 5, "num_statements": 5, "percent_covered": 100.0, "percent_covered_display": "100", "missing_lines": 0, "excluded_lines": 0, "num_branches": 2, "num_partial_branches": 0, "covered_branches": 2, "missing_branches": 0}, "missing_lines": [], "excluded_lines": [], "executed_branches": [[208, 209], [208, 212]], "missing_branches": []}, "CloudFormationTemplate.validate_required_tags": {"executed_lines": [224, 226, 227, 228, 230, 231, 232, 234], "summary": {"covered_lines": 8, "num_statements": 8, "percent_covered": 100.0, "percent_covered_display": "100", "missing_lines": 0, "excluded_lines": 0, "num_branches": 4, "num_partial_branches": 0, "covered_branches": 4, "missing_branches": 0}, "missing_lines": [], "excluded_lines": [], "executed_branches": [[226, 227], [226, 234], [231, 226], [231, 232]], "missing_branches": []}, "": {"executed_lines": [1, 5, 6, 7, 10, 11, 13, 23, 40, 44, 48, 60, 73, 86, 102, 106, 118, 122, 134, 159, 172, 194, 214], "summary": {"covered_lines": 21, "num_statements": 21, "percent_covered": 100.0, "percent_covered_display": "100", "missing_lines": 0, "excluded_lines": 0, "num_branches": 0, "num_partial_branches": 0, "covered_branches": 0, "missing_branches": 0}, "missing_lines": [], "excluded_lines": [], "executed_branches": [], "missing_branches": []}}, "classes": {"CloudFormationTemplate": {"executed_lines": [20, 21, 34, 35, 37, 38, 42, 46, 58, 70, 71, 83, 84, 96, 97, 98, 99, 100, 104, 116, 120, 132, 141, 144, 145, 147, 148, 149, 150, 153, 154, 155, 157, 166, 167, 168, 169, 170, 182, 183, 184, 185, 186, 187, 188, 189, 190, 192, 204, 205, 208, 209, 212, 224, 226, 227, 228, 230, 231, 232, 234], "summary": {"covered_lines": 61, "num_statements": 61, "percent_covered": 100.0, "percent_covered_display": "100", "missing_lines": 0, "excluded_lines": 0, "num_branches": 34, "num_partial_branches": 0, "covered_branches": 34, "missing_branches": 0}, "missing_lines": [], "excluded_lines": [], "executed_branches": [[34, 35], [34, 37], [97, 98], [97, 100], [98, 97], [98, 99], [144, 145], [144, 147], [147, 148], [147, 149], [149, 150], [149, 153], [153, 154], [153, 157], [154, 153], [154, 155], [167, 168], [167, 170], [182, 183], [182, 189], [183, 184], [183, 192], [185, 186], [185, 187], [187, 188], [187, 192], [189, 190], [189, 192], [208, 209], [208, 212], [226, 227], [226, 234], [231, 226], [231, 232]], "missing_branches": []}, "": {"executed_lines": [1, 5, 6, 7, 10, 11, 13, 23, 40, 44, 48, 60, 73, 86, 102, 106, 118, 122, 134, 159, 172, 194, 214], "summary": {"covered_lines": 21, "num_statements": 21, "percent_covered": 100.0, "percent_covered_display": "100", "missing_lines": 0, "excluded_lines": 0, "num_branches": 0, "num_partial_branches": 0, "covered_branches": 0, "missing_branches": 0}, "missing_lines": [], "excluded_lines": [], "executed_branches": [], "missing_branches": []}}}}, "totals": {"covered_lines": 82, "num_statements": 82, "percent_covered": 100.0, "percent_covered_display": "100", "missing_lines": 0, "excluded_lines": 0, "num_branches": 34, "num_partial_branches": 0, "covered_branches": 34, "missing_branches": 0}}