{"meta": {"format": 3, "version": "7.11.0", "timestamp": "2025-11-10T21:26:48.283911", "branch_coverage": true, "show_contexts": false}, "files": {"lib/tap_stack.py": {"executed_lines": [1, 12, 13, 14, 15, 18, 19, 20, 21, 24, 25, 32, 33, 35, 36, 37, 40, 43, 46, 47, 48, 51, 52, 55, 56, 57, 60, 61, 62, 65, 68, 71, 72, 75, 77, 79, 81, 93, 95, 97, 106, 108, 110, 111, 113, 114, 127, 129, 131, 133, 134, 136, 137, 149, 151, 153, 155, 156, 158, 159, 171, 173, 175, 177, 179, 180, 189, 191, 193, 195, 197, 198, 208, 210, 212, 214, 226, 235, 236, 243, 245, 247, 249, 250, 262, 271, 278, 280, 282, 284, 296, 297, 304, 306, 308, 320, 333, 346, 359, 371, 372, 379, 381, 383, 395, 408, 421, 434, 446, 447, 454, 456, 458, 470, 483, 496, 510, 524, 525, 532, 534, 536, 548, 564, 567, 579, 589, 591, 594, 616, 642, 655, 657, 659, 673, 675, 678, 680, 693, 695, 697, 698, 701, 702, 703, 706, 709, 712, 713, 716], "summary": {"covered_lines": 147, "num_statements": 147, "percent_covered": 100.0, "percent_covered_display": "100", "missing_lines": 0, "excluded_lines": 0, "num_branches": 22, "num_partial_branches": 0, "covered_branches": 22, "missing_branches": 0}, "missing_lines": [], "excluded_lines": [], "executed_branches": [[113, 114], [113, 129], [136, 137], [136, 151], [158, 159], [158, 173], [179, 180], [179, 191], [197, 198], [197, 210], [235, 236], [235, 243], [249, 250], [249, 280], [296, 297], [296, 304], [371, 372], [371, 379], [446, 447], [446, 454], [524, 525], [524, 532]], "missing_branches": [], "functions": {"TapStack.__init__": {"executed_lines": [33, 35, 36, 37, 40, 43, 46, 47, 48, 51, 52, 55, 56, 57, 60, 61, 62, 65, 68, 71, 72, 75, 77], "summary": {"covered_lines": 23, "num_statements": 23, "percent_covered": 100.0, "percent_covered_display": "100", "missing_lines": 0, "excluded_lines": 0, "num_branches": 0, "num_partial_branches": 0, "covered_branches": 0, "missing_branches": 0}, "missing_lines": [], "excluded_lines": [], "executed_branches": [], "missing_branches": []}, "TapStack._create_vpc": {"executed_lines": [81, 93], "summary": {"covered_lines": 2, "num_statements": 2, "percent_covered": 100.0, "percent_covered_display": "100", "missing_lines": 0, "excluded_lines": 0, "num_branches": 0, "num_partial_branches": 0, "covered_branches": 0, "missing_branches": 0}, "missing_lines": [], "excluded_lines": [], "executed_branches": [], "missing_branches": []}, "TapStack._create_internet_gateway": {"executed_lines": [97, 106], "summary": {"covered_lines": 2, "num_statements": 2, "percent_covered": 100.0, "percent_covered_display": "100", "missing_lines": 0, "excluded_lines": 0, "num_branches": 0, "num_partial_branches": 0, "covered_branches": 0, "missing_branches": 0}, "missing_lines": [], "excluded_lines": [], "executed_branches": [], "missing_branches": []}, "TapStack._create_public_subnets": {"executed_lines": [110, 111, 113, 114, 127, 129], "summary": {"covered_lines": 6, "num_statements": 6, "percent_covered": 100.0, "percent_covered_display": "100", "missing_lines": 0, "excluded_lines": 0, "num_branches": 2, "num_partial_branches": 0, "covered_branches": 2, "missing_branches": 0}, "missing_lines": [], "excluded_lines": [], "executed_branches": [[113, 114], [113, 129]], "missing_branches": []}, "TapStack._create_private_subnets": {"executed_lines": [133, 134, 136, 137, 149, 151], "summary": {"covered_lines": 6, "num_statements": 6, "percent_covered": 100.0, "percent_covered_display": "100", "missing_lines": 0, "excluded_lines": 0, "num_branches": 2, "num_partial_branches": 0, "covered_branches": 2, "missing_branches": 0}, "missing_lines": [], "excluded_lines": [], "executed_branches": [[136, 137], [136, 151]], "missing_branches": []}, "TapStack._create_database_subnets": {"executed_lines": [155, 156, 158, 159, 171, 173], "summary": {"covered_lines": 6, "num_statements": 6, "percent_covered": 100.0, "percent_covered_display": "100", "missing_lines": 0, "excluded_lines": 0, "num_branches": 2, "num_partial_branches": 0, "covered_branches": 2, "missing_branches": 0}, "missing_lines": [], "excluded_lines": [], "executed_branches": [[158, 159], [158, 173]], "missing_branches": []}, "TapStack._create_elastic_ips": {"executed_lines": [177, 179, 180, 189, 191], "summary": {"covered_lines": 5, "num_statements": 5, "percent_covered": 100.0, "percent_covered_display": "100", "missing_lines": 0, "excluded_lines": 0, "num_branches": 2, "num_partial_branches": 0, "covered_branches": 2, "missing_branches": 0}, "missing_lines": [], "excluded_lines": [], "executed_branches": [[179, 180], [179, 191]], "missing_branches": []}, "TapStack._create_nat_gateways": {"executed_lines": [195, 197, 198, 208, 210], "summary": {"covered_lines": 5, "num_statements": 5, "percent_covered": 100.0, "percent_covered_display": "100", "missing_lines": 0, "excluded_lines": 0, "num_branches": 2, "num_partial_branches": 0, "covered_branches": 2, "missing_branches": 0}, "missing_lines": [], "excluded_lines": [], "executed_branches": [[197, 198], [197, 210]], "missing_branches": []}, "TapStack._create_public_route_table": {"executed_lines": [214, 226, 235, 236, 243], "summary": {"covered_lines": 5, "num_statements": 5, "percent_covered": 100.0, "percent_covered_display": "100", "missing_lines": 0, "excluded_lines": 0, "num_branches": 2, "num_partial_branches": 0, "covered_branches": 2, "missing_branches": 0}, "missing_lines": [], "excluded_lines": [], "executed_branches": [[235, 236], [235, 243]], "missing_branches": []}, "TapStack._create_private_route_tables": {"executed_lines": [247, 249, 250, 262, 271, 278, 280], "summary": {"covered_lines": 7, "num_statements": 7, "percent_covered": 100.0, "percent_covered_display": "100", "missing_lines": 0, "excluded_lines": 0, "num_branches": 2, "num_partial_branches": 0, "covered_branches": 2, "missing_branches": 0}, "missing_lines": [], "excluded_lines": [], "executed_branches": [[249, 250], [249, 280]], "missing_branches": []}, "TapStack._create_database_route_table": {"executed_lines": [284, 296, 297, 304], "summary": {"covered_lines": 4, "num_statements": 4, "percent_covered": 100.0, "percent_covered_display": "100", "missing_lines": 0, "excluded_lines": 0, "num_branches": 2, "num_partial_branches": 0, "covered_branches": 2, "missing_branches": 0}, "missing_lines": [], "excluded_lines": [], "executed_branches": [[296, 297], [296, 304]], "missing_branches": []}, "TapStack._create_public_network_acl": {"executed_lines": [308, 320, 333, 346, 359, 371, 372, 379], "summary": {"covered_lines": 8, "num_statements": 8, "percent_covered": 100.0, "percent_covered_display": "100", "missing_lines": 0, "excluded_lines": 0, "num_branches": 2, "num_partial_branches": 0, "covered_branches": 2, "missing_branches": 0}, "missing_lines": [], "excluded_lines": [], "executed_branches": [[371, 372], [371, 379]], "missing_branches": []}, "TapStack._create_private_network_acl": {"executed_lines": [383, 395, 408, 421, 434, 446, 447, 454], "summary": {"covered_lines": 8, "num_statements": 8, "percent_covered": 100.0, "percent_covered_display": "100", "missing_lines": 0, "excluded_lines": 0, "num_branches": 2, "num_partial_branches": 0, "covered_branches": 2, "missing_branches": 0}, "missing_lines": [], "excluded_lines": [], "executed_branches": [[446, 447], [446, 454]], "missing_branches": []}, "TapStack._create_database_network_acl": {"executed_lines": [458, 470, 483, 496, 510, 524, 525, 532], "summary": {"covered_lines": 8, "num_statements": 8, "percent_covered": 100.0, "percent_covered_display": "100", "missing_lines": 0, "excluded_lines": 0, "num_branches": 2, "num_partial_branches": 0, "covered_branches": 2, "missing_branches": 0}, "missing_lines": [], "excluded_lines": [], "executed_branches": [[524, 525], [524, 532]], "missing_branches": []}, "TapStack._create_flow_logs_bucket": {"executed_lines": [536, 548, 564, 567, 579, 589], "summary": {"covered_lines": 6, "num_statements": 6, "percent_covered": 100.0, "percent_covered_display": "100", "missing_lines": 0, "excluded_lines": 0, "num_branches": 0, "num_partial_branches": 0, "covered_branches": 0, "missing_branches": 0}, "missing_lines": [], "excluded_lines": [], "executed_branches": [], "missing_branches": []}, "TapStack._create_vpc_flow_logs": {"executed_lines": [594, 616, 642, 655], "summary": {"covered_lines": 4, "num_statements": 4, "percent_covered": 100.0, "percent_covered_display": "100", "missing_lines": 0, "excluded_lines": 0, "num_branches": 0, "num_partial_branches": 0, "covered_branches": 0, "missing_branches": 0}, "missing_lines": [], "excluded_lines": [], "executed_branches": [], "missing_branches": []}, "TapStack._create_transit_gateway": {"executed_lines": [659, 673], "summary": {"covered_lines": 2, "num_statements": 2, "percent_covered": 100.0, "percent_covered_display": "100", "missing_lines": 0, "excluded_lines": 0, "num_branches": 0, "num_partial_branches": 0, "covered_branches": 0, "missing_branches": 0}, "missing_lines": [], "excluded_lines": [], "executed_branches": [], "missing_branches": []}, "TapStack._create_transit_gateway_attachment": {"executed_lines": [678, 680, 693], "summary": {"covered_lines": 3, "num_statements": 3, "percent_covered": 100.0, "percent_covered_display": "100", "missing_lines": 0, "excluded_lines": 0, "num_branches": 0, "num_partial_branches": 0, "covered_branches": 0, "missing_branches": 0}, "missing_lines": [], "excluded_lines": [], "executed_branches": [], "missing_branches": []}, "TapStack._export_outputs": {"executed_lines": [697, 698, 701, 702, 703, 706, 709, 712, 713, 716], "summary": {"covered_lines": 10, "num_statements": 10, "percent_covered": 100.0, "percent_covered_display": "100", "missing_lines": 0, "excluded_lines": 0, "num_branches": 0, "num_partial_branches": 0, "covered_branches": 0, "missing_branches": 0}, "missing_lines": [], "excluded_lines": [], "executed_branches": [], "missing_branches": []}, "": {"executed_lines": [1, 12, 13, 14, 15, 18, 19, 20, 21, 24, 25, 32, 79, 95, 108, 131, 153, 175, 193, 212, 245, 282, 306, 381, 456, 534, 591, 657, 675, 695], "summary": {"covered_lines": 27, "num_statements": 27, "percent_covered": 100.0, "percent_covered_display": "100", "missing_lines": 0, "excluded_lines": 0, "num_branches": 0, "num_partial_branches": 0, "covered_branches": 0, "missing_branches": 0}, "missing_lines": [], "excluded_lines": [], "executed_branches": [], "missing_branches": []}}, "classes": {"TapStackArgs": {"executed_lines": [], "summary": {"covered_lines": 0, "num_statements": 0, "percent_covered": 100.0, "percent_covered_display": "100", "missing_lines": 0, "excluded_lines": 0, "num_branches": 0, "num_partial_branches": 0, "covered_branches": 0, "missing_branches": 0}, "missing_lines": [], "excluded_lines": [], "executed_branches": [], "missing_branches": []}, "TapStack": {"executed_lines": [33, 35, 36, 37, 40, 43, 46, 47, 48, 51, 52, 55, 56, 57, 60, 61, 62, 65, 68, 71, 72, 75, 77, 81, 93, 97, 106, 110, 111, 113, 114, 127, 129, 133, 134, 136, 137, 149, 151, 155, 156, 158, 159, 171, 173, 177, 179, 180, 189, 191, 195, 197, 198, 208, 210, 214, 226, 235, 236, 243, 247, 249, 250, 262, 271, 278, 280, 284, 296, 297, 304, 308, 320, 333, 346, 359, 371, 372, 379, 383, 395, 408, 421, 434, 446, 447, 454, 458, 470, 483, 496, 510, 524, 525, 532, 536, 548, 564, 567, 579, 589, 594, 616, 642, 655, 659, 673, 678, 680, 693, 697, 698, 701, 702, 703, 706, 709, 712, 713, 716], "summary": {"covered_lines": 120, "num_statements": 120, "percent_covered": 100.0, "percent_covered_display": "100", "missing_lines": 0, "excluded_lines": 0, "num_branches": 22, "num_partial_branches": 0, "covered_branches": 22, "missing_branches": 0}, "missing_lines": [], "excluded_lines": [], "executed_branches": [[113, 114], [113, 129], [136, 137], [136, 151], [158, 159], [158, 173], [179, 180], [179, 191], [197, 198], [197, 210], [235, 236], [235, 243], [249, 250], [249, 280], [296, 297], [296, 304], [371, 372], [371, 379], [446, 447], [446, 454], [524, 525], [524, 532]], "missing_branches": []}, "": {"executed_lines": [1, 12, 13, 14, 15, 18, 19, 20, 21, 24, 25, 32, 79, 95, 108, 131, 153, 175, 193, 212, 245, 282, 306, 381, 456, 534, 591, 657, 675, 695], "summary": {"covered_lines": 27, "num_statements": 27, "percent_covered": 100.0, "percent_covered_display": "100", "missing_lines": 0, "excluded_lines": 0, "num_branches": 0, "num_partial_branches": 0, "covered_branches": 0, "missing_branches": 0}, "missing_lines": [], "excluded_lines": [], "executed_branches": [], "missing_branches": []}}}}, "totals": {"covered_lines": 147, "num_statements": 147, "percent_covered": 100.0, "percent_covered_display": "100", "missing_lines": 0, "excluded_lines": 0, "num_branches": 22, "num_partial_branches": 0, "covered_branches": 22, "missing_branches": 0}}