{"meta": {"format": 3, "version": "7.11.0", "timestamp": "2025-11-10T21:43:11.609069", "branch_coverage": true, "show_contexts": false}, "files": {"lib/tap_stack.py": {"executed_lines": [1, 11, 12, 13, 14, 17, 18, 27, 28, 29, 32, 33, 45, 51, 53, 56, 64, 67, 70, 83, 94, 104, 114, 125, 139, 140, 142, 143, 156, 159, 170, 179, 180, 181, 187, 190, 191, 192, 201, 204, 205, 206, 216, 219, 220, 222, 223, 235, 238, 239, 240, 242, 244, 253, 256, 263, 266, 272, 275, 276, 278, 279, 291, 294, 305, 306, 307, 313, 316, 347, 360, 373, 386, 399, 412, 425], "summary": {"covered_lines": 73, "num_statements": 73, "percent_covered": 100.0, "percent_covered_display": "100", "missing_lines": 0, "excluded_lines": 0, "num_branches": 16, "num_partial_branches": 0, "covered_branches": 16, "missing_branches": 0}, "missing_lines": [], "excluded_lines": [], "executed_branches": [[142, 143], [142, 159], [180, 181], [180, 190], [191, 192], [191, 204], [205, 206], [205, 219], [222, 223], [222, 238], [242, 244], [242, 275], [278, 279], [278, 294], [306, 307], [306, 316]], "missing_branches": [], "functions": {"TapStackArgs.__init__": {"executed_lines": [28, 29], "summary": {"covered_lines": 2, "num_statements": 2, "percent_covered": 100.0, "percent_covered_display": "100", "missing_lines": 0, "excluded_lines": 0, "num_branches": 0, "num_partial_branches": 0, "covered_branches": 0, "missing_branches": 0}, "missing_lines": [], "excluded_lines": [], "executed_branches": [], "missing_branches": []}, "TapStack.__init__": {"executed_lines": [51, 53, 56, 64, 67, 70, 83, 94, 104, 114, 125, 139, 140, 142, 143, 156, 159, 170, 179, 180, 181, 187, 190, 191, 192, 201, 204, 205, 206, 216, 219, 220, 222, 223, 235, 238, 239, 240, 242, 244, 253, 256, 263, 266, 272, 275, 276, 278, 279, 291, 294, 305, 306, 307, 313, 316, 347, 360, 373, 386, 399, 412, 425], "summary": {"covered_lines": 63, "num_statements": 63, "percent_covered": 100.0, "percent_covered_display": "100", "missing_lines": 0, "excluded_lines": 0, "num_branches": 16, "num_partial_branches": 0, "covered_branches": 16, "missing_branches": 0}, "missing_lines": [], "excluded_lines": [], "executed_branches": [[142, 143], [142, 159], [180, 181], [180, 190], [191, 192], [191, 204], [205, 206], [205, 219], [222, 223], [222, 238], [242, 244], [242, 275], [278, 279], [278, 294], [306, 307], [306, 316]], "missing_branches": []}, "": {"executed_lines": [1, 11, 12, 13, 14, 17, 18, 27, 32, 33, 45], "summary": {"covered_lines": 8, "num_statements": 8, "percent_covered": 100.0, "percent_covered_display": "100", "missing_lines": 0, "excluded_lines": 0, "num_branches": 0, "num_partial_branches": 0, "covered_branches": 0, "missing_branches": 0}, "missing_lines": [], "excluded_lines": [], "executed_branches": [], "missing_branches": []}}, "classes": {"TapStackArgs": {"executed_lines": [28, 29], "summary": {"covered_lines": 2, "num_statements": 2, "percent_covered": 100.0, "percent_covered_display": "100", "missing_lines": 0, "excluded_lines": 0, "num_branches": 0, "num_partial_branches": 0, "covered_branches": 0, "missing_branches": 0}, "missing_lines": [], "excluded_lines": [], "executed_branches": [], "missing_branches": []}, "TapStack": {"executed_lines": [51, 53, 56, 64, 67, 70, 83, 94, 104, 114, 125, 139, 140, 142, 143, 156, 159, 170, 179, 180, 181, 187, 190, 191, 192, 201, 204, 205, 206, 216, 219, 220, 222, 223, 235, 238, 239, 240, 242, 244, 253, 256, 263, 266, 272, 275, 276, 278, 279, 291, 294, 305, 306, 307, 313, 316, 347, 360, 373, 386, 399, 412, 425], "summary": {"covered_lines": 63, "num_statements": 63, "percent_covered": 100.0, "percent_covered_display": "100", "missing_lines": 0, "excluded_lines": 0, "num_branches": 16, "num_partial_branches": 0, "covered_branches": 16, "missing_branches": 0}, "missing_lines": [], "excluded_lines": [], "executed_branches": [[142, 143], [142, 159], [180, 181], [180, 190], [191, 192], [191, 204], [205, 206], [205, 219], [222, 223], [222, 238], [242, 244], [242, 275], [278, 279], [278, 294], [306, 307], [306, 316]], "missing_branches": []}, "": {"executed_lines": [1, 11, 12, 13, 14, 17, 18, 27, 32, 33, 45], "summary": {"covered_lines": 8, "num_statements": 8, "percent_covered": 100.0, "percent_covered_display": "100", "missing_lines": 0, "excluded_lines": 0, "num_branches": 0, "num_partial_branches": 0, "covered_branches": 0, "missing_branches": 0}, "missing_lines": [], "excluded_lines": [], "executed_branches": [], "missing_branches": []}}}}, "totals": {"covered_lines": 73, "num_statements": 73, "percent_covered": 100.0, "percent_covered_display": "100", "missing_lines": 0, "excluded_lines": 0, "num_branches": 16, "num_partial_branches": 0, "covered_branches": 16, "missing_branches": 0}}