{"meta": {"format": 3, "version": "7.11.0", "timestamp": "2025-11-04T01:02:19.944104", "branch_coverage": true, "show_contexts": false}, "files": {"lib/__init__.py": {"executed_lines": [1, 8], "summary": {"covered_lines": 1, "num_statements": 1, "percent_covered": 100.0, "percent_covered_display": "100", "missing_lines": 0, "excluded_lines": 0, "num_branches": 0, "num_partial_branches": 0, "covered_branches": 0, "missing_branches": 0}, "missing_lines": [], "excluded_lines": [], "executed_branches": [], "missing_branches": [], "functions": {"": {"executed_lines": [1, 8], "summary": {"covered_lines": 1, "num_statements": 1, "percent_covered": 100.0, "percent_covered_display": "100", "missing_lines": 0, "excluded_lines": 0, "num_branches": 0, "num_partial_branches": 0, "covered_branches": 0, "missing_branches": 0}, "missing_lines": [], "excluded_lines": [], "executed_branches": [], "missing_branches": []}}, "classes": {"": {"executed_lines": [1, 8], "summary": {"covered_lines": 1, "num_statements": 1, "percent_covered": 100.0, "percent_covered_display": "100", "missing_lines": 0, "excluded_lines": 0, "num_branches": 0, "num_partial_branches": 0, "covered_branches": 0, "missing_branches": 0}, "missing_lines": [], "excluded_lines": [], "executed_branches": [], "missing_branches": []}}}, "lib/__main__.py": {"executed_lines": [], "summary": {"covered_lines": 0, "num_statements": 18, "percent_covered": 0.0, "percent_covered_display": "0", "missing_lines": 18, "excluded_lines": 0, "num_branches": 2, "num_partial_branches": 0, "covered_branches": 0, "missing_branches": 2}, "missing_lines": [9, 10, 13, 14, 17, 18, 24, 25, 28, 38, 43, 46, 47, 48, 49, 50, 51, 52], "excluded_lines": [], "executed_branches": [], "missing_branches": [[17, 18], [17, 24]], "functions": {"": {"executed_lines": [], "summary": {"covered_lines": 0, "num_statements": 18, "percent_covered": 0.0, "percent_covered_display": "0", "missing_lines": 18, "excluded_lines": 0, "num_branches": 2, "num_partial_branches": 0, "covered_branches": 0, "missing_branches": 2}, "missing_lines": [9, 10, 13, 14, 17, 18, 24, 25, 28, 38, 43, 46, 47, 48, 49, 50, 51, 52], "excluded_lines": [], "executed_branches": [], "missing_branches": [[17, 18], [17, 24]]}}, "classes": {"": {"executed_lines": [], "summary": {"covered_lines": 0, "num_statements": 18, "percent_covered": 0.0, "percent_covered_display": "0", "missing_lines": 18, "excluded_lines": 0, "num_branches": 2, "num_partial_branches": 0, "covered_branches": 0, "missing_branches": 2}, "missing_lines": [9, 10, 13, 14, 17, 18, 24, 25, 28, 38, 43, 46, 47, 48, 49, 50, 51, 52], "excluded_lines": [], "executed_branches": [], "missing_branches": [[17, 18], [17, 24]]}}}, "lib/tap_stack.py": {"executed_lines": [1, 8, 9, 10, 11, 13, 14, 22, 23, 24, 25, 26, 28, 29, 32, 33, 49], "summary": {"covered_lines": 14, "num_statements": 62, "percent_covered": 24.324324324324323, "percent_covered_display": "24", "missing_lines": 48, "excluded_lines": 0, "num_branches": 12, "num_partial_branches": 0, "covered_branches": 4, "missing_branches": 8}, "missing_lines": [55, 57, 58, 61, 70, 80, 81, 85, 86, 87, 89, 90, 94, 95, 96, 99, 100, 101, 102, 105, 123, 140, 156, 172, 187, 188, 191, 192, 193, 204, 207, 222, 223, 226, 227, 228, 239, 242, 275, 308, 332, 333, 334, 335, 336, 337, 338, 341], "excluded_lines": [], "executed_branches": [[23, 24], [23, 25], [25, 26], [25, 28]], "missing_branches": [[187, 188], [187, 191], [192, 193], [192, 207], [222, 223], [222, 226], [227, 228], [227, 242]], "functions": {"TapStackArgs.__init__": {"executed_lines": [23, 24, 25, 26, 28, 29], "summary": {"covered_lines": 6, "num_statements": 6, "percent_covered": 100.0, "percent_covered_display": "100", "missing_lines": 0, "excluded_lines": 0, "num_branches": 4, "num_partial_branches": 0, "covered_branches": 4, "missing_branches": 0}, "missing_lines": [], "excluded_lines": [], "executed_branches": [[23, 24], [23, 25], [25, 26], [25, 28]], "missing_branches": []}, "TapStack.__init__": {"executed_lines": [], "summary": {"covered_lines": 0, "num_statements": 48, "percent_covered": 0.0, "percent_covered_display": "0", "missing_lines": 48, "excluded_lines": 0, "num_branches": 8, "num_partial_branches": 0, "covered_branches": 0, "missing_branches": 8}, "missing_lines": [55, 57, 58, 61, 70, 80, 81, 85, 86, 87, 89, 90, 94, 95, 96, 99, 100, 101, 102, 105, 123, 140, 156, 172, 187, 188, 191, 192, 193, 204, 207, 222, 223, 226, 227, 228, 239, 242, 275, 308, 332, 333, 334, 335, 336, 337, 338, 341], "excluded_lines": [], "executed_branches": [], "missing_branches": [[187, 188], [187, 191], [192, 193], [192, 207], [222, 223], [222, 226], [227, 228], [227, 242]]}, "": {"executed_lines": [1, 8, 9, 10, 11, 13, 14, 22, 32, 33, 49], "summary": {"covered_lines": 8, "num_statements": 8, "percent_covered": 100.0, "percent_covered_display": "100", "missing_lines": 0, "excluded_lines": 0, "num_branches": 0, "num_partial_branches": 0, "covered_branches": 0, "missing_branches": 0}, "missing_lines": [], "excluded_lines": [], "executed_branches": [], "missing_branches": []}}, "classes": {"TapStackArgs": {"executed_lines": [23, 24, 25, 26, 28, 29], "summary": {"covered_lines": 6, "num_statements": 6, "percent_covered": 100.0, "percent_covered_display": "100", "missing_lines": 0, "excluded_lines": 0, "num_branches": 4, "num_partial_branches": 0, "covered_branches": 4, "missing_branches": 0}, "missing_lines": [], "excluded_lines": [], "executed_branches": [[23, 24], [23, 25], [25, 26], [25, 28]], "missing_branches": []}, "TapStack": {"executed_lines": [], "summary": {"covered_lines": 0, "num_statements": 48, "percent_covered": 0.0, "percent_covered_display": "0", "missing_lines": 48, "excluded_lines": 0, "num_branches": 8, "num_partial_branches": 0, "covered_branches": 0, "missing_branches": 8}, "missing_lines": [55, 57, 58, 61, 70, 80, 81, 85, 86, 87, 89, 90, 94, 95, 96, 99, 100, 101, 102, 105, 123, 140, 156, 172, 187, 188, 191, 192, 193, 204, 207, 222, 223, 226, 227, 228, 239, 242, 275, 308, 332, 333, 334, 335, 336, 337, 338, 341], "excluded_lines": [], "executed_branches": [], "missing_branches": [[187, 188], [187, 191], [192, 193], [192, 207], [222, 223], [222, 226], [227, 228], [227, 242]]}, "": {"executed_lines": [1, 8, 9, 10, 11, 13, 14, 22, 32, 33, 49], "summary": {"covered_lines": 8, "num_statements": 8, "percent_covered": 100.0, "percent_covered_display": "100", "missing_lines": 0, "excluded_lines": 0, "num_branches": 0, "num_partial_branches": 0, "covered_branches": 0, "missing_branches": 0}, "missing_lines": [], "excluded_lines": [], "executed_branches": [], "missing_branches": []}}}}, "totals": {"covered_lines": 15, "num_statements": 81, "percent_covered": 20.0, "percent_covered_display": "20", "missing_lines": 66, "excluded_lines": 0, "num_branches": 14, "num_partial_branches": 0, "covered_branches": 4, "missing_branches": 10}}