{"meta": {"format": 3, "version": "7.11.3", "timestamp": "2025-12-05T17:32:28.357112", "branch_coverage": true, "show_contexts": false}, "files": {"lib/__init__.py": {"executed_lines": [], "summary": {"covered_lines": 0, "num_statements": 0, "percent_covered": 100.0, "percent_covered_display": "100", "missing_lines": 0, "excluded_lines": 0, "num_branches": 0, "num_partial_branches": 0, "covered_branches": 0, "missing_branches": 0}, "missing_lines": [], "excluded_lines": [], "executed_branches": [], "missing_branches": [], "functions": {"": {"executed_lines": [], "summary": {"covered_lines": 0, "num_statements": 0, "percent_covered": 100.0, "percent_covered_display": "100", "missing_lines": 0, "excluded_lines": 0, "num_branches": 0, "num_partial_branches": 0, "covered_branches": 0, "missing_branches": 0}, "missing_lines": [], "excluded_lines": [], "executed_branches": [], "missing_branches": []}}, "classes": {"": {"executed_lines": [], "summary": {"covered_lines": 0, "num_statements": 0, "percent_covered": 100.0, "percent_covered_display": "100", "missing_lines": 0, "excluded_lines": 0, "num_branches": 0, "num_partial_branches": 0, "covered_branches": 0, "missing_branches": 0}, "missing_lines": [], "excluded_lines": [], "executed_branches": [], "missing_branches": []}}}, "lib/optimize.py": {"executed_lines": [2, 8, 9, 10, 11, 13, 14, 17, 18, 20, 28, 29, 32, 34, 35, 36, 38, 53, 55, 57, 58, 61, 62, 63, 64, 65, 66, 67, 68, 69, 70, 72, 73, 74, 75, 78, 79, 80, 81, 84, 85, 86, 88, 95, 96, 97, 98, 101, 102, 103, 108, 110, 112, 113, 114, 116, 124, 130, 135, 143, 145, 146, 148, 152, 153, 154, 156, 157, 159, 160, 161, 163, 165, 166, 167, 168, 169, 170, 171, 172, 174, 177, 179, 181, 184, 190, 196, 202, 204, 205, 207, 208, 209, 210, 211, 213, 214, 215, 216, 219, 220, 222, 223, 224, 225, 226, 227, 228, 229, 230, 233], "summary": {"covered_lines": 109, "num_statements": 110, "percent_covered": 97.61904761904762, "percent_covered_display": "98", "missing_lines": 1, "excluded_lines": 0, "num_branches": 16, "num_partial_branches": 2, "covered_branches": 14, "missing_branches": 2}, "missing_lines": [234], "excluded_lines": [], "executed_branches": [[61, 62], [61, 72], [63, 64], [72, 73], [72, 78], [78, 79], [78, 84], [159, 160], [159, 163], [165, 166], [165, 174], [207, 208], [207, 219], [233, -1]], "missing_branches": [[63, 61], [233, 234]], "functions": {"InfrastructureOptimizer.__init__": {"executed_lines": [28, 29, 32, 34, 35, 36], "summary": {"covered_lines": 6, "num_statements": 6, "percent_covered": 100.0, "percent_covered_display": "100", "missing_lines": 0, "excluded_lines": 0, "num_branches": 0, "num_partial_branches": 0, "covered_branches": 0, "missing_branches": 0}, "missing_lines": [], "excluded_lines": [], "executed_branches": [], "missing_branches": []}, "InfrastructureOptimizer.optimize_rds_instance": {"executed_lines": [53, 55, 57, 58, 61, 62, 63, 64, 65, 66, 67, 68, 69, 70, 72, 73, 74, 75, 78, 79, 80, 81, 84, 85, 86, 88, 95, 96, 97, 98, 101, 102, 103, 108, 110, 112, 113, 114], "summary": {"covered_lines": 38, "num_statements": 38, "percent_covered": 97.82608695652173, "percent_covered_display": "98", "missing_lines": 0, "excluded_lines": 0, "num_branches": 8, "num_partial_branches": 1, "covered_branches": 7, "missing_branches": 1}, "missing_lines": [], "excluded_lines": [], "executed_branches": [[61, 62], [61, 72], [63, 64], [72, 73], [72, 78], [78, 79], [78, 84]], "missing_branches": [[63, 61]]}, "InfrastructureOptimizer.get_cost_savings_estimate": {"executed_lines": [124, 130, 135], "summary": {"covered_lines": 3, "num_statements": 3, "percent_covered": 100.0, "percent_covered_display": "100", "missing_lines": 0, "excluded_lines": 0, "num_branches": 0, "num_partial_branches": 0, "covered_branches": 0, "missing_branches": 0}, "missing_lines": [], "excluded_lines": [], "executed_branches": [], "missing_branches": []}, "InfrastructureOptimizer.run_optimization": {"executed_lines": [145, 146, 148, 152, 153, 154, 156, 157, 159, 160, 161, 163, 165, 166, 167, 168, 169, 170, 171, 172, 174], "summary": {"covered_lines": 21, "num_statements": 21, "percent_covered": 100.0, "percent_covered_display": "100", "missing_lines": 0, "excluded_lines": 0, "num_branches": 4, "num_partial_branches": 0, "covered_branches": 4, "missing_branches": 0}, "missing_lines": [], "excluded_lines": [], "executed_branches": [[159, 160], [159, 163], [165, 166], [165, 174]], "missing_branches": []}, "main": {"executed_lines": [179, 181, 184, 190, 196, 202, 204, 205, 207, 208, 209, 210, 211, 213, 214, 215, 216, 219, 220, 222, 223, 224, 225, 226, 227, 228, 229, 230], "summary": {"covered_lines": 28, "num_statements": 28, "percent_covered": 100.0, "percent_covered_display": "100", "missing_lines": 0, "excluded_lines": 0, "num_branches": 2, "num_partial_branches": 0, "covered_branches": 2, "missing_branches": 0}, "missing_lines": [], "excluded_lines": [], "executed_branches": [[207, 208], [207, 219]], "missing_branches": []}, "": {"executed_lines": [2, 8, 9, 10, 11, 13, 14, 17, 18, 20, 38, 116, 143, 177, 233], "summary": {"covered_lines": 13, "num_statements": 14, "percent_covered": 87.5, "percent_covered_display": "88", "missing_lines": 1, "excluded_lines": 0, "num_branches": 2, "num_partial_branches": 1, "covered_branches": 1, "missing_branches": 1}, "missing_lines": [234], "excluded_lines": [], "executed_branches": [[233, -1]], "missing_branches": [[233, 234]]}}, "classes": {"InfrastructureOptimizer": {"executed_lines": [28, 29, 32, 34, 35, 36, 53, 55, 57, 58, 61, 62, 63, 64, 65, 66, 67, 68, 69, 70, 72, 73, 74, 75, 78, 79, 80, 81, 84, 85, 86, 88, 95, 96, 97, 98, 101, 102, 103, 108, 110, 112, 113, 114, 124, 130, 135, 145, 146, 148, 152, 153, 154, 156, 157, 159, 160, 161, 163, 165, 166, 167, 168, 169, 170, 171, 172, 174], "summary": {"covered_lines": 68, "num_statements": 68, "percent_covered": 98.75, "percent_covered_display": "99", "missing_lines": 0, "excluded_lines": 0, "num_branches": 12, "num_partial_branches": 1, "covered_branches": 11, "missing_branches": 1}, "missing_lines": [], "excluded_lines": [], "executed_branches": [[61, 62], [61, 72], [63, 64], [72, 73], [72, 78], [78, 79], [78, 84], [159, 160], [159, 163], [165, 166], [165, 174]], "missing_branches": [[63, 61]]}, "": {"executed_lines": [2, 8, 9, 10, 11, 13, 14, 17, 18, 20, 38, 116, 143, 177, 179, 181, 184, 190, 196, 202, 204, 205, 207, 208, 209, 210, 211, 213, 214, 215, 216, 219, 220, 222, 223, 224, 225, 226, 227, 228, 229, 230, 233], "summary": {"covered_lines": 41, "num_statements": 42, "percent_covered": 95.65217391304348, "percent_covered_display": "96", "missing_lines": 1, "excluded_lines": 0, "num_branches": 4, "num_partial_branches": 1, "covered_branches": 3, "missing_branches": 1}, "missing_lines": [234], "excluded_lines": [], "executed_branches": [[207, 208], [207, 219], [233, -1]], "missing_branches": [[233, 234]]}}}, "lib/tap_stack.py": {"executed_lines": [], "summary": {"covered_lines": 0, "num_statements": 26, "percent_covered": 0.0, "percent_covered_display": "0", "missing_lines": 26, "excluded_lines": 0, "num_branches": 0, "num_partial_branches": 0, "covered_branches": 0, "missing_branches": 0}, "missing_lines": [11, 12, 14, 15, 16, 19, 29, 32, 33, 36, 51, 54, 56, 59, 62, 69, 89, 93, 96, 122, 143, 164, 165, 166, 167, 170], "excluded_lines": [], "executed_branches": [], "missing_branches": [], "functions": {"TapStackArgs.__init__": {"executed_lines": [], "summary": {"covered_lines": 0, "num_statements": 2, "percent_covered": 0.0, "percent_covered_display": "0", "missing_lines": 2, "excluded_lines": 0, "num_branches": 0, "num_partial_branches": 0, "covered_branches": 0, "missing_branches": 0}, "missing_lines": [32, 33], "excluded_lines": [], "executed_branches": [], "missing_branches": []}, "TapStack.__init__": {"executed_lines": [], "summary": {"covered_lines": 0, "num_statements": 15, "percent_covered": 0.0, "percent_covered_display": "0", "missing_lines": 15, "excluded_lines": 0, "num_branches": 0, "num_partial_branches": 0, "covered_branches": 0, "missing_branches": 0}, "missing_lines": [54, 56, 59, 62, 69, 89, 93, 96, 122, 143, 164, 165, 166, 167, 170], "excluded_lines": [], "executed_branches": [], "missing_branches": []}, "": {"executed_lines": [], "summary": {"covered_lines": 0, "num_statements": 9, "percent_covered": 0.0, "percent_covered_display": "0", "missing_lines": 9, "excluded_lines": 0, "num_branches": 0, "num_partial_branches": 0, "covered_branches": 0, "missing_branches": 0}, "missing_lines": [11, 12, 14, 15, 16, 19, 29, 36, 51], "excluded_lines": [], "executed_branches": [], "missing_branches": []}}, "classes": {"TapStackArgs": {"executed_lines": [], "summary": {"covered_lines": 0, "num_statements": 2, "percent_covered": 0.0, "percent_covered_display": "0", "missing_lines": 2, "excluded_lines": 0, "num_branches": 0, "num_partial_branches": 0, "covered_branches": 0, "missing_branches": 0}, "missing_lines": [32, 33], "excluded_lines": [], "executed_branches": [], "missing_branches": []}, "TapStack": {"executed_lines": [], "summary": {"covered_lines": 0, "num_statements": 15, "percent_covered": 0.0, "percent_covered_display": "0", "missing_lines": 15, "excluded_lines": 0, "num_branches": 0, "num_partial_branches": 0, "covered_branches": 0, "missing_branches": 0}, "missing_lines": [54, 56, 59, 62, 69, 89, 93, 96, 122, 143, 164, 165, 166, 167, 170], "excluded_lines": [], "executed_branches": [], "missing_branches": []}, "": {"executed_lines": [], "summary": {"covered_lines": 0, "num_statements": 9, "percent_covered": 0.0, "percent_covered_display": "0", "missing_lines": 9, "excluded_lines": 0, "num_branches": 0, "num_partial_branches": 0, "covered_branches": 0, "missing_branches": 0}, "missing_lines": [11, 12, 14, 15, 16, 19, 29, 36, 51], "excluded_lines": [], "executed_branches": [], "missing_branches": []}}}}, "totals": {"covered_lines": 109, "num_statements": 136, "percent_covered": 80.92105263157895, "percent_covered_display": "81", "missing_lines": 27, "excluded_lines": 0, "num_branches": 16, "num_partial_branches": 2, "covered_branches": 14, "missing_branches": 2}}