mode: set
github.com/TuringGpt/iac-test-automations/lib/tap_stack.go:17.36,19.18 2 1
github.com/TuringGpt/iac-test-automations/lib/tap_stack.go:19.18,21.3 1 1
github.com/TuringGpt/iac-test-automations/lib/tap_stack.go:22.2,22.15 1 1
github.com/TuringGpt/iac-test-automations/lib/tap_stack.go:26.25,28.18 2 1
github.com/TuringGpt/iac-test-automations/lib/tap_stack.go:28.18,30.3 1 1
github.com/TuringGpt/iac-test-automations/lib/tap_stack.go:31.2,31.15 1 1
github.com/TuringGpt/iac-test-automations/lib/tap_stack.go:35.60,37.16 2 1
github.com/TuringGpt/iac-test-automations/lib/tap_stack.go:37.16,39.3 1 0
github.com/TuringGpt/iac-test-automations/lib/tap_stack.go:40.2,40.57 1 1
github.com/TuringGpt/iac-test-automations/lib/tap_stack.go:85.140,87.76 1 1
github.com/TuringGpt/iac-test-automations/lib/tap_stack.go:87.76,160.3 2 1
github.com/TuringGpt/iac-test-automations/lib/tap_stack.go:163.2,176.16 2 1
github.com/TuringGpt/iac-test-automations/lib/tap_stack.go:176.16,178.3 1 0
github.com/TuringGpt/iac-test-automations/lib/tap_stack.go:181.2,185.16 2 1
github.com/TuringGpt/iac-test-automations/lib/tap_stack.go:185.16,187.3 1 0
github.com/TuringGpt/iac-test-automations/lib/tap_stack.go:189.2,192.8 1 1
github.com/TuringGpt/iac-test-automations/lib/tap_stack.go:196.165,207.16 2 1
github.com/TuringGpt/iac-test-automations/lib/tap_stack.go:207.16,209.3 1 0
github.com/TuringGpt/iac-test-automations/lib/tap_stack.go:212.2,218.16 2 1
github.com/TuringGpt/iac-test-automations/lib/tap_stack.go:218.16,220.3 1 0
github.com/TuringGpt/iac-test-automations/lib/tap_stack.go:223.2,227.16 2 1
github.com/TuringGpt/iac-test-automations/lib/tap_stack.go:227.16,229.3 1 0
github.com/TuringGpt/iac-test-automations/lib/tap_stack.go:232.2,239.16 2 1
github.com/TuringGpt/iac-test-automations/lib/tap_stack.go:239.16,241.3 1 0
github.com/TuringGpt/iac-test-automations/lib/tap_stack.go:244.2,254.16 2 1
github.com/TuringGpt/iac-test-automations/lib/tap_stack.go:254.16,256.3 1 0
github.com/TuringGpt/iac-test-automations/lib/tap_stack.go:259.2,265.16 2 1
github.com/TuringGpt/iac-test-automations/lib/tap_stack.go:265.16,267.3 1 0
github.com/TuringGpt/iac-test-automations/lib/tap_stack.go:270.2,282.16 2 1
github.com/TuringGpt/iac-test-automations/lib/tap_stack.go:282.16,284.3 1 0
github.com/TuringGpt/iac-test-automations/lib/tap_stack.go:287.2,294.16 2 1
github.com/TuringGpt/iac-test-automations/lib/tap_stack.go:294.16,296.3 1 0
github.com/TuringGpt/iac-test-automations/lib/tap_stack.go:299.2,304.16 2 1
github.com/TuringGpt/iac-test-automations/lib/tap_stack.go:304.16,306.3 1 0
github.com/TuringGpt/iac-test-automations/lib/tap_stack.go:309.2,309.91 1 1
github.com/TuringGpt/iac-test-automations/lib/tap_stack.go:309.91,331.3 2 1
github.com/TuringGpt/iac-test-automations/lib/tap_stack.go:333.2,337.16 2 1
github.com/TuringGpt/iac-test-automations/lib/tap_stack.go:337.16,339.3 1 0
github.com/TuringGpt/iac-test-automations/lib/tap_stack.go:342.2,357.16 2 1
github.com/TuringGpt/iac-test-automations/lib/tap_stack.go:357.16,359.3 1 0
github.com/TuringGpt/iac-test-automations/lib/tap_stack.go:361.2,364.8 1 1
github.com/TuringGpt/iac-test-automations/lib/tap_stack.go:368.174,394.16 3 1
github.com/TuringGpt/iac-test-automations/lib/tap_stack.go:394.16,396.3 1 0
github.com/TuringGpt/iac-test-automations/lib/tap_stack.go:399.2,403.43 1 1
github.com/TuringGpt/iac-test-automations/lib/tap_stack.go:403.43,457.3 4 1
github.com/TuringGpt/iac-test-automations/lib/tap_stack.go:459.2,464.16 2 1
github.com/TuringGpt/iac-test-automations/lib/tap_stack.go:464.16,466.3 1 0
github.com/TuringGpt/iac-test-automations/lib/tap_stack.go:468.2,471.8 1 1
github.com/TuringGpt/iac-test-automations/lib/tap_stack.go:475.78,484.16 5 1
github.com/TuringGpt/iac-test-automations/lib/tap_stack.go:484.16,486.3 1 0
github.com/TuringGpt/iac-test-automations/lib/tap_stack.go:489.2,490.16 2 1
github.com/TuringGpt/iac-test-automations/lib/tap_stack.go:490.16,492.3 1 0
github.com/TuringGpt/iac-test-automations/lib/tap_stack.go:495.2,505.16 2 1
github.com/TuringGpt/iac-test-automations/lib/tap_stack.go:505.16,507.3 1 0
github.com/TuringGpt/iac-test-automations/lib/tap_stack.go:509.2,519.16 2 1
github.com/TuringGpt/iac-test-automations/lib/tap_stack.go:519.16,521.3 1 0
github.com/TuringGpt/iac-test-automations/lib/tap_stack.go:524.2,549.16 2 1
github.com/TuringGpt/iac-test-automations/lib/tap_stack.go:549.16,551.3 1 0
github.com/TuringGpt/iac-test-automations/lib/tap_stack.go:554.2,555.16 2 1
github.com/TuringGpt/iac-test-automations/lib/tap_stack.go:555.16,557.3 1 0
github.com/TuringGpt/iac-test-automations/lib/tap_stack.go:560.2,564.16 2 1
github.com/TuringGpt/iac-test-automations/lib/tap_stack.go:564.16,566.3 1 0
github.com/TuringGpt/iac-test-automations/lib/tap_stack.go:568.2,597.16 2 1
github.com/TuringGpt/iac-test-automations/lib/tap_stack.go:597.16,599.3 1 0
github.com/TuringGpt/iac-test-automations/lib/tap_stack.go:602.2,622.16 2 1
github.com/TuringGpt/iac-test-automations/lib/tap_stack.go:622.16,624.3 1 0
github.com/TuringGpt/iac-test-automations/lib/tap_stack.go:626.2,646.16 2 1
github.com/TuringGpt/iac-test-automations/lib/tap_stack.go:646.16,648.3 1 0
github.com/TuringGpt/iac-test-automations/lib/tap_stack.go:651.2,679.8 14 1
github.com/TuringGpt/iac-test-automations/lib/tap_stack.go:682.13,683.45 1 0
github.com/TuringGpt/iac-test-automations/lib/tap_stack.go:683.45,685.17 2 0
github.com/TuringGpt/iac-test-automations/lib/tap_stack.go:685.17,687.4 1 0
github.com/TuringGpt/iac-test-automations/lib/tap_stack.go:688.3,688.13 1 0
github.com/TuringGpt/iac-test-automations/templates/cdk-go/lib/tap_stack.go:47.90,49.18 2 0
github.com/TuringGpt/iac-test-automations/templates/cdk-go/lib/tap_stack.go:49.18,51.3 1 0
github.com/TuringGpt/iac-test-automations/templates/cdk-go/lib/tap_stack.go:52.2,56.52 3 0
github.com/TuringGpt/iac-test-automations/templates/cdk-go/lib/tap_stack.go:56.52,58.3 1 0
github.com/TuringGpt/iac-test-automations/templates/cdk-go/lib/tap_stack.go:58.8,58.98 1 0
github.com/TuringGpt/iac-test-automations/templates/cdk-go/lib/tap_stack.go:58.98,60.3 1 0
github.com/TuringGpt/iac-test-automations/templates/cdk-go/lib/tap_stack.go:60.8,62.3 1 0
github.com/TuringGpt/iac-test-automations/templates/cdk-go/lib/tap_stack.go:103.2,106.3 1 0
