{"meta": {"format": 3, "version": "7.11.3", "timestamp": "2025-11-24T17:31:32.298924", "branch_coverage": true, "show_contexts": false}, "files": {"lib/__init__.py": {"executed_lines": [], "summary": {"covered_lines": 0, "num_statements": 0, "percent_covered": 100.0, "percent_covered_display": "100", "missing_lines": 0, "excluded_lines": 0, "num_branches": 0, "num_partial_branches": 0, "covered_branches": 0, "missing_branches": 0}, "missing_lines": [], "excluded_lines": [], "executed_branches": [], "missing_branches": [], "functions": {"": {"executed_lines": [], "summary": {"covered_lines": 0, "num_statements": 0, "percent_covered": 100.0, "percent_covered_display": "100", "missing_lines": 0, "excluded_lines": 0, "num_branches": 0, "num_partial_branches": 0, "covered_branches": 0, "missing_branches": 0}, "missing_lines": [], "excluded_lines": [], "executed_branches": [], "missing_branches": []}}, "classes": {"": {"executed_lines": [], "summary": {"covered_lines": 0, "num_statements": 0, "percent_covered": 100.0, "percent_covered_display": "100", "missing_lines": 0, "excluded_lines": 0, "num_branches": 0, "num_partial_branches": 0, "covered_branches": 0, "missing_branches": 0}, "missing_lines": [], "excluded_lines": [], "executed_branches": [], "missing_branches": []}}}, "lib/tap_stack.py": {"executed_lines": [1, 3, 4, 5, 6, 7, 8, 9, 10, 11, 12, 13, 14, 15, 16, 17, 18, 19, 25, 26, 27, 28, 29, 30, 31, 32, 33, 34, 35, 36, 37, 38, 39, 40, 41, 42, 43, 44, 47, 48, 50, 57, 60, 61, 62, 63, 64, 65, 68, 78, 87, 96, 105, 112, 126, 137, 149, 162, 176, 190, 199, 226, 250, 264, 275, 287, 300, 314, 328, 337, 364, 388, 403, 416, 427, 442, 454, 469, 495, 511, 526, 545, 565, 594, 618, 629, 638, 649, 658, 696, 705, 731, 755, 764, 773, 818, 831, 859, 896, 936, 946, 960, 982, 1008, 1024, 1035, 1043, 1059, 1070, 1083, 1094, 1112, 1120, 1129, 1152, 1171, 1183, 1201, 1219, 1234, 1252, 1259, 1266, 1273, 1280, 1287, 1294, 1301, 1308, 1315, 1322, 1329, 1336, 1343, 1350, 1357], "summary": {"covered_lines": 134, "num_statements": 134, "percent_covered": 100.0, "percent_covered_display": "100", "missing_lines": 0, "excluded_lines": 0, "num_branches": 0, "num_partial_branches": 0, "covered_branches": 0, "missing_branches": 0}, "missing_lines": [], "excluded_lines": [], "executed_branches": [], "missing_branches": [], "functions": {"TapStack.__init__": {"executed_lines": [57, 60, 61, 62, 63, 64, 65, 68, 78, 87, 96, 105, 112, 126, 137, 149, 162, 176, 190, 199, 226, 250, 264, 275, 287, 300, 314, 328, 337, 364, 388, 403, 416, 427, 442, 454, 469, 495, 511, 526, 545, 565, 594, 618, 629, 638, 649, 658, 696, 705, 731, 755, 764, 773, 818, 831, 859, 896, 936, 946, 960, 982, 1008, 1024, 1035, 1043, 1059, 1070, 1083, 1094, 1112, 1120, 1129, 1152, 1171, 1183, 1201, 1219, 1234, 1252, 1259, 1266, 1273, 1280, 1287, 1294, 1301, 1308, 1315, 1322, 1329, 1336, 1343, 1350, 1357], "summary": {"covered_lines": 95, "num_statements": 95, "percent_covered": 100.0, "percent_covered_display": "100", "missing_lines": 0, "excluded_lines": 0, "num_branches": 0, "num_partial_branches": 0, "covered_branches": 0, "missing_branches": 0}, "missing_lines": [], "excluded_lines": [], "executed_branches": [], "missing_branches": []}, "": {"executed_lines": [1, 3, 4, 5, 6, 7, 8, 9, 10, 11, 12, 13, 14, 15, 16, 17, 18, 19, 25, 26, 27, 28, 29, 30, 31, 32, 33, 34, 35, 36, 37, 38, 39, 40, 41, 42, 43, 44, 47, 48, 50], "summary": {"covered_lines": 39, "num_statements": 39, "percent_covered": 100.0, "percent_covered_display": "100", "missing_lines": 0, "excluded_lines": 0, "num_branches": 0, "num_partial_branches": 0, "covered_branches": 0, "missing_branches": 0}, "missing_lines": [], "excluded_lines": [], "executed_branches": [], "missing_branches": []}}, "classes": {"TapStack": {"executed_lines": [57, 60, 61, 62, 63, 64, 65, 68, 78, 87, 96, 105, 112, 126, 137, 149, 162, 176, 190, 199, 226, 250, 264, 275, 287, 300, 314, 328, 337, 364, 388, 403, 416, 427, 442, 454, 469, 495, 511, 526, 545, 565, 594, 618, 629, 638, 649, 658, 696, 705, 731, 755, 764, 773, 818, 831, 859, 896, 936, 946, 960, 982, 1008, 1024, 1035, 1043, 1059, 1070, 1083, 1094, 1112, 1120, 1129, 1152, 1171, 1183, 1201, 1219, 1234, 1252, 1259, 1266, 1273, 1280, 1287, 1294, 1301, 1308, 1315, 1322, 1329, 1336, 1343, 1350, 1357], "summary": {"covered_lines": 95, "num_statements": 95, "percent_covered": 100.0, "percent_covered_display": "100", "missing_lines": 0, "excluded_lines": 0, "num_branches": 0, "num_partial_branches": 0, "covered_branches": 0, "missing_branches": 0}, "missing_lines": [], "excluded_lines": [], "executed_branches": [], "missing_branches": []}, "": {"executed_lines": [1, 3, 4, 5, 6, 7, 8, 9, 10, 11, 12, 13, 14, 15, 16, 17, 18, 19, 25, 26, 27, 28, 29, 30, 31, 32, 33, 34, 35, 36, 37, 38, 39, 40, 41, 42, 43, 44, 47, 48, 50], "summary": {"covered_lines": 39, "num_statements": 39, "percent_covered": 100.0, "percent_covered_display": "100", "missing_lines": 0, "excluded_lines": 0, "num_branches": 0, "num_partial_branches": 0, "covered_branches": 0, "missing_branches": 0}, "missing_lines": [], "excluded_lines": [], "executed_branches": [], "missing_branches": []}}}}, "totals": {"covered_lines": 134, "num_statements": 134, "percent_covered": 100.0, "percent_covered_display": "100", "missing_lines": 0, "excluded_lines": 0, "num_branches": 0, "num_partial_branches": 0, "covered_branches": 0, "missing_branches": 0}}