{"meta": {"format": 3, "version": "7.11.0", "timestamp": "2025-11-06T20:39:41.658657", "branch_coverage": true, "show_contexts": false}, "files": {"lib/__init__.py": {"executed_lines": [], "summary": {"covered_lines": 0, "num_statements": 0, "percent_covered": 100.0, "percent_covered_display": "100", "missing_lines": 0, "excluded_lines": 0, "num_branches": 0, "num_partial_branches": 0, "covered_branches": 0, "missing_branches": 0}, "missing_lines": [], "excluded_lines": [], "executed_branches": [], "missing_branches": [], "functions": {"": {"executed_lines": [], "summary": {"covered_lines": 0, "num_statements": 0, "percent_covered": 100.0, "percent_covered_display": "100", "missing_lines": 0, "excluded_lines": 0, "num_branches": 0, "num_partial_branches": 0, "covered_branches": 0, "missing_branches": 0}, "missing_lines": [], "excluded_lines": [], "executed_branches": [], "missing_branches": []}}, "classes": {"": {"executed_lines": [], "summary": {"covered_lines": 0, "num_statements": 0, "percent_covered": 100.0, "percent_covered_display": "100", "missing_lines": 0, "excluded_lines": 0, "num_branches": 0, "num_partial_branches": 0, "covered_branches": 0, "missing_branches": 0}, "missing_lines": [], "excluded_lines": [], "executed_branches": [], "missing_branches": []}}}, "lib/tap_stack.py": {"executed_lines": [1, 22, 25, 27, 38, 40, 41, 42, 45, 71, 78, 83, 89, 96, 102, 109, 116, 122, 127, 129, 131, 167, 185, 189, 200, 223, 231, 240, 248, 251, 264, 269, 279, 297, 305, 306, 308, 319, 322, 327, 335, 347, 352, 364, 367, 382, 384, 408, 410, 412, 437, 438, 440, 448, 459, 460, 462, 470, 477, 484, 491, 498, 506, 508, 518, 521, 528, 548, 565, 580, 587], "summary": {"covered_lines": 71, "num_statements": 71, "percent_covered": 100.0, "percent_covered_display": "100", "missing_lines": 0, "excluded_lines": 0, "num_branches": 4, "num_partial_branches": 0, "covered_branches": 4, "missing_branches": 0}, "missing_lines": [], "excluded_lines": [], "executed_branches": [[129, 131], [129, 200], [410, 412], [410, 448]], "missing_branches": [], "functions": {"DisasterRecoveryStack.__init__": {"executed_lines": [38, 40, 41, 42, 45, 71, 78, 83, 89, 96, 102, 109, 116, 122, 127, 129, 131, 167, 185, 189, 200, 223, 231, 240, 248, 251, 264, 269, 279, 297, 305, 306, 308, 319, 322, 327, 335, 347, 352, 364, 367, 382, 384, 408, 410, 412, 437, 438, 440, 448, 459, 460, 462, 470, 477, 484, 491, 498], "summary": {"covered_lines": 58, "num_statements": 58, "percent_covered": 100.0, "percent_covered_display": "100", "missing_lines": 0, "excluded_lines": 0, "num_branches": 4, "num_partial_branches": 0, "covered_branches": 4, "missing_branches": 0}, "missing_lines": [], "excluded_lines": [], "executed_branches": [[129, 131], [129, 200], [410, 412], [410, 448]], "missing_branches": []}, "Route53FailoverStack.__init__": {"executed_lines": [518, 521, 528, 548, 565, 580, 587], "summary": {"covered_lines": 7, "num_statements": 7, "percent_covered": 100.0, "percent_covered_display": "100", "missing_lines": 0, "excluded_lines": 0, "num_branches": 0, "num_partial_branches": 0, "covered_branches": 0, "missing_branches": 0}, "missing_lines": [], "excluded_lines": [], "executed_branches": [], "missing_branches": []}, "": {"executed_lines": [1, 22, 25, 27, 506, 508], "summary": {"covered_lines": 6, "num_statements": 6, "percent_covered": 100.0, "percent_covered_display": "100", "missing_lines": 0, "excluded_lines": 0, "num_branches": 0, "num_partial_branches": 0, "covered_branches": 0, "missing_branches": 0}, "missing_lines": [], "excluded_lines": [], "executed_branches": [], "missing_branches": []}}, "classes": {"DisasterRecoveryStack": {"executed_lines": [38, 40, 41, 42, 45, 71, 78, 83, 89, 96, 102, 109, 116, 122, 127, 129, 131, 167, 185, 189, 200, 223, 231, 240, 248, 251, 264, 269, 279, 297, 305, 306, 308, 319, 322, 327, 335, 347, 352, 364, 367, 382, 384, 408, 410, 412, 437, 438, 440, 448, 459, 460, 462, 470, 477, 484, 491, 498], "summary": {"covered_lines": 58, "num_statements": 58, "percent_covered": 100.0, "percent_covered_display": "100", "missing_lines": 0, "excluded_lines": 0, "num_branches": 4, "num_partial_branches": 0, "covered_branches": 4, "missing_branches": 0}, "missing_lines": [], "excluded_lines": [], "executed_branches": [[129, 131], [129, 200], [410, 412], [410, 448]], "missing_branches": []}, "Route53FailoverStack": {"executed_lines": [518, 521, 528, 548, 565, 580, 587], "summary": {"covered_lines": 7, "num_statements": 7, "percent_covered": 100.0, "percent_covered_display": "100", "missing_lines": 0, "excluded_lines": 0, "num_branches": 0, "num_partial_branches": 0, "covered_branches": 0, "missing_branches": 0}, "missing_lines": [], "excluded_lines": [], "executed_branches": [], "missing_branches": []}, "": {"executed_lines": [1, 22, 25, 27, 506, 508], "summary": {"covered_lines": 6, "num_statements": 6, "percent_covered": 100.0, "percent_covered_display": "100", "missing_lines": 0, "excluded_lines": 0, "num_branches": 0, "num_partial_branches": 0, "covered_branches": 0, "missing_branches": 0}, "missing_lines": [], "excluded_lines": [], "executed_branches": [], "missing_branches": []}}}}, "totals": {"covered_lines": 71, "num_statements": 71, "percent_covered": 100.0, "percent_covered_display": "100", "missing_lines": 0, "excluded_lines": 0, "num_branches": 4, "num_partial_branches": 0, "covered_branches": 4, "missing_branches": 0}}