{"meta": {"format": 3, "version": "7.11.3", "timestamp": "2025-11-11T01:44:13.878778", "branch_coverage": true, "show_contexts": false}, "files": {"lib/tap_stack.py": {"executed_lines": [1, 17, 20, 21, 22, 25, 45, 53, 65, 95, 103, 117, 120, 127, 134, 143, 154, 161, 168, 175, 186, 203, 206, 212, 216, 222, 278, 286, 293, 305, 318, 331, 345, 359, 362, 370, 378, 386, 394, 402, 410, 418, 426, 434], "summary": {"covered_lines": 44, "num_statements": 44, "percent_covered": 100.0, "percent_covered_display": "100", "missing_lines": 0, "excluded_lines": 0, "num_branches": 0, "num_partial_branches": 0, "covered_branches": 0, "missing_branches": 0}, "missing_lines": [], "excluded_lines": [], "executed_branches": [], "missing_branches": [], "functions": {"TapStack.__init__": {"executed_lines": [22, 25, 45, 53, 65, 95, 103, 117, 120, 127, 134, 143, 154, 161, 168, 175, 186, 203, 206, 212, 216, 222, 278, 286, 293, 305, 318, 331, 345, 359, 362, 370, 378, 386, 394, 402, 410, 418, 426, 434], "summary": {"covered_lines": 40, "num_statements": 40, "percent_covered": 100.0, "percent_covered_display": "100", "missing_lines": 0, "excluded_lines": 0, "num_branches": 0, "num_partial_branches": 0, "covered_branches": 0, "missing_branches": 0}, "missing_lines": [], "excluded_lines": [], "executed_branches": [], "missing_branches": []}, "": {"executed_lines": [1, 17, 20, 21], "summary": {"covered_lines": 4, "num_statements": 4, "percent_covered": 100.0, "percent_covered_display": "100", "missing_lines": 0, "excluded_lines": 0, "num_branches": 0, "num_partial_branches": 0, "covered_branches": 0, "missing_branches": 0}, "missing_lines": [], "excluded_lines": [], "executed_branches": [], "missing_branches": []}}, "classes": {"TapStack": {"executed_lines": [22, 25, 45, 53, 65, 95, 103, 117, 120, 127, 134, 143, 154, 161, 168, 175, 186, 203, 206, 212, 216, 222, 278, 286, 293, 305, 318, 331, 345, 359, 362, 370, 378, 386, 394, 402, 410, 418, 426, 434], "summary": {"covered_lines": 40, "num_statements": 40, "percent_covered": 100.0, "percent_covered_display": "100", "missing_lines": 0, "excluded_lines": 0, "num_branches": 0, "num_partial_branches": 0, "covered_branches": 0, "missing_branches": 0}, "missing_lines": [], "excluded_lines": [], "executed_branches": [], "missing_branches": []}, "": {"executed_lines": [1, 17, 20, 21], "summary": {"covered_lines": 4, "num_statements": 4, "percent_covered": 100.0, "percent_covered_display": "100", "missing_lines": 0, "excluded_lines": 0, "num_branches": 0, "num_partial_branches": 0, "covered_branches": 0, "missing_branches": 0}, "missing_lines": [], "excluded_lines": [], "executed_branches": [], "missing_branches": []}}}}, "totals": {"covered_lines": 44, "num_statements": 44, "percent_covered": 100.0, "percent_covered_display": "100", "missing_lines": 0, "excluded_lines": 0, "num_branches": 0, "num_partial_branches": 0, "covered_branches": 0, "missing_branches": 0}}