{"meta": {"format": 3, "version": "7.11.0", "timestamp": "2025-11-18T07:40:42.321144", "branch_coverage": true, "show_contexts": false}, "files": {"test/tap_stack_integration_test.py": {"executed_lines": [], "summary": {"covered_lines": 0, "num_statements": 198, "percent_covered": 0.0, "percent_covered_display": "0", "missing_lines": 198, "excluded_lines": 2, "num_branches": 20, "num_partial_branches": 0, "covered_branches": 0, "missing_branches": 20}, "missing_lines": [7, 8, 9, 10, 11, 12, 13, 16, 19, 20, 22, 26, 27, 30, 31, 32, 33, 34, 35, 36, 37, 39, 41, 43, 45, 46, 48, 49, 50, 51, 52, 53, 55, 58, 59, 61, 62, 63, 66, 67, 69, 70, 71, 74, 75, 77, 78, 79, 81, 83, 84, 87, 91, 92, 93, 94, 95, 98, 99, 101, 102, 104, 106, 108, 109, 113, 117, 121, 122, 124, 126, 127, 129, 130, 131, 132, 133, 135, 137, 138, 140, 145, 146, 147, 148, 149, 151, 153, 154, 157, 162, 164, 170, 171, 172, 173, 174, 175, 176, 177, 178, 181, 183, 185, 186, 189, 191, 195, 196, 197, 198, 199, 200, 202, 204, 205, 207, 211, 214, 215, 216, 217, 220, 222, 223, 225, 227, 228, 231, 233, 237, 238, 239, 240, 241, 242, 243, 245, 247, 248, 250, 254, 255, 257, 259, 261, 263, 266, 274, 275, 276, 278, 280, 281, 284, 285, 286, 287, 288, 290, 292, 295, 302, 303, 304, 305, 306, 309, 310, 312, 314, 317, 321, 324, 325, 326, 327, 329, 331, 333, 340, 343, 344, 345, 346, 347, 349, 351, 353, 354, 359, 363, 365, 366, 367, 368, 369, 370], "excluded_lines": [373, 374], "executed_branches": [], "missing_branches": [[162, -151], [162, 164], [171, 172], [171, 181], [172, 171], [172, 173], [173, 172], [173, 174], [174, 172], [174, 175], [175, 174], [175, 176], [216, 217], [216, 222], [274, -259], [274, 275], [325, -312], [325, 326], [345, 346], [345, 349]], "functions": {"TerraformIntegrationTests.setUpClass": {"executed_lines": [], "summary": {"covered_lines": 0, "num_statements": 11, "percent_covered": 0.0, "percent_covered_display": "0", "missing_lines": 11, "excluded_lines": 0, "num_branches": 0, "num_partial_branches": 0, "covered_branches": 0, "missing_branches": 0}, "missing_lines": [22, 26, 27, 30, 31, 32, 33, 34, 35, 36, 37], "excluded_lines": [], "executed_branches": [], "missing_branches": []}, "TerraformIntegrationTests.test_outputs_file_exists": {"executed_lines": [], "summary": {"covered_lines": 0, "num_statements": 1, "percent_covered": 0.0, "percent_covered_display": "0", "missing_lines": 1, "excluded_lines": 0, "num_branches": 0, "num_partial_branches": 0, "covered_branches": 0, "missing_branches": 0}, "missing_lines": [41], "excluded_lines": [], "executed_branches": [], "missing_branches": []}, "TerraformIntegrationTests.test_vpc_deployed": {"executed_lines": [], "summary": {"covered_lines": 0, "num_statements": 8, "percent_covered": 0.0, "percent_covered_display": "0", "missing_lines": 8, "excluded_lines": 0, "num_branches": 0, "num_partial_branches": 0, "covered_branches": 0, "missing_branches": 0}, "missing_lines": [45, 46, 48, 49, 50, 51, 52, 53], "excluded_lines": [], "executed_branches": [], "missing_branches": []}, "TerraformIntegrationTests.test_multi_az_subnets": {"executed_lines": [], "summary": {"covered_lines": 0, "num_statements": 15, "percent_covered": 0.0, "percent_covered_display": "0", "missing_lines": 15, "excluded_lines": 0, "num_branches": 0, "num_partial_branches": 0, "covered_branches": 0, "missing_branches": 0}, "missing_lines": [58, 59, 61, 62, 63, 66, 67, 69, 70, 71, 74, 75, 77, 78, 79], "excluded_lines": [], "executed_branches": [], "missing_branches": []}, "TerraformIntegrationTests.test_alb_deployed_and_accessible": {"executed_lines": [], "summary": {"covered_lines": 0, "num_statements": 13, "percent_covered": 0.0, "percent_covered_display": "0", "missing_lines": 13, "excluded_lines": 0, "num_branches": 0, "num_partial_branches": 0, "covered_branches": 0, "missing_branches": 0}, "missing_lines": [83, 84, 87, 91, 92, 93, 94, 95, 98, 99, 101, 102, 104], "excluded_lines": [], "executed_branches": [], "missing_branches": []}, "TerraformIntegrationTests.test_alb_cross_zone_load_balancing": {"executed_lines": [], "summary": {"covered_lines": 0, "num_statements": 6, "percent_covered": 0.0, "percent_covered_display": "0", "missing_lines": 6, "excluded_lines": 0, "num_branches": 0, "num_partial_branches": 0, "covered_branches": 0, "missing_branches": 0}, "missing_lines": [108, 109, 113, 117, 121, 122], "excluded_lines": [], "executed_branches": [], "missing_branches": []}, "TerraformIntegrationTests.test_ecs_cluster_deployed": {"executed_lines": [], "summary": {"covered_lines": 0, "num_statements": 7, "percent_covered": 0.0, "percent_covered_display": "0", "missing_lines": 7, "excluded_lines": 0, "num_branches": 0, "num_partial_branches": 0, "covered_branches": 0, "missing_branches": 0}, "missing_lines": [126, 127, 129, 130, 131, 132, 133], "excluded_lines": [], "executed_branches": [], "missing_branches": []}, "TerraformIntegrationTests.test_ecs_service_running_correct_task_count": {"executed_lines": [], "summary": {"covered_lines": 0, "num_statements": 8, "percent_covered": 0.0, "percent_covered_display": "0", "missing_lines": 8, "excluded_lines": 0, "num_branches": 0, "num_partial_branches": 0, "covered_branches": 0, "missing_branches": 0}, "missing_lines": [137, 138, 140, 145, 146, 147, 148, 149], "excluded_lines": [], "executed_branches": [], "missing_branches": []}, "TerraformIntegrationTests.test_ecs_tasks_distributed_across_azs": {"executed_lines": [], "summary": {"covered_lines": 0, "num_statements": 15, "percent_covered": 0.0, "percent_covered_display": "0", "missing_lines": 15, "excluded_lines": 0, "num_branches": 12, "num_partial_branches": 0, "covered_branches": 0, "missing_branches": 12}, "missing_lines": [153, 154, 157, 162, 164, 170, 171, 172, 173, 174, 175, 176, 177, 178, 181], "excluded_lines": [], "executed_branches": [], "missing_branches": [[162, -151], [162, 164], [171, 172], [171, 181], [172, 171], [172, 173], [173, 172], [173, 174], [174, 172], [174, 175], [175, 174], [175, 176]]}, "TerraformIntegrationTests.test_aurora_cluster_deployed": {"executed_lines": [], "summary": {"covered_lines": 0, "num_statements": 10, "percent_covered": 0.0, "percent_covered_display": "0", "missing_lines": 10, "excluded_lines": 0, "num_branches": 0, "num_partial_branches": 0, "covered_branches": 0, "missing_branches": 0}, "missing_lines": [185, 186, 189, 191, 195, 196, 197, 198, 199, 200], "excluded_lines": [], "executed_branches": [], "missing_branches": []}, "TerraformIntegrationTests.test_aurora_instances_across_azs": {"executed_lines": [], "summary": {"covered_lines": 0, "num_statements": 11, "percent_covered": 0.0, "percent_covered_display": "0", "missing_lines": 11, "excluded_lines": 0, "num_branches": 2, "num_partial_branches": 0, "covered_branches": 0, "missing_branches": 2}, "missing_lines": [204, 205, 207, 211, 214, 215, 216, 217, 220, 222, 223], "excluded_lines": [], "executed_branches": [], "missing_branches": [[216, 217], [216, 222]]}, "TerraformIntegrationTests.test_elasticache_redis_deployed": {"executed_lines": [], "summary": {"covered_lines": 0, "num_statements": 11, "percent_covered": 0.0, "percent_covered_display": "0", "missing_lines": 11, "excluded_lines": 0, "num_branches": 0, "num_partial_branches": 0, "covered_branches": 0, "missing_branches": 0}, "missing_lines": [227, 228, 231, 233, 237, 238, 239, 240, 241, 242, 243], "excluded_lines": [], "executed_branches": [], "missing_branches": []}, "TerraformIntegrationTests.test_redis_node_groups_across_azs": {"executed_lines": [], "summary": {"covered_lines": 0, "num_statements": 6, "percent_covered": 0.0, "percent_covered_display": "0", "missing_lines": 6, "excluded_lines": 0, "num_branches": 0, "num_partial_branches": 0, "covered_branches": 0, "missing_branches": 0}, "missing_lines": [247, 248, 250, 254, 255, 257], "excluded_lines": [], "executed_branches": [], "missing_branches": []}, "TerraformIntegrationTests.test_cloudwatch_alarms_exist": {"executed_lines": [], "summary": {"covered_lines": 0, "num_statements": 6, "percent_covered": 0.0, "percent_covered_display": "0", "missing_lines": 6, "excluded_lines": 0, "num_branches": 2, "num_partial_branches": 0, "covered_branches": 0, "missing_branches": 2}, "missing_lines": [261, 263, 266, 274, 275, 276], "excluded_lines": [], "executed_branches": [], "missing_branches": [[274, -259], [274, 275]]}, "TerraformIntegrationTests.test_sns_topic_exists": {"executed_lines": [], "summary": {"covered_lines": 0, "num_statements": 7, "percent_covered": 0.0, "percent_covered_display": "0", "missing_lines": 7, "excluded_lines": 0, "num_branches": 0, "num_partial_branches": 0, "covered_branches": 0, "missing_branches": 0}, "missing_lines": [280, 281, 284, 285, 286, 287, 288], "excluded_lines": [], "executed_branches": [], "missing_branches": []}, "TerraformIntegrationTests.test_resource_tagging": {"executed_lines": [], "summary": {"covered_lines": 0, "num_statements": 9, "percent_covered": 0.0, "percent_covered_display": "0", "missing_lines": 9, "excluded_lines": 0, "num_branches": 0, "num_partial_branches": 0, "covered_branches": 0, "missing_branches": 0}, "missing_lines": [292, 295, 302, 303, 304, 305, 306, 309, 310], "excluded_lines": [], "executed_branches": [], "missing_branches": []}, "TerraformIntegrationTests.test_security_groups_proper_isolation": {"executed_lines": [], "summary": {"covered_lines": 0, "num_statements": 7, "percent_covered": 0.0, "percent_covered_display": "0", "missing_lines": 7, "excluded_lines": 0, "num_branches": 2, "num_partial_branches": 0, "covered_branches": 0, "missing_branches": 2}, "missing_lines": [314, 317, 321, 324, 325, 326, 327], "excluded_lines": [], "executed_branches": [], "missing_branches": [[325, -312], [325, 326]]}, "TerraformIntegrationTests.test_nat_gateways_per_az": {"executed_lines": [], "summary": {"covered_lines": 0, "num_statements": 9, "percent_covered": 0.0, "percent_covered_display": "0", "missing_lines": 9, "excluded_lines": 0, "num_branches": 2, "num_partial_branches": 0, "covered_branches": 0, "missing_branches": 2}, "missing_lines": [331, 333, 340, 343, 344, 345, 346, 347, 349], "excluded_lines": [], "executed_branches": [], "missing_branches": [[345, 346], [345, 349]]}, "TerraformIntegrationTests.test_alb_health_check_configuration": {"executed_lines": [], "summary": {"covered_lines": 0, "num_statements": 10, "percent_covered": 0.0, "percent_covered_display": "0", "missing_lines": 10, "excluded_lines": 0, "num_branches": 0, "num_partial_branches": 0, "covered_branches": 0, "missing_branches": 0}, "missing_lines": [353, 354, 359, 363, 365, 366, 367, 368, 369, 370], "excluded_lines": [], "executed_branches": [], "missing_branches": []}, "": {"executed_lines": [], "summary": {"covered_lines": 0, "num_statements": 28, "percent_covered": 0.0, "percent_covered_display": "0", "missing_lines": 28, "excluded_lines": 2, "num_branches": 0, "num_partial_branches": 0, "covered_branches": 0, "missing_branches": 0}, "missing_lines": [7, 8, 9, 10, 11, 12, 13, 16, 19, 20, 39, 43, 55, 81, 106, 124, 135, 151, 183, 202, 225, 245, 259, 278, 290, 312, 329, 351], "excluded_lines": [373, 374], "executed_branches": [], "missing_branches": []}}, "classes": {"TerraformIntegrationTests": {"executed_lines": [], "summary": {"covered_lines": 0, "num_statements": 170, "percent_covered": 0.0, "percent_covered_display": "0", "missing_lines": 170, "excluded_lines": 0, "num_branches": 20, "num_partial_branches": 0, "covered_branches": 0, "missing_branches": 20}, "missing_lines": [22, 26, 27, 30, 31, 32, 33, 34, 35, 36, 37, 41, 45, 46, 48, 49, 50, 51, 52, 53, 58, 59, 61, 62, 63, 66, 67, 69, 70, 71, 74, 75, 77, 78, 79, 83, 84, 87, 91, 92, 93, 94, 95, 98, 99, 101, 102, 104, 108, 109, 113, 117, 121, 122, 126, 127, 129, 130, 131, 132, 133, 137, 138, 140, 145, 146, 147, 148, 149, 153, 154, 157, 162, 164, 170, 171, 172, 173, 174, 175, 176, 177, 178, 181, 185, 186, 189, 191, 195, 196, 197, 198, 199, 200, 204, 205, 207, 211, 214, 215, 216, 217, 220, 222, 223, 227, 228, 231, 233, 237, 238, 239, 240, 241, 242, 243, 247, 248, 250, 254, 255, 257, 261, 263, 266, 274, 275, 276, 280, 281, 284, 285, 286, 287, 288, 292, 295, 302, 303, 304, 305, 306, 309, 310, 314, 317, 321, 324, 325, 326, 327, 331, 333, 340, 343, 344, 345, 346, 347, 349, 353, 354, 359, 363, 365, 366, 367, 368, 369, 370], "excluded_lines": [], "executed_branches": [], "missing_branches": [[162, -151], [162, 164], [171, 172], [171, 181], [172, 171], [172, 173], [173, 172], [173, 174], [174, 172], [174, 175], [175, 174], [175, 176], [216, 217], [216, 222], [274, -259], [274, 275], [325, -312], [325, 326], [345, 346], [345, 349]]}, "": {"executed_lines": [], "summary": {"covered_lines": 0, "num_statements": 28, "percent_covered": 0.0, "percent_covered_display": "0", "missing_lines": 28, "excluded_lines": 2, "num_branches": 0, "num_partial_branches": 0, "covered_branches": 0, "missing_branches": 0}, "missing_lines": [7, 8, 9, 10, 11, 12, 13, 16, 19, 20, 39, 43, 55, 81, 106, 124, 135, 151, 183, 202, 225, 245, 259, 278, 290, 312, 329, 351], "excluded_lines": [373, 374], "executed_branches": [], "missing_branches": []}}}, "test/tap_stack_unit_test.py": {"executed_lines": [2, 7, 8, 9, 10, 11, 12, 15, 16, 18, 19, 21, 22, 25, 26, 27, 28, 33, 34, 35, 36, 38, 39, 41, 42, 44, 46, 47, 48, 49, 51, 53, 55, 57, 59, 61, 63, 65, 66, 68, 71, 79, 80, 82, 84, 85, 86, 88, 91, 94, 97, 98, 99, 101, 103, 104, 105, 106, 108, 110, 111, 112, 114, 116, 117, 118, 119, 121, 123, 124, 125, 128, 130, 132, 133, 135, 137, 138, 139, 140, 141, 142, 144, 146, 147, 149, 151, 152, 154, 156, 158, 159, 160, 162, 164, 171, 172, 174, 176, 177, 179, 181, 189, 190, 192, 195, 196, 197, 204, 206, 208, 210, 212, 214, 215, 217, 219, 221, 223, 225, 227, 229, 231, 232, 234, 236, 237, 239, 241, 243, 245, 246, 247, 249, 251, 253, 255, 256, 259], "summary": {"covered_lines": 136, "num_statements": 140, "percent_covered": 94.9367088607595, "percent_covered_display": "95", "missing_lines": 4, "excluded_lines": 2, "num_branches": 18, "num_partial_branches": 2, "covered_branches": 14, "missing_branches": 4}, "missing_lines": [30, 199, 200, 202], "excluded_lines": [259, 261], "executed_branches": [[26, 27], [47, -44], [47, 48], [79, -68], [79, 80], [111, -108], [111, 112], [171, -162], [171, 172], [189, -179], [189, 190], [196, -192], [196, 197], [197, 196]], "missing_branches": [[26, 30], [197, 199], [199, 200], [199, 202]], "functions": {"TerraformUnitTests.setUpClass": {"executed_lines": [21, 22, 25, 26, 27, 28, 33, 34, 35, 36], "summary": {"covered_lines": 10, "num_statements": 11, "percent_covered": 84.61538461538461, "percent_covered_display": "85", "missing_lines": 1, "excluded_lines": 0, "num_branches": 2, "num_partial_branches": 1, "covered_branches": 1, "missing_branches": 1}, "missing_lines": [30], "excluded_lines": [], "executed_branches": [[26, 27]], "missing_branches": [[26, 30]]}, "TerraformUnitTests._read_file": {"executed_lines": [41, 42], "summary": {"covered_lines": 2, "num_statements": 2, "percent_covered": 100.0, "percent_covered_display": "100", "missing_lines": 0, "excluded_lines": 0, "num_branches": 0, "num_partial_branches": 0, "covered_branches": 0, "missing_branches": 0}, "missing_lines": [], "excluded_lines": [], "executed_branches": [], "missing_branches": []}, "TerraformUnitTests.test_terraform_files_exist": {"executed_lines": [46, 47, 48, 49], "summary": {"covered_lines": 4, "num_statements": 4, "percent_covered": 100.0, "percent_covered_display": "100", "missing_lines": 0, "excluded_lines": 0, "num_branches": 2, "num_partial_branches": 0, "covered_branches": 2, "missing_branches": 0}, "missing_lines": [], "excluded_lines": [], "executed_branches": [[47, -44], [47, 48]], "missing_branches": []}, "TerraformUnitTests.test_terraform_version_constraint": {"executed_lines": [53], "summary": {"covered_lines": 1, "num_statements": 1, "percent_covered": 100.0, "percent_covered_display": "100", "missing_lines": 0, "excluded_lines": 0, "num_branches": 0, "num_partial_branches": 0, "covered_branches": 0, "missing_branches": 0}, "missing_lines": [], "excluded_lines": [], "executed_branches": [], "missing_branches": []}, "TerraformUnitTests.test_aws_provider_version": {"executed_lines": [57], "summary": {"covered_lines": 1, "num_statements": 1, "percent_covered": 100.0, "percent_covered_display": "100", "missing_lines": 0, "excluded_lines": 0, "num_branches": 0, "num_partial_branches": 0, "covered_branches": 0, "missing_branches": 0}, "missing_lines": [], "excluded_lines": [], "executed_branches": [], "missing_branches": []}, "TerraformUnitTests.test_environment_suffix_variable_exists": {"executed_lines": [61], "summary": {"covered_lines": 1, "num_statements": 1, "percent_covered": 100.0, "percent_covered_display": "100", "missing_lines": 0, "excluded_lines": 0, "num_branches": 0, "num_partial_branches": 0, "covered_branches": 0, "missing_branches": 0}, "missing_lines": [], "excluded_lines": [], "executed_branches": [], "missing_branches": []}, "TerraformUnitTests.test_environment_suffix_validation": {"executed_lines": [65, 66], "summary": {"covered_lines": 2, "num_statements": 2, "percent_covered": 100.0, "percent_covered_display": "100", "missing_lines": 0, "excluded_lines": 0, "num_branches": 0, "num_partial_branches": 0, "covered_branches": 0, "missing_branches": 0}, "missing_lines": [], "excluded_lines": [], "executed_branches": [], "missing_branches": []}, "TerraformUnitTests.test_all_resources_use_environment_suffix": {"executed_lines": [71, 79, 80], "summary": {"covered_lines": 3, "num_statements": 3, "percent_covered": 100.0, "percent_covered_display": "100", "missing_lines": 0, "excluded_lines": 0, "num_branches": 2, "num_partial_branches": 0, "covered_branches": 2, "missing_branches": 0}, "missing_lines": [], "excluded_lines": [], "executed_branches": [[79, -68], [79, 80]], "missing_branches": []}, "TerraformUnitTests.test_vpc_configuration": {"executed_lines": [84, 85, 86], "summary": {"covered_lines": 3, "num_statements": 3, "percent_covered": 100.0, "percent_covered_display": "100", "missing_lines": 0, "excluded_lines": 0, "num_branches": 0, "num_partial_branches": 0, "covered_branches": 0, "missing_branches": 0}, "missing_lines": [], "excluded_lines": [], "executed_branches": [], "missing_branches": []}, "TerraformUnitTests.test_multi_az_configuration": {"executed_lines": [91, 94, 97, 98, 99], "summary": {"covered_lines": 5, "num_statements": 5, "percent_covered": 100.0, "percent_covered_display": "100", "missing_lines": 0, "excluded_lines": 0, "num_branches": 0, "num_partial_branches": 0, "covered_branches": 0, "missing_branches": 0}, "missing_lines": [], "excluded_lines": [], "executed_branches": [], "missing_branches": []}, "TerraformUnitTests.test_nat_gateways_per_az": {"executed_lines": [103, 104, 105, 106], "summary": {"covered_lines": 4, "num_statements": 4, "percent_covered": 100.0, "percent_covered_display": "100", "missing_lines": 0, "excluded_lines": 0, "num_branches": 0, "num_partial_branches": 0, "covered_branches": 0, "missing_branches": 0}, "missing_lines": [], "excluded_lines": [], "executed_branches": [], "missing_branches": []}, "TerraformUnitTests.test_security_groups_exist": {"executed_lines": [110, 111, 112], "summary": {"covered_lines": 3, "num_statements": 3, "percent_covered": 100.0, "percent_covered_display": "100", "missing_lines": 0, "excluded_lines": 0, "num_branches": 2, "num_partial_branches": 0, "covered_branches": 2, "missing_branches": 0}, "missing_lines": [], "excluded_lines": [], "executed_branches": [[111, -108], [111, 112]], "missing_branches": []}, "TerraformUnitTests.test_alb_configuration": {"executed_lines": [116, 117, 118, 119], "summary": {"covered_lines": 4, "num_statements": 4, "percent_covered": 100.0, "percent_covered_display": "100", "missing_lines": 0, "excluded_lines": 0, "num_branches": 0, "num_partial_branches": 0, "covered_branches": 0, "missing_branches": 0}, "missing_lines": [], "excluded_lines": [], "executed_branches": [], "missing_branches": []}, "TerraformUnitTests.test_aurora_cluster_configuration": {"executed_lines": [123, 124, 125, 128], "summary": {"covered_lines": 4, "num_statements": 4, "percent_covered": 100.0, "percent_covered_display": "100", "missing_lines": 0, "excluded_lines": 0, "num_branches": 0, "num_partial_branches": 0, "covered_branches": 0, "missing_branches": 0}, "missing_lines": [], "excluded_lines": [], "executed_branches": [], "missing_branches": []}, "TerraformUnitTests.test_aurora_instances_per_az": {"executed_lines": [132, 133], "summary": {"covered_lines": 2, "num_statements": 2, "percent_covered": 100.0, "percent_covered_display": "100", "missing_lines": 0, "excluded_lines": 0, "num_branches": 0, "num_partial_branches": 0, "covered_branches": 0, "missing_branches": 0}, "missing_lines": [], "excluded_lines": [], "executed_branches": [], "missing_branches": []}, "TerraformUnitTests.test_elasticache_redis_configuration": {"executed_lines": [137, 138, 139, 140, 141, 142], "summary": {"covered_lines": 6, "num_statements": 6, "percent_covered": 100.0, "percent_covered_display": "100", "missing_lines": 0, "excluded_lines": 0, "num_branches": 0, "num_partial_branches": 0, "covered_branches": 0, "missing_branches": 0}, "missing_lines": [], "excluded_lines": [], "executed_branches": [], "missing_branches": []}, "TerraformUnitTests.test_ecs_cluster_configuration": {"executed_lines": [146, 147], "summary": {"covered_lines": 2, "num_statements": 2, "percent_covered": 100.0, "percent_covered_display": "100", "missing_lines": 0, "excluded_lines": 0, "num_branches": 0, "num_partial_branches": 0, "covered_branches": 0, "missing_branches": 0}, "missing_lines": [], "excluded_lines": [], "executed_branches": [], "missing_branches": []}, "TerraformUnitTests.test_ecs_service_configuration": {"executed_lines": [151, 152, 154], "summary": {"covered_lines": 3, "num_statements": 3, "percent_covered": 100.0, "percent_covered_display": "100", "missing_lines": 0, "excluded_lines": 0, "num_branches": 0, "num_partial_branches": 0, "covered_branches": 0, "missing_branches": 0}, "missing_lines": [], "excluded_lines": [], "executed_branches": [], "missing_branches": []}, "TerraformUnitTests.test_auto_scaling_configuration": {"executed_lines": [158, 159, 160], "summary": {"covered_lines": 3, "num_statements": 3, "percent_covered": 100.0, "percent_covered_display": "100", "missing_lines": 0, "excluded_lines": 0, "num_branches": 0, "num_partial_branches": 0, "covered_branches": 0, "missing_branches": 0}, "missing_lines": [], "excluded_lines": [], "executed_branches": [], "missing_branches": []}, "TerraformUnitTests.test_cloudwatch_alarms_exist": {"executed_lines": [164, 171, 172], "summary": {"covered_lines": 3, "num_statements": 3, "percent_covered": 100.0, "percent_covered_display": "100", "missing_lines": 0, "excluded_lines": 0, "num_branches": 2, "num_partial_branches": 0, "covered_branches": 2, "missing_branches": 0}, "missing_lines": [], "excluded_lines": [], "executed_branches": [[171, -162], [171, 172]], "missing_branches": []}, "TerraformUnitTests.test_sns_topic_configuration": {"executed_lines": [176, 177], "summary": {"covered_lines": 2, "num_statements": 2, "percent_covered": 100.0, "percent_covered_display": "100", "missing_lines": 0, "excluded_lines": 0, "num_branches": 0, "num_partial_branches": 0, "covered_branches": 0, "missing_branches": 0}, "missing_lines": [], "excluded_lines": [], "executed_branches": [], "missing_branches": []}, "TerraformUnitTests.test_required_outputs_exist": {"executed_lines": [181, 189, 190], "summary": {"covered_lines": 3, "num_statements": 3, "percent_covered": 100.0, "percent_covered_display": "100", "missing_lines": 0, "excluded_lines": 0, "num_branches": 2, "num_partial_branches": 0, "covered_branches": 2, "missing_branches": 0}, "missing_lines": [], "excluded_lines": [], "executed_branches": [[189, -179], [189, 190]], "missing_branches": []}, "TerraformUnitTests.test_no_hardcoded_regions": {"executed_lines": [195, 196, 197], "summary": {"covered_lines": 3, "num_statements": 6, "percent_covered": 50.0, "percent_covered_display": "50", "missing_lines": 3, "excluded_lines": 0, "num_branches": 6, "num_partial_branches": 1, "covered_branches": 3, "missing_branches": 3}, "missing_lines": [199, 200, 202], "excluded_lines": [], "executed_branches": [[196, -192], [196, 197], [197, 196]], "missing_branches": [[197, 199], [199, 200], [199, 202]]}, "TerraformUnitTests.test_deletion_protection_disabled": {"executed_lines": [206], "summary": {"covered_lines": 1, "num_statements": 1, "percent_covered": 100.0, "percent_covered_display": "100", "missing_lines": 0, "excluded_lines": 0, "num_branches": 0, "num_partial_branches": 0, "covered_branches": 0, "missing_branches": 0}, "missing_lines": [], "excluded_lines": [], "executed_branches": [], "missing_branches": []}, "TerraformUnitTests.test_skip_final_snapshot": {"executed_lines": [210], "summary": {"covered_lines": 1, "num_statements": 1, "percent_covered": 100.0, "percent_covered_display": "100", "missing_lines": 0, "excluded_lines": 0, "num_branches": 0, "num_partial_branches": 0, "covered_branches": 0, "missing_branches": 0}, "missing_lines": [], "excluded_lines": [], "executed_branches": [], "missing_branches": []}, "TerraformUnitTests.test_tags_configuration": {"executed_lines": [214, 215], "summary": {"covered_lines": 2, "num_statements": 2, "percent_covered": 100.0, "percent_covered_display": "100", "missing_lines": 0, "excluded_lines": 0, "num_branches": 0, "num_partial_branches": 0, "covered_branches": 0, "missing_branches": 0}, "missing_lines": [], "excluded_lines": [], "executed_branches": [], "missing_branches": []}, "TerraformUnitTests.test_common_tags_include_environment_suffix": {"executed_lines": [219], "summary": {"covered_lines": 1, "num_statements": 1, "percent_covered": 100.0, "percent_covered_display": "100", "missing_lines": 0, "excluded_lines": 0, "num_branches": 0, "num_partial_branches": 0, "covered_branches": 0, "missing_branches": 0}, "missing_lines": [], "excluded_lines": [], "executed_branches": [], "missing_branches": []}, "TerraformUnitTests.test_route53_is_optional": {"executed_lines": [223], "summary": {"covered_lines": 1, "num_statements": 1, "percent_covered": 100.0, "percent_covered_display": "100", "missing_lines": 0, "excluded_lines": 0, "num_branches": 0, "num_partial_branches": 0, "covered_branches": 0, "missing_branches": 0}, "missing_lines": [], "excluded_lines": [], "executed_branches": [], "missing_branches": []}, "TerraformUnitTests.test_db_password_sensitive": {"executed_lines": [227], "summary": {"covered_lines": 1, "num_statements": 1, "percent_covered": 100.0, "percent_covered_display": "100", "missing_lines": 0, "excluded_lines": 0, "num_branches": 0, "num_partial_branches": 0, "covered_branches": 0, "missing_branches": 0}, "missing_lines": [], "excluded_lines": [], "executed_branches": [], "missing_branches": []}, "TerraformUnitTests.test_iam_roles_for_ecs": {"executed_lines": [231, 232], "summary": {"covered_lines": 2, "num_statements": 2, "percent_covered": 100.0, "percent_covered_display": "100", "missing_lines": 0, "excluded_lines": 0, "num_branches": 0, "num_partial_branches": 0, "covered_branches": 0, "missing_branches": 0}, "missing_lines": [], "excluded_lines": [], "executed_branches": [], "missing_branches": []}, "TerraformUnitTests.test_cloudwatch_log_groups": {"executed_lines": [236, 237], "summary": {"covered_lines": 2, "num_statements": 2, "percent_covered": 100.0, "percent_covered_display": "100", "missing_lines": 0, "excluded_lines": 0, "num_branches": 0, "num_partial_branches": 0, "covered_branches": 0, "missing_branches": 0}, "missing_lines": [], "excluded_lines": [], "executed_branches": [], "missing_branches": []}, "TerraformUnitTests.test_min_tasks_per_az_default": {"executed_lines": [241], "summary": {"covered_lines": 1, "num_statements": 1, "percent_covered": 100.0, "percent_covered_display": "100", "missing_lines": 0, "excluded_lines": 0, "num_branches": 0, "num_partial_branches": 0, "covered_branches": 0, "missing_branches": 0}, "missing_lines": [], "excluded_lines": [], "executed_branches": [], "missing_branches": []}, "TerraformUnitTests.test_health_check_configuration": {"executed_lines": [245, 246, 247], "summary": {"covered_lines": 3, "num_statements": 3, "percent_covered": 100.0, "percent_covered_display": "100", "missing_lines": 0, "excluded_lines": 0, "num_branches": 0, "num_partial_branches": 0, "covered_branches": 0, "missing_branches": 0}, "missing_lines": [], "excluded_lines": [], "executed_branches": [], "missing_branches": []}, "TerraformUnitTests.test_deregistration_delay": {"executed_lines": [251], "summary": {"covered_lines": 1, "num_statements": 1, "percent_covered": 100.0, "percent_covered_display": "100", "missing_lines": 0, "excluded_lines": 0, "num_branches": 0, "num_partial_branches": 0, "covered_branches": 0, "missing_branches": 0}, "missing_lines": [], "excluded_lines": [], "executed_branches": [], "missing_branches": []}, "TerraformUnitTests.test_random_password_generation": {"executed_lines": [255, 256], "summary": {"covered_lines": 2, "num_statements": 2, "percent_covered": 100.0, "percent_covered_display": "100", "missing_lines": 0, "excluded_lines": 0, "num_branches": 0, "num_partial_branches": 0, "covered_branches": 0, "missing_branches": 0}, "missing_lines": [], "excluded_lines": [], "executed_branches": [], "missing_branches": []}, "": {"executed_lines": [2, 7, 8, 9, 10, 11, 12, 15, 16, 18, 19, 38, 39, 44, 51, 55, 59, 63, 68, 82, 88, 101, 108, 114, 121, 130, 135, 144, 149, 156, 162, 174, 179, 192, 204, 208, 212, 217, 221, 225, 229, 234, 239, 243, 249, 253, 259], "summary": {"covered_lines": 44, "num_statements": 44, "percent_covered": 100.0, "percent_covered_display": "100", "missing_lines": 0, "excluded_lines": 2, "num_branches": 0, "num_partial_branches": 0, "covered_branches": 0, "missing_branches": 0}, "missing_lines": [], "excluded_lines": [259, 261], "executed_branches": [], "missing_branches": []}}, "classes": {"TerraformUnitTests": {"executed_lines": [21, 22, 25, 26, 27, 28, 33, 34, 35, 36, 41, 42, 46, 47, 48, 49, 53, 57, 61, 65, 66, 71, 79, 80, 84, 85, 86, 91, 94, 97, 98, 99, 103, 104, 105, 106, 110, 111, 112, 116, 117, 118, 119, 123, 124, 125, 128, 132, 133, 137, 138, 139, 140, 141, 142, 146, 147, 151, 152, 154, 158, 159, 160, 164, 171, 172, 176, 177, 181, 189, 190, 195, 196, 197, 206, 210, 214, 215, 219, 223, 227, 231, 232, 236, 237, 241, 245, 246, 247, 251, 255, 256], "summary": {"covered_lines": 92, "num_statements": 96, "percent_covered": 92.98245614035088, "percent_covered_display": "93", "missing_lines": 4, "excluded_lines": 0, "num_branches": 18, "num_partial_branches": 2, "covered_branches": 14, "missing_branches": 4}, "missing_lines": [30, 199, 200, 202], "excluded_lines": [], "executed_branches": [[26, 27], [47, -44], [47, 48], [79, -68], [79, 80], [111, -108], [111, 112], [171, -162], [171, 172], [189, -179], [189, 190], [196, -192], [196, 197], [197, 196]], "missing_branches": [[26, 30], [197, 199], [199, 200], [199, 202]]}, "": {"executed_lines": [2, 7, 8, 9, 10, 11, 12, 15, 16, 18, 19, 38, 39, 44, 51, 55, 59, 63, 68, 82, 88, 101, 108, 114, 121, 130, 135, 144, 149, 156, 162, 174, 179, 192, 204, 208, 212, 217, 221, 225, 229, 234, 239, 243, 249, 253, 259], "summary": {"covered_lines": 44, "num_statements": 44, "percent_covered": 100.0, "percent_covered_display": "100", "missing_lines": 0, "excluded_lines": 2, "num_branches": 0, "num_partial_branches": 0, "covered_branches": 0, "missing_branches": 0}, "missing_lines": [], "excluded_lines": [259, 261], "executed_branches": [], "missing_branches": []}}}}, "totals": {"covered_lines": 136, "num_statements": 338, "percent_covered": 39.8936170212766, "percent_covered_display": "40", "missing_lines": 202, "excluded_lines": 4, "num_branches": 38, "num_partial_branches": 2, "covered_branches": 14, "missing_branches": 24}}