{"meta": {"format": 3, "version": "7.11.0", "timestamp": "2025-11-12T23:59:59.041280", "branch_coverage": true, "show_contexts": false}, "files": {"lib/__init__.py": {"executed_lines": [], "summary": {"covered_lines": 0, "num_statements": 0, "percent_covered": 100.0, "percent_covered_display": "100", "missing_lines": 0, "excluded_lines": 0, "num_branches": 0, "num_partial_branches": 0, "covered_branches": 0, "missing_branches": 0}, "missing_lines": [], "excluded_lines": [], "executed_branches": [], "missing_branches": [], "functions": {"": {"executed_lines": [], "summary": {"covered_lines": 0, "num_statements": 0, "percent_covered": 100.0, "percent_covered_display": "100", "missing_lines": 0, "excluded_lines": 0, "num_branches": 0, "num_partial_branches": 0, "covered_branches": 0, "missing_branches": 0}, "missing_lines": [], "excluded_lines": [], "executed_branches": [], "missing_branches": []}}, "classes": {"": {"executed_lines": [], "summary": {"covered_lines": 0, "num_statements": 0, "percent_covered": 100.0, "percent_covered_display": "100", "missing_lines": 0, "excluded_lines": 0, "num_branches": 0, "num_partial_branches": 0, "covered_branches": 0, "missing_branches": 0}, "missing_lines": [], "excluded_lines": [], "executed_branches": [], "missing_branches": []}}}, "lib/tap_stack.py": {"executed_lines": [1, 3, 4, 5, 6, 7, 8, 9, 10, 11, 12, 13, 14, 15, 16, 17, 18, 19, 20, 21, 22, 23, 24, 25, 28, 29, 31, 38, 41, 42, 43, 44, 45, 48, 56, 59, 68, 71, 84, 92, 93, 94, 107, 110, 111, 112, 125, 128, 140, 141, 149, 150, 151, 157, 164, 167, 168, 178, 186, 206, 214, 223, 232, 240, 247, 255, 271, 288, 291, 293, 303, 313, 321, 329, 337, 345, 362, 377, 392, 411, 430, 442, 449, 456, 463, 470, 477, 484], "summary": {"covered_lines": 86, "num_statements": 86, "percent_covered": 100.0, "percent_covered_display": "100", "missing_lines": 0, "excluded_lines": 0, "num_branches": 10, "num_partial_branches": 0, "covered_branches": 10, "missing_branches": 0}, "missing_lines": [], "excluded_lines": [], "executed_branches": [[93, 94], [93, 110], [111, 112], [111, 128], [140, 141], [140, 149], [150, 151], [150, 167], [167, 168], [167, 186]], "missing_branches": [], "functions": {"TapStack.__init__": {"executed_lines": [38, 41, 42, 43, 44, 45, 48, 56, 59, 68, 71, 84, 92, 93, 94, 107, 110, 111, 112, 125, 128, 140, 141, 149, 150, 151, 157, 164, 167, 168, 178, 186, 206, 214, 223, 232, 240, 247, 255, 271, 288, 291, 293, 303, 313, 321, 329, 337, 345, 362, 377, 392, 411, 430, 442, 449, 456, 463, 470, 477, 484], "summary": {"covered_lines": 61, "num_statements": 61, "percent_covered": 100.0, "percent_covered_display": "100", "missing_lines": 0, "excluded_lines": 0, "num_branches": 10, "num_partial_branches": 0, "covered_branches": 10, "missing_branches": 0}, "missing_lines": [], "excluded_lines": [], "executed_branches": [[93, 94], [93, 110], [111, 112], [111, 128], [140, 141], [140, 149], [150, 151], [150, 167], [167, 168], [167, 186]], "missing_branches": []}, "": {"executed_lines": [1, 3, 4, 5, 6, 7, 8, 9, 10, 11, 12, 13, 14, 15, 16, 17, 18, 19, 20, 21, 22, 23, 24, 25, 28, 29, 31], "summary": {"covered_lines": 25, "num_statements": 25, "percent_covered": 100.0, "percent_covered_display": "100", "missing_lines": 0, "excluded_lines": 0, "num_branches": 0, "num_partial_branches": 0, "covered_branches": 0, "missing_branches": 0}, "missing_lines": [], "excluded_lines": [], "executed_branches": [], "missing_branches": []}}, "classes": {"TapStack": {"executed_lines": [38, 41, 42, 43, 44, 45, 48, 56, 59, 68, 71, 84, 92, 93, 94, 107, 110, 111, 112, 125, 128, 140, 141, 149, 150, 151, 157, 164, 167, 168, 178, 186, 206, 214, 223, 232, 240, 247, 255, 271, 288, 291, 293, 303, 313, 321, 329, 337, 345, 362, 377, 392, 411, 430, 442, 449, 456, 463, 470, 477, 484], "summary": {"covered_lines": 61, "num_statements": 61, "percent_covered": 100.0, "percent_covered_display": "100", "missing_lines": 0, "excluded_lines": 0, "num_branches": 10, "num_partial_branches": 0, "covered_branches": 10, "missing_branches": 0}, "missing_lines": [], "excluded_lines": [], "executed_branches": [[93, 94], [93, 110], [111, 112], [111, 128], [140, 141], [140, 149], [150, 151], [150, 167], [167, 168], [167, 186]], "missing_branches": []}, "": {"executed_lines": [1, 3, 4, 5, 6, 7, 8, 9, 10, 11, 12, 13, 14, 15, 16, 17, 18, 19, 20, 21, 22, 23, 24, 25, 28, 29, 31], "summary": {"covered_lines": 25, "num_statements": 25, "percent_covered": 100.0, "percent_covered_display": "100", "missing_lines": 0, "excluded_lines": 0, "num_branches": 0, "num_partial_branches": 0, "covered_branches": 0, "missing_branches": 0}, "missing_lines": [], "excluded_lines": [], "executed_branches": [], "missing_branches": []}}}}, "totals": {"covered_lines": 86, "num_statements": 86, "percent_covered": 100.0, "percent_covered_display": "100", "missing_lines": 0, "excluded_lines": 0, "num_branches": 10, "num_partial_branches": 0, "covered_branches": 10, "missing_branches": 0}}