{"meta": {"format": 3, "version": "7.11.0", "timestamp": "2025-11-24T05:35:45.919676", "branch_coverage": true, "show_contexts": false}, "files": {"lib/lambda/app.py": {"executed_lines": [1, 2, 3, 4, 5, 6, 9, 10, 13, 14, 15, 18, 19, 23, 27, 29, 30, 32, 34, 35, 36, 39, 43, 45, 46, 48, 51, 52, 53, 56, 57, 60, 73, 74, 89, 91, 94, 108, 109, 110, 122, 126, 127, 130, 131, 134, 145, 147, 150, 151, 163, 171, 172, 173], "summary": {"covered_lines": 54, "num_statements": 55, "percent_covered": 96.72131147540983, "percent_covered_display": "97", "missing_lines": 1, "excluded_lines": 0, "num_branches": 6, "num_partial_branches": 1, "covered_branches": 5, "missing_branches": 1}, "missing_lines": [20], "excluded_lines": [], "executed_branches": [[19, 23], [29, 30], [29, 32], [45, 46], [45, 48]], "missing_branches": [[19, 20]], "functions": {"lambda_handler": {"executed_lines": [27, 29, 30, 32, 34, 35, 36], "summary": {"covered_lines": 7, "num_statements": 7, "percent_covered": 100.0, "percent_covered_display": "100", "missing_lines": 0, "excluded_lines": 0, "num_branches": 2, "num_partial_branches": 0, "covered_branches": 2, "missing_branches": 0}, "missing_lines": [], "excluded_lines": [], "executed_branches": [[29, 30], [29, 32]], "missing_branches": []}, "handle_webhook": {"executed_lines": [43, 45, 46, 48, 51, 52, 53, 56, 57, 60, 73, 74, 89, 91, 94, 108, 109, 110], "summary": {"covered_lines": 18, "num_statements": 18, "percent_covered": 100.0, "percent_covered_display": "100", "missing_lines": 0, "excluded_lines": 0, "num_branches": 2, "num_partial_branches": 0, "covered_branches": 2, "missing_branches": 0}, "missing_lines": [], "excluded_lines": [], "executed_branches": [[45, 46], [45, 48]], "missing_branches": []}, "handle_batch_processing": {"executed_lines": [126, 127, 130, 131, 134, 145, 147, 150, 151, 163, 171, 172, 173], "summary": {"covered_lines": 13, "num_statements": 13, "percent_covered": 100.0, "percent_covered_display": "100", "missing_lines": 0, "excluded_lines": 0, "num_branches": 0, "num_partial_branches": 0, "covered_branches": 0, "missing_branches": 0}, "missing_lines": [], "excluded_lines": [], "executed_branches": [], "missing_branches": []}, "": {"executed_lines": [1, 2, 3, 4, 5, 6, 9, 10, 13, 14, 15, 18, 19, 23, 39, 122], "summary": {"covered_lines": 16, "num_statements": 17, "percent_covered": 89.47368421052632, "percent_covered_display": "89", "missing_lines": 1, "excluded_lines": 0, "num_branches": 2, "num_partial_branches": 1, "covered_branches": 1, "missing_branches": 1}, "missing_lines": [20], "excluded_lines": [], "executed_branches": [[19, 23]], "missing_branches": [[19, 20]]}}, "classes": {"": {"executed_lines": [1, 2, 3, 4, 5, 6, 9, 10, 13, 14, 15, 18, 19, 23, 27, 29, 30, 32, 34, 35, 36, 39, 43, 45, 46, 48, 51, 52, 53, 56, 57, 60, 73, 74, 89, 91, 94, 108, 109, 110, 122, 126, 127, 130, 131, 134, 145, 147, 150, 151, 163, 171, 172, 173], "summary": {"covered_lines": 54, "num_statements": 55, "percent_covered": 96.72131147540983, "percent_covered_display": "97", "missing_lines": 1, "excluded_lines": 0, "num_branches": 6, "num_partial_branches": 1, "covered_branches": 5, "missing_branches": 1}, "missing_lines": [20], "excluded_lines": [], "executed_branches": [[19, 23], [29, 30], [29, 32], [45, 46], [45, 48]], "missing_branches": [[19, 20]]}}}}, "totals": {"covered_lines": 54, "num_statements": 55, "percent_covered": 96.72131147540983, "percent_covered_display": "97", "missing_lines": 1, "excluded_lines": 0, "num_branches": 6, "num_partial_branches": 1, "covered_branches": 5, "missing_branches": 1}}