{"meta": {"format": 3, "version": "7.10.6", "timestamp": "2025-11-18T08:38:15.915961", "branch_coverage": true, "show_contexts": false}, "files": {"lib/test/__init__.py": {"executed_lines": [], "summary": {"covered_lines": 0, "num_statements": 0, "percent_covered": 100.0, "percent_covered_display": "100", "missing_lines": 0, "excluded_lines": 0, "num_branches": 0, "num_partial_branches": 0, "covered_branches": 0, "missing_branches": 0}, "missing_lines": [], "excluded_lines": [], "executed_branches": [], "missing_branches": [], "functions": {"": {"executed_lines": [], "summary": {"covered_lines": 0, "num_statements": 0, "percent_covered": 100.0, "percent_covered_display": "100", "missing_lines": 0, "excluded_lines": 0, "num_branches": 0, "num_partial_branches": 0, "covered_branches": 0, "missing_branches": 0}, "missing_lines": [], "excluded_lines": [], "executed_branches": [], "missing_branches": []}}, "classes": {"": {"executed_lines": [], "summary": {"covered_lines": 0, "num_statements": 0, "percent_covered": 100.0, "percent_covered_display": "100", "missing_lines": 0, "excluded_lines": 0, "num_branches": 0, "num_partial_branches": 0, "covered_branches": 0, "missing_branches": 0}, "missing_lines": [], "excluded_lines": [], "executed_branches": [], "missing_branches": []}}}, "lib/test/test_terraform_unit.py": {"executed_lines": [1, 2, 3, 4, 5, 8, 9, 11, 12, 14, 16, 17, 19, 21, 22, 24, 26, 27, 29, 31, 33, 34, 36, 38, 39, 41, 43, 44, 46, 47, 49, 50, 51, 53, 55, 56, 58, 59, 65, 67, 68, 70, 71, 76, 78, 79, 81, 82, 88, 90, 91, 93, 94, 102, 104, 105, 107, 108, 110, 111, 112, 114, 116, 117, 119, 120, 122, 124, 125, 127, 128, 134, 136, 137, 139, 140, 142, 143, 145, 147, 148, 150, 151, 152, 160, 162, 163, 165, 166, 168, 169, 171, 173, 174, 176, 177, 178, 180, 182, 183, 185, 186, 191, 193, 194, 196, 197, 199, 201, 202, 204, 205, 211, 213, 214, 216, 217, 222, 224, 225, 227, 228, 234, 236, 237, 239, 240, 245, 247, 248, 250, 251, 253, 255, 256, 258, 259, 266, 268, 269, 271, 272, 273, 275, 276, 278, 281, 283, 284, 286, 287, 288, 292, 294, 295, 297, 298, 299, 300, 303, 305, 307, 308, 309, 310, 312, 313, 315, 317, 319, 320, 322, 323, 324, 325, 327, 328, 330, 332, 334, 335, 336, 338, 340, 342, 343, 344, 346, 348, 349, 351, 352, 357, 359, 360, 362, 363, 368, 370, 371, 373, 374, 376, 378, 379, 381, 382, 383, 385, 388, 390, 391, 393, 394, 397, 399, 400, 402, 403, 409, 411, 412, 413, 415, 417, 419, 420, 421, 423], "summary": {"covered_lines": 228, "num_statements": 280, "percent_covered": 81.72413793103448, "percent_covered_display": "82", "missing_lines": 52, "excluded_lines": 0, "num_branches": 10, "num_partial_branches": 1, "covered_branches": 9, "missing_branches": 1}, "missing_lines": [61, 62, 63, 73, 74, 84, 85, 86, 96, 97, 98, 99, 100, 130, 131, 132, 154, 155, 156, 157, 158, 188, 189, 207, 208, 209, 219, 220, 230, 231, 232, 242, 243, 260, 262, 263, 264, 279, 289, 290, 301, 353, 354, 355, 364, 365, 366, 386, 395, 404, 406, 407], "excluded_lines": [], "executed_branches": [[307, 308], [322, -317], [322, 323], [327, 322], [327, 328], [334, -330], [334, 335], [342, -338], [342, 343]], "missing_branches": [[307, -303]], "functions": {"TestTerraformConfiguration.lib_path": {"executed_lines": [14], "summary": {"covered_lines": 1, "num_statements": 1, "percent_covered": 100.0, "percent_covered_display": "100", "missing_lines": 0, "excluded_lines": 0, "num_branches": 0, "num_partial_branches": 0, "covered_branches": 0, "missing_branches": 0}, "missing_lines": [], "excluded_lines": [], "executed_branches": [], "missing_branches": []}, "TestTerraformConfiguration.backend_setup_path": {"executed_lines": [19], "summary": {"covered_lines": 1, "num_statements": 1, "percent_covered": 100.0, "percent_covered_display": "100", "missing_lines": 0, "excluded_lines": 0, "num_branches": 0, "num_partial_branches": 0, "covered_branches": 0, "missing_branches": 0}, "missing_lines": [], "excluded_lines": [], "executed_branches": [], "missing_branches": []}, "TestTerraformConfiguration.modules_path": {"executed_lines": [24], "summary": {"covered_lines": 1, "num_statements": 1, "percent_covered": 100.0, "percent_covered_display": "100", "missing_lines": 0, "excluded_lines": 0, "num_branches": 0, "num_partial_branches": 0, "covered_branches": 0, "missing_branches": 0}, "missing_lines": [], "excluded_lines": [], "executed_branches": [], "missing_branches": []}, "TestTerraformConfiguration.dev_env_path": {"executed_lines": [29], "summary": {"covered_lines": 1, "num_statements": 1, "percent_covered": 100.0, "percent_covered_display": "100", "missing_lines": 0, "excluded_lines": 0, "num_branches": 0, "num_partial_branches": 0, "covered_branches": 0, "missing_branches": 0}, "missing_lines": [], "excluded_lines": [], "executed_branches": [], "missing_branches": []}, "TestTerraformConfiguration.load_tf_file": {"executed_lines": [33, 34], "summary": {"covered_lines": 2, "num_statements": 2, "percent_covered": 100.0, "percent_covered_display": "100", "missing_lines": 0, "excluded_lines": 0, "num_branches": 0, "num_partial_branches": 0, "covered_branches": 0, "missing_branches": 0}, "missing_lines": [], "excluded_lines": [], "executed_branches": [], "missing_branches": []}, "TestTerraformConfiguration.test_backend_setup_main_tf_exists": {"executed_lines": [38, 39], "summary": {"covered_lines": 2, "num_statements": 2, "percent_covered": 100.0, "percent_covered_display": "100", "missing_lines": 0, "excluded_lines": 0, "num_branches": 0, "num_partial_branches": 0, "covered_branches": 0, "missing_branches": 0}, "missing_lines": [], "excluded_lines": [], "executed_branches": [], "missing_branches": []}, "TestTerraformConfiguration.test_backend_setup_creates_s3_bucket": {"executed_lines": [43, 44, 46, 47, 49, 50, 51], "summary": {"covered_lines": 7, "num_statements": 7, "percent_covered": 100.0, "percent_covered_display": "100", "missing_lines": 0, "excluded_lines": 0, "num_branches": 0, "num_partial_branches": 0, "covered_branches": 0, "missing_branches": 0}, "missing_lines": [], "excluded_lines": [], "executed_branches": [], "missing_branches": []}, "TestTerraformConfiguration.test_backend_setup_creates_dynamodb_table": {"executed_lines": [55, 56, 58, 59], "summary": {"covered_lines": 4, "num_statements": 7, "percent_covered": 57.142857142857146, "percent_covered_display": "57", "missing_lines": 3, "excluded_lines": 0, "num_branches": 0, "num_partial_branches": 0, "covered_branches": 0, "missing_branches": 0}, "missing_lines": [61, 62, 63], "excluded_lines": [], "executed_branches": [], "missing_branches": []}, "TestTerraformConfiguration.test_backend_setup_enables_s3_versioning": {"executed_lines": [67, 68, 70, 71], "summary": {"covered_lines": 4, "num_statements": 6, "percent_covered": 66.66666666666667, "percent_covered_display": "67", "missing_lines": 2, "excluded_lines": 0, "num_branches": 0, "num_partial_branches": 0, "covered_branches": 0, "missing_branches": 0}, "missing_lines": [73, 74], "excluded_lines": [], "executed_branches": [], "missing_branches": []}, "TestTerraformConfiguration.test_backend_setup_enables_s3_encryption": {"executed_lines": [78, 79, 81, 82], "summary": {"covered_lines": 4, "num_statements": 7, "percent_covered": 57.142857142857146, "percent_covered_display": "57", "missing_lines": 3, "excluded_lines": 0, "num_branches": 0, "num_partial_branches": 0, "covered_branches": 0, "missing_branches": 0}, "missing_lines": [84, 85, 86], "excluded_lines": [], "executed_branches": [], "missing_branches": []}, "TestTerraformConfiguration.test_backend_setup_blocks_public_access": {"executed_lines": [90, 91, 93, 94], "summary": {"covered_lines": 4, "num_statements": 9, "percent_covered": 44.44444444444444, "percent_covered_display": "44", "missing_lines": 5, "excluded_lines": 0, "num_branches": 0, "num_partial_branches": 0, "covered_branches": 0, "missing_branches": 0}, "missing_lines": [96, 97, 98, 99, 100], "excluded_lines": [], "executed_branches": [], "missing_branches": []}, "TestTerraformConfiguration.test_networking_module_creates_vpc": {"executed_lines": [104, 105, 107, 108, 110, 111, 112], "summary": {"covered_lines": 7, "num_statements": 7, "percent_covered": 100.0, "percent_covered_display": "100", "missing_lines": 0, "excluded_lines": 0, "num_branches": 0, "num_partial_branches": 0, "covered_branches": 0, "missing_branches": 0}, "missing_lines": [], "excluded_lines": [], "executed_branches": [], "missing_branches": []}, "TestTerraformConfiguration.test_networking_module_creates_internet_gateway": {"executed_lines": [116, 117, 119, 120], "summary": {"covered_lines": 4, "num_statements": 4, "percent_covered": 100.0, "percent_covered_display": "100", "missing_lines": 0, "excluded_lines": 0, "num_branches": 0, "num_partial_branches": 0, "covered_branches": 0, "missing_branches": 0}, "missing_lines": [], "excluded_lines": [], "executed_branches": [], "missing_branches": []}, "TestTerraformConfiguration.test_networking_module_creates_subnets": {"executed_lines": [124, 125, 127, 128], "summary": {"covered_lines": 4, "num_statements": 7, "percent_covered": 57.142857142857146, "percent_covered_display": "57", "missing_lines": 3, "excluded_lines": 0, "num_branches": 0, "num_partial_branches": 0, "covered_branches": 0, "missing_branches": 0}, "missing_lines": [130, 131, 132], "excluded_lines": [], "executed_branches": [], "missing_branches": []}, "TestTerraformConfiguration.test_security_groups_module_creates_ecs_sg": {"executed_lines": [136, 137, 139, 140, 142, 143], "summary": {"covered_lines": 6, "num_statements": 6, "percent_covered": 100.0, "percent_covered_display": "100", "missing_lines": 0, "excluded_lines": 0, "num_branches": 0, "num_partial_branches": 0, "covered_branches": 0, "missing_branches": 0}, "missing_lines": [], "excluded_lines": [], "executed_branches": [], "missing_branches": []}, "TestTerraformConfiguration.test_security_groups_module_creates_alb_sg": {"executed_lines": [147, 148, 150, 151, 152], "summary": {"covered_lines": 5, "num_statements": 10, "percent_covered": 50.0, "percent_covered_display": "50", "missing_lines": 5, "excluded_lines": 0, "num_branches": 0, "num_partial_branches": 0, "covered_branches": 0, "missing_branches": 0}, "missing_lines": [154, 155, 156, 157, 158], "excluded_lines": [], "executed_branches": [], "missing_branches": []}, "TestTerraformConfiguration.test_iam_module_creates_task_execution_role": {"executed_lines": [162, 163, 165, 166, 168, 169], "summary": {"covered_lines": 6, "num_statements": 6, "percent_covered": 100.0, "percent_covered_display": "100", "missing_lines": 0, "excluded_lines": 0, "num_branches": 0, "num_partial_branches": 0, "covered_branches": 0, "missing_branches": 0}, "missing_lines": [], "excluded_lines": [], "executed_branches": [], "missing_branches": []}, "TestTerraformConfiguration.test_iam_module_creates_task_role": {"executed_lines": [173, 174, 176, 177, 178], "summary": {"covered_lines": 5, "num_statements": 5, "percent_covered": 100.0, "percent_covered_display": "100", "missing_lines": 0, "excluded_lines": 0, "num_branches": 0, "num_partial_branches": 0, "covered_branches": 0, "missing_branches": 0}, "missing_lines": [], "excluded_lines": [], "executed_branches": [], "missing_branches": []}, "TestTerraformConfiguration.test_iam_module_attaches_managed_policy": {"executed_lines": [182, 183, 185, 186], "summary": {"covered_lines": 4, "num_statements": 6, "percent_covered": 66.66666666666667, "percent_covered_display": "67", "missing_lines": 2, "excluded_lines": 0, "num_branches": 0, "num_partial_branches": 0, "covered_branches": 0, "missing_branches": 0}, "missing_lines": [188, 189], "excluded_lines": [], "executed_branches": [], "missing_branches": []}, "TestTerraformConfiguration.test_ecs_module_creates_cluster": {"executed_lines": [193, 194, 196, 197], "summary": {"covered_lines": 4, "num_statements": 4, "percent_covered": 100.0, "percent_covered_display": "100", "missing_lines": 0, "excluded_lines": 0, "num_branches": 0, "num_partial_branches": 0, "covered_branches": 0, "missing_branches": 0}, "missing_lines": [], "excluded_lines": [], "executed_branches": [], "missing_branches": []}, "TestTerraformConfiguration.test_ecs_module_creates_task_definition": {"executed_lines": [201, 202, 204, 205], "summary": {"covered_lines": 4, "num_statements": 7, "percent_covered": 57.142857142857146, "percent_covered_display": "57", "missing_lines": 3, "excluded_lines": 0, "num_branches": 0, "num_partial_branches": 0, "covered_branches": 0, "missing_branches": 0}, "missing_lines": [207, 208, 209], "excluded_lines": [], "executed_branches": [], "missing_branches": []}, "TestTerraformConfiguration.test_ecs_module_creates_service": {"executed_lines": [213, 214, 216, 217], "summary": {"covered_lines": 4, "num_statements": 6, "percent_covered": 66.66666666666667, "percent_covered_display": "67", "missing_lines": 2, "excluded_lines": 0, "num_branches": 0, "num_partial_branches": 0, "covered_branches": 0, "missing_branches": 0}, "missing_lines": [219, 220], "excluded_lines": [], "executed_branches": [], "missing_branches": []}, "TestTerraformConfiguration.test_ecs_module_creates_alb": {"executed_lines": [224, 225, 227, 228], "summary": {"covered_lines": 4, "num_statements": 7, "percent_covered": 57.142857142857146, "percent_covered_display": "57", "missing_lines": 3, "excluded_lines": 0, "num_branches": 0, "num_partial_branches": 0, "covered_branches": 0, "missing_branches": 0}, "missing_lines": [230, 231, 232], "excluded_lines": [], "executed_branches": [], "missing_branches": []}, "TestTerraformConfiguration.test_ecs_module_creates_target_group": {"executed_lines": [236, 237, 239, 240], "summary": {"covered_lines": 4, "num_statements": 6, "percent_covered": 66.66666666666667, "percent_covered_display": "67", "missing_lines": 2, "excluded_lines": 0, "num_branches": 0, "num_partial_branches": 0, "covered_branches": 0, "missing_branches": 0}, "missing_lines": [242, 243], "excluded_lines": [], "executed_branches": [], "missing_branches": []}, "TestTerraformConfiguration.test_ecs_module_creates_cloudwatch_log_group": {"executed_lines": [247, 248, 250, 251], "summary": {"covered_lines": 4, "num_statements": 4, "percent_covered": 100.0, "percent_covered_display": "100", "missing_lines": 0, "excluded_lines": 0, "num_branches": 0, "num_partial_branches": 0, "covered_branches": 0, "missing_branches": 0}, "missing_lines": [], "excluded_lines": [], "executed_branches": [], "missing_branches": []}, "TestTerraformConfiguration.test_ecs_module_configures_autoscaling": {"executed_lines": [255, 256, 258, 259], "summary": {"covered_lines": 4, "num_statements": 8, "percent_covered": 50.0, "percent_covered_display": "50", "missing_lines": 4, "excluded_lines": 0, "num_branches": 0, "num_partial_branches": 0, "covered_branches": 0, "missing_branches": 0}, "missing_lines": [260, 262, 263, 264], "excluded_lines": [], "executed_branches": [], "missing_branches": []}, "TestTerraformConfiguration.test_dev_environment_has_backend_config": {"executed_lines": [268, 269, 271, 272, 273, 275, 276, 278], "summary": {"covered_lines": 8, "num_statements": 9, "percent_covered": 88.88888888888889, "percent_covered_display": "89", "missing_lines": 1, "excluded_lines": 0, "num_branches": 0, "num_partial_branches": 0, "covered_branches": 0, "missing_branches": 0}, "missing_lines": [279], "excluded_lines": [], "executed_branches": [], "missing_branches": []}, "TestTerraformConfiguration.test_dev_environment_uses_modules": {"executed_lines": [283, 284, 286, 287, 288], "summary": {"covered_lines": 5, "num_statements": 7, "percent_covered": 71.42857142857143, "percent_covered_display": "71", "missing_lines": 2, "excluded_lines": 0, "num_branches": 0, "num_partial_branches": 0, "covered_branches": 0, "missing_branches": 0}, "missing_lines": [289, 290], "excluded_lines": [], "executed_branches": [], "missing_branches": []}, "TestTerraformConfiguration.test_dev_environment_has_outputs": {"executed_lines": [294, 295, 297, 298, 299, 300], "summary": {"covered_lines": 6, "num_statements": 7, "percent_covered": 85.71428571428571, "percent_covered_display": "86", "missing_lines": 1, "excluded_lines": 0, "num_branches": 0, "num_partial_branches": 0, "covered_branches": 0, "missing_branches": 0}, "missing_lines": [301], "excluded_lines": [], "executed_branches": [], "missing_branches": []}, "TestTerraformConfiguration.test_resource_names_include_environment_suffix": {"executed_lines": [305, 307, 308, 309, 310, 312, 313, 315], "summary": {"covered_lines": 8, "num_statements": 8, "percent_covered": 90.0, "percent_covered_display": "90", "missing_lines": 0, "excluded_lines": 0, "num_branches": 2, "num_partial_branches": 1, "covered_branches": 1, "missing_branches": 1}, "missing_lines": [], "excluded_lines": [], "executed_branches": [[307, 308]], "missing_branches": [[307, -303]]}, "TestTerraformConfiguration.test_no_hardcoded_environment_values": {"executed_lines": [319, 320, 322, 323, 324, 325, 327, 328], "summary": {"covered_lines": 8, "num_statements": 8, "percent_covered": 100.0, "percent_covered_display": "100", "missing_lines": 0, "excluded_lines": 0, "num_branches": 4, "num_partial_branches": 0, "covered_branches": 4, "missing_branches": 0}, "missing_lines": [], "excluded_lines": [], "executed_branches": [[322, -317], [322, 323], [327, 322], [327, 328]], "missing_branches": []}, "TestTerraformConfiguration.test_modules_have_variables_file": {"executed_lines": [332, 334, 335, 336], "summary": {"covered_lines": 4, "num_statements": 4, "percent_covered": 100.0, "percent_covered_display": "100", "missing_lines": 0, "excluded_lines": 0, "num_branches": 2, "num_partial_branches": 0, "covered_branches": 2, "missing_branches": 0}, "missing_lines": [], "excluded_lines": [], "executed_branches": [[334, -330], [334, 335]], "missing_branches": []}, "TestTerraformConfiguration.test_modules_have_outputs_file": {"executed_lines": [340, 342, 343, 344], "summary": {"covered_lines": 4, "num_statements": 4, "percent_covered": 100.0, "percent_covered_display": "100", "missing_lines": 0, "excluded_lines": 0, "num_branches": 2, "num_partial_branches": 0, "covered_branches": 2, "missing_branches": 0}, "missing_lines": [], "excluded_lines": [], "executed_branches": [[342, -338], [342, 343]], "missing_branches": []}, "TestTerraformConfiguration.test_networking_module_has_required_variables": {"executed_lines": [348, 349, 351, 352], "summary": {"covered_lines": 4, "num_statements": 7, "percent_covered": 57.142857142857146, "percent_covered_display": "57", "missing_lines": 3, "excluded_lines": 0, "num_branches": 0, "num_partial_branches": 0, "covered_branches": 0, "missing_branches": 0}, "missing_lines": [353, 354, 355], "excluded_lines": [], "executed_branches": [], "missing_branches": []}, "TestTerraformConfiguration.test_ecs_module_has_required_variables": {"executed_lines": [359, 360, 362, 363], "summary": {"covered_lines": 4, "num_statements": 7, "percent_covered": 57.142857142857146, "percent_covered_display": "57", "missing_lines": 3, "excluded_lines": 0, "num_branches": 0, "num_partial_branches": 0, "covered_branches": 0, "missing_branches": 0}, "missing_lines": [364, 365, 366], "excluded_lines": [], "executed_branches": [], "missing_branches": []}, "TestTerraformConfiguration.test_terraform_version_constraint": {"executed_lines": [370, 371, 373, 374], "summary": {"covered_lines": 4, "num_statements": 4, "percent_covered": 100.0, "percent_covered_display": "100", "missing_lines": 0, "excluded_lines": 0, "num_branches": 0, "num_partial_branches": 0, "covered_branches": 0, "missing_branches": 0}, "missing_lines": [], "excluded_lines": [], "executed_branches": [], "missing_branches": []}, "TestTerraformConfiguration.test_aws_provider_version_constraint": {"executed_lines": [378, 379, 381, 382, 383, 385], "summary": {"covered_lines": 6, "num_statements": 7, "percent_covered": 85.71428571428571, "percent_covered_display": "86", "missing_lines": 1, "excluded_lines": 0, "num_branches": 0, "num_partial_branches": 0, "covered_branches": 0, "missing_branches": 0}, "missing_lines": [386], "excluded_lines": [], "executed_branches": [], "missing_branches": []}, "TestTerraformConfiguration.test_ecs_service_connects_to_alb": {"executed_lines": [390, 391, 393, 394], "summary": {"covered_lines": 4, "num_statements": 5, "percent_covered": 80.0, "percent_covered_display": "80", "missing_lines": 1, "excluded_lines": 0, "num_branches": 0, "num_partial_branches": 0, "covered_branches": 0, "missing_branches": 0}, "missing_lines": [395], "excluded_lines": [], "executed_branches": [], "missing_branches": []}, "TestTerraformConfiguration.test_alb_listener_forwards_to_target_group": {"executed_lines": [399, 400, 402, 403], "summary": {"covered_lines": 4, "num_statements": 7, "percent_covered": 57.142857142857146, "percent_covered_display": "57", "missing_lines": 3, "excluded_lines": 0, "num_branches": 0, "num_partial_branches": 0, "covered_branches": 0, "missing_branches": 0}, "missing_lines": [404, 406, 407], "excluded_lines": [], "executed_branches": [], "missing_branches": []}, "TestTerraformConfiguration.test_ecs_tasks_use_private_subnets": {"executed_lines": [411, 412, 413, 415], "summary": {"covered_lines": 4, "num_statements": 4, "percent_covered": 100.0, "percent_covered_display": "100", "missing_lines": 0, "excluded_lines": 0, "num_branches": 0, "num_partial_branches": 0, "covered_branches": 0, "missing_branches": 0}, "missing_lines": [], "excluded_lines": [], "executed_branches": [], "missing_branches": []}, "TestTerraformConfiguration.test_alb_uses_public_subnets": {"executed_lines": [419, 420, 421, 423], "summary": {"covered_lines": 4, "num_statements": 4, "percent_covered": 100.0, "percent_covered_display": "100", "missing_lines": 0, "excluded_lines": 0, "num_branches": 0, "num_partial_branches": 0, "covered_branches": 0, "missing_branches": 0}, "missing_lines": [], "excluded_lines": [], "executed_branches": [], "missing_branches": []}, "": {"executed_lines": [1, 2, 3, 4, 5, 8, 9, 11, 12, 16, 17, 21, 22, 26, 27, 31, 36, 41, 53, 65, 76, 88, 102, 114, 122, 134, 145, 160, 171, 180, 191, 199, 211, 222, 234, 245, 253, 266, 281, 292, 303, 317, 330, 338, 346, 357, 368, 376, 388, 397, 409, 417], "summary": {"covered_lines": 51, "num_statements": 51, "percent_covered": 100.0, "percent_covered_display": "100", "missing_lines": 0, "excluded_lines": 0, "num_branches": 0, "num_partial_branches": 0, "covered_branches": 0, "missing_branches": 0}, "missing_lines": [], "excluded_lines": [], "executed_branches": [], "missing_branches": []}}, "classes": {"TestTerraformConfiguration": {"executed_lines": [14, 19, 24, 29, 33, 34, 38, 39, 43, 44, 46, 47, 49, 50, 51, 55, 56, 58, 59, 67, 68, 70, 71, 78, 79, 81, 82, 90, 91, 93, 94, 104, 105, 107, 108, 110, 111, 112, 116, 117, 119, 120, 124, 125, 127, 128, 136, 137, 139, 140, 142, 143, 147, 148, 150, 151, 152, 162, 163, 165, 166, 168, 169, 173, 174, 176, 177, 178, 182, 183, 185, 186, 193, 194, 196, 197, 201, 202, 204, 205, 213, 214, 216, 217, 224, 225, 227, 228, 236, 237, 239, 240, 247, 248, 250, 251, 255, 256, 258, 259, 268, 269, 271, 272, 273, 275, 276, 278, 283, 284, 286, 287, 288, 294, 295, 297, 298, 299, 300, 305, 307, 308, 309, 310, 312, 313, 315, 319, 320, 322, 323, 324, 325, 327, 328, 332, 334, 335, 336, 340, 342, 343, 344, 348, 349, 351, 352, 359, 360, 362, 363, 370, 371, 373, 374, 378, 379, 381, 382, 383, 385, 390, 391, 393, 394, 399, 400, 402, 403, 411, 412, 413, 415, 419, 420, 421, 423], "summary": {"covered_lines": 177, "num_statements": 229, "percent_covered": 77.82426778242677, "percent_covered_display": "78", "missing_lines": 52, "excluded_lines": 0, "num_branches": 10, "num_partial_branches": 1, "covered_branches": 9, "missing_branches": 1}, "missing_lines": [61, 62, 63, 73, 74, 84, 85, 86, 96, 97, 98, 99, 100, 130, 131, 132, 154, 155, 156, 157, 158, 188, 189, 207, 208, 209, 219, 220, 230, 231, 232, 242, 243, 260, 262, 263, 264, 279, 289, 290, 301, 353, 354, 355, 364, 365, 366, 386, 395, 404, 406, 407], "excluded_lines": [], "executed_branches": [[307, 308], [322, -317], [322, 323], [327, 322], [327, 328], [334, -330], [334, 335], [342, -338], [342, 343]], "missing_branches": [[307, -303]]}, "": {"executed_lines": [1, 2, 3, 4, 5, 8, 9, 11, 12, 16, 17, 21, 22, 26, 27, 31, 36, 41, 53, 65, 76, 88, 102, 114, 122, 134, 145, 160, 171, 180, 191, 199, 211, 222, 234, 245, 253, 266, 281, 292, 303, 317, 330, 338, 346, 357, 368, 376, 388, 397, 409, 417], "summary": {"covered_lines": 51, "num_statements": 51, "percent_covered": 100.0, "percent_covered_display": "100", "missing_lines": 0, "excluded_lines": 0, "num_branches": 0, "num_partial_branches": 0, "covered_branches": 0, "missing_branches": 0}, "missing_lines": [], "excluded_lines": [], "executed_branches": [], "missing_branches": []}}}}, "totals": {"covered_lines": 228, "num_statements": 280, "percent_covered": 81.72413793103448, "percent_covered_display": "82", "missing_lines": 52, "excluded_lines": 0, "num_branches": 10, "num_partial_branches": 1, "covered_branches": 9, "missing_branches": 1}}