{"meta": {"format": 3, "version": "7.11.3", "timestamp": "2025-11-10T17:11:23.422842", "branch_coverage": true, "show_contexts": false}, "files": {"lib/route53_stack.py": {"executed_lines": [1, 9, 12, 13, 15, 24, 26, 29, 37, 57, 78, 90, 102, 110, 117, 124, 131], "summary": {"covered_lines": 16, "num_statements": 16, "percent_covered": 100.0, "percent_covered_display": "100", "missing_lines": 0, "excluded_lines": 0, "num_branches": 0, "num_partial_branches": 0, "covered_branches": 0, "missing_branches": 0}, "missing_lines": [], "excluded_lines": [], "executed_branches": [], "missing_branches": [], "functions": {"Route53Stack.__init__": {"executed_lines": [24, 26, 29, 37, 57, 78, 90, 102, 110, 117, 124, 131], "summary": {"covered_lines": 12, "num_statements": 12, "percent_covered": 100.0, "percent_covered_display": "100", "missing_lines": 0, "excluded_lines": 0, "num_branches": 0, "num_partial_branches": 0, "covered_branches": 0, "missing_branches": 0}, "missing_lines": [], "excluded_lines": [], "executed_branches": [], "missing_branches": []}, "": {"executed_lines": [1, 9, 12, 13, 15], "summary": {"covered_lines": 4, "num_statements": 4, "percent_covered": 100.0, "percent_covered_display": "100", "missing_lines": 0, "excluded_lines": 0, "num_branches": 0, "num_partial_branches": 0, "covered_branches": 0, "missing_branches": 0}, "missing_lines": [], "excluded_lines": [], "executed_branches": [], "missing_branches": []}}, "classes": {"Route53Stack": {"executed_lines": [24, 26, 29, 37, 57, 78, 90, 102, 110, 117, 124, 131], "summary": {"covered_lines": 12, "num_statements": 12, "percent_covered": 100.0, "percent_covered_display": "100", "missing_lines": 0, "excluded_lines": 0, "num_branches": 0, "num_partial_branches": 0, "covered_branches": 0, "missing_branches": 0}, "missing_lines": [], "excluded_lines": [], "executed_branches": [], "missing_branches": []}, "": {"executed_lines": [1, 9, 12, 13, 15], "summary": {"covered_lines": 4, "num_statements": 4, "percent_covered": 100.0, "percent_covered_display": "100", "missing_lines": 0, "excluded_lines": 0, "num_branches": 0, "num_partial_branches": 0, "covered_branches": 0, "missing_branches": 0}, "missing_lines": [], "excluded_lines": [], "executed_branches": [], "missing_branches": []}}}, "lib/tap_stack.py": {"executed_lines": [1, 21, 22, 25, 26, 27, 29, 30, 31, 32, 43, 44, 46, 47, 49, 52, 55, 56, 57, 60, 63, 64, 65, 66, 69, 70, 73, 74, 77, 78, 81, 84, 85, 86, 87, 90, 91, 92, 95, 96, 99, 101, 103, 122, 124, 126, 134, 136, 138, 148, 154, 156, 158, 168, 174, 176, 178, 188, 195, 202, 208, 210, 212, 234, 236, 239, 249, 264, 295, 297, 299, 322, 324, 327, 335, 338, 341, 342, 374, 377, 381, 390, 403, 405, 407, 411, 414, 422, 424, 439, 441, 443, 446, 462, 494, 506, 507, 509, 511, 513, 521, 523, 525, 535, 537, 540, 552, 559, 560, 563, 564, 567, 576, 587, 600, 605, 624, 632, 646, 649, 654, 661, 668, 670, 672, 679, 696, 723, 750, 779, 795, 824, 825, 826, 828, 830, 833, 855, 875, 895, 897, 905, 913, 921, 929, 937, 945, 953, 961, 968], "summary": {"covered_lines": 148, "num_statements": 148, "percent_covered": 100.0, "percent_covered_display": "100", "missing_lines": 0, "excluded_lines": 0, "num_branches": 4, "num_partial_branches": 0, "covered_branches": 4, "missing_branches": 0}, "missing_lines": [], "excluded_lines": [], "executed_branches": [[30, -29], [30, 31], [31, -29], [31, 32]], "missing_branches": [], "functions": {"EncryptionAspect.visit": {"executed_lines": [30, 31, 32], "summary": {"covered_lines": 3, "num_statements": 3, "percent_covered": 100.0, "percent_covered_display": "100", "missing_lines": 0, "excluded_lines": 0, "num_branches": 4, "num_partial_branches": 0, "covered_branches": 4, "missing_branches": 0}, "missing_lines": [], "excluded_lines": [], "executed_branches": [[30, -29], [30, 31], [31, -29], [31, 32]], "missing_branches": []}, "TapStack.__init__": {"executed_lines": [47, 49, 52, 55, 56, 57, 60, 63, 64, 65, 66, 69, 70, 73, 74, 77, 78, 81, 84, 85, 86, 87, 90, 91, 92, 95, 96, 99], "summary": {"covered_lines": 28, "num_statements": 28, "percent_covered": 100.0, "percent_covered_display": "100", "missing_lines": 0, "excluded_lines": 0, "num_branches": 0, "num_partial_branches": 0, "covered_branches": 0, "missing_branches": 0}, "missing_lines": [], "excluded_lines": [], "executed_branches": [], "missing_branches": []}, "TapStack._create_vpc": {"executed_lines": [103, 122], "summary": {"covered_lines": 2, "num_statements": 2, "percent_covered": 100.0, "percent_covered_display": "100", "missing_lines": 0, "excluded_lines": 0, "num_branches": 0, "num_partial_branches": 0, "covered_branches": 0, "missing_branches": 0}, "missing_lines": [], "excluded_lines": [], "executed_branches": [], "missing_branches": []}, "TapStack._create_db_security_group": {"executed_lines": [126, 134], "summary": {"covered_lines": 2, "num_statements": 2, "percent_covered": 100.0, "percent_covered_display": "100", "missing_lines": 0, "excluded_lines": 0, "num_branches": 0, "num_partial_branches": 0, "covered_branches": 0, "missing_branches": 0}, "missing_lines": [], "excluded_lines": [], "executed_branches": [], "missing_branches": []}, "TapStack._create_dms_security_group": {"executed_lines": [138, 148, 154], "summary": {"covered_lines": 3, "num_statements": 3, "percent_covered": 100.0, "percent_covered_display": "100", "missing_lines": 0, "excluded_lines": 0, "num_branches": 0, "num_partial_branches": 0, "covered_branches": 0, "missing_branches": 0}, "missing_lines": [], "excluded_lines": [], "executed_branches": [], "missing_branches": []}, "TapStack._create_ecs_security_group": {"executed_lines": [158, 168, 174], "summary": {"covered_lines": 3, "num_statements": 3, "percent_covered": 100.0, "percent_covered_display": "100", "missing_lines": 0, "excluded_lines": 0, "num_branches": 0, "num_partial_branches": 0, "covered_branches": 0, "missing_branches": 0}, "missing_lines": [], "excluded_lines": [], "executed_branches": [], "missing_branches": []}, "TapStack._create_alb_security_group": {"executed_lines": [178, 188, 195, 202, 208], "summary": {"covered_lines": 5, "num_statements": 5, "percent_covered": 100.0, "percent_covered_display": "100", "missing_lines": 0, "excluded_lines": 0, "num_branches": 0, "num_partial_branches": 0, "covered_branches": 0, "missing_branches": 0}, "missing_lines": [], "excluded_lines": [], "executed_branches": [], "missing_branches": []}, "TapStack._create_db_secret": {"executed_lines": [212, 234], "summary": {"covered_lines": 2, "num_statements": 2, "percent_covered": 100.0, "percent_covered_display": "100", "missing_lines": 0, "excluded_lines": 0, "num_branches": 0, "num_partial_branches": 0, "covered_branches": 0, "missing_branches": 0}, "missing_lines": [], "excluded_lines": [], "executed_branches": [], "missing_branches": []}, "TapStack._create_rds_instance": {"executed_lines": [239, 249, 264, 295], "summary": {"covered_lines": 4, "num_statements": 4, "percent_covered": 100.0, "percent_covered_display": "100", "missing_lines": 0, "excluded_lines": 0, "num_branches": 0, "num_partial_branches": 0, "covered_branches": 0, "missing_branches": 0}, "missing_lines": [], "excluded_lines": [], "executed_branches": [], "missing_branches": []}, "TapStack._create_s3_bucket": {"executed_lines": [299, 322], "summary": {"covered_lines": 2, "num_statements": 2, "percent_covered": 100.0, "percent_covered_display": "100", "missing_lines": 0, "excluded_lines": 0, "num_branches": 0, "num_partial_branches": 0, "covered_branches": 0, "missing_branches": 0}, "missing_lines": [], "excluded_lines": [], "executed_branches": [], "missing_branches": []}, "TapStack._configure_s3_replication": {"executed_lines": [327, 335, 338, 341, 342], "summary": {"covered_lines": 5, "num_statements": 5, "percent_covered": 100.0, "percent_covered_display": "100", "missing_lines": 0, "excluded_lines": 0, "num_branches": 0, "num_partial_branches": 0, "covered_branches": 0, "missing_branches": 0}, "missing_lines": [], "excluded_lines": [], "executed_branches": [], "missing_branches": []}, "TapStack._create_dms_replication_instance": {"executed_lines": [377, 381, 390, 403, 405], "summary": {"covered_lines": 5, "num_statements": 5, "percent_covered": 100.0, "percent_covered_display": "100", "missing_lines": 0, "excluded_lines": 0, "num_branches": 0, "num_partial_branches": 0, "covered_branches": 0, "missing_branches": 0}, "missing_lines": [], "excluded_lines": [], "executed_branches": [], "missing_branches": []}, "TapStack._create_dms_endpoint": {"executed_lines": [411, 414, 422, 424, 439, 441], "summary": {"covered_lines": 6, "num_statements": 6, "percent_covered": 100.0, "percent_covered_display": "100", "missing_lines": 0, "excluded_lines": 0, "num_branches": 0, "num_partial_branches": 0, "covered_branches": 0, "missing_branches": 0}, "missing_lines": [], "excluded_lines": [], "executed_branches": [], "missing_branches": []}, "TapStack._create_dms_replication_task": {"executed_lines": [446, 462, 494, 506, 507, 509], "summary": {"covered_lines": 6, "num_statements": 6, "percent_covered": 100.0, "percent_covered_display": "100", "missing_lines": 0, "excluded_lines": 0, "num_branches": 0, "num_partial_branches": 0, "covered_branches": 0, "missing_branches": 0}, "missing_lines": [], "excluded_lines": [], "executed_branches": [], "missing_branches": []}, "TapStack._create_ecs_cluster": {"executed_lines": [513, 521], "summary": {"covered_lines": 2, "num_statements": 2, "percent_covered": 100.0, "percent_covered_display": "100", "missing_lines": 0, "excluded_lines": 0, "num_branches": 0, "num_partial_branches": 0, "covered_branches": 0, "missing_branches": 0}, "missing_lines": [], "excluded_lines": [], "executed_branches": [], "missing_branches": []}, "TapStack._create_application_load_balancer": {"executed_lines": [525, 535], "summary": {"covered_lines": 2, "num_statements": 2, "percent_covered": 100.0, "percent_covered_display": "100", "missing_lines": 0, "excluded_lines": 0, "num_branches": 0, "num_partial_branches": 0, "covered_branches": 0, "missing_branches": 0}, "missing_lines": [], "excluded_lines": [], "executed_branches": [], "missing_branches": []}, "TapStack._create_ecs_service": {"executed_lines": [540, 552, 559, 560, 563, 564, 567, 576, 587, 600, 605, 624, 632, 646, 649, 654, 661, 668], "summary": {"covered_lines": 18, "num_statements": 18, "percent_covered": 100.0, "percent_covered_display": "100", "missing_lines": 0, "excluded_lines": 0, "num_branches": 0, "num_partial_branches": 0, "covered_branches": 0, "missing_branches": 0}, "missing_lines": [], "excluded_lines": [], "executed_branches": [], "missing_branches": []}, "TapStack._create_cloudwatch_dashboard": {"executed_lines": [672, 679, 696, 723, 750, 779, 795, 824, 825, 826, 828], "summary": {"covered_lines": 11, "num_statements": 11, "percent_covered": 100.0, "percent_covered_display": "100", "missing_lines": 0, "excluded_lines": 0, "num_branches": 0, "num_partial_branches": 0, "covered_branches": 0, "missing_branches": 0}, "missing_lines": [], "excluded_lines": [], "executed_branches": [], "missing_branches": []}, "TapStack._create_cloudwatch_alarms": {"executed_lines": [833, 855, 875], "summary": {"covered_lines": 3, "num_statements": 3, "percent_covered": 100.0, "percent_covered_display": "100", "missing_lines": 0, "excluded_lines": 0, "num_branches": 0, "num_partial_branches": 0, "covered_branches": 0, "missing_branches": 0}, "missing_lines": [], "excluded_lines": [], "executed_branches": [], "missing_branches": []}, "TapStack._create_outputs": {"executed_lines": [897, 905, 913, 921, 929, 937, 945, 953, 961, 968], "summary": {"covered_lines": 10, "num_statements": 10, "percent_covered": 100.0, "percent_covered_display": "100", "missing_lines": 0, "excluded_lines": 0, "num_branches": 0, "num_partial_branches": 0, "covered_branches": 0, "missing_branches": 0}, "missing_lines": [], "excluded_lines": [], "executed_branches": [], "missing_branches": []}, "": {"executed_lines": [1, 21, 22, 25, 26, 27, 29, 43, 44, 46, 101, 124, 136, 156, 176, 210, 236, 297, 324, 374, 407, 443, 511, 523, 537, 670, 830, 895], "summary": {"covered_lines": 26, "num_statements": 26, "percent_covered": 100.0, "percent_covered_display": "100", "missing_lines": 0, "excluded_lines": 0, "num_branches": 0, "num_partial_branches": 0, "covered_branches": 0, "missing_branches": 0}, "missing_lines": [], "excluded_lines": [], "executed_branches": [], "missing_branches": []}}, "classes": {"EncryptionAspect": {"executed_lines": [30, 31, 32], "summary": {"covered_lines": 3, "num_statements": 3, "percent_covered": 100.0, "percent_covered_display": "100", "missing_lines": 0, "excluded_lines": 0, "num_branches": 4, "num_partial_branches": 0, "covered_branches": 4, "missing_branches": 0}, "missing_lines": [], "excluded_lines": [], "executed_branches": [[30, -29], [30, 31], [31, -29], [31, 32]], "missing_branches": []}, "TapStack": {"executed_lines": [47, 49, 52, 55, 56, 57, 60, 63, 64, 65, 66, 69, 70, 73, 74, 77, 78, 81, 84, 85, 86, 87, 90, 91, 92, 95, 96, 99, 103, 122, 126, 134, 138, 148, 154, 158, 168, 174, 178, 188, 195, 202, 208, 212, 234, 239, 249, 264, 295, 299, 322, 327, 335, 338, 341, 342, 377, 381, 390, 403, 405, 411, 414, 422, 424, 439, 441, 446, 462, 494, 506, 507, 509, 513, 521, 525, 535, 540, 552, 559, 560, 563, 564, 567, 576, 587, 600, 605, 624, 632, 646, 649, 654, 661, 668, 672, 679, 696, 723, 750, 779, 795, 824, 825, 826, 828, 833, 855, 875, 897, 905, 913, 921, 929, 937, 945, 953, 961, 968], "summary": {"covered_lines": 119, "num_statements": 119, "percent_covered": 100.0, "percent_covered_display": "100", "missing_lines": 0, "excluded_lines": 0, "num_branches": 0, "num_partial_branches": 0, "covered_branches": 0, "missing_branches": 0}, "missing_lines": [], "excluded_lines": [], "executed_branches": [], "missing_branches": []}, "": {"executed_lines": [1, 21, 22, 25, 26, 27, 29, 43, 44, 46, 101, 124, 136, 156, 176, 210, 236, 297, 324, 374, 407, 443, 511, 523, 537, 670, 830, 895], "summary": {"covered_lines": 26, "num_statements": 26, "percent_covered": 100.0, "percent_covered_display": "100", "missing_lines": 0, "excluded_lines": 0, "num_branches": 0, "num_partial_branches": 0, "covered_branches": 0, "missing_branches": 0}, "missing_lines": [], "excluded_lines": [], "executed_branches": [], "missing_branches": []}}}}, "totals": {"covered_lines": 164, "num_statements": 164, "percent_covered": 100.0, "percent_covered_display": "100", "missing_lines": 0, "excluded_lines": 0, "num_branches": 4, "num_partial_branches": 0, "covered_branches": 4, "missing_branches": 0}}
