{"meta": {"format": 3, "version": "7.10.6", "timestamp": "2025-11-21T10:00:44.424696", "branch_coverage": true, "show_contexts": false}, "files": {"lib/__init__.py": {"executed_lines": [], "summary": {"covered_lines": 0, "num_statements": 0, "percent_covered": 100.0, "percent_covered_display": "100", "missing_lines": 0, "excluded_lines": 0, "num_branches": 0, "num_partial_branches": 0, "covered_branches": 0, "missing_branches": 0}, "missing_lines": [], "excluded_lines": [], "executed_branches": [], "missing_branches": [], "functions": {"": {"executed_lines": [], "summary": {"covered_lines": 0, "num_statements": 0, "percent_covered": 100.0, "percent_covered_display": "100", "missing_lines": 0, "excluded_lines": 0, "num_branches": 0, "num_partial_branches": 0, "covered_branches": 0, "missing_branches": 0}, "missing_lines": [], "excluded_lines": [], "executed_branches": [], "missing_branches": []}}, "classes": {"": {"executed_lines": [], "summary": {"covered_lines": 0, "num_statements": 0, "percent_covered": 100.0, "percent_covered_display": "100", "missing_lines": 0, "excluded_lines": 0, "num_branches": 0, "num_partial_branches": 0, "covered_branches": 0, "missing_branches": 0}, "missing_lines": [], "excluded_lines": [], "executed_branches": [], "missing_branches": []}}}, "lib/tap_stack.py": {"executed_lines": [1, 8, 9, 10, 11, 12, 15, 16, 25, 32, 33, 34, 35, 40, 41, 48, 54, 56, 57, 58, 61, 64, 67, 70, 73, 76, 79, 82, 85, 88, 91, 94, 96, 98, 110, 112, 122, 124, 126, 127, 129, 131, 144, 146, 148, 150, 152, 154, 155, 167, 176, 177, 184, 186, 188, 190, 192, 193, 205, 212, 214, 216, 218, 220, 222, 245, 267, 272, 274, 276, 294, 295, 296, 302, 305, 343, 350, 352, 354, 356, 358, 363, 384, 386, 388, 390, 416, 418, 420, 422, 433, 435, 437, 440, 452, 461, 470, 479, 482, 492, 494, 497, 510, 520, 522, 524, 550, 552, 558, 559, 562, 563, 564, 566], "summary": {"covered_lines": 111, "num_statements": 111, "percent_covered": 100.0, "percent_covered_display": "100", "missing_lines": 0, "excluded_lines": 0, "num_branches": 20, "num_partial_branches": 0, "covered_branches": 20, "missing_branches": 0}, "missing_lines": [], "excluded_lines": [], "executed_branches": [[126, 127], [126, 148], [129, 131], [129, 146], [154, 155], [154, 186], [176, 177], [176, 184], [192, 193], [192, 214], [220, 222], [220, 272], [295, 296], [295, 302], [356, 358], [356, 386], [420, 422], [420, 435], [558, 559], [558, 566]], "missing_branches": [], "functions": {"TapStackArgs.__init__": {"executed_lines": [32, 33, 34, 35], "summary": {"covered_lines": 4, "num_statements": 4, "percent_covered": 100.0, "percent_covered_display": "100", "missing_lines": 0, "excluded_lines": 0, "num_branches": 0, "num_partial_branches": 0, "covered_branches": 0, "missing_branches": 0}, "missing_lines": [], "excluded_lines": [], "executed_branches": [], "missing_branches": []}, "TapStack.__init__": {"executed_lines": [54, 56, 57, 58, 61, 64, 67, 70, 73, 76, 79, 82, 85, 88, 91, 94], "summary": {"covered_lines": 16, "num_statements": 16, "percent_covered": 100.0, "percent_covered_display": "100", "missing_lines": 0, "excluded_lines": 0, "num_branches": 0, "num_partial_branches": 0, "covered_branches": 0, "missing_branches": 0}, "missing_lines": [], "excluded_lines": [], "executed_branches": [], "missing_branches": []}, "TapStack._create_vpc": {"executed_lines": [98], "summary": {"covered_lines": 1, "num_statements": 1, "percent_covered": 100.0, "percent_covered_display": "100", "missing_lines": 0, "excluded_lines": 0, "num_branches": 0, "num_partial_branches": 0, "covered_branches": 0, "missing_branches": 0}, "missing_lines": [], "excluded_lines": [], "executed_branches": [], "missing_branches": []}, "TapStack._create_internet_gateway": {"executed_lines": [112], "summary": {"covered_lines": 1, "num_statements": 1, "percent_covered": 100.0, "percent_covered_display": "100", "missing_lines": 0, "excluded_lines": 0, "num_branches": 0, "num_partial_branches": 0, "covered_branches": 0, "missing_branches": 0}, "missing_lines": [], "excluded_lines": [], "executed_branches": [], "missing_branches": []}, "TapStack._create_tenant_subnets": {"executed_lines": [124, 126, 127, 129, 131, 144, 146, 148], "summary": {"covered_lines": 8, "num_statements": 8, "percent_covered": 100.0, "percent_covered_display": "100", "missing_lines": 0, "excluded_lines": 0, "num_branches": 4, "num_partial_branches": 0, "covered_branches": 4, "missing_branches": 0}, "missing_lines": [], "excluded_lines": [], "executed_branches": [[126, 127], [126, 148], [129, 131], [129, 146]], "missing_branches": []}, "TapStack._create_route_tables": {"executed_lines": [152, 154, 155, 167, 176, 177, 184, 186], "summary": {"covered_lines": 8, "num_statements": 8, "percent_covered": 100.0, "percent_covered_display": "100", "missing_lines": 0, "excluded_lines": 0, "num_branches": 4, "num_partial_branches": 0, "covered_branches": 4, "missing_branches": 0}, "missing_lines": [], "excluded_lines": [], "executed_branches": [[154, 155], [154, 186], [176, 177], [176, 184]], "missing_branches": []}, "TapStack._create_kms_keys": {"executed_lines": [190, 192, 193, 205, 212, 214], "summary": {"covered_lines": 6, "num_statements": 6, "percent_covered": 100.0, "percent_covered_display": "100", "missing_lines": 0, "excluded_lines": 0, "num_branches": 2, "num_partial_branches": 0, "covered_branches": 2, "missing_branches": 0}, "missing_lines": [], "excluded_lines": [], "executed_branches": [[192, 193], [192, 214]], "missing_branches": []}, "TapStack._create_dynamodb_tables": {"executed_lines": [218, 220, 222, 245, 267, 272], "summary": {"covered_lines": 6, "num_statements": 6, "percent_covered": 100.0, "percent_covered_display": "100", "missing_lines": 0, "excluded_lines": 0, "num_branches": 2, "num_partial_branches": 0, "covered_branches": 2, "missing_branches": 0}, "missing_lines": [], "excluded_lines": [], "executed_branches": [[220, 222], [220, 272]], "missing_branches": []}, "TapStack._create_lambda_role": {"executed_lines": [276, 294, 295, 296, 302, 305, 343, 350], "summary": {"covered_lines": 8, "num_statements": 8, "percent_covered": 100.0, "percent_covered_display": "100", "missing_lines": 0, "excluded_lines": 0, "num_branches": 2, "num_partial_branches": 0, "covered_branches": 2, "missing_branches": 0}, "missing_lines": [], "excluded_lines": [], "executed_branches": [[295, 296], [295, 302]], "missing_branches": []}, "TapStack._create_lambda_functions": {"executed_lines": [354, 356, 358, 363, 384, 386], "summary": {"covered_lines": 6, "num_statements": 6, "percent_covered": 100.0, "percent_covered_display": "100", "missing_lines": 0, "excluded_lines": 0, "num_branches": 2, "num_partial_branches": 0, "covered_branches": 2, "missing_branches": 0}, "missing_lines": [], "excluded_lines": [], "executed_branches": [[356, 358], [356, 386]], "missing_branches": []}, "TapStack._get_lambda_code": {"executed_lines": [390], "summary": {"covered_lines": 1, "num_statements": 1, "percent_covered": 100.0, "percent_covered_display": "100", "missing_lines": 0, "excluded_lines": 0, "num_branches": 0, "num_partial_branches": 0, "covered_branches": 0, "missing_branches": 0}, "missing_lines": [], "excluded_lines": [], "executed_branches": [], "missing_branches": []}, "TapStack._create_log_groups": {"executed_lines": [418, 420, 422, 433, 435], "summary": {"covered_lines": 5, "num_statements": 5, "percent_covered": 100.0, "percent_covered_display": "100", "missing_lines": 0, "excluded_lines": 0, "num_branches": 2, "num_partial_branches": 0, "covered_branches": 2, "missing_branches": 0}, "missing_lines": [], "excluded_lines": [], "executed_branches": [[420, 422], [420, 435]], "missing_branches": []}, "TapStack._create_api_gateway": {"executed_lines": [440, 452, 461, 470, 479, 482, 492], "summary": {"covered_lines": 7, "num_statements": 7, "percent_covered": 100.0, "percent_covered_display": "100", "missing_lines": 0, "excluded_lines": 0, "num_branches": 0, "num_partial_branches": 0, "covered_branches": 0, "missing_branches": 0}, "missing_lines": [], "excluded_lines": [], "executed_branches": [], "missing_branches": []}, "TapStack._create_authorizer": {"executed_lines": [497, 510, 520], "summary": {"covered_lines": 3, "num_statements": 3, "percent_covered": 100.0, "percent_covered_display": "100", "missing_lines": 0, "excluded_lines": 0, "num_branches": 0, "num_partial_branches": 0, "covered_branches": 0, "missing_branches": 0}, "missing_lines": [], "excluded_lines": [], "executed_branches": [], "missing_branches": []}, "TapStack._get_authorizer_code": {"executed_lines": [524], "summary": {"covered_lines": 1, "num_statements": 1, "percent_covered": 100.0, "percent_covered_display": "100", "missing_lines": 0, "excluded_lines": 0, "num_branches": 0, "num_partial_branches": 0, "covered_branches": 0, "missing_branches": 0}, "missing_lines": [], "excluded_lines": [], "executed_branches": [], "missing_branches": []}, "TapStack._register_outputs": {"executed_lines": [552, 558, 559, 562, 563, 564, 566], "summary": {"covered_lines": 7, "num_statements": 7, "percent_covered": 100.0, "percent_covered_display": "100", "missing_lines": 0, "excluded_lines": 0, "num_branches": 2, "num_partial_branches": 0, "covered_branches": 2, "missing_branches": 0}, "missing_lines": [], "excluded_lines": [], "executed_branches": [[558, 559], [558, 566]], "missing_branches": []}, "": {"executed_lines": [1, 8, 9, 10, 11, 12, 15, 16, 25, 40, 41, 48, 96, 110, 122, 150, 188, 216, 274, 352, 388, 416, 437, 494, 522, 550], "summary": {"covered_lines": 23, "num_statements": 23, "percent_covered": 100.0, "percent_covered_display": "100", "missing_lines": 0, "excluded_lines": 0, "num_branches": 0, "num_partial_branches": 0, "covered_branches": 0, "missing_branches": 0}, "missing_lines": [], "excluded_lines": [], "executed_branches": [], "missing_branches": []}}, "classes": {"TapStackArgs": {"executed_lines": [32, 33, 34, 35], "summary": {"covered_lines": 4, "num_statements": 4, "percent_covered": 100.0, "percent_covered_display": "100", "missing_lines": 0, "excluded_lines": 0, "num_branches": 0, "num_partial_branches": 0, "covered_branches": 0, "missing_branches": 0}, "missing_lines": [], "excluded_lines": [], "executed_branches": [], "missing_branches": []}, "TapStack": {"executed_lines": [54, 56, 57, 58, 61, 64, 67, 70, 73, 76, 79, 82, 85, 88, 91, 94, 98, 112, 124, 126, 127, 129, 131, 144, 146, 148, 152, 154, 155, 167, 176, 177, 184, 186, 190, 192, 193, 205, 212, 214, 218, 220, 222, 245, 267, 272, 276, 294, 295, 296, 302, 305, 343, 350, 354, 356, 358, 363, 384, 386, 390, 418, 420, 422, 433, 435, 440, 452, 461, 470, 479, 482, 492, 497, 510, 520, 524, 552, 558, 559, 562, 563, 564, 566], "summary": {"covered_lines": 84, "num_statements": 84, "percent_covered": 100.0, "percent_covered_display": "100", "missing_lines": 0, "excluded_lines": 0, "num_branches": 20, "num_partial_branches": 0, "covered_branches": 20, "missing_branches": 0}, "missing_lines": [], "excluded_lines": [], "executed_branches": [[126, 127], [126, 148], [129, 131], [129, 146], [154, 155], [154, 186], [176, 177], [176, 184], [192, 193], [192, 214], [220, 222], [220, 272], [295, 296], [295, 302], [356, 358], [356, 386], [420, 422], [420, 435], [558, 559], [558, 566]], "missing_branches": []}, "": {"executed_lines": [1, 8, 9, 10, 11, 12, 15, 16, 25, 40, 41, 48, 96, 110, 122, 150, 188, 216, 274, 352, 388, 416, 437, 494, 522, 550], "summary": {"covered_lines": 23, "num_statements": 23, "percent_covered": 100.0, "percent_covered_display": "100", "missing_lines": 0, "excluded_lines": 0, "num_branches": 0, "num_partial_branches": 0, "covered_branches": 0, "missing_branches": 0}, "missing_lines": [], "excluded_lines": [], "executed_branches": [], "missing_branches": []}}}}, "totals": {"covered_lines": 111, "num_statements": 111, "percent_covered": 100.0, "percent_covered_display": "100", "missing_lines": 0, "excluded_lines": 0, "num_branches": 20, "num_partial_branches": 0, "covered_branches": 20, "missing_branches": 0}}