{"meta": {"format": 3, "version": "7.11.3", "timestamp": "2025-11-19T19:17:50.166658", "branch_coverage": true, "show_contexts": false}, "files": {"lib/__init__.py": {"executed_lines": [], "summary": {"covered_lines": 0, "num_statements": 0, "percent_covered": 100.0, "percent_covered_display": "100", "missing_lines": 0, "excluded_lines": 0, "num_branches": 0, "num_partial_branches": 0, "covered_branches": 0, "missing_branches": 0}, "missing_lines": [], "excluded_lines": [], "executed_branches": [], "missing_branches": [], "functions": {"": {"executed_lines": [], "summary": {"covered_lines": 0, "num_statements": 0, "percent_covered": 100.0, "percent_covered_display": "100", "missing_lines": 0, "excluded_lines": 0, "num_branches": 0, "num_partial_branches": 0, "covered_branches": 0, "missing_branches": 0}, "missing_lines": [], "excluded_lines": [], "executed_branches": [], "missing_branches": []}}, "classes": {"": {"executed_lines": [], "summary": {"covered_lines": 0, "num_statements": 0, "percent_covered": 100.0, "percent_covered_display": "100", "missing_lines": 0, "excluded_lines": 0, "num_branches": 0, "num_partial_branches": 0, "covered_branches": 0, "missing_branches": 0}, "missing_lines": [], "excluded_lines": [], "executed_branches": [], "missing_branches": []}}}, "lib/tap_stack.py": {"executed_lines": [1, 21, 22, 23, 24, 27, 28, 29, 30, 31, 34, 35, 36, 39, 42, 43, 44, 45, 48, 63, 71, 82, 91, 96, 101, 107, 116, 125, 145, 153, 158, 170, 173, 184, 194, 200, 205, 220, 221, 224, 229, 242, 248, 251, 278, 304, 330, 349, 365, 368, 396, 403, 406, 416, 419, 428, 429, 432, 442, 447, 462, 468, 477, 492, 498, 508, 523, 529, 539, 553, 560, 572, 584, 597, 607, 614, 621, 628, 635, 642, 649, 656, 663], "summary": {"covered_lines": 82, "num_statements": 82, "percent_covered": 100.0, "percent_covered_display": "100", "missing_lines": 0, "excluded_lines": 0, "num_branches": 0, "num_partial_branches": 0, "covered_branches": 0, "missing_branches": 0}, "missing_lines": [], "excluded_lines": [], "executed_branches": [], "missing_branches": [], "functions": {"TapStack.__init__": {"executed_lines": [36, 39, 42, 43, 44, 45, 48, 63, 71, 82, 91, 96, 101, 107, 116, 125, 145, 153, 158, 170, 173, 184, 194, 200, 205, 220, 221, 224, 229, 242, 248, 251, 278, 304, 330, 349, 365, 368, 396, 403, 406, 416, 419, 428, 429, 432, 442, 447, 462, 468, 477, 492, 498, 508, 523, 529, 539, 553, 560, 572, 584, 597, 607, 614, 621, 628, 635, 642, 649, 656, 663], "summary": {"covered_lines": 71, "num_statements": 71, "percent_covered": 100.0, "percent_covered_display": "100", "missing_lines": 0, "excluded_lines": 0, "num_branches": 0, "num_partial_branches": 0, "covered_branches": 0, "missing_branches": 0}, "missing_lines": [], "excluded_lines": [], "executed_branches": [], "missing_branches": []}, "": {"executed_lines": [1, 21, 22, 23, 24, 27, 28, 29, 30, 31, 34, 35], "summary": {"covered_lines": 11, "num_statements": 11, "percent_covered": 100.0, "percent_covered_display": "100", "missing_lines": 0, "excluded_lines": 0, "num_branches": 0, "num_partial_branches": 0, "covered_branches": 0, "missing_branches": 0}, "missing_lines": [], "excluded_lines": [], "executed_branches": [], "missing_branches": []}}, "classes": {"TapStackProps": {"executed_lines": [], "summary": {"covered_lines": 0, "num_statements": 0, "percent_covered": 100.0, "percent_covered_display": "100", "missing_lines": 0, "excluded_lines": 0, "num_branches": 0, "num_partial_branches": 0, "covered_branches": 0, "missing_branches": 0}, "missing_lines": [], "excluded_lines": [], "executed_branches": [], "missing_branches": []}, "TapStack": {"executed_lines": [36, 39, 42, 43, 44, 45, 48, 63, 71, 82, 91, 96, 101, 107, 116, 125, 145, 153, 158, 170, 173, 184, 194, 200, 205, 220, 221, 224, 229, 242, 248, 251, 278, 304, 330, 349, 365, 368, 396, 403, 406, 416, 419, 428, 429, 432, 442, 447, 462, 468, 477, 492, 498, 508, 523, 529, 539, 553, 560, 572, 584, 597, 607, 614, 621, 628, 635, 642, 649, 656, 663], "summary": {"covered_lines": 71, "num_statements": 71, "percent_covered": 100.0, "percent_covered_display": "100", "missing_lines": 0, "excluded_lines": 0, "num_branches": 0, "num_partial_branches": 0, "covered_branches": 0, "missing_branches": 0}, "missing_lines": [], "excluded_lines": [], "executed_branches": [], "missing_branches": []}, "": {"executed_lines": [1, 21, 22, 23, 24, 27, 28, 29, 30, 31, 34, 35], "summary": {"covered_lines": 11, "num_statements": 11, "percent_covered": 100.0, "percent_covered_display": "100", "missing_lines": 0, "excluded_lines": 0, "num_branches": 0, "num_partial_branches": 0, "covered_branches": 0, "missing_branches": 0}, "missing_lines": [], "excluded_lines": [], "executed_branches": [], "missing_branches": []}}}}, "totals": {"covered_lines": 82, "num_statements": 82, "percent_covered": 100.0, "percent_covered_display": "100", "missing_lines": 0, "excluded_lines": 0, "num_branches": 0, "num_partial_branches": 0, "covered_branches": 0, "missing_branches": 0}}