{"meta": {"format": 3, "version": "7.11.3", "timestamp": "2025-11-18T14:39:42.479812", "branch_coverage": true, "show_contexts": false}, "files": {"lib/__init__.py": {"executed_lines": [], "summary": {"covered_lines": 0, "num_statements": 0, "percent_covered": 100.0, "percent_covered_display": "100", "missing_lines": 0, "excluded_lines": 0, "num_branches": 0, "num_partial_branches": 0, "covered_branches": 0, "missing_branches": 0}, "missing_lines": [], "excluded_lines": [], "executed_branches": [], "missing_branches": [], "functions": {"": {"executed_lines": [], "summary": {"covered_lines": 0, "num_statements": 0, "percent_covered": 100.0, "percent_covered_display": "100", "missing_lines": 0, "excluded_lines": 0, "num_branches": 0, "num_partial_branches": 0, "covered_branches": 0, "missing_branches": 0}, "missing_lines": [], "excluded_lines": [], "executed_branches": [], "missing_branches": []}}, "classes": {"": {"executed_lines": [], "summary": {"covered_lines": 0, "num_statements": 0, "percent_covered": 100.0, "percent_covered_display": "100", "missing_lines": 0, "excluded_lines": 0, "num_branches": 0, "num_partial_branches": 0, "covered_branches": 0, "missing_branches": 0}, "missing_lines": [], "excluded_lines": [], "executed_branches": [], "missing_branches": []}}}, "lib/tap_stack.py": {"executed_lines": [1, 4, 5, 6, 7, 8, 9, 10, 11, 12, 13, 14, 15, 16, 17, 18, 19, 20, 21, 26, 27, 30, 31, 33, 41, 43, 46, 51, 56, 64, 75, 84, 85, 86, 97, 100, 101, 102, 113, 116, 117, 118, 129, 132, 141, 151, 160, 167, 168, 174, 183, 190, 191, 197, 206, 213, 214, 220, 275, 276, 282, 319, 349, 379, 388, 397, 414, 426, 438, 452, 466, 471, 476, 481, 486, 491, 496, 501, 506, 511, 516, 521, 526], "summary": {"covered_lines": 81, "num_statements": 81, "percent_covered": 100.0, "percent_covered_display": "100", "missing_lines": 0, "excluded_lines": 0, "num_branches": 14, "num_partial_branches": 0, "covered_branches": 14, "missing_branches": 0}, "missing_lines": [], "excluded_lines": [], "executed_branches": [[85, 86], [85, 100], [101, 102], [101, 116], [117, 118], [117, 132], [167, 168], [167, 174], [190, 191], [190, 197], [213, 214], [213, 220], [275, 276], [275, 282]], "missing_branches": [], "functions": {"TapStack.__init__": {"executed_lines": [41, 43, 46, 51, 56, 64, 75, 84, 85, 86, 97, 100, 101, 102, 113, 116, 117, 118, 129, 132, 141, 151, 160, 167, 168, 174, 183, 190, 191, 197, 206, 213, 214, 220, 275, 276, 282, 319, 349, 379, 388, 397, 414, 426, 438, 452, 466, 471, 476, 481, 486, 491, 496, 501, 506, 511, 516, 521, 526], "summary": {"covered_lines": 59, "num_statements": 59, "percent_covered": 100.0, "percent_covered_display": "100", "missing_lines": 0, "excluded_lines": 0, "num_branches": 14, "num_partial_branches": 0, "covered_branches": 14, "missing_branches": 0}, "missing_lines": [], "excluded_lines": [], "executed_branches": [[85, 86], [85, 100], [101, 102], [101, 116], [117, 118], [117, 132], [167, 168], [167, 174], [190, 191], [190, 197], [213, 214], [213, 220], [275, 276], [275, 282]], "missing_branches": []}, "": {"executed_lines": [1, 4, 5, 6, 7, 8, 9, 10, 11, 12, 13, 14, 15, 16, 17, 18, 19, 20, 21, 26, 27, 30, 31, 33], "summary": {"covered_lines": 22, "num_statements": 22, "percent_covered": 100.0, "percent_covered_display": "100", "missing_lines": 0, "excluded_lines": 0, "num_branches": 0, "num_partial_branches": 0, "covered_branches": 0, "missing_branches": 0}, "missing_lines": [], "excluded_lines": [], "executed_branches": [], "missing_branches": []}}, "classes": {"TapStack": {"executed_lines": [41, 43, 46, 51, 56, 64, 75, 84, 85, 86, 97, 100, 101, 102, 113, 116, 117, 118, 129, 132, 141, 151, 160, 167, 168, 174, 183, 190, 191, 197, 206, 213, 214, 220, 275, 276, 282, 319, 349, 379, 388, 397, 414, 426, 438, 452, 466, 471, 476, 481, 486, 491, 496, 501, 506, 511, 516, 521, 526], "summary": {"covered_lines": 59, "num_statements": 59, "percent_covered": 100.0, "percent_covered_display": "100", "missing_lines": 0, "excluded_lines": 0, "num_branches": 14, "num_partial_branches": 0, "covered_branches": 14, "missing_branches": 0}, "missing_lines": [], "excluded_lines": [], "executed_branches": [[85, 86], [85, 100], [101, 102], [101, 116], [117, 118], [117, 132], [167, 168], [167, 174], [190, 191], [190, 197], [213, 214], [213, 220], [275, 276], [275, 282]], "missing_branches": []}, "": {"executed_lines": [1, 4, 5, 6, 7, 8, 9, 10, 11, 12, 13, 14, 15, 16, 17, 18, 19, 20, 21, 26, 27, 30, 31, 33], "summary": {"covered_lines": 22, "num_statements": 22, "percent_covered": 100.0, "percent_covered_display": "100", "missing_lines": 0, "excluded_lines": 0, "num_branches": 0, "num_partial_branches": 0, "covered_branches": 0, "missing_branches": 0}, "missing_lines": [], "excluded_lines": [], "executed_branches": [], "missing_branches": []}}}}, "totals": {"covered_lines": 81, "num_statements": 81, "percent_covered": 100.0, "percent_covered_display": "100", "missing_lines": 0, "excluded_lines": 0, "num_branches": 14, "num_partial_branches": 0, "covered_branches": 14, "missing_branches": 0}}