{"meta": {"format": 3, "version": "7.10.6", "timestamp": "2025-12-02T15:17:43.685479", "branch_coverage": true, "show_contexts": false}, "files": {"lib/__init__.py": {"executed_lines": [], "summary": {"covered_lines": 0, "num_statements": 0, "percent_covered": 100.0, "percent_covered_display": "100", "missing_lines": 0, "excluded_lines": 0, "num_branches": 0, "num_partial_branches": 0, "covered_branches": 0, "missing_branches": 0}, "missing_lines": [], "excluded_lines": [], "executed_branches": [], "missing_branches": [], "functions": {"": {"executed_lines": [], "summary": {"covered_lines": 0, "num_statements": 0, "percent_covered": 100.0, "percent_covered_display": "100", "missing_lines": 0, "excluded_lines": 0, "num_branches": 0, "num_partial_branches": 0, "covered_branches": 0, "missing_branches": 0}, "missing_lines": [], "excluded_lines": [], "executed_branches": [], "missing_branches": []}}, "classes": {"": {"executed_lines": [], "summary": {"covered_lines": 0, "num_statements": 0, "percent_covered": 100.0, "percent_covered_display": "100", "missing_lines": 0, "excluded_lines": 0, "num_branches": 0, "num_partial_branches": 0, "covered_branches": 0, "missing_branches": 0}, "missing_lines": [], "excluded_lines": [], "executed_branches": [], "missing_branches": []}}}, "lib/tap_stack.py": {"executed_lines": [1, 2, 3, 4, 5, 7, 8, 16, 17, 18, 21, 22, 36, 37, 39, 40, 43, 52, 55, 65, 66, 67, 76, 79, 87, 88, 96, 156, 164, 191, 202, 213, 221, 231, 248, 286, 297, 307, 322, 331, 403, 411, 429, 462, 477, 486, 516, 541, 550, 560, 571, 584, 596, 604, 638, 659, 667, 680, 693, 706, 719, 732, 746, 747, 755, 770, 778, 785, 792, 801, 840, 851, 858, 866, 876, 886, 896, 907], "summary": {"covered_lines": 75, "num_statements": 75, "percent_covered": 100.0, "percent_covered_display": "100", "missing_lines": 0, "excluded_lines": 0, "num_branches": 6, "num_partial_branches": 0, "covered_branches": 6, "missing_branches": 0}, "missing_lines": [], "excluded_lines": [], "executed_branches": [[66, 67], [66, 79], [87, 88], [87, 96], [746, 747], [746, 755]], "missing_branches": [], "functions": {"TapStackArgs.__init__": {"executed_lines": [17, 18], "summary": {"covered_lines": 2, "num_statements": 2, "percent_covered": 100.0, "percent_covered_display": "100", "missing_lines": 0, "excluded_lines": 0, "num_branches": 0, "num_partial_branches": 0, "covered_branches": 0, "missing_branches": 0}, "missing_lines": [], "excluded_lines": [], "executed_branches": [], "missing_branches": []}, "TapStack.__init__": {"executed_lines": [37, 39, 40, 43, 52, 55, 65, 66, 67, 76, 79, 87, 88, 96, 156, 164, 191, 202, 213, 221, 231, 248, 286, 297, 307, 322, 331, 403, 411, 429, 462, 477, 486, 516, 541, 550, 560, 571, 584, 596, 604, 638, 659, 667, 680, 693, 706, 719, 732, 746, 747, 755, 770, 778, 785, 792, 801, 840, 851, 858, 866, 876, 886, 896, 907], "summary": {"covered_lines": 65, "num_statements": 65, "percent_covered": 100.0, "percent_covered_display": "100", "missing_lines": 0, "excluded_lines": 0, "num_branches": 6, "num_partial_branches": 0, "covered_branches": 6, "missing_branches": 0}, "missing_lines": [], "excluded_lines": [], "executed_branches": [[66, 67], [66, 79], [87, 88], [87, 96], [746, 747], [746, 755]], "missing_branches": []}, "": {"executed_lines": [1, 2, 3, 4, 5, 7, 8, 16, 21, 22, 36], "summary": {"covered_lines": 8, "num_statements": 8, "percent_covered": 100.0, "percent_covered_display": "100", "missing_lines": 0, "excluded_lines": 0, "num_branches": 0, "num_partial_branches": 0, "covered_branches": 0, "missing_branches": 0}, "missing_lines": [], "excluded_lines": [], "executed_branches": [], "missing_branches": []}}, "classes": {"TapStackArgs": {"executed_lines": [17, 18], "summary": {"covered_lines": 2, "num_statements": 2, "percent_covered": 100.0, "percent_covered_display": "100", "missing_lines": 0, "excluded_lines": 0, "num_branches": 0, "num_partial_branches": 0, "covered_branches": 0, "missing_branches": 0}, "missing_lines": [], "excluded_lines": [], "executed_branches": [], "missing_branches": []}, "TapStack": {"executed_lines": [37, 39, 40, 43, 52, 55, 65, 66, 67, 76, 79, 87, 88, 96, 156, 164, 191, 202, 213, 221, 231, 248, 286, 297, 307, 322, 331, 403, 411, 429, 462, 477, 486, 516, 541, 550, 560, 571, 584, 596, 604, 638, 659, 667, 680, 693, 706, 719, 732, 746, 747, 755, 770, 778, 785, 792, 801, 840, 851, 858, 866, 876, 886, 896, 907], "summary": {"covered_lines": 65, "num_statements": 65, "percent_covered": 100.0, "percent_covered_display": "100", "missing_lines": 0, "excluded_lines": 0, "num_branches": 6, "num_partial_branches": 0, "covered_branches": 6, "missing_branches": 0}, "missing_lines": [], "excluded_lines": [], "executed_branches": [[66, 67], [66, 79], [87, 88], [87, 96], [746, 747], [746, 755]], "missing_branches": []}, "": {"executed_lines": [1, 2, 3, 4, 5, 7, 8, 16, 21, 22, 36], "summary": {"covered_lines": 8, "num_statements": 8, "percent_covered": 100.0, "percent_covered_display": "100", "missing_lines": 0, "excluded_lines": 0, "num_branches": 0, "num_partial_branches": 0, "covered_branches": 0, "missing_branches": 0}, "missing_lines": [], "excluded_lines": [], "executed_branches": [], "missing_branches": []}}}}, "totals": {"covered_lines": 75, "num_statements": 75, "percent_covered": 100.0, "percent_covered_display": "100", "missing_lines": 0, "excluded_lines": 0, "num_branches": 6, "num_partial_branches": 0, "covered_branches": 6, "missing_branches": 0}}