{"meta": {"format": 3, "version": "7.12.0", "timestamp": "2025-11-24T14:44:52.416260", "branch_coverage": true, "show_contexts": false}, "files": {"lib/analyzers/__init__.py": {"executed_lines": [1, 3, 4, 5, 6, 7, 8, 10], "summary": {"covered_lines": 7, "num_statements": 7, "percent_covered": 100.0, "percent_covered_display": "100", "missing_lines": 0, "excluded_lines": 0, "percent_statements_covered": 100.0, "percent_statements_covered_display": "100", "num_branches": 0, "num_partial_branches": 0, "covered_branches": 0, "missing_branches": 0, "percent_branches_covered": 100.0, "percent_branches_covered_display": "100"}, "missing_lines": [], "excluded_lines": [], "executed_branches": [], "missing_branches": [], "functions": {"": {"executed_lines": [1, 3, 4, 5, 6, 7, 8, 10], "summary": {"covered_lines": 7, "num_statements": 7, "percent_covered": 100.0, "percent_covered_display": "100", "missing_lines": 0, "excluded_lines": 0, "percent_statements_covered": 100.0, "percent_statements_covered_display": "100", "num_branches": 0, "num_partial_branches": 0, "covered_branches": 0, "missing_branches": 0, "percent_branches_covered": 100.0, "percent_branches_covered_display": "100"}, "missing_lines": [], "excluded_lines": [], "executed_branches": [], "missing_branches": []}}, "classes": {"": {"executed_lines": [1, 3, 4, 5, 6, 7, 8, 10], "summary": {"covered_lines": 7, "num_statements": 7, "percent_covered": 100.0, "percent_covered_display": "100", "missing_lines": 0, "excluded_lines": 0, "percent_statements_covered": 100.0, "percent_statements_covered_display": "100", "num_branches": 0, "num_partial_branches": 0, "covered_branches": 0, "missing_branches": 0, "percent_branches_covered": 100.0, "percent_branches_covered_display": "100"}, "missing_lines": [], "excluded_lines": [], "executed_branches": [], "missing_branches": []}}}, "lib/analyzers/compliance_reporter.py": {"executed_lines": [1, 3, 4, 5, 8, 9, 11, 13, 15, 36, 44, 45, 46, 47, 50, 53, 57, 98, 100, 109, 110, 111, 112, 114, 116, 118, 121, 122, 123, 125, 126, 134, 135, 143, 144, 153, 154, 161, 163, 165, 166, 168, 170], "summary": {"covered_lines": 41, "num_statements": 41, "percent_covered": 100.0, "percent_covered_display": "100", "missing_lines": 0, "excluded_lines": 0, "percent_statements_covered": 100.0, "percent_statements_covered_display": "100", "num_branches": 8, "num_partial_branches": 0, "covered_branches": 8, "missing_branches": 0, "percent_branches_covered": 100.0, "percent_branches_covered_display": "100"}, "missing_lines": [], "excluded_lines": [], "executed_branches": [[125, 126], [125, 134], [134, 135], [134, 143], [143, 144], [143, 153], [153, 154], [153, 161]], "missing_branches": [], "functions": {"ComplianceReporter.__init__": {"executed_lines": [13], "summary": {"covered_lines": 1, "num_statements": 1, "percent_covered": 100.0, "percent_covered_display": "100", "missing_lines": 0, "excluded_lines": 0, "percent_statements_covered": 100.0, "percent_statements_covered_display": "100", "num_branches": 0, "num_partial_branches": 0, "covered_branches": 0, "missing_branches": 0, "percent_branches_covered": 100.0, "percent_branches_covered_display": "100"}, "missing_lines": [], "excluded_lines": [], "executed_branches": [], "missing_branches": []}, "ComplianceReporter.generate_report": {"executed_lines": [36, 44, 45, 46, 47, 50, 53, 57, 98], "summary": {"covered_lines": 9, "num_statements": 9, "percent_covered": 100.0, "percent_covered_display": "100", "missing_lines": 0, "excluded_lines": 0, "percent_statements_covered": 100.0, "percent_statements_covered_display": "100", "num_branches": 0, "num_partial_branches": 0, "covered_branches": 0, "missing_branches": 0, "percent_branches_covered": 100.0, "percent_branches_covered_display": "100"}, "missing_lines": [], "excluded_lines": [], "executed_branches": [], "missing_branches": []}, "ComplianceReporter._calculate_compliance_score": {"executed_lines": [109, 110, 111, 112, 114], "summary": {"covered_lines": 5, "num_statements": 5, "percent_covered": 100.0, "percent_covered_display": "100", "missing_lines": 0, "excluded_lines": 0, "percent_statements_covered": 100.0, "percent_statements_covered_display": "100", "num_branches": 0, "num_partial_branches": 0, "covered_branches": 0, "missing_branches": 0, "percent_branches_covered": 100.0, "percent_branches_covered_display": "100"}, "missing_lines": [], "excluded_lines": [], "executed_branches": [], "missing_branches": []}, "ComplianceReporter._generate_recommendations": {"executed_lines": [118, 121, 122, 123, 125, 126, 134, 135, 143, 144, 153, 154, 161], "summary": {"covered_lines": 13, "num_statements": 13, "percent_covered": 100.0, "percent_covered_display": "100", "missing_lines": 0, "excluded_lines": 0, "percent_statements_covered": 100.0, "percent_statements_covered_display": "100", "num_branches": 8, "num_partial_branches": 0, "covered_branches": 8, "missing_branches": 0, "percent_branches_covered": 100.0, "percent_branches_covered_display": "100"}, "missing_lines": [], "excluded_lines": [], "executed_branches": [[125, 126], [125, 134], [134, 135], [134, 143], [143, 144], [143, 153], [153, 154], [153, 161]], "missing_branches": []}, "ComplianceReporter.save_report": {"executed_lines": [165, 166], "summary": {"covered_lines": 2, "num_statements": 2, "percent_covered": 100.0, "percent_covered_display": "100", "missing_lines": 0, "excluded_lines": 0, "percent_statements_covered": 100.0, "percent_statements_covered_display": "100", "num_branches": 0, "num_partial_branches": 0, "covered_branches": 0, "missing_branches": 0, "percent_branches_covered": 100.0, "percent_branches_covered_display": "100"}, "missing_lines": [], "excluded_lines": [], "executed_branches": [], "missing_branches": []}, "ComplianceReporter.get_exit_code": {"executed_lines": [170], "summary": {"covered_lines": 1, "num_statements": 1, "percent_covered": 100.0, "percent_covered_display": "100", "missing_lines": 0, "excluded_lines": 0, "percent_statements_covered": 100.0, "percent_statements_covered_display": "100", "num_branches": 0, "num_partial_branches": 0, "covered_branches": 0, "missing_branches": 0, "percent_branches_covered": 100.0, "percent_branches_covered_display": "100"}, "missing_lines": [], "excluded_lines": [], "executed_branches": [], "missing_branches": []}, "": {"executed_lines": [1, 3, 4, 5, 8, 9, 11, 15, 100, 116, 163, 168], "summary": {"covered_lines": 10, "num_statements": 10, "percent_covered": 100.0, "percent_covered_display": "100", "missing_lines": 0, "excluded_lines": 0, "percent_statements_covered": 100.0, "percent_statements_covered_display": "100", "num_branches": 0, "num_partial_branches": 0, "covered_branches": 0, "missing_branches": 0, "percent_branches_covered": 100.0, "percent_branches_covered_display": "100"}, "missing_lines": [], "excluded_lines": [], "executed_branches": [], "missing_branches": []}}, "classes": {"ComplianceReporter": {"executed_lines": [13, 36, 44, 45, 46, 47, 50, 53, 57, 98, 109, 110, 111, 112, 114, 118, 121, 122, 123, 125, 126, 134, 135, 143, 144, 153, 154, 161, 165, 166, 170], "summary": {"covered_lines": 31, "num_statements": 31, "percent_covered": 100.0, "percent_covered_display": "100", "missing_lines": 0, "excluded_lines": 0, "percent_statements_covered": 100.0, "percent_statements_covered_display": "100", "num_branches": 8, "num_partial_branches": 0, "covered_branches": 8, "missing_branches": 0, "percent_branches_covered": 100.0, "percent_branches_covered_display": "100"}, "missing_lines": [], "excluded_lines": [], "executed_branches": [[125, 126], [125, 134], [134, 135], [134, 143], [143, 144], [143, 153], [153, 154], [153, 161]], "missing_branches": []}, "": {"executed_lines": [1, 3, 4, 5, 8, 9, 11, 15, 100, 116, 163, 168], "summary": {"covered_lines": 10, "num_statements": 10, "percent_covered": 100.0, "percent_covered_display": "100", "missing_lines": 0, "excluded_lines": 0, "percent_statements_covered": 100.0, "percent_statements_covered_display": "100", "num_branches": 0, "num_partial_branches": 0, "covered_branches": 0, "missing_branches": 0, "percent_branches_covered": 100.0, "percent_branches_covered_display": "100"}, "missing_lines": [], "excluded_lines": [], "executed_branches": [], "missing_branches": []}}}, "lib/analyzers/encryption_validator.py": {"executed_lines": [1, 3, 6, 7, 9, 11, 13, 23, 25, 27, 28, 29, 32, 33, 34, 37, 38, 39, 41, 43, 45, 47, 48, 60, 63, 64, 65, 67, 68, 69, 70, 72, 73, 74, 76, 77, 90, 92, 95, 96, 98, 99, 112, 114], "summary": {"covered_lines": 42, "num_statements": 42, "percent_covered": 98.4375, "percent_covered_display": "98", "missing_lines": 0, "excluded_lines": 0, "percent_statements_covered": 100.0, "percent_statements_covered_display": "100", "num_branches": 22, "num_partial_branches": 1, "covered_branches": 21, "missing_branches": 1, "percent_branches_covered": 95.45454545454545, "percent_branches_covered_display": "95"}, "missing_lines": [], "excluded_lines": [], "executed_branches": [[25, 27], [28, 29], [28, 32], [33, 34], [33, 37], [38, 39], [38, 41], [47, 48], [47, 63], [64, 65], [64, 67], [68, 69], [68, 76], [72, 68], [72, 73], [76, -43], [76, 77], [95, 96], [95, 98], [98, -90], [98, 99]], "missing_branches": [[25, 41]], "functions": {"EncryptionValidator.__init__": {"executed_lines": [11], "summary": {"covered_lines": 1, "num_statements": 1, "percent_covered": 100.0, "percent_covered_display": "100", "missing_lines": 0, "excluded_lines": 0, "percent_statements_covered": 100.0, "percent_statements_covered_display": "100", "num_branches": 0, "num_partial_branches": 0, "covered_branches": 0, "missing_branches": 0, "percent_branches_covered": 100.0, "percent_branches_covered_display": "100"}, "missing_lines": [], "excluded_lines": [], "executed_branches": [], "missing_branches": []}, "EncryptionValidator.analyze_synthesized_stack": {"executed_lines": [23, 25, 27, 28, 29, 32, 33, 34, 37, 38, 39, 41], "summary": {"covered_lines": 12, "num_statements": 12, "percent_covered": 95.0, "percent_covered_display": "95", "missing_lines": 0, "excluded_lines": 0, "percent_statements_covered": 100.0, "percent_statements_covered_display": "100", "num_branches": 8, "num_partial_branches": 1, "covered_branches": 7, "missing_branches": 1, "percent_branches_covered": 87.5, "percent_branches_covered_display": "88"}, "missing_lines": [], "excluded_lines": [], "executed_branches": [[25, 27], [28, 29], [28, 32], [33, 34], [33, 37], [38, 39], [38, 41]], "missing_branches": [[25, 41]]}, "EncryptionValidator._check_s3_encryption": {"executed_lines": [45, 47, 48, 60, 63, 64, 65, 67, 68, 69, 70, 72, 73, 74, 76, 77], "summary": {"covered_lines": 16, "num_statements": 16, "percent_covered": 100.0, "percent_covered_display": "100", "missing_lines": 0, "excluded_lines": 0, "percent_statements_covered": 100.0, "percent_statements_covered_display": "100", "num_branches": 10, "num_partial_branches": 0, "covered_branches": 10, "missing_branches": 0, "percent_branches_covered": 100.0, "percent_branches_covered_display": "100"}, "missing_lines": [], "excluded_lines": [], "executed_branches": [[47, 48], [47, 63], [64, 65], [64, 67], [68, 69], [68, 76], [72, 68], [72, 73], [76, -43], [76, 77]], "missing_branches": []}, "EncryptionValidator._check_rds_encryption": {"executed_lines": [92, 95, 96, 98, 99], "summary": {"covered_lines": 5, "num_statements": 5, "percent_covered": 100.0, "percent_covered_display": "100", "missing_lines": 0, "excluded_lines": 0, "percent_statements_covered": 100.0, "percent_statements_covered_display": "100", "num_branches": 4, "num_partial_branches": 0, "covered_branches": 4, "missing_branches": 0, "percent_branches_covered": 100.0, "percent_branches_covered_display": "100"}, "missing_lines": [], "excluded_lines": [], "executed_branches": [[95, 96], [95, 98], [98, -90], [98, 99]], "missing_branches": []}, "EncryptionValidator.get_summary": {"executed_lines": [114], "summary": {"covered_lines": 1, "num_statements": 1, "percent_covered": 100.0, "percent_covered_display": "100", "missing_lines": 0, "excluded_lines": 0, "percent_statements_covered": 100.0, "percent_statements_covered_display": "100", "num_branches": 0, "num_partial_branches": 0, "covered_branches": 0, "missing_branches": 0, "percent_branches_covered": 100.0, "percent_branches_covered_display": "100"}, "missing_lines": [], "excluded_lines": [], "executed_branches": [], "missing_branches": []}, "": {"executed_lines": [1, 3, 6, 7, 9, 13, 43, 90, 112], "summary": {"covered_lines": 7, "num_statements": 7, "percent_covered": 100.0, "percent_covered_display": "100", "missing_lines": 0, "excluded_lines": 0, "percent_statements_covered": 100.0, "percent_statements_covered_display": "100", "num_branches": 0, "num_partial_branches": 0, "covered_branches": 0, "missing_branches": 0, "percent_branches_covered": 100.0, "percent_branches_covered_display": "100"}, "missing_lines": [], "excluded_lines": [], "executed_branches": [], "missing_branches": []}}, "classes": {"EncryptionValidator": {"executed_lines": [11, 23, 25, 27, 28, 29, 32, 33, 34, 37, 38, 39, 41, 45, 47, 48, 60, 63, 64, 65, 67, 68, 69, 70, 72, 73, 74, 76, 77, 92, 95, 96, 98, 99, 114], "summary": {"covered_lines": 35, "num_statements": 35, "percent_covered": 98.24561403508773, "percent_covered_display": "98", "missing_lines": 0, "excluded_lines": 0, "percent_statements_covered": 100.0, "percent_statements_covered_display": "100", "num_branches": 22, "num_partial_branches": 1, "covered_branches": 21, "missing_branches": 1, "percent_branches_covered": 95.45454545454545, "percent_branches_covered_display": "95"}, "missing_lines": [], "excluded_lines": [], "executed_branches": [[25, 27], [28, 29], [28, 32], [33, 34], [33, 37], [38, 39], [38, 41], [47, 48], [47, 63], [64, 65], [64, 67], [68, 69], [68, 76], [72, 68], [72, 73], [76, -43], [76, 77], [95, 96], [95, 98], [98, -90], [98, 99]], "missing_branches": [[25, 41]]}, "": {"executed_lines": [1, 3, 6, 7, 9, 13, 43, 90, 112], "summary": {"covered_lines": 7, "num_statements": 7, "percent_covered": 100.0, "percent_covered_display": "100", "missing_lines": 0, "excluded_lines": 0, "percent_statements_covered": 100.0, "percent_statements_covered_display": "100", "num_branches": 0, "num_partial_branches": 0, "covered_branches": 0, "missing_branches": 0, "percent_branches_covered": 100.0, "percent_branches_covered_display": "100"}, "missing_lines": [], "excluded_lines": [], "executed_branches": [], "missing_branches": []}}}, "lib/analyzers/iam_policy_analyzer.py": {"executed_lines": [1, 3, 4, 7, 8, 10, 12, 14, 24, 27, 28, 29, 31, 32, 35, 36, 37, 38, 39, 41, 43, 45, 47, 48, 51, 52, 53, 55, 57, 58, 60, 62, 64, 65, 66, 67, 71, 74, 76, 77, 79, 80, 81, 83, 86, 87, 89, 90, 91, 92, 95, 96, 98, 99, 116, 117, 133, 151, 153], "summary": {"covered_lines": 57, "num_statements": 58, "percent_covered": 96.875, "percent_covered_display": "97", "missing_lines": 1, "excluded_lines": 0, "percent_statements_covered": 98.27586206896552, "percent_statements_covered_display": "98", "num_branches": 38, "num_partial_branches": 2, "covered_branches": 36, "missing_branches": 2, "percent_branches_covered": 94.73684210526316, "percent_branches_covered_display": "95"}, "missing_lines": [134], "excluded_lines": [], "executed_branches": [[27, 28], [27, 41], [28, 29], [28, 41], [29, 31], [29, 35], [31, 32], [31, 35], [35, 28], [35, 36], [36, 28], [36, 37], [38, 36], [38, 39], [47, 48], [47, 51], [52, 53], [52, 55], [64, -62], [64, 65], [66, 64], [66, 67], [76, 77], [76, 79], [79, -71], [79, 80], [80, 79], [80, 81], [89, 90], [89, 91], [91, 92], [98, 99], [98, 116], [116, 117], [116, 133], [133, -83]], "missing_branches": [[91, 95], [133, 134]], "functions": {"IamPolicyAnalyzer.__init__": {"executed_lines": [12], "summary": {"covered_lines": 1, "num_statements": 1, "percent_covered": 100.0, "percent_covered_display": "100", "missing_lines": 0, "excluded_lines": 0, "percent_statements_covered": 100.0, "percent_statements_covered_display": "100", "num_branches": 0, "num_partial_branches": 0, "covered_branches": 0, "missing_branches": 0, "percent_branches_covered": 100.0, "percent_branches_covered_display": "100"}, "missing_lines": [], "excluded_lines": [], "executed_branches": [], "missing_branches": []}, "IamPolicyAnalyzer.analyze_synthesized_stack": {"executed_lines": [24, 27, 28, 29, 31, 32, 35, 36, 37, 38, 39, 41], "summary": {"covered_lines": 12, "num_statements": 12, "percent_covered": 100.0, "percent_covered_display": "100", "missing_lines": 0, "excluded_lines": 0, "percent_statements_covered": 100.0, "percent_statements_covered_display": "100", "num_branches": 14, "num_partial_branches": 0, "covered_branches": 14, "missing_branches": 0, "percent_branches_covered": 100.0, "percent_branches_covered_display": "100"}, "missing_lines": [], "excluded_lines": [], "executed_branches": [[27, 28], [27, 41], [28, 29], [28, 41], [29, 31], [29, 35], [31, 32], [31, 35], [35, 28], [35, 36], [36, 28], [36, 37], [38, 36], [38, 39]], "missing_branches": []}, "IamPolicyAnalyzer._check_iam_policy": {"executed_lines": [45, 47, 48, 51, 52, 53, 55, 57, 58, 60], "summary": {"covered_lines": 10, "num_statements": 10, "percent_covered": 100.0, "percent_covered_display": "100", "missing_lines": 0, "excluded_lines": 0, "percent_statements_covered": 100.0, "percent_statements_covered_display": "100", "num_branches": 4, "num_partial_branches": 0, "covered_branches": 4, "missing_branches": 0, "percent_branches_covered": 100.0, "percent_branches_covered_display": "100"}, "missing_lines": [], "excluded_lines": [], "executed_branches": [[47, 48], [47, 51], [52, 53], [52, 55]], "missing_branches": []}, "IamPolicyAnalyzer._check_inline_policies": {"executed_lines": [64, 65, 66, 67], "summary": {"covered_lines": 4, "num_statements": 4, "percent_covered": 100.0, "percent_covered_display": "100", "missing_lines": 0, "excluded_lines": 0, "percent_statements_covered": 100.0, "percent_statements_covered_display": "100", "num_branches": 4, "num_partial_branches": 0, "covered_branches": 4, "missing_branches": 0, "percent_branches_covered": 100.0, "percent_branches_covered_display": "100"}, "missing_lines": [], "excluded_lines": [], "executed_branches": [[64, -62], [64, 65], [66, 64], [66, 67]], "missing_branches": []}, "IamPolicyAnalyzer._analyze_policy_document": {"executed_lines": [74, 76, 77, 79, 80, 81], "summary": {"covered_lines": 6, "num_statements": 6, "percent_covered": 100.0, "percent_covered_display": "100", "missing_lines": 0, "excluded_lines": 0, "percent_statements_covered": 100.0, "percent_statements_covered_display": "100", "num_branches": 6, "num_partial_branches": 0, "covered_branches": 6, "missing_branches": 0, "percent_branches_covered": 100.0, "percent_branches_covered_display": "100"}, "missing_lines": [], "excluded_lines": [], "executed_branches": [[76, 77], [76, 79], [79, -71], [79, 80], [80, 79], [80, 81]], "missing_branches": []}, "IamPolicyAnalyzer._check_statement": {"executed_lines": [86, 87, 89, 90, 91, 92, 95, 96, 98, 99, 116, 117, 133], "summary": {"covered_lines": 13, "num_statements": 14, "percent_covered": 87.5, "percent_covered_display": "88", "missing_lines": 1, "excluded_lines": 0, "percent_statements_covered": 92.85714285714286, "percent_statements_covered_display": "93", "num_branches": 10, "num_partial_branches": 2, "covered_branches": 8, "missing_branches": 2, "percent_branches_covered": 80.0, "percent_branches_covered_display": "80"}, "missing_lines": [134], "excluded_lines": [], "executed_branches": [[89, 90], [89, 91], [91, 92], [98, 99], [98, 116], [116, 117], [116, 133], [133, -83]], "missing_branches": [[91, 95], [133, 134]]}, "IamPolicyAnalyzer.get_summary": {"executed_lines": [153], "summary": {"covered_lines": 1, "num_statements": 1, "percent_covered": 100.0, "percent_covered_display": "100", "missing_lines": 0, "excluded_lines": 0, "percent_statements_covered": 100.0, "percent_statements_covered_display": "100", "num_branches": 0, "num_partial_branches": 0, "covered_branches": 0, "missing_branches": 0, "percent_branches_covered": 100.0, "percent_branches_covered_display": "100"}, "missing_lines": [], "excluded_lines": [], "executed_branches": [], "missing_branches": []}, "": {"executed_lines": [1, 3, 4, 7, 8, 10, 14, 43, 62, 71, 83, 151], "summary": {"covered_lines": 10, "num_statements": 10, "percent_covered": 100.0, "percent_covered_display": "100", "missing_lines": 0, "excluded_lines": 0, "percent_statements_covered": 100.0, "percent_statements_covered_display": "100", "num_branches": 0, "num_partial_branches": 0, "covered_branches": 0, "missing_branches": 0, "percent_branches_covered": 100.0, "percent_branches_covered_display": "100"}, "missing_lines": [], "excluded_lines": [], "executed_branches": [], "missing_branches": []}}, "classes": {"IamPolicyAnalyzer": {"executed_lines": [12, 24, 27, 28, 29, 31, 32, 35, 36, 37, 38, 39, 41, 45, 47, 48, 51, 52, 53, 55, 57, 58, 60, 64, 65, 66, 67, 74, 76, 77, 79, 80, 81, 86, 87, 89, 90, 91, 92, 95, 96, 98, 99, 116, 117, 133, 153], "summary": {"covered_lines": 47, "num_statements": 48, "percent_covered": 96.51162790697674, "percent_covered_display": "97", "missing_lines": 1, "excluded_lines": 0, "percent_statements_covered": 97.91666666666667, "percent_statements_covered_display": "98", "num_branches": 38, "num_partial_branches": 2, "covered_branches": 36, "missing_branches": 2, "percent_branches_covered": 94.73684210526316, "percent_branches_covered_display": "95"}, "missing_lines": [134], "excluded_lines": [], "executed_branches": [[27, 28], [27, 41], [28, 29], [28, 41], [29, 31], [29, 35], [31, 32], [31, 35], [35, 28], [35, 36], [36, 28], [36, 37], [38, 36], [38, 39], [47, 48], [47, 51], [52, 53], [52, 55], [64, -62], [64, 65], [66, 64], [66, 67], [76, 77], [76, 79], [79, -71], [79, 80], [80, 79], [80, 81], [89, 90], [89, 91], [91, 92], [98, 99], [98, 116], [116, 117], [116, 133], [133, -83]], "missing_branches": [[91, 95], [133, 134]]}, "": {"executed_lines": [1, 3, 4, 7, 8, 10, 14, 43, 62, 71, 83, 151], "summary": {"covered_lines": 10, "num_statements": 10, "percent_covered": 100.0, "percent_covered_display": "100", "missing_lines": 0, "excluded_lines": 0, "percent_statements_covered": 100.0, "percent_statements_covered_display": "100", "num_branches": 0, "num_partial_branches": 0, "covered_branches": 0, "missing_branches": 0, "percent_branches_covered": 100.0, "percent_branches_covered_display": "100"}, "missing_lines": [], "excluded_lines": [], "executed_branches": [], "missing_branches": []}}}, "lib/analyzers/network_analyzer.py": {"executed_lines": [1, 3, 4, 7, 8, 10, 12, 13, 15, 25, 26, 29, 30, 31, 32, 33, 34, 37, 39, 41, 43, 45, 46, 47, 48, 50, 51, 70, 72, 73, 74, 76, 77, 79, 81, 91, 93, 94, 95, 96, 98, 99, 100, 101, 119, 121, 123], "summary": {"covered_lines": 45, "num_statements": 45, "percent_covered": 97.01492537313433, "percent_covered_display": "97", "missing_lines": 0, "excluded_lines": 0, "percent_statements_covered": 100.0, "percent_statements_covered_display": "100", "num_branches": 22, "num_partial_branches": 2, "covered_branches": 20, "missing_branches": 2, "percent_branches_covered": 90.9090909090909, "percent_branches_covered_display": "91"}, "missing_lines": [], "excluded_lines": [], "executed_branches": [[29, 30], [29, 37], [31, 32], [31, 37], [33, 34], [45, -41], [45, 46], [46, 45], [46, 47], [50, 46], [50, 51], [93, 94], [93, 119], [94, 93], [94, 95], [98, 94], [98, 99], [99, 98], [99, 100], [100, 101]], "missing_branches": [[33, 31], [100, 99]], "functions": {"NetworkAnalyzer.__init__": {"executed_lines": [12, 13], "summary": {"covered_lines": 2, "num_statements": 2, "percent_covered": 100.0, "percent_covered_display": "100", "missing_lines": 0, "excluded_lines": 0, "percent_statements_covered": 100.0, "percent_statements_covered_display": "100", "num_branches": 0, "num_partial_branches": 0, "covered_branches": 0, "missing_branches": 0, "percent_branches_covered": 100.0, "percent_branches_covered_display": "100"}, "missing_lines": [], "excluded_lines": [], "executed_branches": [], "missing_branches": []}, "NetworkAnalyzer.analyze_synthesized_stack": {"executed_lines": [25, 26, 29, 30, 31, 32, 33, 34, 37, 39], "summary": {"covered_lines": 10, "num_statements": 10, "percent_covered": 93.75, "percent_covered_display": "94", "missing_lines": 0, "excluded_lines": 0, "percent_statements_covered": 100.0, "percent_statements_covered_display": "100", "num_branches": 6, "num_partial_branches": 1, "covered_branches": 5, "missing_branches": 1, "percent_branches_covered": 83.33333333333333, "percent_branches_covered_display": "83"}, "missing_lines": [], "excluded_lines": [], "executed_branches": [[29, 30], [29, 37], [31, 32], [31, 37], [33, 34]], "missing_branches": [[33, 31]]}, "NetworkAnalyzer._check_cidr_overlaps": {"executed_lines": [43, 45, 46, 47, 48, 50, 51], "summary": {"covered_lines": 7, "num_statements": 7, "percent_covered": 100.0, "percent_covered_display": "100", "missing_lines": 0, "excluded_lines": 0, "percent_statements_covered": 100.0, "percent_statements_covered_display": "100", "num_branches": 6, "num_partial_branches": 0, "covered_branches": 6, "missing_branches": 0, "percent_branches_covered": 100.0, "percent_branches_covered_display": "100"}, "missing_lines": [], "excluded_lines": [], "executed_branches": [[45, -41], [45, 46], [46, 45], [46, 47], [50, 46], [50, 51]], "missing_branches": []}, "NetworkAnalyzer._cidrs_overlap": {"executed_lines": [72, 73, 74, 76, 77, 79], "summary": {"covered_lines": 6, "num_statements": 6, "percent_covered": 100.0, "percent_covered_display": "100", "missing_lines": 0, "excluded_lines": 0, "percent_statements_covered": 100.0, "percent_statements_covered_display": "100", "num_branches": 0, "num_partial_branches": 0, "covered_branches": 0, "missing_branches": 0, "percent_branches_covered": 100.0, "percent_branches_covered_display": "100"}, "missing_lines": [], "excluded_lines": [], "executed_branches": [], "missing_branches": []}, "NetworkAnalyzer.validate_multi_environment": {"executed_lines": [91, 93, 94, 95, 96, 98, 99, 100, 101, 119], "summary": {"covered_lines": 10, "num_statements": 10, "percent_covered": 95.0, "percent_covered_display": "95", "missing_lines": 0, "excluded_lines": 0, "percent_statements_covered": 100.0, "percent_statements_covered_display": "100", "num_branches": 10, "num_partial_branches": 1, "covered_branches": 9, "missing_branches": 1, "percent_branches_covered": 90.0, "percent_branches_covered_display": "90"}, "missing_lines": [], "excluded_lines": [], "executed_branches": [[93, 94], [93, 119], [94, 93], [94, 95], [98, 94], [98, 99], [99, 98], [99, 100], [100, 101]], "missing_branches": [[100, 99]]}, "NetworkAnalyzer.get_summary": {"executed_lines": [123], "summary": {"covered_lines": 1, "num_statements": 1, "percent_covered": 100.0, "percent_covered_display": "100", "missing_lines": 0, "excluded_lines": 0, "percent_statements_covered": 100.0, "percent_statements_covered_display": "100", "num_branches": 0, "num_partial_branches": 0, "covered_branches": 0, "missing_branches": 0, "percent_branches_covered": 100.0, "percent_branches_covered_display": "100"}, "missing_lines": [], "excluded_lines": [], "executed_branches": [], "missing_branches": []}, "": {"executed_lines": [1, 3, 4, 7, 8, 10, 15, 41, 70, 81, 121], "summary": {"covered_lines": 9, "num_statements": 9, "percent_covered": 100.0, "percent_covered_display": "100", "missing_lines": 0, "excluded_lines": 0, "percent_statements_covered": 100.0, "percent_statements_covered_display": "100", "num_branches": 0, "num_partial_branches": 0, "covered_branches": 0, "missing_branches": 0, "percent_branches_covered": 100.0, "percent_branches_covered_display": "100"}, "missing_lines": [], "excluded_lines": [], "executed_branches": [], "missing_branches": []}}, "classes": {"NetworkAnalyzer": {"executed_lines": [12, 13, 25, 26, 29, 30, 31, 32, 33, 34, 37, 39, 43, 45, 46, 47, 48, 50, 51, 72, 73, 74, 76, 77, 79, 91, 93, 94, 95, 96, 98, 99, 100, 101, 119, 123], "summary": {"covered_lines": 36, "num_statements": 36, "percent_covered": 96.55172413793103, "percent_covered_display": "97", "missing_lines": 0, "excluded_lines": 0, "percent_statements_covered": 100.0, "percent_statements_covered_display": "100", "num_branches": 22, "num_partial_branches": 2, "covered_branches": 20, "missing_branches": 2, "percent_branches_covered": 90.9090909090909, "percent_branches_covered_display": "91"}, "missing_lines": [], "excluded_lines": [], "executed_branches": [[29, 30], [29, 37], [31, 32], [31, 37], [33, 34], [45, -41], [45, 46], [46, 45], [46, 47], [50, 46], [50, 51], [93, 94], [93, 119], [94, 93], [94, 95], [98, 94], [98, 99], [99, 98], [99, 100], [100, 101]], "missing_branches": [[33, 31], [100, 99]]}, "": {"executed_lines": [1, 3, 4, 7, 8, 10, 15, 41, 70, 81, 121], "summary": {"covered_lines": 9, "num_statements": 9, "percent_covered": 100.0, "percent_covered_display": "100", "missing_lines": 0, "excluded_lines": 0, "percent_statements_covered": 100.0, "percent_statements_covered_display": "100", "num_branches": 0, "num_partial_branches": 0, "covered_branches": 0, "missing_branches": 0, "percent_branches_covered": 100.0, "percent_branches_covered_display": "100"}, "missing_lines": [], "excluded_lines": [], "executed_branches": [], "missing_branches": []}}}, "lib/analyzers/security_group_analyzer.py": {"executed_lines": [1, 3, 4, 7, 8, 10, 12, 14, 24, 27, 28, 29, 30, 31, 33, 35, 38, 39, 40, 41, 42, 43, 46, 47, 48, 49, 51, 54, 55, 56, 57, 58, 61, 62, 83, 84, 103, 105], "summary": {"covered_lines": 36, "num_statements": 36, "percent_covered": 98.27586206896552, "percent_covered_display": "98", "missing_lines": 0, "excluded_lines": 0, "percent_statements_covered": 100.0, "percent_statements_covered_display": "100", "num_branches": 22, "num_partial_branches": 1, "covered_branches": 21, "missing_branches": 1, "percent_branches_covered": 95.45454545454545, "percent_branches_covered_display": "95"}, "missing_lines": [], "excluded_lines": [], "executed_branches": [[27, 28], [27, 33], [28, 29], [28, 33], [29, 28], [29, 30], [30, 28], [30, 31], [39, 40], [39, 42], [40, 41], [40, 46], [42, 43], [46, -35], [46, 47], [48, -35], [48, 49], [61, 62], [61, 83], [83, -51], [83, 84]], "missing_branches": [[42, 46]], "functions": {"SecurityGroupAnalyzer.__init__": {"executed_lines": [12], "summary": {"covered_lines": 1, "num_statements": 1, "percent_covered": 100.0, "percent_covered_display": "100", "missing_lines": 0, "excluded_lines": 0, "percent_statements_covered": 100.0, "percent_statements_covered_display": "100", "num_branches": 0, "num_partial_branches": 0, "covered_branches": 0, "missing_branches": 0, "percent_branches_covered": 100.0, "percent_branches_covered_display": "100"}, "missing_lines": [], "excluded_lines": [], "executed_branches": [], "missing_branches": []}, "SecurityGroupAnalyzer.analyze_synthesized_stack": {"executed_lines": [24, 27, 28, 29, 30, 31, 33], "summary": {"covered_lines": 7, "num_statements": 7, "percent_covered": 100.0, "percent_covered_display": "100", "missing_lines": 0, "excluded_lines": 0, "percent_statements_covered": 100.0, "percent_statements_covered_display": "100", "num_branches": 8, "num_partial_branches": 0, "covered_branches": 8, "missing_branches": 0, "percent_branches_covered": 100.0, "percent_branches_covered_display": "100"}, "missing_lines": [], "excluded_lines": [], "executed_branches": [[27, 28], [27, 33], [28, 29], [28, 33], [29, 28], [29, 30], [30, 28], [30, 31]], "missing_branches": []}, "SecurityGroupAnalyzer._check_security_group": {"executed_lines": [38, 39, 40, 41, 42, 43, 46, 47, 48, 49], "summary": {"covered_lines": 10, "num_statements": 10, "percent_covered": 95.0, "percent_covered_display": "95", "missing_lines": 0, "excluded_lines": 0, "percent_statements_covered": 100.0, "percent_statements_covered_display": "100", "num_branches": 10, "num_partial_branches": 1, "covered_branches": 9, "missing_branches": 1, "percent_branches_covered": 90.0, "percent_branches_covered_display": "90"}, "missing_lines": [], "excluded_lines": [], "executed_branches": [[39, 40], [39, 42], [40, 41], [40, 46], [42, 43], [46, -35], [46, 47], [48, -35], [48, 49]], "missing_branches": [[42, 46]]}, "SecurityGroupAnalyzer._check_rule": {"executed_lines": [54, 55, 56, 57, 58, 61, 62, 83, 84], "summary": {"covered_lines": 9, "num_statements": 9, "percent_covered": 100.0, "percent_covered_display": "100", "missing_lines": 0, "excluded_lines": 0, "percent_statements_covered": 100.0, "percent_statements_covered_display": "100", "num_branches": 4, "num_partial_branches": 0, "covered_branches": 4, "missing_branches": 0, "percent_branches_covered": 100.0, "percent_branches_covered_display": "100"}, "missing_lines": [], "excluded_lines": [], "executed_branches": [[61, 62], [61, 83], [83, -51], [83, 84]], "missing_branches": []}, "SecurityGroupAnalyzer.get_summary": {"executed_lines": [105], "summary": {"covered_lines": 1, "num_statements": 1, "percent_covered": 100.0, "percent_covered_display": "100", "missing_lines": 0, "excluded_lines": 0, "percent_statements_covered": 100.0, "percent_statements_covered_display": "100", "num_branches": 0, "num_partial_branches": 0, "covered_branches": 0, "missing_branches": 0, "percent_branches_covered": 100.0, "percent_branches_covered_display": "100"}, "missing_lines": [], "excluded_lines": [], "executed_branches": [], "missing_branches": []}, "": {"executed_lines": [1, 3, 4, 7, 8, 10, 14, 35, 51, 103], "summary": {"covered_lines": 8, "num_statements": 8, "percent_covered": 100.0, "percent_covered_display": "100", "missing_lines": 0, "excluded_lines": 0, "percent_statements_covered": 100.0, "percent_statements_covered_display": "100", "num_branches": 0, "num_partial_branches": 0, "covered_branches": 0, "missing_branches": 0, "percent_branches_covered": 100.0, "percent_branches_covered_display": "100"}, "missing_lines": [], "excluded_lines": [], "executed_branches": [], "missing_branches": []}}, "classes": {"SecurityGroupAnalyzer": {"executed_lines": [12, 24, 27, 28, 29, 30, 31, 33, 38, 39, 40, 41, 42, 43, 46, 47, 48, 49, 54, 55, 56, 57, 58, 61, 62, 83, 84, 105], "summary": {"covered_lines": 28, "num_statements": 28, "percent_covered": 98.0, "percent_covered_display": "98", "missing_lines": 0, "excluded_lines": 0, "percent_statements_covered": 100.0, "percent_statements_covered_display": "100", "num_branches": 22, "num_partial_branches": 1, "covered_branches": 21, "missing_branches": 1, "percent_branches_covered": 95.45454545454545, "percent_branches_covered_display": "95"}, "missing_lines": [], "excluded_lines": [], "executed_branches": [[27, 28], [27, 33], [28, 29], [28, 33], [29, 28], [29, 30], [30, 28], [30, 31], [39, 40], [39, 42], [40, 41], [40, 46], [42, 43], [46, -35], [46, 47], [48, -35], [48, 49], [61, 62], [61, 83], [83, -51], [83, 84]], "missing_branches": [[42, 46]]}, "": {"executed_lines": [1, 3, 4, 7, 8, 10, 14, 35, 51, 103], "summary": {"covered_lines": 8, "num_statements": 8, "percent_covered": 100.0, "percent_covered_display": "100", "missing_lines": 0, "excluded_lines": 0, "percent_statements_covered": 100.0, "percent_statements_covered_display": "100", "num_branches": 0, "num_partial_branches": 0, "covered_branches": 0, "missing_branches": 0, "percent_branches_covered": 100.0, "percent_branches_covered_display": "100"}, "missing_lines": [], "excluded_lines": [], "executed_branches": [], "missing_branches": []}}}, "lib/analyzers/tag_compliance_validator.py": {"executed_lines": [1, 3, 6, 7, 9, 12, 30, 32, 34, 44, 47, 48, 49, 50, 51, 53, 55, 57, 60, 61, 63, 65, 66, 80, 82, 83, 85, 86, 87, 89, 91], "summary": {"covered_lines": 29, "num_statements": 29, "percent_covered": 95.34883720930233, "percent_covered_display": "95", "missing_lines": 0, "excluded_lines": 0, "percent_statements_covered": 100.0, "percent_statements_covered_display": "100", "num_branches": 14, "num_partial_branches": 2, "covered_branches": 12, "missing_branches": 2, "percent_branches_covered": 85.71428571428571, "percent_branches_covered_display": "86"}, "missing_lines": [], "excluded_lines": [], "executed_branches": [[47, 48], [48, 49], [48, 53], [49, 50], [50, 48], [50, 51], [60, 61], [60, 63], [65, -55], [65, 66], [82, 83], [82, 85]], "missing_branches": [[47, 53], [49, 48]], "functions": {"TagComplianceValidator.__init__": {"executed_lines": [32], "summary": {"covered_lines": 1, "num_statements": 1, "percent_covered": 100.0, "percent_covered_display": "100", "missing_lines": 0, "excluded_lines": 0, "percent_statements_covered": 100.0, "percent_statements_covered_display": "100", "num_branches": 0, "num_partial_branches": 0, "covered_branches": 0, "missing_branches": 0, "percent_branches_covered": 100.0, "percent_branches_covered_display": "100"}, "missing_lines": [], "excluded_lines": [], "executed_branches": [], "missing_branches": []}, "TagComplianceValidator.analyze_synthesized_stack": {"executed_lines": [44, 47, 48, 49, 50, 51, 53], "summary": {"covered_lines": 7, "num_statements": 7, "percent_covered": 86.66666666666667, "percent_covered_display": "87", "missing_lines": 0, "excluded_lines": 0, "percent_statements_covered": 100.0, "percent_statements_covered_display": "100", "num_branches": 8, "num_partial_branches": 2, "covered_branches": 6, "missing_branches": 2, "percent_branches_covered": 75.0, "percent_branches_covered_display": "75"}, "missing_lines": [], "excluded_lines": [], "executed_branches": [[47, 48], [48, 49], [48, 53], [49, 50], [50, 48], [50, 51]], "missing_branches": [[47, 53], [49, 48]]}, "TagComplianceValidator._check_resource_tags": {"executed_lines": [57, 60, 61, 63, 65, 66], "summary": {"covered_lines": 6, "num_statements": 6, "percent_covered": 100.0, "percent_covered_display": "100", "missing_lines": 0, "excluded_lines": 0, "percent_statements_covered": 100.0, "percent_statements_covered_display": "100", "num_branches": 4, "num_partial_branches": 0, "covered_branches": 4, "missing_branches": 0, "percent_branches_covered": 100.0, "percent_branches_covered_display": "100"}, "missing_lines": [], "excluded_lines": [], "executed_branches": [[60, 61], [60, 63], [65, -55], [65, 66]], "missing_branches": []}, "TagComplianceValidator._get_missing_tags": {"executed_lines": [82, 83, 85, 86, 87], "summary": {"covered_lines": 5, "num_statements": 5, "percent_covered": 100.0, "percent_covered_display": "100", "missing_lines": 0, "excluded_lines": 0, "percent_statements_covered": 100.0, "percent_statements_covered_display": "100", "num_branches": 2, "num_partial_branches": 0, "covered_branches": 2, "missing_branches": 0, "percent_branches_covered": 100.0, "percent_branches_covered_display": "100"}, "missing_lines": [], "excluded_lines": [], "executed_branches": [[82, 83], [82, 85]], "missing_branches": []}, "TagComplianceValidator.get_summary": {"executed_lines": [91], "summary": {"covered_lines": 1, "num_statements": 1, "percent_covered": 100.0, "percent_covered_display": "100", "missing_lines": 0, "excluded_lines": 0, "percent_statements_covered": 100.0, "percent_statements_covered_display": "100", "num_branches": 0, "num_partial_branches": 0, "covered_branches": 0, "missing_branches": 0, "percent_branches_covered": 100.0, "percent_branches_covered_display": "100"}, "missing_lines": [], "excluded_lines": [], "executed_branches": [], "missing_branches": []}, "": {"executed_lines": [1, 3, 6, 7, 9, 12, 30, 34, 55, 80, 89], "summary": {"covered_lines": 9, "num_statements": 9, "percent_covered": 100.0, "percent_covered_display": "100", "missing_lines": 0, "excluded_lines": 0, "percent_statements_covered": 100.0, "percent_statements_covered_display": "100", "num_branches": 0, "num_partial_branches": 0, "covered_branches": 0, "missing_branches": 0, "percent_branches_covered": 100.0, "percent_branches_covered_display": "100"}, "missing_lines": [], "excluded_lines": [], "executed_branches": [], "missing_branches": []}}, "classes": {"TagComplianceValidator": {"executed_lines": [32, 44, 47, 48, 49, 50, 51, 53, 57, 60, 61, 63, 65, 66, 82, 83, 85, 86, 87, 91], "summary": {"covered_lines": 20, "num_statements": 20, "percent_covered": 94.11764705882354, "percent_covered_display": "94", "missing_lines": 0, "excluded_lines": 0, "percent_statements_covered": 100.0, "percent_statements_covered_display": "100", "num_branches": 14, "num_partial_branches": 2, "covered_branches": 12, "missing_branches": 2, "percent_branches_covered": 85.71428571428571, "percent_branches_covered_display": "86"}, "missing_lines": [], "excluded_lines": [], "executed_branches": [[47, 48], [48, 49], [48, 53], [49, 50], [50, 48], [50, 51], [60, 61], [60, 63], [65, -55], [65, 66], [82, 83], [82, 85]], "missing_branches": [[47, 53], [49, 48]]}, "": {"executed_lines": [1, 3, 6, 7, 9, 12, 30, 34, 55, 80, 89], "summary": {"covered_lines": 9, "num_statements": 9, "percent_covered": 100.0, "percent_covered_display": "100", "missing_lines": 0, "excluded_lines": 0, "percent_statements_covered": 100.0, "percent_statements_covered_display": "100", "num_branches": 0, "num_partial_branches": 0, "covered_branches": 0, "missing_branches": 0, "percent_branches_covered": 100.0, "percent_branches_covered_display": "100"}, "missing_lines": [], "excluded_lines": [], "executed_branches": [], "missing_branches": []}}}, "lib/compliance_runner.py": {"executed_lines": [1, 3, 4, 5, 6, 8, 9, 10, 11, 12, 13, 16, 17, 19, 26, 27, 29, 31, 32, 33, 34, 35, 36, 37, 38, 39, 40, 42, 49, 50, 51, 53, 56, 57, 58, 59, 60, 61, 64, 65, 67, 68, 70, 71, 73, 74, 76, 77, 80, 81, 89, 91, 94, 95, 97, 100, 101, 102, 103, 104, 105, 106, 107, 108, 109, 110, 113, 114, 115, 116, 117, 118, 119, 121, 124, 126, 127, 128, 129, 130, 131, 133, 134, 136, 137, 138, 141, 144], "summary": {"covered_lines": 85, "num_statements": 85, "percent_covered": 98.96907216494846, "percent_covered_display": "99", "missing_lines": 0, "excluded_lines": 2, "percent_statements_covered": 100.0, "percent_statements_covered_display": "100", "num_branches": 12, "num_partial_branches": 1, "covered_branches": 11, "missing_branches": 1, "percent_branches_covered": 91.66666666666667, "percent_branches_covered_display": "92"}, "missing_lines": [], "excluded_lines": [144, 145], "executed_branches": [[49, 50], [50, 51], [50, 53], [108, 109], [108, 110], [114, 115], [114, 121], [116, 117], [116, 121], [126, 127], [126, 133]], "missing_branches": [[49, 53]], "functions": {"ComplianceRunner.__init__": {"executed_lines": [26, 27], "summary": {"covered_lines": 2, "num_statements": 2, "percent_covered": 100.0, "percent_covered_display": "100", "missing_lines": 0, "excluded_lines": 0, "percent_statements_covered": 100.0, "percent_statements_covered_display": "100", "num_branches": 0, "num_partial_branches": 0, "covered_branches": 0, "missing_branches": 0, "percent_branches_covered": 100.0, "percent_branches_covered_display": "100"}, "missing_lines": [], "excluded_lines": [], "executed_branches": [], "missing_branches": []}, "ComplianceRunner.load_synthesized_stack": {"executed_lines": [31, 32, 33, 34, 35, 36, 37, 38, 39, 40], "summary": {"covered_lines": 10, "num_statements": 10, "percent_covered": 100.0, "percent_covered_display": "100", "missing_lines": 0, "excluded_lines": 0, "percent_statements_covered": 100.0, "percent_statements_covered_display": "100", "num_branches": 0, "num_partial_branches": 0, "covered_branches": 0, "missing_branches": 0, "percent_branches_covered": 100.0, "percent_branches_covered_display": "100"}, "missing_lines": [], "excluded_lines": [], "executed_branches": [], "missing_branches": []}, "ComplianceRunner.run_analysis": {"executed_lines": [49, 50, 51, 53, 56, 57, 58, 59, 60, 61, 64, 65, 67, 68, 70, 71, 73, 74, 76, 77, 80, 81, 89], "summary": {"covered_lines": 23, "num_statements": 23, "percent_covered": 96.29629629629629, "percent_covered_display": "96", "missing_lines": 0, "excluded_lines": 0, "percent_statements_covered": 100.0, "percent_statements_covered_display": "100", "num_branches": 4, "num_partial_branches": 1, "covered_branches": 3, "missing_branches": 1, "percent_branches_covered": 75.0, "percent_branches_covered_display": "75"}, "missing_lines": [], "excluded_lines": [], "executed_branches": [[49, 50], [50, 51], [50, 53]], "missing_branches": [[49, 53]]}, "ComplianceRunner.save_and_display_report": {"executed_lines": [94, 95, 97, 100, 101, 102, 103, 104, 105, 106, 107, 108, 109, 110, 113, 114, 115, 116, 117, 118, 119, 121], "summary": {"covered_lines": 22, "num_statements": 22, "percent_covered": 100.0, "percent_covered_display": "100", "missing_lines": 0, "excluded_lines": 0, "percent_statements_covered": 100.0, "percent_statements_covered_display": "100", "num_branches": 6, "num_partial_branches": 0, "covered_branches": 6, "missing_branches": 0, "percent_branches_covered": 100.0, "percent_branches_covered_display": "100"}, "missing_lines": [], "excluded_lines": [], "executed_branches": [[108, 109], [108, 110], [114, 115], [114, 121], [116, 117], [116, 121]], "missing_branches": []}, "main": {"executed_lines": [126, 127, 128, 129, 130, 131, 133, 134, 136, 137, 138, 141], "summary": {"covered_lines": 12, "num_statements": 12, "percent_covered": 100.0, "percent_covered_display": "100", "missing_lines": 0, "excluded_lines": 0, "percent_statements_covered": 100.0, "percent_statements_covered_display": "100", "num_branches": 2, "num_partial_branches": 0, "covered_branches": 2, "missing_branches": 0, "percent_branches_covered": 100.0, "percent_branches_covered_display": "100"}, "missing_lines": [], "excluded_lines": [], "executed_branches": [[126, 127], [126, 133]], "missing_branches": []}, "": {"executed_lines": [1, 3, 4, 5, 6, 8, 9, 10, 11, 12, 13, 16, 17, 19, 29, 42, 91, 124, 144], "summary": {"covered_lines": 16, "num_statements": 16, "percent_covered": 100.0, "percent_covered_display": "100", "missing_lines": 0, "excluded_lines": 2, "percent_statements_covered": 100.0, "percent_statements_covered_display": "100", "num_branches": 0, "num_partial_branches": 0, "covered_branches": 0, "missing_branches": 0, "percent_branches_covered": 100.0, "percent_branches_covered_display": "100"}, "missing_lines": [], "excluded_lines": [144, 145], "executed_branches": [], "missing_branches": []}}, "classes": {"ComplianceRunner": {"executed_lines": [26, 27, 31, 32, 33, 34, 35, 36, 37, 38, 39, 40, 49, 50, 51, 53, 56, 57, 58, 59, 60, 61, 64, 65, 67, 68, 70, 71, 73, 74, 76, 77, 80, 81, 89, 94, 95, 97, 100, 101, 102, 103, 104, 105, 106, 107, 108, 109, 110, 113, 114, 115, 116, 117, 118, 119, 121], "summary": {"covered_lines": 57, "num_statements": 57, "percent_covered": 98.50746268656717, "percent_covered_display": "99", "missing_lines": 0, "excluded_lines": 0, "percent_statements_covered": 100.0, "percent_statements_covered_display": "100", "num_branches": 10, "num_partial_branches": 1, "covered_branches": 9, "missing_branches": 1, "percent_branches_covered": 90.0, "percent_branches_covered_display": "90"}, "missing_lines": [], "excluded_lines": [], "executed_branches": [[49, 50], [50, 51], [50, 53], [108, 109], [108, 110], [114, 115], [114, 121], [116, 117], [116, 121]], "missing_branches": [[49, 53]]}, "": {"executed_lines": [1, 3, 4, 5, 6, 8, 9, 10, 11, 12, 13, 16, 17, 19, 29, 42, 91, 124, 126, 127, 128, 129, 130, 131, 133, 134, 136, 137, 138, 141, 144], "summary": {"covered_lines": 28, "num_statements": 28, "percent_covered": 100.0, "percent_covered_display": "100", "missing_lines": 0, "excluded_lines": 2, "percent_statements_covered": 100.0, "percent_statements_covered_display": "100", "num_branches": 2, "num_partial_branches": 0, "covered_branches": 2, "missing_branches": 0, "percent_branches_covered": 100.0, "percent_branches_covered_display": "100"}, "missing_lines": [], "excluded_lines": [144, 145], "executed_branches": [[126, 127], [126, 133]], "missing_branches": []}}}, "lib/compliance_validator.py": {"executed_lines": [1, 3, 4, 5, 6, 7, 8, 9, 12, 13, 15, 22, 24, 25, 28, 43, 60, 121, 124, 144], "summary": {"covered_lines": 18, "num_statements": 18, "percent_covered": 100.0, "percent_covered_display": "100", "missing_lines": 0, "excluded_lines": 0, "percent_statements_covered": 100.0, "percent_statements_covered_display": "100", "num_branches": 0, "num_partial_branches": 0, "covered_branches": 0, "missing_branches": 0, "percent_branches_covered": 100.0, "percent_branches_covered_display": "100"}, "missing_lines": [], "excluded_lines": [], "executed_branches": [], "missing_branches": [], "functions": {"ComplianceValidator.__init__": {"executed_lines": [22, 24, 25, 28, 43, 60, 121, 124, 144], "summary": {"covered_lines": 9, "num_statements": 9, "percent_covered": 100.0, "percent_covered_display": "100", "missing_lines": 0, "excluded_lines": 0, "percent_statements_covered": 100.0, "percent_statements_covered_display": "100", "num_branches": 0, "num_partial_branches": 0, "covered_branches": 0, "missing_branches": 0, "percent_branches_covered": 100.0, "percent_branches_covered_display": "100"}, "missing_lines": [], "excluded_lines": [], "executed_branches": [], "missing_branches": []}, "": {"executed_lines": [1, 3, 4, 5, 6, 7, 8, 9, 12, 13, 15], "summary": {"covered_lines": 9, "num_statements": 9, "percent_covered": 100.0, "percent_covered_display": "100", "missing_lines": 0, "excluded_lines": 0, "percent_statements_covered": 100.0, "percent_statements_covered_display": "100", "num_branches": 0, "num_partial_branches": 0, "covered_branches": 0, "missing_branches": 0, "percent_branches_covered": 100.0, "percent_branches_covered_display": "100"}, "missing_lines": [], "excluded_lines": [], "executed_branches": [], "missing_branches": []}}, "classes": {"ComplianceValidator": {"executed_lines": [22, 24, 25, 28, 43, 60, 121, 124, 144], "summary": {"covered_lines": 9, "num_statements": 9, "percent_covered": 100.0, "percent_covered_display": "100", "missing_lines": 0, "excluded_lines": 0, "percent_statements_covered": 100.0, "percent_statements_covered_display": "100", "num_branches": 0, "num_partial_branches": 0, "covered_branches": 0, "missing_branches": 0, "percent_branches_covered": 100.0, "percent_branches_covered_display": "100"}, "missing_lines": [], "excluded_lines": [], "executed_branches": [], "missing_branches": []}, "": {"executed_lines": [1, 3, 4, 5, 6, 7, 8, 9, 12, 13, 15], "summary": {"covered_lines": 9, "num_statements": 9, "percent_covered": 100.0, "percent_covered_display": "100", "missing_lines": 0, "excluded_lines": 0, "percent_statements_covered": 100.0, "percent_statements_covered_display": "100", "num_branches": 0, "num_partial_branches": 0, "covered_branches": 0, "missing_branches": 0, "percent_branches_covered": 100.0, "percent_branches_covered_display": "100"}, "missing_lines": [], "excluded_lines": [], "executed_branches": [], "missing_branches": []}}}, "lib/tap_stack.py": {"executed_lines": [1, 3, 4, 5, 7, 10, 11, 13, 20, 23, 24, 25, 26, 27, 30, 38, 47, 50], "summary": {"covered_lines": 16, "num_statements": 16, "percent_covered": 100.0, "percent_covered_display": "100", "missing_lines": 0, "excluded_lines": 0, "percent_statements_covered": 100.0, "percent_statements_covered_display": "100", "num_branches": 0, "num_partial_branches": 0, "covered_branches": 0, "missing_branches": 0, "percent_branches_covered": 100.0, "percent_branches_covered_display": "100"}, "missing_lines": [], "excluded_lines": [], "executed_branches": [], "missing_branches": [], "functions": {"TapStack.__init__": {"executed_lines": [20, 23, 24, 25, 26, 27, 30, 38, 47, 50], "summary": {"covered_lines": 10, "num_statements": 10, "percent_covered": 100.0, "percent_covered_display": "100", "missing_lines": 0, "excluded_lines": 0, "percent_statements_covered": 100.0, "percent_statements_covered_display": "100", "num_branches": 0, "num_partial_branches": 0, "covered_branches": 0, "missing_branches": 0, "percent_branches_covered": 100.0, "percent_branches_covered_display": "100"}, "missing_lines": [], "excluded_lines": [], "executed_branches": [], "missing_branches": []}, "": {"executed_lines": [1, 3, 4, 5, 7, 10, 11, 13], "summary": {"covered_lines": 6, "num_statements": 6, "percent_covered": 100.0, "percent_covered_display": "100", "missing_lines": 0, "excluded_lines": 0, "percent_statements_covered": 100.0, "percent_statements_covered_display": "100", "num_branches": 0, "num_partial_branches": 0, "covered_branches": 0, "missing_branches": 0, "percent_branches_covered": 100.0, "percent_branches_covered_display": "100"}, "missing_lines": [], "excluded_lines": [], "executed_branches": [], "missing_branches": []}}, "classes": {"TapStack": {"executed_lines": [20, 23, 24, 25, 26, 27, 30, 38, 47, 50], "summary": {"covered_lines": 10, "num_statements": 10, "percent_covered": 100.0, "percent_covered_display": "100", "missing_lines": 0, "excluded_lines": 0, "percent_statements_covered": 100.0, "percent_statements_covered_display": "100", "num_branches": 0, "num_partial_branches": 0, "covered_branches": 0, "missing_branches": 0, "percent_branches_covered": 100.0, "percent_branches_covered_display": "100"}, "missing_lines": [], "excluded_lines": [], "executed_branches": [], "missing_branches": []}, "": {"executed_lines": [1, 3, 4, 5, 7, 10, 11, 13], "summary": {"covered_lines": 6, "num_statements": 6, "percent_covered": 100.0, "percent_covered_display": "100", "missing_lines": 0, "excluded_lines": 0, "percent_statements_covered": 100.0, "percent_statements_covered_display": "100", "num_branches": 0, "num_partial_branches": 0, "covered_branches": 0, "missing_branches": 0, "percent_branches_covered": 100.0, "percent_branches_covered_display": "100"}, "missing_lines": [], "excluded_lines": [], "executed_branches": [], "missing_branches": []}}}}, "totals": {"covered_lines": 376, "num_statements": 377, "percent_covered": 98.05825242718447, "percent_covered_display": "98", "missing_lines": 1, "excluded_lines": 2, "percent_statements_covered": 99.73474801061008, "percent_statements_covered_display": "99", "num_branches": 138, "num_partial_branches": 9, "covered_branches": 129, "missing_branches": 9, "percent_branches_covered": 93.47826086956522, "percent_branches_covered_display": "93"}}