{"meta": {"format": 3, "version": "7.11.3", "timestamp": "2025-11-18T22:09:57.928188", "branch_coverage": true, "show_contexts": false}, "files": {"lib/__init__.py": {"executed_lines": [], "summary": {"covered_lines": 0, "num_statements": 0, "percent_covered": 100.0, "percent_covered_display": "100", "missing_lines": 0, "excluded_lines": 0, "num_branches": 0, "num_partial_branches": 0, "covered_branches": 0, "missing_branches": 0}, "missing_lines": [], "excluded_lines": [], "executed_branches": [], "missing_branches": [], "functions": {"": {"executed_lines": [], "summary": {"covered_lines": 0, "num_statements": 0, "percent_covered": 100.0, "percent_covered_display": "100", "missing_lines": 0, "excluded_lines": 0, "num_branches": 0, "num_partial_branches": 0, "covered_branches": 0, "missing_branches": 0}, "missing_lines": [], "excluded_lines": [], "executed_branches": [], "missing_branches": []}}, "classes": {"": {"executed_lines": [], "summary": {"covered_lines": 0, "num_statements": 0, "percent_covered": 100.0, "percent_covered_display": "100", "missing_lines": 0, "excluded_lines": 0, "num_branches": 0, "num_partial_branches": 0, "covered_branches": 0, "missing_branches": 0}, "missing_lines": [], "excluded_lines": [], "executed_branches": [], "missing_branches": []}}}, "lib/tap_stack.py": {"executed_lines": [1, 6, 7, 8, 24, 27, 28, 30, 31, 32, 35, 36, 41, 48, 51, 56, 59, 79, 80, 81, 95, 98, 110, 118, 125, 144, 162, 172, 179, 192, 193, 196, 197, 200, 201, 202, 203, 205, 207, 216, 226, 234, 246, 257, 267, 278, 301, 309, 335, 348, 356, 365, 397, 400, 409, 412, 440, 450, 483, 489, 495, 503, 511, 519, 531, 532, 552, 555, 558, 568, 578, 580, 593, 606, 623, 630, 637, 644, 645], "summary": {"covered_lines": 76, "num_statements": 76, "percent_covered": 100.0, "percent_covered_display": "100", "missing_lines": 0, "excluded_lines": 0, "num_branches": 12, "num_partial_branches": 0, "covered_branches": 12, "missing_branches": 0}, "missing_lines": [], "excluded_lines": [], "executed_branches": [[80, 81], [80, 98], [196, 197], [196, 200], [205, 207], [205, 568], [531, 205], [531, 532], [578, 580], [578, 623], [644, -41], [644, 645]], "missing_branches": [], "functions": {"TapStackProps.__init__": {"executed_lines": [31, 32], "summary": {"covered_lines": 2, "num_statements": 2, "percent_covered": 100.0, "percent_covered_display": "100", "missing_lines": 0, "excluded_lines": 0, "num_branches": 0, "num_partial_branches": 0, "covered_branches": 0, "missing_branches": 0}, "missing_lines": [], "excluded_lines": [], "executed_branches": [], "missing_branches": []}, "TapStack.__init__": {"executed_lines": [48, 51, 56, 59, 79, 80, 81, 95, 98, 110, 118, 125, 144, 162, 172, 179, 192, 193, 196, 197, 200, 201, 202, 203, 205, 207, 216, 226, 234, 246, 257, 267, 278, 301, 309, 335, 348, 356, 365, 397, 400, 409, 412, 440, 450, 483, 489, 495, 503, 511, 519, 531, 532, 552, 555, 558, 568, 578, 580, 593, 606, 623, 630, 637, 644, 645], "summary": {"covered_lines": 66, "num_statements": 66, "percent_covered": 100.0, "percent_covered_display": "100", "missing_lines": 0, "excluded_lines": 0, "num_branches": 12, "num_partial_branches": 0, "covered_branches": 12, "missing_branches": 0}, "missing_lines": [], "excluded_lines": [], "executed_branches": [[80, 81], [80, 98], [196, 197], [196, 200], [205, 207], [205, 568], [531, 205], [531, 532], [578, 580], [578, 623], [644, -41], [644, 645]], "missing_branches": []}, "": {"executed_lines": [1, 6, 7, 8, 24, 27, 28, 30, 35, 36, 41], "summary": {"covered_lines": 8, "num_statements": 8, "percent_covered": 100.0, "percent_covered_display": "100", "missing_lines": 0, "excluded_lines": 0, "num_branches": 0, "num_partial_branches": 0, "covered_branches": 0, "missing_branches": 0}, "missing_lines": [], "excluded_lines": [], "executed_branches": [], "missing_branches": []}}, "classes": {"TapStackProps": {"executed_lines": [31, 32], "summary": {"covered_lines": 2, "num_statements": 2, "percent_covered": 100.0, "percent_covered_display": "100", "missing_lines": 0, "excluded_lines": 0, "num_branches": 0, "num_partial_branches": 0, "covered_branches": 0, "missing_branches": 0}, "missing_lines": [], "excluded_lines": [], "executed_branches": [], "missing_branches": []}, "TapStack": {"executed_lines": [48, 51, 56, 59, 79, 80, 81, 95, 98, 110, 118, 125, 144, 162, 172, 179, 192, 193, 196, 197, 200, 201, 202, 203, 205, 207, 216, 226, 234, 246, 257, 267, 278, 301, 309, 335, 348, 356, 365, 397, 400, 409, 412, 440, 450, 483, 489, 495, 503, 511, 519, 531, 532, 552, 555, 558, 568, 578, 580, 593, 606, 623, 630, 637, 644, 645], "summary": {"covered_lines": 66, "num_statements": 66, "percent_covered": 100.0, "percent_covered_display": "100", "missing_lines": 0, "excluded_lines": 0, "num_branches": 12, "num_partial_branches": 0, "covered_branches": 12, "missing_branches": 0}, "missing_lines": [], "excluded_lines": [], "executed_branches": [[80, 81], [80, 98], [196, 197], [196, 200], [205, 207], [205, 568], [531, 205], [531, 532], [578, 580], [578, 623], [644, -41], [644, 645]], "missing_branches": []}, "": {"executed_lines": [1, 6, 7, 8, 24, 27, 28, 30, 35, 36, 41], "summary": {"covered_lines": 8, "num_statements": 8, "percent_covered": 100.0, "percent_covered_display": "100", "missing_lines": 0, "excluded_lines": 0, "num_branches": 0, "num_partial_branches": 0, "covered_branches": 0, "missing_branches": 0}, "missing_lines": [], "excluded_lines": [], "executed_branches": [], "missing_branches": []}}}}, "totals": {"covered_lines": 76, "num_statements": 76, "percent_covered": 100.0, "percent_covered_display": "100", "missing_lines": 0, "excluded_lines": 0, "num_branches": 12, "num_partial_branches": 0, "covered_branches": 12, "missing_branches": 0}}