{"meta": {"format": 3, "version": "7.11.0", "timestamp": "2025-10-28T20:27:36.627180", "branch_coverage": true, "show_contexts": false}, "files": {"lib/__init__.py": {"executed_lines": [], "summary": {"covered_lines": 0, "num_statements": 0, "percent_covered": 100.0, "percent_covered_display": "100", "missing_lines": 0, "excluded_lines": 0, "num_branches": 0, "num_partial_branches": 0, "covered_branches": 0, "missing_branches": 0}, "missing_lines": [], "excluded_lines": [], "executed_branches": [], "missing_branches": [], "functions": {"": {"executed_lines": [], "summary": {"covered_lines": 0, "num_statements": 0, "percent_covered": 100.0, "percent_covered_display": "100", "missing_lines": 0, "excluded_lines": 0, "num_branches": 0, "num_partial_branches": 0, "covered_branches": 0, "missing_branches": 0}, "missing_lines": [], "excluded_lines": [], "executed_branches": [], "missing_branches": []}}, "classes": {"": {"executed_lines": [], "summary": {"covered_lines": 0, "num_statements": 0, "percent_covered": 100.0, "percent_covered_display": "100", "missing_lines": 0, "excluded_lines": 0, "num_branches": 0, "num_partial_branches": 0, "covered_branches": 0, "missing_branches": 0}, "missing_lines": [], "excluded_lines": [], "executed_branches": [], "missing_branches": []}}}, "lib/tap_stack.py": {"executed_lines": [1, 3, 4, 22, 25, 26, 28, 36, 39, 40, 44, 53, 79, 88, 97, 106, 115, 122, 129, 136, 152, 188, 206, 214, 223, 241, 244, 255, 264, 274, 287, 288, 291, 299, 300, 301, 304, 317, 328, 341, 366, 375, 390, 399, 418, 419, 428, 435, 436, 447, 454, 463, 474, 482, 490, 498, 506, 514, 522, 530, 538], "summary": {"covered_lines": 59, "num_statements": 60, "percent_covered": 96.7741935483871, "percent_covered_display": "97", "missing_lines": 1, "excluded_lines": 0, "num_branches": 2, "num_partial_branches": 1, "covered_branches": 1, "missing_branches": 1}, "missing_lines": [41], "excluded_lines": [], "executed_branches": [[40, 44]], "missing_branches": [[40, 41]], "functions": {"TapStack.__init__": {"executed_lines": [36, 39, 40, 44, 53, 79, 88, 97, 106, 115, 122, 129, 136, 152, 188, 206, 214, 223, 241, 244, 255, 264, 274, 287, 288, 291, 299, 300, 301, 304, 317, 328, 341, 366, 375, 390, 399, 418, 419, 428, 435, 436, 447, 454, 463, 474, 482, 490, 498, 506, 514, 522, 530, 538], "summary": {"covered_lines": 54, "num_statements": 55, "percent_covered": 96.49122807017544, "percent_covered_display": "96", "missing_lines": 1, "excluded_lines": 0, "num_branches": 2, "num_partial_branches": 1, "covered_branches": 1, "missing_branches": 1}, "missing_lines": [41], "excluded_lines": [], "executed_branches": [[40, 44]], "missing_branches": [[40, 41]]}, "": {"executed_lines": [1, 3, 4, 22, 25, 26, 28], "summary": {"covered_lines": 5, "num_statements": 5, "percent_covered": 100.0, "percent_covered_display": "100", "missing_lines": 0, "excluded_lines": 0, "num_branches": 0, "num_partial_branches": 0, "covered_branches": 0, "missing_branches": 0}, "missing_lines": [], "excluded_lines": [], "executed_branches": [], "missing_branches": []}}, "classes": {"TapStack": {"executed_lines": [36, 39, 40, 44, 53, 79, 88, 97, 106, 115, 122, 129, 136, 152, 188, 206, 214, 223, 241, 244, 255, 264, 274, 287, 288, 291, 299, 300, 301, 304, 317, 328, 341, 366, 375, 390, 399, 418, 419, 428, 435, 436, 447, 454, 463, 474, 482, 490, 498, 506, 514, 522, 530, 538], "summary": {"covered_lines": 54, "num_statements": 55, "percent_covered": 96.49122807017544, "percent_covered_display": "96", "missing_lines": 1, "excluded_lines": 0, "num_branches": 2, "num_partial_branches": 1, "covered_branches": 1, "missing_branches": 1}, "missing_lines": [41], "excluded_lines": [], "executed_branches": [[40, 44]], "missing_branches": [[40, 41]]}, "": {"executed_lines": [1, 3, 4, 22, 25, 26, 28], "summary": {"covered_lines": 5, "num_statements": 5, "percent_covered": 100.0, "percent_covered_display": "100", "missing_lines": 0, "excluded_lines": 0, "num_branches": 0, "num_partial_branches": 0, "covered_branches": 0, "missing_branches": 0}, "missing_lines": [], "excluded_lines": [], "executed_branches": [], "missing_branches": []}}}}, "totals": {"covered_lines": 59, "num_statements": 60, "percent_covered": 96.7741935483871, "percent_covered_display": "97", "missing_lines": 1, "excluded_lines": 0, "num_branches": 2, "num_partial_branches": 1, "covered_branches": 1, "missing_branches": 1}}