{"meta": {"format": 3, "version": "7.11.0", "timestamp": "2025-11-20T07:19:38.541487", "branch_coverage": true, "show_contexts": false}, "files": {"lib/__init__.py": {"executed_lines": [], "summary": {"covered_lines": 0, "num_statements": 0, "percent_covered": 100.0, "percent_covered_display": "100", "missing_lines": 0, "excluded_lines": 0, "num_branches": 0, "num_partial_branches": 0, "covered_branches": 0, "missing_branches": 0}, "missing_lines": [], "excluded_lines": [], "executed_branches": [], "missing_branches": [], "functions": {"": {"executed_lines": [], "summary": {"covered_lines": 0, "num_statements": 0, "percent_covered": 100.0, "percent_covered_display": "100", "missing_lines": 0, "excluded_lines": 0, "num_branches": 0, "num_partial_branches": 0, "covered_branches": 0, "missing_branches": 0}, "missing_lines": [], "excluded_lines": [], "executed_branches": [], "missing_branches": []}}, "classes": {"": {"executed_lines": [], "summary": {"covered_lines": 0, "num_statements": 0, "percent_covered": 100.0, "percent_covered_display": "100", "missing_lines": 0, "excluded_lines": 0, "num_branches": 0, "num_partial_branches": 0, "covered_branches": 0, "missing_branches": 0}, "missing_lines": [], "excluded_lines": [], "executed_branches": [], "missing_branches": []}}}, "lib/tap_stack.py": {"executed_lines": [1, 7, 8, 9, 10, 11, 12, 13, 16, 17, 26, 32, 33, 34, 37, 38, 52, 58, 60, 61, 62, 65, 68, 71, 74, 75, 76, 79, 82, 84, 88, 98, 106, 109, 110, 111, 120, 123, 124, 125, 133, 136, 137, 138, 144, 147, 148, 149, 156, 159, 166, 175, 176, 184, 185, 192, 200, 207, 211, 236, 237, 238, 266, 269, 293, 297, 305, 319, 326, 328, 336, 354, 365, 368, 371, 373, 374, 376, 388, 396, 410, 432, 455, 476, 484, 498, 538, 560, 562, 566, 576, 588, 605, 606, 607, 622, 625, 633, 634, 635, 659, 662, 677, 681, 687, 697, 700, 708, 709, 710, 711, 712, 720], "summary": {"covered_lines": 110, "num_statements": 110, "percent_covered": 100.0, "percent_covered_display": "100", "missing_lines": 0, "excluded_lines": 0, "num_branches": 22, "num_partial_branches": 0, "covered_branches": 22, "missing_branches": 0}, "missing_lines": [], "excluded_lines": [], "executed_branches": [[75, 76], [75, 79], [110, 111], [110, 123], [124, 125], [124, 136], [137, 138], [137, 147], [148, 149], [148, 159], [175, 176], [175, 184], [184, -84], [184, 185], [237, 238], [237, 269], [606, 607], [606, 625], [634, -562], [634, 635], [708, 709], [708, 720]], "missing_branches": [], "functions": {"TapStackArgs.__init__": {"executed_lines": [32, 33, 34], "summary": {"covered_lines": 3, "num_statements": 3, "percent_covered": 100.0, "percent_covered_display": "100", "missing_lines": 0, "excluded_lines": 0, "num_branches": 0, "num_partial_branches": 0, "covered_branches": 0, "missing_branches": 0}, "missing_lines": [], "excluded_lines": [], "executed_branches": [], "missing_branches": []}, "TapStack.__init__": {"executed_lines": [58, 60, 61, 62, 65, 68, 71, 74, 75, 76, 79, 82], "summary": {"covered_lines": 12, "num_statements": 12, "percent_covered": 100.0, "percent_covered_display": "100", "missing_lines": 0, "excluded_lines": 0, "num_branches": 2, "num_partial_branches": 0, "covered_branches": 2, "missing_branches": 0}, "missing_lines": [], "excluded_lines": [], "executed_branches": [[75, 76], [75, 79]], "missing_branches": []}, "TapStack._create_vpc": {"executed_lines": [88, 98, 106, 109, 110, 111, 120, 123, 124, 125, 133, 136, 137, 138, 144, 147, 148, 149, 156, 159, 166, 175, 176, 184, 185, 192, 200], "summary": {"covered_lines": 27, "num_statements": 27, "percent_covered": 100.0, "percent_covered_display": "100", "missing_lines": 0, "excluded_lines": 0, "num_branches": 12, "num_partial_branches": 0, "covered_branches": 12, "missing_branches": 0}, "missing_lines": [], "excluded_lines": [], "executed_branches": [[110, 111], [110, 123], [124, 125], [124, 136], [137, 138], [137, 147], [148, 149], [148, 159], [175, 176], [175, 184], [184, -84], [184, 185]], "missing_branches": []}, "TapStack._create_security_groups": {"executed_lines": [211, 236, 237, 238, 266, 269], "summary": {"covered_lines": 6, "num_statements": 6, "percent_covered": 100.0, "percent_covered_display": "100", "missing_lines": 0, "excluded_lines": 0, "num_branches": 2, "num_partial_branches": 0, "covered_branches": 2, "missing_branches": 0}, "missing_lines": [], "excluded_lines": [], "executed_branches": [[237, 238], [237, 269]], "missing_branches": []}, "TapStack._create_aurora_cluster": {"executed_lines": [297, 305, 319, 326, 328, 336, 354], "summary": {"covered_lines": 7, "num_statements": 7, "percent_covered": 100.0, "percent_covered_display": "100", "missing_lines": 0, "excluded_lines": 0, "num_branches": 0, "num_partial_branches": 0, "covered_branches": 0, "missing_branches": 0}, "missing_lines": [], "excluded_lines": [], "executed_branches": [], "missing_branches": []}, "TapStack._create_tenant_resources": {"executed_lines": [368, 371, 373, 374, 376, 388, 396, 410, 432, 455, 476, 484, 498, 538, 560], "summary": {"covered_lines": 15, "num_statements": 15, "percent_covered": 100.0, "percent_covered_display": "100", "missing_lines": 0, "excluded_lines": 0, "num_branches": 0, "num_partial_branches": 0, "covered_branches": 0, "missing_branches": 0}, "missing_lines": [], "excluded_lines": [], "executed_branches": [], "missing_branches": []}, "TapStack._create_alb": {"executed_lines": [566, 576, 588, 605, 606, 607, 622, 625, 633, 634, 635, 659, 662, 677, 681, 687], "summary": {"covered_lines": 16, "num_statements": 16, "percent_covered": 100.0, "percent_covered_display": "100", "missing_lines": 0, "excluded_lines": 0, "num_branches": 4, "num_partial_branches": 0, "covered_branches": 4, "missing_branches": 0}, "missing_lines": [], "excluded_lines": [], "executed_branches": [[606, 607], [606, 625], [634, -562], [634, 635]], "missing_branches": []}, "TapStack._register_outputs": {"executed_lines": [700, 708, 709, 710, 711, 712, 720], "summary": {"covered_lines": 7, "num_statements": 7, "percent_covered": 100.0, "percent_covered_display": "100", "missing_lines": 0, "excluded_lines": 0, "num_branches": 2, "num_partial_branches": 0, "covered_branches": 2, "missing_branches": 0}, "missing_lines": [], "excluded_lines": [], "executed_branches": [[708, 709], [708, 720]], "missing_branches": []}, "": {"executed_lines": [1, 7, 8, 9, 10, 11, 12, 13, 16, 17, 26, 37, 38, 52, 84, 207, 293, 365, 562, 697], "summary": {"covered_lines": 17, "num_statements": 17, "percent_covered": 100.0, "percent_covered_display": "100", "missing_lines": 0, "excluded_lines": 0, "num_branches": 0, "num_partial_branches": 0, "covered_branches": 0, "missing_branches": 0}, "missing_lines": [], "excluded_lines": [], "executed_branches": [], "missing_branches": []}}, "classes": {"TapStackArgs": {"executed_lines": [32, 33, 34], "summary": {"covered_lines": 3, "num_statements": 3, "percent_covered": 100.0, "percent_covered_display": "100", "missing_lines": 0, "excluded_lines": 0, "num_branches": 0, "num_partial_branches": 0, "covered_branches": 0, "missing_branches": 0}, "missing_lines": [], "excluded_lines": [], "executed_branches": [], "missing_branches": []}, "TapStack": {"executed_lines": [58, 60, 61, 62, 65, 68, 71, 74, 75, 76, 79, 82, 88, 98, 106, 109, 110, 111, 120, 123, 124, 125, 133, 136, 137, 138, 144, 147, 148, 149, 156, 159, 166, 175, 176, 184, 185, 192, 200, 211, 236, 237, 238, 266, 269, 297, 305, 319, 326, 328, 336, 354, 368, 371, 373, 374, 376, 388, 396, 410, 432, 455, 476, 484, 498, 538, 560, 566, 576, 588, 605, 606, 607, 622, 625, 633, 634, 635, 659, 662, 677, 681, 687, 700, 708, 709, 710, 711, 712, 720], "summary": {"covered_lines": 90, "num_statements": 90, "percent_covered": 100.0, "percent_covered_display": "100", "missing_lines": 0, "excluded_lines": 0, "num_branches": 22, "num_partial_branches": 0, "covered_branches": 22, "missing_branches": 0}, "missing_lines": [], "excluded_lines": [], "executed_branches": [[75, 76], [75, 79], [110, 111], [110, 123], [124, 125], [124, 136], [137, 138], [137, 147], [148, 149], [148, 159], [175, 176], [175, 184], [184, -84], [184, 185], [237, 238], [237, 269], [606, 607], [606, 625], [634, -562], [634, 635], [708, 709], [708, 720]], "missing_branches": []}, "": {"executed_lines": [1, 7, 8, 9, 10, 11, 12, 13, 16, 17, 26, 37, 38, 52, 84, 207, 293, 365, 562, 697], "summary": {"covered_lines": 17, "num_statements": 17, "percent_covered": 100.0, "percent_covered_display": "100", "missing_lines": 0, "excluded_lines": 0, "num_branches": 0, "num_partial_branches": 0, "covered_branches": 0, "missing_branches": 0}, "missing_lines": [], "excluded_lines": [], "executed_branches": [], "missing_branches": []}}}}, "totals": {"covered_lines": 110, "num_statements": 110, "percent_covered": 100.0, "percent_covered_display": "100", "missing_lines": 0, "excluded_lines": 0, "num_branches": 22, "num_partial_branches": 0, "covered_branches": 22, "missing_branches": 0}}