{"meta": {"format": 3, "version": "7.11.0", "timestamp": "2025-11-07T12:53:23.988792", "branch_coverage": true, "show_contexts": false}, "files": {"lib/lambda/authorizer.py": {"executed_lines": [1, 5, 6, 8, 9, 12, 17, 18, 21, 22, 25, 26, 27, 31, 32, 33, 36, 54, 55, 57, 58, 59], "summary": {"covered_lines": 21, "num_statements": 21, "percent_covered": 100.0, "percent_covered_display": "100", "missing_lines": 0, "excluded_lines": 0, "num_branches": 2, "num_partial_branches": 0, "covered_branches": 2, "missing_branches": 0}, "missing_lines": [], "excluded_lines": [], "executed_branches": [[25, 26], [25, 31]], "missing_branches": [], "functions": {"lambda_handler": {"executed_lines": [17, 18, 21, 22, 25, 26, 27, 31, 32, 33, 36, 54, 55, 57, 58, 59], "summary": {"covered_lines": 16, "num_statements": 16, "percent_covered": 100.0, "percent_covered_display": "100", "missing_lines": 0, "excluded_lines": 0, "num_branches": 2, "num_partial_branches": 0, "covered_branches": 2, "missing_branches": 0}, "missing_lines": [], "excluded_lines": [], "executed_branches": [[25, 26], [25, 31]], "missing_branches": []}, "": {"executed_lines": [1, 5, 6, 8, 9, 12], "summary": {"covered_lines": 5, "num_statements": 5, "percent_covered": 100.0, "percent_covered_display": "100", "missing_lines": 0, "excluded_lines": 0, "num_branches": 0, "num_partial_branches": 0, "covered_branches": 0, "missing_branches": 0}, "missing_lines": [], "excluded_lines": [], "executed_branches": [], "missing_branches": []}}, "classes": {"": {"executed_lines": [1, 5, 6, 8, 9, 12, 17, 18, 21, 22, 25, 26, 27, 31, 32, 33, 36, 54, 55, 57, 58, 59], "summary": {"covered_lines": 21, "num_statements": 21, "percent_covered": 100.0, "percent_covered_display": "100", "missing_lines": 0, "excluded_lines": 0, "num_branches": 2, "num_partial_branches": 0, "covered_branches": 2, "missing_branches": 0}, "missing_lines": [], "excluded_lines": [], "executed_branches": [[25, 26], [25, 31]], "missing_branches": []}}}, "lib/lambda/dlq_processor.py": {"executed_lines": [1, 5, 6, 7, 8, 9, 11, 12, 14, 17, 21, 22, 24, 26, 27, 29, 30, 31, 34, 35, 38, 46, 53, 55, 56, 58, 60], "summary": {"covered_lines": 26, "num_statements": 29, "percent_covered": 90.3225806451613, "percent_covered_display": "90", "missing_lines": 3, "excluded_lines": 0, "num_branches": 2, "num_partial_branches": 0, "covered_branches": 2, "missing_branches": 0}, "missing_lines": [65, 66, 68], "excluded_lines": [], "executed_branches": [[26, 27], [26, 60]], "missing_branches": [], "functions": {"lambda_handler": {"executed_lines": [21, 22, 24, 26, 27, 29, 30, 31, 34, 35, 38, 46, 53, 55, 56, 58, 60], "summary": {"covered_lines": 17, "num_statements": 20, "percent_covered": 86.36363636363636, "percent_covered_display": "86", "missing_lines": 3, "excluded_lines": 0, "num_branches": 2, "num_partial_branches": 0, "covered_branches": 2, "missing_branches": 0}, "missing_lines": [65, 66, 68], "excluded_lines": [], "executed_branches": [[26, 27], [26, 60]], "missing_branches": []}, "": {"executed_lines": [1, 5, 6, 7, 8, 9, 11, 12, 14, 17], "summary": {"covered_lines": 9, "num_statements": 9, "percent_covered": 100.0, "percent_covered_display": "100", "missing_lines": 0, "excluded_lines": 0, "num_branches": 0, "num_partial_branches": 0, "covered_branches": 0, "missing_branches": 0}, "missing_lines": [], "excluded_lines": [], "executed_branches": [], "missing_branches": []}}, "classes": {"": {"executed_lines": [1, 5, 6, 7, 8, 9, 11, 12, 14, 17, 21, 22, 24, 26, 27, 29, 30, 31, 34, 35, 38, 46, 53, 55, 56, 58, 60], "summary": {"covered_lines": 26, "num_statements": 29, "percent_covered": 90.3225806451613, "percent_covered_display": "90", "missing_lines": 3, "excluded_lines": 0, "num_branches": 2, "num_partial_branches": 0, "covered_branches": 2, "missing_branches": 0}, "missing_lines": [65, 66, 68], "excluded_lines": [], "executed_branches": [[26, 27], [26, 60]], "missing_branches": []}}}, "lib/lambda/paypal_processor.py": {"executed_lines": [1, 5, 6, 7, 8, 9, 11, 12, 14, 17, 21, 22, 25, 26, 28, 31, 35, 44, 45, 50, 52, 57, 58, 59], "summary": {"covered_lines": 23, "num_statements": 24, "percent_covered": 92.85714285714286, "percent_covered_display": "93", "missing_lines": 1, "excluded_lines": 0, "num_branches": 4, "num_partial_branches": 1, "covered_branches": 3, "missing_branches": 1}, "missing_lines": [32], "excluded_lines": [], "executed_branches": [[25, 26], [25, 28], [31, 35]], "missing_branches": [[31, 32]], "functions": {"lambda_handler": {"executed_lines": [21, 22, 25, 26, 28, 31, 35, 44, 45, 50, 52, 57, 58, 59], "summary": {"covered_lines": 14, "num_statements": 15, "percent_covered": 89.47368421052632, "percent_covered_display": "89", "missing_lines": 1, "excluded_lines": 0, "num_branches": 4, "num_partial_branches": 1, "covered_branches": 3, "missing_branches": 1}, "missing_lines": [32], "excluded_lines": [], "executed_branches": [[25, 26], [25, 28], [31, 35]], "missing_branches": [[31, 32]]}, "": {"executed_lines": [1, 5, 6, 7, 8, 9, 11, 12, 14, 17], "summary": {"covered_lines": 9, "num_statements": 9, "percent_covered": 100.0, "percent_covered_display": "100", "missing_lines": 0, "excluded_lines": 0, "num_branches": 0, "num_partial_branches": 0, "covered_branches": 0, "missing_branches": 0}, "missing_lines": [], "excluded_lines": [], "executed_branches": [], "missing_branches": []}}, "classes": {"": {"executed_lines": [1, 5, 6, 7, 8, 9, 11, 12, 14, 17, 21, 22, 25, 26, 28, 31, 35, 44, 45, 50, 52, 57, 58, 59], "summary": {"covered_lines": 23, "num_statements": 24, "percent_covered": 92.85714285714286, "percent_covered_display": "93", "missing_lines": 1, "excluded_lines": 0, "num_branches": 4, "num_partial_branches": 1, "covered_branches": 3, "missing_branches": 1}, "missing_lines": [32], "excluded_lines": [], "executed_branches": [[25, 26], [25, 28], [31, 35]], "missing_branches": [[31, 32]]}}}, "lib/lambda/sqs_consumer.py": {"executed_lines": [1, 5, 6, 7, 8, 9, 11, 12, 14, 17, 21, 22, 24, 25, 27, 28, 30, 31, 33, 36, 46, 47, 49, 50, 51, 53, 55, 57, 65, 66, 67], "summary": {"covered_lines": 30, "num_statements": 30, "percent_covered": 100.0, "percent_covered_display": "100", "missing_lines": 0, "excluded_lines": 0, "num_branches": 2, "num_partial_branches": 0, "covered_branches": 2, "missing_branches": 0}, "missing_lines": [], "excluded_lines": [], "executed_branches": [[30, 31], [30, 55]], "missing_branches": [], "functions": {"lambda_handler": {"executed_lines": [21, 22, 24, 25, 27, 28, 30, 31, 33, 36, 46, 47, 49, 50, 51, 53, 55, 57, 65, 66, 67], "summary": {"covered_lines": 21, "num_statements": 21, "percent_covered": 100.0, "percent_covered_display": "100", "missing_lines": 0, "excluded_lines": 0, "num_branches": 2, "num_partial_branches": 0, "covered_branches": 2, "missing_branches": 0}, "missing_lines": [], "excluded_lines": [], "executed_branches": [[30, 31], [30, 55]], "missing_branches": []}, "": {"executed_lines": [1, 5, 6, 7, 8, 9, 11, 12, 14, 17], "summary": {"covered_lines": 9, "num_statements": 9, "percent_covered": 100.0, "percent_covered_display": "100", "missing_lines": 0, "excluded_lines": 0, "num_branches": 0, "num_partial_branches": 0, "covered_branches": 0, "missing_branches": 0}, "missing_lines": [], "excluded_lines": [], "executed_branches": [], "missing_branches": []}}, "classes": {"": {"executed_lines": [1, 5, 6, 7, 8, 9, 11, 12, 14, 17, 21, 22, 24, 25, 27, 28, 30, 31, 33, 36, 46, 47, 49, 50, 51, 53, 55, 57, 65, 66, 67], "summary": {"covered_lines": 30, "num_statements": 30, "percent_covered": 100.0, "percent_covered_display": "100", "missing_lines": 0, "excluded_lines": 0, "num_branches": 2, "num_partial_branches": 0, "covered_branches": 2, "missing_branches": 0}, "missing_lines": [], "excluded_lines": [], "executed_branches": [[30, 31], [30, 55]], "missing_branches": []}}}, "lib/lambda/square_processor.py": {"executed_lines": [1, 5, 6, 7, 8, 9, 11, 12, 14, 17, 21, 22, 25, 26, 28, 31, 35, 44, 45, 50, 52, 57, 58, 59], "summary": {"covered_lines": 23, "num_statements": 24, "percent_covered": 92.85714285714286, "percent_covered_display": "93", "missing_lines": 1, "excluded_lines": 0, "num_branches": 4, "num_partial_branches": 1, "covered_branches": 3, "missing_branches": 1}, "missing_lines": [32], "excluded_lines": [], "executed_branches": [[25, 26], [25, 28], [31, 35]], "missing_branches": [[31, 32]], "functions": {"lambda_handler": {"executed_lines": [21, 22, 25, 26, 28, 31, 35, 44, 45, 50, 52, 57, 58, 59], "summary": {"covered_lines": 14, "num_statements": 15, "percent_covered": 89.47368421052632, "percent_covered_display": "89", "missing_lines": 1, "excluded_lines": 0, "num_branches": 4, "num_partial_branches": 1, "covered_branches": 3, "missing_branches": 1}, "missing_lines": [32], "excluded_lines": [], "executed_branches": [[25, 26], [25, 28], [31, 35]], "missing_branches": [[31, 32]]}, "": {"executed_lines": [1, 5, 6, 7, 8, 9, 11, 12, 14, 17], "summary": {"covered_lines": 9, "num_statements": 9, "percent_covered": 100.0, "percent_covered_display": "100", "missing_lines": 0, "excluded_lines": 0, "num_branches": 0, "num_partial_branches": 0, "covered_branches": 0, "missing_branches": 0}, "missing_lines": [], "excluded_lines": [], "executed_branches": [], "missing_branches": []}}, "classes": {"": {"executed_lines": [1, 5, 6, 7, 8, 9, 11, 12, 14, 17, 21, 22, 25, 26, 28, 31, 35, 44, 45, 50, 52, 57, 58, 59], "summary": {"covered_lines": 23, "num_statements": 24, "percent_covered": 92.85714285714286, "percent_covered_display": "93", "missing_lines": 1, "excluded_lines": 0, "num_branches": 4, "num_partial_branches": 1, "covered_branches": 3, "missing_branches": 1}, "missing_lines": [32], "excluded_lines": [], "executed_branches": [[25, 26], [25, 28], [31, 35]], "missing_branches": [[31, 32]]}}}, "lib/lambda/stripe_processor.py": {"executed_lines": [1, 5, 6, 7, 8, 9, 11, 12, 14, 17, 21, 22, 25, 26, 28, 31, 32, 35, 44, 45, 50, 52, 57, 58, 59], "summary": {"covered_lines": 24, "num_statements": 24, "percent_covered": 100.0, "percent_covered_display": "100", "missing_lines": 0, "excluded_lines": 0, "num_branches": 4, "num_partial_branches": 0, "covered_branches": 4, "missing_branches": 0}, "missing_lines": [], "excluded_lines": [], "executed_branches": [[25, 26], [25, 28], [31, 32], [31, 35]], "missing_branches": [], "functions": {"lambda_handler": {"executed_lines": [21, 22, 25, 26, 28, 31, 32, 35, 44, 45, 50, 52, 57, 58, 59], "summary": {"covered_lines": 15, "num_statements": 15, "percent_covered": 100.0, "percent_covered_display": "100", "missing_lines": 0, "excluded_lines": 0, "num_branches": 4, "num_partial_branches": 0, "covered_branches": 4, "missing_branches": 0}, "missing_lines": [], "excluded_lines": [], "executed_branches": [[25, 26], [25, 28], [31, 32], [31, 35]], "missing_branches": []}, "": {"executed_lines": [1, 5, 6, 7, 8, 9, 11, 12, 14, 17], "summary": {"covered_lines": 9, "num_statements": 9, "percent_covered": 100.0, "percent_covered_display": "100", "missing_lines": 0, "excluded_lines": 0, "num_branches": 0, "num_partial_branches": 0, "covered_branches": 0, "missing_branches": 0}, "missing_lines": [], "excluded_lines": [], "executed_branches": [], "missing_branches": []}}, "classes": {"": {"executed_lines": [1, 5, 6, 7, 8, 9, 11, 12, 14, 17, 21, 22, 25, 26, 28, 31, 32, 35, 44, 45, 50, 52, 57, 58, 59], "summary": {"covered_lines": 24, "num_statements": 24, "percent_covered": 100.0, "percent_covered_display": "100", "missing_lines": 0, "excluded_lines": 0, "num_branches": 4, "num_partial_branches": 0, "covered_branches": 4, "missing_branches": 0}, "missing_lines": [], "excluded_lines": [], "executed_branches": [[25, 26], [25, 28], [31, 32], [31, 35]], "missing_branches": []}}}, "lib/tap_stack.py": {"executed_lines": [1, 4, 5, 6, 20, 23, 24, 26, 27, 28, 31, 32, 37, 44, 47, 52, 60, 76, 97, 104, 115, 130, 144, 147, 161, 164, 178, 181, 195, 196, 201, 215, 216, 221, 234, 241, 242, 250, 251, 259, 260, 268, 273, 278], "summary": {"covered_lines": 41, "num_statements": 41, "percent_covered": 100.0, "percent_covered_display": "100", "missing_lines": 0, "excluded_lines": 0, "num_branches": 0, "num_partial_branches": 0, "covered_branches": 0, "missing_branches": 0}, "missing_lines": [], "excluded_lines": [], "executed_branches": [], "missing_branches": [], "functions": {"TapStackProps.__init__": {"executed_lines": [27, 28], "summary": {"covered_lines": 2, "num_statements": 2, "percent_covered": 100.0, "percent_covered_display": "100", "missing_lines": 0, "excluded_lines": 0, "num_branches": 0, "num_partial_branches": 0, "covered_branches": 0, "missing_branches": 0}, "missing_lines": [], "excluded_lines": [], "executed_branches": [], "missing_branches": []}, "TapStack.__init__": {"executed_lines": [44, 47, 52, 60, 76, 97, 104, 115, 130, 144, 147, 161, 164, 178, 181, 195, 196, 201, 215, 216, 221, 234, 241, 242, 250, 251, 259, 260, 268, 273, 278], "summary": {"covered_lines": 31, "num_statements": 31, "percent_covered": 100.0, "percent_covered_display": "100", "missing_lines": 0, "excluded_lines": 0, "num_branches": 0, "num_partial_branches": 0, "covered_branches": 0, "missing_branches": 0}, "missing_lines": [], "excluded_lines": [], "executed_branches": [], "missing_branches": []}, "": {"executed_lines": [1, 4, 5, 6, 20, 23, 24, 26, 31, 32, 37], "summary": {"covered_lines": 8, "num_statements": 8, "percent_covered": 100.0, "percent_covered_display": "100", "missing_lines": 0, "excluded_lines": 0, "num_branches": 0, "num_partial_branches": 0, "covered_branches": 0, "missing_branches": 0}, "missing_lines": [], "excluded_lines": [], "executed_branches": [], "missing_branches": []}}, "classes": {"TapStackProps": {"executed_lines": [27, 28], "summary": {"covered_lines": 2, "num_statements": 2, "percent_covered": 100.0, "percent_covered_display": "100", "missing_lines": 0, "excluded_lines": 0, "num_branches": 0, "num_partial_branches": 0, "covered_branches": 0, "missing_branches": 0}, "missing_lines": [], "excluded_lines": [], "executed_branches": [], "missing_branches": []}, "TapStack": {"executed_lines": [44, 47, 52, 60, 76, 97, 104, 115, 130, 144, 147, 161, 164, 178, 181, 195, 196, 201, 215, 216, 221, 234, 241, 242, 250, 251, 259, 260, 268, 273, 278], "summary": {"covered_lines": 31, "num_statements": 31, "percent_covered": 100.0, "percent_covered_display": "100", "missing_lines": 0, "excluded_lines": 0, "num_branches": 0, "num_partial_branches": 0, "covered_branches": 0, "missing_branches": 0}, "missing_lines": [], "excluded_lines": [], "executed_branches": [], "missing_branches": []}, "": {"executed_lines": [1, 4, 5, 6, 20, 23, 24, 26, 31, 32, 37], "summary": {"covered_lines": 8, "num_statements": 8, "percent_covered": 100.0, "percent_covered_display": "100", "missing_lines": 0, "excluded_lines": 0, "num_branches": 0, "num_partial_branches": 0, "covered_branches": 0, "missing_branches": 0}, "missing_lines": [], "excluded_lines": [], "executed_branches": [], "missing_branches": []}}}}, "totals": {"covered_lines": 188, "num_statements": 193, "percent_covered": 96.6824644549763, "percent_covered_display": "97", "missing_lines": 5, "excluded_lines": 0, "num_branches": 18, "num_partial_branches": 2, "covered_branches": 16, "missing_branches": 2}}