{"meta": {"format": 3, "version": "7.12.0", "timestamp": "2025-11-24T17:35:39.425420", "branch_coverage": true, "show_contexts": false}, "files": {"lib/lambda/index.py": {"executed_lines": [1, 2, 3, 4, 5, 6, 7, 10, 11, 14, 15, 16, 19, 22, 23, 26, 37, 39, 40, 42, 44, 47, 49, 50, 52, 57, 62, 69, 70, 71, 74, 75, 77, 78, 79, 80, 81, 82, 84, 86, 89, 92, 109, 110, 111, 120, 121, 122, 123, 124, 126, 127, 128, 130, 131, 134, 149, 156, 157, 158, 163, 164, 165, 166, 167, 169, 170, 171, 173, 174], "summary": {"covered_lines": 70, "num_statements": 70, "percent_covered": 97.67441860465117, "percent_covered_display": "98", "missing_lines": 0, "excluded_lines": 0, "percent_statements_covered": 100.0, "percent_statements_covered_display": "100", "num_branches": 16, "num_partial_branches": 2, "covered_branches": 14, "missing_branches": 2, "percent_branches_covered": 87.5, "percent_branches_covered_display": "88"}, "missing_lines": [], "excluded_lines": [], "executed_branches": [[39, 40], [39, 57], [77, 78], [77, 80], [80, 81], [80, 84], [84, -62], [84, 86], [109, 110], [126, 127], [126, 130], [156, 157], [169, 170], [169, 173]], "missing_branches": [[109, -92], [156, -134]], "functions": {"handler": {"executed_lines": [37, 39, 40, 42, 44, 47, 49, 50, 52, 57], "summary": {"covered_lines": 10, "num_statements": 10, "percent_covered": 100.0, "percent_covered_display": "100", "missing_lines": 0, "excluded_lines": 0, "percent_statements_covered": 100.0, "percent_statements_covered_display": "100", "num_branches": 2, "num_partial_branches": 0, "covered_branches": 2, "missing_branches": 0, "percent_branches_covered": 100.0, "percent_branches_covered_display": "100"}, "missing_lines": [], "excluded_lines": [], "executed_branches": [[39, 40], [39, 57]], "missing_branches": []}, "process_market_data": {"executed_lines": [69, 70, 71, 74, 75, 77, 78, 79, 80, 81, 82, 84, 86, 89], "summary": {"covered_lines": 14, "num_statements": 14, "percent_covered": 100.0, "percent_covered_display": "100", "missing_lines": 0, "excluded_lines": 0, "percent_statements_covered": 100.0, "percent_statements_covered_display": "100", "num_branches": 6, "num_partial_branches": 0, "covered_branches": 6, "missing_branches": 0, "percent_branches_covered": 100.0, "percent_branches_covered_display": "100"}, "missing_lines": [], "excluded_lines": [], "executed_branches": [[77, 78], [77, 80], [80, 81], [80, 84], [84, -62], [84, 86]], "missing_branches": []}, "write_to_dynamodb_with_retry": {"executed_lines": [109, 110, 111, 120, 121, 122, 123, 124, 126, 127, 128, 130, 131], "summary": {"covered_lines": 13, "num_statements": 13, "percent_covered": 94.11764705882354, "percent_covered_display": "94", "missing_lines": 0, "excluded_lines": 0, "percent_statements_covered": 100.0, "percent_statements_covered_display": "100", "num_branches": 4, "num_partial_branches": 1, "covered_branches": 3, "missing_branches": 1, "percent_branches_covered": 75.0, "percent_branches_covered_display": "75"}, "missing_lines": [], "excluded_lines": [], "executed_branches": [[109, 110], [126, 127], [126, 130]], "missing_branches": [[109, -92]]}, "publish_to_sns_with_retry": {"executed_lines": [149, 156, 157, 158, 163, 164, 165, 166, 167, 169, 170, 171, 173, 174], "summary": {"covered_lines": 14, "num_statements": 14, "percent_covered": 94.44444444444444, "percent_covered_display": "94", "missing_lines": 0, "excluded_lines": 0, "percent_statements_covered": 100.0, "percent_statements_covered_display": "100", "num_branches": 4, "num_partial_branches": 1, "covered_branches": 3, "missing_branches": 1, "percent_branches_covered": 75.0, "percent_branches_covered_display": "75"}, "missing_lines": [], "excluded_lines": [], "executed_branches": [[156, 157], [169, 170], [169, 173]], "missing_branches": [[156, -134]]}, "": {"executed_lines": [1, 2, 3, 4, 5, 6, 7, 10, 11, 14, 15, 16, 19, 22, 23, 26, 62, 92, 134], "summary": {"covered_lines": 19, "num_statements": 19, "percent_covered": 100.0, "percent_covered_display": "100", "missing_lines": 0, "excluded_lines": 0, "percent_statements_covered": 100.0, "percent_statements_covered_display": "100", "num_branches": 0, "num_partial_branches": 0, "covered_branches": 0, "missing_branches": 0, "percent_branches_covered": 100.0, "percent_branches_covered_display": "100"}, "missing_lines": [], "excluded_lines": [], "executed_branches": [], "missing_branches": []}}, "classes": {"": {"executed_lines": [1, 2, 3, 4, 5, 6, 7, 10, 11, 14, 15, 16, 19, 22, 23, 26, 37, 39, 40, 42, 44, 47, 49, 50, 52, 57, 62, 69, 70, 71, 74, 75, 77, 78, 79, 80, 81, 82, 84, 86, 89, 92, 109, 110, 111, 120, 121, 122, 123, 124, 126, 127, 128, 130, 131, 134, 149, 156, 157, 158, 163, 164, 165, 166, 167, 169, 170, 171, 173, 174], "summary": {"covered_lines": 70, "num_statements": 70, "percent_covered": 97.67441860465117, "percent_covered_display": "98", "missing_lines": 0, "excluded_lines": 0, "percent_statements_covered": 100.0, "percent_statements_covered_display": "100", "num_branches": 16, "num_partial_branches": 2, "covered_branches": 14, "missing_branches": 2, "percent_branches_covered": 87.5, "percent_branches_covered_display": "88"}, "missing_lines": [], "excluded_lines": [], "executed_branches": [[39, 40], [39, 57], [77, 78], [77, 80], [80, 81], [80, 84], [84, -62], [84, 86], [109, 110], [126, 127], [126, 130], [156, 157], [169, 170], [169, 173]], "missing_branches": [[109, -92], [156, -134]]}}}, "lib/tap_stack.py": {"executed_lines": [1, 2, 3, 4, 7, 10, 11, 12, 15, 16, 19, 20, 21, 24, 27, 29, 30, 32, 35, 40, 52, 58, 70, 87, 108, 119, 122, 150, 158, 181, 186, 191, 196, 201, 205, 219, 267, 284], "summary": {"covered_lines": 38, "num_statements": 38, "percent_covered": 100.0, "percent_covered_display": "100", "missing_lines": 0, "excluded_lines": 0, "percent_statements_covered": 100.0, "percent_statements_covered_display": "100", "num_branches": 0, "num_partial_branches": 0, "covered_branches": 0, "missing_branches": 0, "percent_branches_covered": 100.0, "percent_branches_covered_display": "100"}, "missing_lines": [], "excluded_lines": [], "executed_branches": [], "missing_branches": [], "functions": {"TapStack.__init__": {"executed_lines": [30, 32, 35, 40, 52, 58, 70, 87, 108, 119, 122, 150, 158, 181, 186, 191, 196], "summary": {"covered_lines": 17, "num_statements": 17, "percent_covered": 100.0, "percent_covered_display": "100", "missing_lines": 0, "excluded_lines": 0, "percent_statements_covered": 100.0, "percent_statements_covered_display": "100", "num_branches": 0, "num_partial_branches": 0, "covered_branches": 0, "missing_branches": 0, "percent_branches_covered": 100.0, "percent_branches_covered_display": "100"}, "missing_lines": [], "excluded_lines": [], "executed_branches": [], "missing_branches": []}, "TapStack._create_lambda_role": {"executed_lines": [205, 219, 267, 284], "summary": {"covered_lines": 4, "num_statements": 4, "percent_covered": 100.0, "percent_covered_display": "100", "missing_lines": 0, "excluded_lines": 0, "percent_statements_covered": 100.0, "percent_statements_covered_display": "100", "num_branches": 0, "num_partial_branches": 0, "covered_branches": 0, "missing_branches": 0, "percent_branches_covered": 100.0, "percent_branches_covered_display": "100"}, "missing_lines": [], "excluded_lines": [], "executed_branches": [], "missing_branches": []}, "": {"executed_lines": [1, 2, 3, 4, 7, 10, 11, 12, 15, 16, 19, 20, 21, 24, 27, 29, 201], "summary": {"covered_lines": 17, "num_statements": 17, "percent_covered": 100.0, "percent_covered_display": "100", "missing_lines": 0, "excluded_lines": 0, "percent_statements_covered": 100.0, "percent_statements_covered_display": "100", "num_branches": 0, "num_partial_branches": 0, "covered_branches": 0, "missing_branches": 0, "percent_branches_covered": 100.0, "percent_branches_covered_display": "100"}, "missing_lines": [], "excluded_lines": [], "executed_branches": [], "missing_branches": []}}, "classes": {"TapStack": {"executed_lines": [30, 32, 35, 40, 52, 58, 70, 87, 108, 119, 122, 150, 158, 181, 186, 191, 196, 205, 219, 267, 284], "summary": {"covered_lines": 21, "num_statements": 21, "percent_covered": 100.0, "percent_covered_display": "100", "missing_lines": 0, "excluded_lines": 0, "percent_statements_covered": 100.0, "percent_statements_covered_display": "100", "num_branches": 0, "num_partial_branches": 0, "covered_branches": 0, "missing_branches": 0, "percent_branches_covered": 100.0, "percent_branches_covered_display": "100"}, "missing_lines": [], "excluded_lines": [], "executed_branches": [], "missing_branches": []}, "": {"executed_lines": [1, 2, 3, 4, 7, 10, 11, 12, 15, 16, 19, 20, 21, 24, 27, 29, 201], "summary": {"covered_lines": 17, "num_statements": 17, "percent_covered": 100.0, "percent_covered_display": "100", "missing_lines": 0, "excluded_lines": 0, "percent_statements_covered": 100.0, "percent_statements_covered_display": "100", "num_branches": 0, "num_partial_branches": 0, "covered_branches": 0, "missing_branches": 0, "percent_branches_covered": 100.0, "percent_branches_covered_display": "100"}, "missing_lines": [], "excluded_lines": [], "executed_branches": [], "missing_branches": []}}}}, "totals": {"covered_lines": 108, "num_statements": 108, "percent_covered": 98.38709677419355, "percent_covered_display": "98", "missing_lines": 0, "excluded_lines": 0, "percent_statements_covered": 100.0, "percent_statements_covered_display": "100", "num_branches": 16, "num_partial_branches": 2, "covered_branches": 14, "missing_branches": 2, "percent_branches_covered": 87.5, "percent_branches_covered_display": "88"}}