{"meta": {"format": 3, "version": "7.11.3", "timestamp": "2025-11-17T03:52:38.045333", "branch_coverage": true, "show_contexts": false}, "files": {"lib/__init__.py": {"executed_lines": [], "summary": {"covered_lines": 0, "num_statements": 0, "percent_covered": 100.0, "percent_covered_display": "100", "missing_lines": 0, "excluded_lines": 0, "num_branches": 0, "num_partial_branches": 0, "covered_branches": 0, "missing_branches": 0}, "missing_lines": [], "excluded_lines": [], "executed_branches": [], "missing_branches": [], "functions": {"": {"executed_lines": [], "summary": {"covered_lines": 0, "num_statements": 0, "percent_covered": 100.0, "percent_covered_display": "100", "missing_lines": 0, "excluded_lines": 0, "num_branches": 0, "num_partial_branches": 0, "covered_branches": 0, "missing_branches": 0}, "missing_lines": [], "excluded_lines": [], "executed_branches": [], "missing_branches": []}}, "classes": {"": {"executed_lines": [], "summary": {"covered_lines": 0, "num_statements": 0, "percent_covered": 100.0, "percent_covered_display": "100", "missing_lines": 0, "excluded_lines": 0, "num_branches": 0, "num_partial_branches": 0, "covered_branches": 0, "missing_branches": 0}, "missing_lines": [], "excluded_lines": [], "executed_branches": [], "missing_branches": []}}}, "lib/tap_stack.py": {"executed_lines": [1, 20, 21, 23, 24, 25, 28, 29, 37, 38, 39, 42, 43, 55, 61, 63, 64, 67, 79, 80, 83, 93, 101, 102, 103, 105, 107, 116, 119, 131, 134, 142, 149, 152, 160, 169, 170, 178, 179, 186, 194, 202, 210, 220, 236, 247, 261, 281, 296, 330, 348, 361, 379, 396, 404, 433, 442, 454, 462, 472, 483, 501, 509, 519, 530, 551, 558, 583, 597, 605, 623, 638, 668, 685, 702, 724, 746, 765, 824, 857, 945], "summary": {"covered_lines": 78, "num_statements": 78, "percent_covered": 100.0, "percent_covered_display": "100", "missing_lines": 0, "excluded_lines": 0, "num_branches": 6, "num_partial_branches": 0, "covered_branches": 6, "missing_branches": 0}, "missing_lines": [], "excluded_lines": [], "executed_branches": [[105, 107], [105, 152], [169, 170], [169, 178], [178, 179], [178, 202]], "missing_branches": [], "functions": {"TapStackArgs.__init__": {"executed_lines": [38, 39], "summary": {"covered_lines": 2, "num_statements": 2, "percent_covered": 100.0, "percent_covered_display": "100", "missing_lines": 0, "excluded_lines": 0, "num_branches": 0, "num_partial_branches": 0, "covered_branches": 0, "missing_branches": 0}, "missing_lines": [], "excluded_lines": [], "executed_branches": [], "missing_branches": []}, "TapStack.__init__": {"executed_lines": [61, 63, 64, 67, 79, 80, 83, 93, 101, 102, 103, 105, 107, 116, 119, 131, 134, 142, 149, 152, 160, 169, 170, 178, 179, 186, 194, 202, 210, 220, 236, 247, 261, 281, 296, 330, 348, 361, 379, 396, 404, 433, 442, 454, 462, 472, 483, 501, 509, 519, 530, 551, 558, 583, 597, 605, 623, 638, 668, 685, 702, 724, 746, 765, 824, 857, 945], "summary": {"covered_lines": 67, "num_statements": 67, "percent_covered": 100.0, "percent_covered_display": "100", "missing_lines": 0, "excluded_lines": 0, "num_branches": 6, "num_partial_branches": 0, "covered_branches": 6, "missing_branches": 0}, "missing_lines": [], "excluded_lines": [], "executed_branches": [[105, 107], [105, 152], [169, 170], [169, 178], [178, 179], [178, 202]], "missing_branches": []}, "": {"executed_lines": [1, 20, 21, 23, 24, 25, 28, 29, 37, 42, 43, 55], "summary": {"covered_lines": 9, "num_statements": 9, "percent_covered": 100.0, "percent_covered_display": "100", "missing_lines": 0, "excluded_lines": 0, "num_branches": 0, "num_partial_branches": 0, "covered_branches": 0, "missing_branches": 0}, "missing_lines": [], "excluded_lines": [], "executed_branches": [], "missing_branches": []}}, "classes": {"TapStackArgs": {"executed_lines": [38, 39], "summary": {"covered_lines": 2, "num_statements": 2, "percent_covered": 100.0, "percent_covered_display": "100", "missing_lines": 0, "excluded_lines": 0, "num_branches": 0, "num_partial_branches": 0, "covered_branches": 0, "missing_branches": 0}, "missing_lines": [], "excluded_lines": [], "executed_branches": [], "missing_branches": []}, "TapStack": {"executed_lines": [61, 63, 64, 67, 79, 80, 83, 93, 101, 102, 103, 105, 107, 116, 119, 131, 134, 142, 149, 152, 160, 169, 170, 178, 179, 186, 194, 202, 210, 220, 236, 247, 261, 281, 296, 330, 348, 361, 379, 396, 404, 433, 442, 454, 462, 472, 483, 501, 509, 519, 530, 551, 558, 583, 597, 605, 623, 638, 668, 685, 702, 724, 746, 765, 824, 857, 945], "summary": {"covered_lines": 67, "num_statements": 67, "percent_covered": 100.0, "percent_covered_display": "100", "missing_lines": 0, "excluded_lines": 0, "num_branches": 6, "num_partial_branches": 0, "covered_branches": 6, "missing_branches": 0}, "missing_lines": [], "excluded_lines": [], "executed_branches": [[105, 107], [105, 152], [169, 170], [169, 178], [178, 179], [178, 202]], "missing_branches": []}, "": {"executed_lines": [1, 20, 21, 23, 24, 25, 28, 29, 37, 42, 43, 55], "summary": {"covered_lines": 9, "num_statements": 9, "percent_covered": 100.0, "percent_covered_display": "100", "missing_lines": 0, "excluded_lines": 0, "num_branches": 0, "num_partial_branches": 0, "covered_branches": 0, "missing_branches": 0}, "missing_lines": [], "excluded_lines": [], "executed_branches": [], "missing_branches": []}}}}, "totals": {"covered_lines": 78, "num_statements": 78, "percent_covered": 100.0, "percent_covered_display": "100", "missing_lines": 0, "excluded_lines": 0, "num_branches": 6, "num_partial_branches": 0, "covered_branches": 6, "missing_branches": 0}}