{"meta": {"format": 3, "version": "7.11.0", "timestamp": "2025-11-20T09:46:41.114068", "branch_coverage": true, "show_contexts": false}, "files": {"lib/__init__.py": {"executed_lines": [], "summary": {"covered_lines": 0, "num_statements": 0, "percent_covered": 100.0, "percent_covered_display": "100", "missing_lines": 0, "excluded_lines": 0, "num_branches": 0, "num_partial_branches": 0, "covered_branches": 0, "missing_branches": 0}, "missing_lines": [], "excluded_lines": [], "executed_branches": [], "missing_branches": [], "functions": {"": {"executed_lines": [], "summary": {"covered_lines": 0, "num_statements": 0, "percent_covered": 100.0, "percent_covered_display": "100", "missing_lines": 0, "excluded_lines": 0, "num_branches": 0, "num_partial_branches": 0, "covered_branches": 0, "missing_branches": 0}, "missing_lines": [], "excluded_lines": [], "executed_branches": [], "missing_branches": []}}, "classes": {"": {"executed_lines": [], "summary": {"covered_lines": 0, "num_statements": 0, "percent_covered": 100.0, "percent_covered_display": "100", "missing_lines": 0, "excluded_lines": 0, "num_branches": 0, "num_partial_branches": 0, "covered_branches": 0, "missing_branches": 0}, "missing_lines": [], "excluded_lines": [], "executed_branches": [], "missing_branches": []}}}, "lib/tap_stack.py": {"executed_lines": [1, 2, 3, 4, 7, 8, 13, 57, 59, 85, 87, 108, 195, 226, 258, 269], "summary": {"covered_lines": 14, "num_statements": 51, "percent_covered": 25.454545454545453, "percent_covered_display": "25", "missing_lines": 37, "excluded_lines": 0, "num_branches": 4, "num_partial_branches": 0, "covered_branches": 0, "missing_branches": 4}, "missing_lines": [21, 22, 23, 26, 29, 32, 40, 43, 46, 49, 52, 55, 89, 98, 106, 111, 126, 133, 140, 187, 193, 197, 205, 206, 215, 224, 228, 247, 248, 249, 251, 256, 260, 267, 272, 319, 341], "excluded_lines": [], "executed_branches": [], "missing_branches": [[205, 206], [205, 215], [247, 248], [247, 251]], "functions": {"TradingAnalyticsStack.__init__": {"executed_lines": [], "summary": {"covered_lines": 0, "num_statements": 12, "percent_covered": 0.0, "percent_covered_display": "0", "missing_lines": 12, "excluded_lines": 0, "num_branches": 0, "num_partial_branches": 0, "covered_branches": 0, "missing_branches": 0}, "missing_lines": [21, 22, 23, 26, 29, 32, 40, 43, 46, 49, 52, 55], "excluded_lines": [], "executed_branches": [], "missing_branches": []}, "TradingAnalyticsStack._get_environment_config": {"executed_lines": [59, 85], "summary": {"covered_lines": 2, "num_statements": 2, "percent_covered": 100.0, "percent_covered_display": "100", "missing_lines": 0, "excluded_lines": 0, "num_branches": 0, "num_partial_branches": 0, "covered_branches": 0, "missing_branches": 0}, "missing_lines": [], "excluded_lines": [], "executed_branches": [], "missing_branches": []}, "TradingAnalyticsStack._create_vpc": {"executed_lines": [], "summary": {"covered_lines": 0, "num_statements": 3, "percent_covered": 0.0, "percent_covered_display": "0", "missing_lines": 3, "excluded_lines": 0, "num_branches": 0, "num_partial_branches": 0, "covered_branches": 0, "missing_branches": 0}, "missing_lines": [89, 98, 106], "excluded_lines": [], "executed_branches": [], "missing_branches": []}, "TradingAnalyticsStack._create_lambda_role": {"executed_lines": [], "summary": {"covered_lines": 0, "num_statements": 6, "percent_covered": 0.0, "percent_covered_display": "0", "missing_lines": 6, "excluded_lines": 0, "num_branches": 0, "num_partial_branches": 0, "covered_branches": 0, "missing_branches": 0}, "missing_lines": [111, 126, 133, 140, 187, 193], "excluded_lines": [], "executed_branches": [], "missing_branches": []}, "TradingAnalyticsStack._create_s3_bucket": {"executed_lines": [], "summary": {"covered_lines": 0, "num_statements": 5, "percent_covered": 0.0, "percent_covered_display": "0", "missing_lines": 5, "excluded_lines": 0, "num_branches": 2, "num_partial_branches": 0, "covered_branches": 0, "missing_branches": 2}, "missing_lines": [197, 205, 206, 215, 224], "excluded_lines": [], "executed_branches": [], "missing_branches": [[205, 206], [205, 215]]}, "TradingAnalyticsStack._create_dynamodb_table": {"executed_lines": [], "summary": {"covered_lines": 0, "num_statements": 6, "percent_covered": 0.0, "percent_covered_display": "0", "missing_lines": 6, "excluded_lines": 0, "num_branches": 2, "num_partial_branches": 0, "covered_branches": 0, "missing_branches": 2}, "missing_lines": [228, 247, 248, 249, 251, 256], "excluded_lines": [], "executed_branches": [], "missing_branches": [[247, 248], [247, 251]]}, "TradingAnalyticsStack._create_log_group": {"executed_lines": [], "summary": {"covered_lines": 0, "num_statements": 2, "percent_covered": 0.0, "percent_covered_display": "0", "missing_lines": 2, "excluded_lines": 0, "num_branches": 0, "num_partial_branches": 0, "covered_branches": 0, "missing_branches": 0}, "missing_lines": [260, 267], "excluded_lines": [], "executed_branches": [], "missing_branches": []}, "TradingAnalyticsStack._create_lambda_function": {"executed_lines": [], "summary": {"covered_lines": 0, "num_statements": 3, "percent_covered": 0.0, "percent_covered_display": "0", "missing_lines": 3, "excluded_lines": 0, "num_branches": 0, "num_partial_branches": 0, "covered_branches": 0, "missing_branches": 0}, "missing_lines": [272, 319, 341], "excluded_lines": [], "executed_branches": [], "missing_branches": []}, "": {"executed_lines": [1, 2, 3, 4, 7, 8, 13, 57, 87, 108, 195, 226, 258, 269], "summary": {"covered_lines": 12, "num_statements": 12, "percent_covered": 100.0, "percent_covered_display": "100", "missing_lines": 0, "excluded_lines": 0, "num_branches": 0, "num_partial_branches": 0, "covered_branches": 0, "missing_branches": 0}, "missing_lines": [], "excluded_lines": [], "executed_branches": [], "missing_branches": []}}, "classes": {"TradingAnalyticsStack": {"executed_lines": [59, 85], "summary": {"covered_lines": 2, "num_statements": 39, "percent_covered": 4.651162790697675, "percent_covered_display": "5", "missing_lines": 37, "excluded_lines": 0, "num_branches": 4, "num_partial_branches": 0, "covered_branches": 0, "missing_branches": 4}, "missing_lines": [21, 22, 23, 26, 29, 32, 40, 43, 46, 49, 52, 55, 89, 98, 106, 111, 126, 133, 140, 187, 193, 197, 205, 206, 215, 224, 228, 247, 248, 249, 251, 256, 260, 267, 272, 319, 341], "excluded_lines": [], "executed_branches": [], "missing_branches": [[205, 206], [205, 215], [247, 248], [247, 251]]}, "": {"executed_lines": [1, 2, 3, 4, 7, 8, 13, 57, 87, 108, 195, 226, 258, 269], "summary": {"covered_lines": 12, "num_statements": 12, "percent_covered": 100.0, "percent_covered_display": "100", "missing_lines": 0, "excluded_lines": 0, "num_branches": 0, "num_partial_branches": 0, "covered_branches": 0, "missing_branches": 0}, "missing_lines": [], "excluded_lines": [], "executed_branches": [], "missing_branches": []}}}}, "totals": {"covered_lines": 14, "num_statements": 51, "percent_covered": 25.454545454545453, "percent_covered_display": "25", "missing_lines": 37, "excluded_lines": 0, "num_branches": 4, "num_partial_branches": 0, "covered_branches": 0, "missing_branches": 4}}