{"meta": {"format": 3, "version": "7.11.0", "timestamp": "2025-11-27T08:28:33.565676", "branch_coverage": true, "show_contexts": false}, "files": {"/var/www/turing/iac-test-automations/worktree/synth-101912751/lib/cfn_template.py": {"executed_lines": [1, 5, 6, 7, 10, 11, 13, 20, 21, 23, 34, 35, 40, 44, 48, 60, 73, 86, 102, 106, 118, 122, 134, 159, 172, 194, 214], "summary": {"covered_lines": 25, "num_statements": 82, "percent_covered": 22.413793103448278, "percent_covered_display": "22", "missing_lines": 57, "excluded_lines": 0, "num_branches": 34, "num_partial_branches": 1, "covered_branches": 1, "missing_branches": 33}, "missing_lines": [37, 38, 42, 46, 58, 70, 71, 83, 84, 96, 97, 98, 99, 100, 104, 116, 120, 132, 141, 144, 145, 147, 148, 149, 150, 153, 154, 155, 157, 166, 167, 168, 169, 170, 182, 183, 184, 185, 186, 187, 188, 189, 190, 192, 204, 205, 208, 209, 212, 224, 226, 227, 228, 230, 231, 232, 234], "excluded_lines": [], "executed_branches": [[34, 35]], "missing_branches": [[34, 37], [97, 98], [97, 100], [98, 97], [98, 99], [144, 145], [144, 147], [147, 148], [147, 149], [149, 150], [149, 153], [153, 154], [153, 157], [154, 153], [154, 155], [167, 168], [167, 170], [182, 183], [182, 189], [183, 184], [183, 192], [185, 186], [185, 187], [187, 188], [187, 192], [189, 190], [189, 192], [208, 209], [208, 212], [226, 227], [226, 234], [231, 226], [231, 232]], "functions": {"CloudFormationTemplate.__init__": {"executed_lines": [20, 21], "summary": {"covered_lines": 2, "num_statements": 2, "percent_covered": 100.0, "percent_covered_display": "100", "missing_lines": 0, "excluded_lines": 0, "num_branches": 0, "num_partial_branches": 0, "covered_branches": 0, "missing_branches": 0}, "missing_lines": [], "excluded_lines": [], "executed_branches": [], "missing_branches": []}, "CloudFormationTemplate._load_template": {"executed_lines": [34, 35], "summary": {"covered_lines": 2, "num_statements": 4, "percent_covered": 50.0, "percent_covered_display": "50", "missing_lines": 2, "excluded_lines": 0, "num_branches": 2, "num_partial_branches": 1, "covered_branches": 1, "missing_branches": 1}, "missing_lines": [37, 38], "excluded_lines": [], "executed_branches": [[34, 35]], "missing_branches": [[34, 37]]}, "CloudFormationTemplate.get_template": {"executed_lines": [], "summary": {"covered_lines": 0, "num_statements": 1, "percent_covered": 0.0, "percent_covered_display": "0", "missing_lines": 1, "excluded_lines": 0, "num_branches": 0, "num_partial_branches": 0, "covered_branches": 0, "missing_branches": 0}, "missing_lines": [42], "excluded_lines": [], "executed_branches": [], "missing_branches": []}, "CloudFormationTemplate.get_resources": {"executed_lines": [], "summary": {"covered_lines": 0, "num_statements": 1, "percent_covered": 0.0, "percent_covered_display": "0", "missing_lines": 1, "excluded_lines": 0, "num_branches": 0, "num_partial_branches": 0, "covered_branches": 0, "missing_branches": 0}, "missing_lines": [46], "excluded_lines": [], "executed_branches": [], "missing_branches": []}, "CloudFormationTemplate.get_resource": {"executed_lines": [], "summary": {"covered_lines": 0, "num_statements": 1, "percent_covered": 0.0, "percent_covered_display": "0", "missing_lines": 1, "excluded_lines": 0, "num_branches": 0, "num_partial_branches": 0, "covered_branches": 0, "missing_branches": 0}, "missing_lines": [58], "excluded_lines": [], "executed_branches": [], "missing_branches": []}, "CloudFormationTemplate.get_resource_type": {"executed_lines": [], "summary": {"covered_lines": 0, "num_statements": 2, "percent_covered": 0.0, "percent_covered_display": "0", "missing_lines": 2, "excluded_lines": 0, "num_branches": 0, "num_partial_branches": 0, "covered_branches": 0, "missing_branches": 0}, "missing_lines": [70, 71], "excluded_lines": [], "executed_branches": [], "missing_branches": []}, "CloudFormationTemplate.get_resource_properties": {"executed_lines": [], "summary": {"covered_lines": 0, "num_statements": 2, "percent_covered": 0.0, "percent_covered_display": "0", "missing_lines": 2, "excluded_lines": 0, "num_branches": 0, "num_partial_branches": 0, "covered_branches": 0, "missing_branches": 0}, "missing_lines": [83, 84], "excluded_lines": [], "executed_branches": [], "missing_branches": []}, "CloudFormationTemplate.get_resources_by_type": {"executed_lines": [], "summary": {"covered_lines": 0, "num_statements": 5, "percent_covered": 0.0, "percent_covered_display": "0", "missing_lines": 5, "excluded_lines": 0, "num_branches": 4, "num_partial_branches": 0, "covered_branches": 0, "missing_branches": 4}, "missing_lines": [96, 97, 98, 99, 100], "excluded_lines": [], "executed_branches": [], "missing_branches": [[97, 98], [97, 100], [98, 97], [98, 99]]}, "CloudFormationTemplate.get_parameters": {"executed_lines": [], "summary": {"covered_lines": 0, "num_statements": 1, "percent_covered": 0.0, "percent_covered_display": "0", "missing_lines": 1, "excluded_lines": 0, "num_branches": 0, "num_partial_branches": 0, "covered_branches": 0, "missing_branches": 0}, "missing_lines": [104], "excluded_lines": [], "executed_branches": [], "missing_branches": []}, "CloudFormationTemplate.get_parameter": {"executed_lines": [], "summary": {"covered_lines": 0, "num_statements": 1, "percent_covered": 0.0, "percent_covered_display": "0", "missing_lines": 1, "excluded_lines": 0, "num_branches": 0, "num_partial_branches": 0, "covered_branches": 0, "missing_branches": 0}, "missing_lines": [116], "excluded_lines": [], "executed_branches": [], "missing_branches": []}, "CloudFormationTemplate.get_outputs": {"executed_lines": [], "summary": {"covered_lines": 0, "num_statements": 1, "percent_covered": 0.0, "percent_covered_display": "0", "missing_lines": 1, "excluded_lines": 0, "num_branches": 0, "num_partial_branches": 0, "covered_branches": 0, "missing_branches": 0}, "missing_lines": [120], "excluded_lines": [], "executed_branches": [], "missing_branches": []}, "CloudFormationTemplate.get_output": {"executed_lines": [], "summary": {"covered_lines": 0, "num_statements": 1, "percent_covered": 0.0, "percent_covered_display": "0", "missing_lines": 1, "excluded_lines": 0, "num_branches": 0, "num_partial_branches": 0, "covered_branches": 0, "missing_branches": 0}, "missing_lines": [132], "excluded_lines": [], "executed_branches": [], "missing_branches": []}, "CloudFormationTemplate.validate_structure": {"executed_lines": [], "summary": {"covered_lines": 0, "num_statements": 11, "percent_covered": 0.0, "percent_covered_display": "0", "missing_lines": 11, "excluded_lines": 0, "num_branches": 10, "num_partial_branches": 0, "covered_branches": 0, "missing_branches": 10}, "missing_lines": [141, 144, 145, 147, 148, 149, 150, 153, 154, 155, 157], "excluded_lines": [], "executed_branches": [], "missing_branches": [[144, 145], [144, 147], [147, 148], [147, 149], [149, 150], [149, 153], [153, 154], [153, 157], [154, 153], [154, 155]]}, "CloudFormationTemplate.count_resources_by_type": {"executed_lines": [], "summary": {"covered_lines": 0, "num_statements": 5, "percent_covered": 0.0, "percent_covered_display": "0", "missing_lines": 5, "excluded_lines": 0, "num_branches": 2, "num_partial_branches": 0, "covered_branches": 0, "missing_branches": 2}, "missing_lines": [166, 167, 168, 169, 170], "excluded_lines": [], "executed_branches": [], "missing_branches": [[167, 168], [167, 170]]}, "CloudFormationTemplate.has_environment_suffix": {"executed_lines": [], "summary": {"covered_lines": 0, "num_statements": 10, "percent_covered": 0.0, "percent_covered_display": "0", "missing_lines": 10, "excluded_lines": 0, "num_branches": 10, "num_partial_branches": 0, "covered_branches": 0, "missing_branches": 10}, "missing_lines": [182, 183, 184, 185, 186, 187, 188, 189, 190, 192], "excluded_lines": [], "executed_branches": [], "missing_branches": [[182, 183], [182, 189], [183, 184], [183, 192], [185, 186], [185, 187], [187, 188], [187, 192], [189, 190], [189, 192]]}, "CloudFormationTemplate.get_resource_tags": {"executed_lines": [], "summary": {"covered_lines": 0, "num_statements": 5, "percent_covered": 0.0, "percent_covered_display": "0", "missing_lines": 5, "excluded_lines": 0, "num_branches": 2, "num_partial_branches": 0, "covered_branches": 0, "missing_branches": 2}, "missing_lines": [204, 205, 208, 209, 212], "excluded_lines": [], "executed_branches": [], "missing_branches": [[208, 209], [208, 212]]}, "CloudFormationTemplate.validate_required_tags": {"executed_lines": [], "summary": {"covered_lines": 0, "num_statements": 8, "percent_covered": 0.0, "percent_covered_display": "0", "missing_lines": 8, "excluded_lines": 0, "num_branches": 4, "num_partial_branches": 0, "covered_branches": 0, "missing_branches": 4}, "missing_lines": [224, 226, 227, 228, 230, 231, 232, 234], "excluded_lines": [], "executed_branches": [], "missing_branches": [[226, 227], [226, 234], [231, 226], [231, 232]]}, "": {"executed_lines": [1, 5, 6, 7, 10, 11, 13, 23, 40, 44, 48, 60, 73, 86, 102, 106, 118, 122, 134, 159, 172, 194, 214], "summary": {"covered_lines": 21, "num_statements": 21, "percent_covered": 100.0, "percent_covered_display": "100", "missing_lines": 0, "excluded_lines": 0, "num_branches": 0, "num_partial_branches": 0, "covered_branches": 0, "missing_branches": 0}, "missing_lines": [], "excluded_lines": [], "executed_branches": [], "missing_branches": []}}, "classes": {"CloudFormationTemplate": {"executed_lines": [20, 21, 34, 35], "summary": {"covered_lines": 4, "num_statements": 61, "percent_covered": 5.2631578947368425, "percent_covered_display": "5", "missing_lines": 57, "excluded_lines": 0, "num_branches": 34, "num_partial_branches": 1, "covered_branches": 1, "missing_branches": 33}, "missing_lines": [37, 38, 42, 46, 58, 70, 71, 83, 84, 96, 97, 98, 99, 100, 104, 116, 120, 132, 141, 144, 145, 147, 148, 149, 150, 153, 154, 155, 157, 166, 167, 168, 169, 170, 182, 183, 184, 185, 186, 187, 188, 189, 190, 192, 204, 205, 208, 209, 212, 224, 226, 227, 228, 230, 231, 232, 234], "excluded_lines": [], "executed_branches": [[34, 35]], "missing_branches": [[34, 37], [97, 98], [97, 100], [98, 97], [98, 99], [144, 145], [144, 147], [147, 148], [147, 149], [149, 150], [149, 153], [153, 154], [153, 157], [154, 153], [154, 155], [167, 168], [167, 170], [182, 183], [182, 189], [183, 184], [183, 192], [185, 186], [185, 187], [187, 188], [187, 192], [189, 190], [189, 192], [208, 209], [208, 212], [226, 227], [226, 234], [231, 226], [231, 232]]}, "": {"executed_lines": [1, 5, 6, 7, 10, 11, 13, 23, 40, 44, 48, 60, 73, 86, 102, 106, 118, 122, 134, 159, 172, 194, 214], "summary": {"covered_lines": 21, "num_statements": 21, "percent_covered": 100.0, "percent_covered_display": "100", "missing_lines": 0, "excluded_lines": 0, "num_branches": 0, "num_partial_branches": 0, "covered_branches": 0, "missing_branches": 0}, "missing_lines": [], "excluded_lines": [], "executed_branches": [], "missing_branches": []}}}}, "totals": {"covered_lines": 25, "num_statements": 82, "percent_covered": 22.413793103448278, "percent_covered_display": "22", "missing_lines": 57, "excluded_lines": 0, "num_branches": 34, "num_partial_branches": 1, "covered_branches": 1, "missing_branches": 33}}