mode: atomic
github.com/TuringGpt/iac-test-automations/main.go:5.13,7.2 1 0
github.com/TuringGpt/iac-test-automations/tap_stack.go:22.54,26.30 3 7
github.com/TuringGpt/iac-test-automations/tap_stack.go:26.30,28.4 1 7
github.com/TuringGpt/iac-test-automations/tap_stack.go:29.3,44.17 4 7
github.com/TuringGpt/iac-test-automations/tap_stack.go:44.17,46.4 1 0
github.com/TuringGpt/iac-test-automations/tap_stack.go:49.3,53.17 2 7
github.com/TuringGpt/iac-test-automations/tap_stack.go:53.17,55.4 1 0
github.com/TuringGpt/iac-test-automations/tap_stack.go:58.3,62.26 3 7
github.com/TuringGpt/iac-test-automations/tap_stack.go:62.26,70.18 2 21
github.com/TuringGpt/iac-test-automations/tap_stack.go:70.18,72.5 1 0
github.com/TuringGpt/iac-test-automations/tap_stack.go:73.4,73.49 1 21
github.com/TuringGpt/iac-test-automations/tap_stack.go:77.3,78.26 2 7
github.com/TuringGpt/iac-test-automations/tap_stack.go:78.26,85.18 2 21
github.com/TuringGpt/iac-test-automations/tap_stack.go:85.18,87.5 1 0
github.com/TuringGpt/iac-test-automations/tap_stack.go:88.4,88.51 1 21
github.com/TuringGpt/iac-test-automations/tap_stack.go:92.3,93.22 2 7
github.com/TuringGpt/iac-test-automations/tap_stack.go:93.22,98.18 2 21
github.com/TuringGpt/iac-test-automations/tap_stack.go:98.18,100.5 1 0
github.com/TuringGpt/iac-test-automations/tap_stack.go:102.4,107.18 2 21
github.com/TuringGpt/iac-test-automations/tap_stack.go:107.18,109.5 1 0
github.com/TuringGpt/iac-test-automations/tap_stack.go:110.4,110.42 1 21
github.com/TuringGpt/iac-test-automations/tap_stack.go:114.3,118.17 2 7
github.com/TuringGpt/iac-test-automations/tap_stack.go:118.17,120.4 1 0
github.com/TuringGpt/iac-test-automations/tap_stack.go:123.3,128.17 2 7
github.com/TuringGpt/iac-test-automations/tap_stack.go:128.17,130.4 1 0
github.com/TuringGpt/iac-test-automations/tap_stack.go:133.3,133.40 1 7
github.com/TuringGpt/iac-test-automations/tap_stack.go:133.40,138.18 2 21
github.com/TuringGpt/iac-test-automations/tap_stack.go:138.18,140.5 1 0
github.com/TuringGpt/iac-test-automations/tap_stack.go:144.3,144.35 1 7
github.com/TuringGpt/iac-test-automations/tap_stack.go:144.35,149.18 2 21
github.com/TuringGpt/iac-test-automations/tap_stack.go:149.18,151.5 1 0
github.com/TuringGpt/iac-test-automations/tap_stack.go:153.4,158.18 2 21
github.com/TuringGpt/iac-test-automations/tap_stack.go:158.18,160.5 1 0
github.com/TuringGpt/iac-test-automations/tap_stack.go:162.4,166.18 2 21
github.com/TuringGpt/iac-test-automations/tap_stack.go:166.18,168.5 1 0
github.com/TuringGpt/iac-test-automations/tap_stack.go:172.3,199.17 2 7
github.com/TuringGpt/iac-test-automations/tap_stack.go:199.17,201.4 1 0
github.com/TuringGpt/iac-test-automations/tap_stack.go:204.3,225.17 2 7
github.com/TuringGpt/iac-test-automations/tap_stack.go:225.17,227.4 1 0
github.com/TuringGpt/iac-test-automations/tap_stack.go:230.3,243.17 2 7
github.com/TuringGpt/iac-test-automations/tap_stack.go:243.17,245.4 1 0
github.com/TuringGpt/iac-test-automations/tap_stack.go:248.3,256.17 2 7
github.com/TuringGpt/iac-test-automations/tap_stack.go:256.17,258.4 1 0
github.com/TuringGpt/iac-test-automations/tap_stack.go:261.3,266.17 2 7
github.com/TuringGpt/iac-test-automations/tap_stack.go:266.17,268.4 1 0
github.com/TuringGpt/iac-test-automations/tap_stack.go:271.3,285.17 2 7
github.com/TuringGpt/iac-test-automations/tap_stack.go:285.17,287.4 1 0
github.com/TuringGpt/iac-test-automations/tap_stack.go:290.3,299.17 2 7
github.com/TuringGpt/iac-test-automations/tap_stack.go:299.17,301.4 1 0
github.com/TuringGpt/iac-test-automations/tap_stack.go:303.3,303.26 1 7
github.com/TuringGpt/iac-test-automations/tap_stack.go:303.26,313.18 2 14
github.com/TuringGpt/iac-test-automations/tap_stack.go:313.18,315.5 1 0
github.com/TuringGpt/iac-test-automations/tap_stack.go:319.3,323.17 2 7
github.com/TuringGpt/iac-test-automations/tap_stack.go:323.17,325.4 1 0
github.com/TuringGpt/iac-test-automations/tap_stack.go:327.3,327.114 1 7
github.com/TuringGpt/iac-test-automations/tap_stack.go:327.114,338.4 5 7
github.com/TuringGpt/iac-test-automations/tap_stack.go:340.3,344.17 2 7
github.com/TuringGpt/iac-test-automations/tap_stack.go:344.17,346.4 1 0
github.com/TuringGpt/iac-test-automations/tap_stack.go:349.3,353.17 2 7
github.com/TuringGpt/iac-test-automations/tap_stack.go:353.17,355.4 1 0
github.com/TuringGpt/iac-test-automations/tap_stack.go:358.3,361.70 1 7
github.com/TuringGpt/iac-test-automations/tap_stack.go:361.70,368.5 3 7
github.com/TuringGpt/iac-test-automations/tap_stack.go:371.3,371.17 1 7
github.com/TuringGpt/iac-test-automations/tap_stack.go:371.17,373.4 1 0
github.com/TuringGpt/iac-test-automations/tap_stack.go:376.3,380.17 2 7
github.com/TuringGpt/iac-test-automations/tap_stack.go:380.17,382.4 1 0
github.com/TuringGpt/iac-test-automations/tap_stack.go:385.3,390.17 2 7
github.com/TuringGpt/iac-test-automations/tap_stack.go:390.17,392.4 1 0
github.com/TuringGpt/iac-test-automations/tap_stack.go:395.3,399.17 2 7
github.com/TuringGpt/iac-test-automations/tap_stack.go:399.17,401.4 1 0
github.com/TuringGpt/iac-test-automations/tap_stack.go:403.3,407.17 2 7
github.com/TuringGpt/iac-test-automations/tap_stack.go:407.17,409.4 1 0
github.com/TuringGpt/iac-test-automations/tap_stack.go:412.3,417.17 2 7
github.com/TuringGpt/iac-test-automations/tap_stack.go:417.17,419.4 1 0
github.com/TuringGpt/iac-test-automations/tap_stack.go:421.3,426.17 2 7
github.com/TuringGpt/iac-test-automations/tap_stack.go:426.17,428.4 1 0
github.com/TuringGpt/iac-test-automations/tap_stack.go:431.3,440.17 2 7
github.com/TuringGpt/iac-test-automations/tap_stack.go:440.17,442.4 1 0
github.com/TuringGpt/iac-test-automations/tap_stack.go:445.3,461.17 2 7
github.com/TuringGpt/iac-test-automations/tap_stack.go:461.17,463.4 1 0
github.com/TuringGpt/iac-test-automations/tap_stack.go:466.3,479.17 2 7
github.com/TuringGpt/iac-test-automations/tap_stack.go:479.17,481.4 1 0
github.com/TuringGpt/iac-test-automations/tap_stack.go:484.3,486.96 1 7
github.com/TuringGpt/iac-test-automations/tap_stack.go:486.96,517.5 5 7
github.com/TuringGpt/iac-test-automations/tap_stack.go:519.3,519.17 1 7
github.com/TuringGpt/iac-test-automations/tap_stack.go:519.17,521.4 1 0
github.com/TuringGpt/iac-test-automations/tap_stack.go:524.3,534.17 2 7
github.com/TuringGpt/iac-test-automations/tap_stack.go:534.17,536.4 1 0
github.com/TuringGpt/iac-test-automations/tap_stack.go:539.3,553.17 2 7
github.com/TuringGpt/iac-test-automations/tap_stack.go:553.17,555.4 1 0
github.com/TuringGpt/iac-test-automations/tap_stack.go:558.3,572.17 2 7
github.com/TuringGpt/iac-test-automations/tap_stack.go:572.17,574.4 1 0
github.com/TuringGpt/iac-test-automations/tap_stack.go:577.3,588.17 2 7
github.com/TuringGpt/iac-test-automations/tap_stack.go:588.17,590.4 1 0
github.com/TuringGpt/iac-test-automations/tap_stack.go:593.3,610.17 2 7
github.com/TuringGpt/iac-test-automations/tap_stack.go:610.17,612.4 1 0
github.com/TuringGpt/iac-test-automations/tap_stack.go:615.3,632.17 2 7
github.com/TuringGpt/iac-test-automations/tap_stack.go:632.17,634.4 1 0
github.com/TuringGpt/iac-test-automations/tap_stack.go:637.3,645.103 1 7
github.com/TuringGpt/iac-test-automations/tap_stack.go:645.103,669.5 4 7
github.com/TuringGpt/iac-test-automations/tap_stack.go:672.3,672.17 1 7
github.com/TuringGpt/iac-test-automations/tap_stack.go:672.17,674.4 1 0
github.com/TuringGpt/iac-test-automations/tap_stack.go:677.3,699.17 2 7
github.com/TuringGpt/iac-test-automations/tap_stack.go:699.17,701.4 1 0
github.com/TuringGpt/iac-test-automations/tap_stack.go:704.3,712.103 1 7
github.com/TuringGpt/iac-test-automations/tap_stack.go:712.103,736.5 4 7
github.com/TuringGpt/iac-test-automations/tap_stack.go:739.3,739.17 1 7
github.com/TuringGpt/iac-test-automations/tap_stack.go:739.17,741.4 1 0
github.com/TuringGpt/iac-test-automations/tap_stack.go:744.3,766.17 2 7
github.com/TuringGpt/iac-test-automations/tap_stack.go:766.17,768.4 1 0
github.com/TuringGpt/iac-test-automations/tap_stack.go:771.3,778.12 7 7
