{"meta": {"format": 3, "version": "7.10.6", "timestamp": "2025-11-18T08:53:41.501717", "branch_coverage": true, "show_contexts": false}, "files": {"test/__init__.py": {"executed_lines": [], "summary": {"covered_lines": 0, "num_statements": 0, "percent_covered": 100.0, "percent_covered_display": "100", "missing_lines": 0, "excluded_lines": 0, "num_branches": 0, "num_partial_branches": 0, "covered_branches": 0, "missing_branches": 0}, "missing_lines": [], "excluded_lines": [], "executed_branches": [], "missing_branches": [], "functions": {"": {"executed_lines": [], "summary": {"covered_lines": 0, "num_statements": 0, "percent_covered": 100.0, "percent_covered_display": "100", "missing_lines": 0, "excluded_lines": 0, "num_branches": 0, "num_partial_branches": 0, "covered_branches": 0, "missing_branches": 0}, "missing_lines": [], "excluded_lines": [], "executed_branches": [], "missing_branches": []}}, "classes": {"": {"executed_lines": [], "summary": {"covered_lines": 0, "num_statements": 0, "percent_covered": 100.0, "percent_covered_display": "100", "missing_lines": 0, "excluded_lines": 0, "num_branches": 0, "num_partial_branches": 0, "covered_branches": 0, "missing_branches": 0}, "missing_lines": [], "excluded_lines": [], "executed_branches": [], "missing_branches": []}}}, "test/test_terraform_config.py": {"executed_lines": [1, 2, 3, 4, 5, 8, 9, 11, 12, 14, 16, 17, 19, 21, 22, 24, 26, 27, 29, 31, 33, 34, 36, 38, 40, 42, 43, 45, 47, 48, 50, 52, 53, 55, 57, 58, 60, 61, 62, 64, 66, 67, 69, 70, 71, 72, 74, 76, 77, 79, 80, 82, 84, 85, 87, 88, 90, 92, 93, 95, 96, 97, 98, 99, 101, 103, 105, 106, 107, 109, 110, 111, 113, 115, 116, 118, 119, 120, 122, 124, 125, 127, 128, 129, 131, 133, 134, 136, 138, 140, 141, 143, 144, 146, 148, 149, 151, 152, 154, 156, 157, 159, 160, 162, 164, 165, 167, 168, 169, 171, 173, 174, 176, 177, 179, 181, 182, 184, 185, 187, 189, 190, 192, 193, 194, 196, 198, 199, 201, 202, 204, 206, 207, 209, 210, 211, 213, 215, 216, 218, 219, 221, 223, 224, 226, 227, 228, 230, 232, 233, 235, 237, 239, 240, 242, 243, 244, 246, 248, 250, 251, 252, 254, 256, 258, 259, 261, 262, 263, 265, 266, 268, 270, 277, 278, 279, 281, 282, 284, 286, 287, 289, 290, 291, 293, 294, 295, 296, 297, 299, 301, 302, 304, 305, 306, 308, 310, 311, 313, 314, 315, 316, 318, 320, 321, 323, 324, 325, 327, 329, 330, 332, 333, 335, 337, 338, 340, 341, 343, 345, 346, 348, 349, 350, 352, 354, 355, 357, 358, 360, 362, 363, 365, 367, 369, 370, 372, 374, 376, 377, 378, 379, 380, 382, 383, 385, 387, 394, 395, 396, 398, 399, 401, 403, 405, 406, 407, 409, 410, 412, 414, 415, 416, 417, 419, 421, 423, 424, 426, 427, 429, 431, 432, 434, 435, 436, 438, 439, 440, 442, 444, 446, 447, 449, 450, 451, 453, 454, 455, 457], "summary": {"covered_lines": 289, "num_statements": 289, "percent_covered": 100.0, "percent_covered_display": "100", "missing_lines": 0, "excluded_lines": 0, "num_branches": 36, "num_partial_branches": 0, "covered_branches": 36, "missing_branches": 0}, "missing_lines": [], "excluded_lines": [], "executed_branches": [[105, -101], [105, 106], [250, -246], [250, 251], [261, -256], [261, 262], [265, 261], [265, 266], [277, -268], [277, 278], [281, 277], [281, 282], [289, -284], [289, 290], [376, -374], [376, 377], [377, 376], [377, 378], [378, 377], [378, 379], [394, -385], [394, 395], [398, 394], [398, 399], [405, -401], [405, 406], [414, 415], [414, 419], [415, 414], [415, 416], [416, 415], [416, 417], [434, 435], [434, 442], [449, 450], [449, 457]], "missing_branches": [], "functions": {"TestTerraformStructure.lib_path": {"executed_lines": [14], "summary": {"covered_lines": 1, "num_statements": 1, "percent_covered": 100.0, "percent_covered_display": "100", "missing_lines": 0, "excluded_lines": 0, "num_branches": 0, "num_partial_branches": 0, "covered_branches": 0, "missing_branches": 0}, "missing_lines": [], "excluded_lines": [], "executed_branches": [], "missing_branches": []}, "TestTerraformStructure.backend_setup_path": {"executed_lines": [19], "summary": {"covered_lines": 1, "num_statements": 1, "percent_covered": 100.0, "percent_covered_display": "100", "missing_lines": 0, "excluded_lines": 0, "num_branches": 0, "num_partial_branches": 0, "covered_branches": 0, "missing_branches": 0}, "missing_lines": [], "excluded_lines": [], "executed_branches": [], "missing_branches": []}, "TestTerraformStructure.modules_path": {"executed_lines": [24], "summary": {"covered_lines": 1, "num_statements": 1, "percent_covered": 100.0, "percent_covered_display": "100", "missing_lines": 0, "excluded_lines": 0, "num_branches": 0, "num_partial_branches": 0, "covered_branches": 0, "missing_branches": 0}, "missing_lines": [], "excluded_lines": [], "executed_branches": [], "missing_branches": []}, "TestTerraformStructure.dev_env_path": {"executed_lines": [29], "summary": {"covered_lines": 1, "num_statements": 1, "percent_covered": 100.0, "percent_covered_display": "100", "missing_lines": 0, "excluded_lines": 0, "num_branches": 0, "num_partial_branches": 0, "covered_branches": 0, "missing_branches": 0}, "missing_lines": [], "excluded_lines": [], "executed_branches": [], "missing_branches": []}, "TestTerraformStructure.read_file": {"executed_lines": [33, 34], "summary": {"covered_lines": 2, "num_statements": 2, "percent_covered": 100.0, "percent_covered_display": "100", "missing_lines": 0, "excluded_lines": 0, "num_branches": 0, "num_partial_branches": 0, "covered_branches": 0, "missing_branches": 0}, "missing_lines": [], "excluded_lines": [], "executed_branches": [], "missing_branches": []}, "TestTerraformStructure.test_backend_setup_directory_exists": {"executed_lines": [38], "summary": {"covered_lines": 1, "num_statements": 1, "percent_covered": 100.0, "percent_covered_display": "100", "missing_lines": 0, "excluded_lines": 0, "num_branches": 0, "num_partial_branches": 0, "covered_branches": 0, "missing_branches": 0}, "missing_lines": [], "excluded_lines": [], "executed_branches": [], "missing_branches": []}, "TestTerraformStructure.test_backend_setup_has_main_tf": {"executed_lines": [42, 43], "summary": {"covered_lines": 2, "num_statements": 2, "percent_covered": 100.0, "percent_covered_display": "100", "missing_lines": 0, "excluded_lines": 0, "num_branches": 0, "num_partial_branches": 0, "covered_branches": 0, "missing_branches": 0}, "missing_lines": [], "excluded_lines": [], "executed_branches": [], "missing_branches": []}, "TestTerraformStructure.test_backend_setup_has_variables_tf": {"executed_lines": [47, 48], "summary": {"covered_lines": 2, "num_statements": 2, "percent_covered": 100.0, "percent_covered_display": "100", "missing_lines": 0, "excluded_lines": 0, "num_branches": 0, "num_partial_branches": 0, "covered_branches": 0, "missing_branches": 0}, "missing_lines": [], "excluded_lines": [], "executed_branches": [], "missing_branches": []}, "TestTerraformStructure.test_backend_setup_has_outputs_tf": {"executed_lines": [52, 53], "summary": {"covered_lines": 2, "num_statements": 2, "percent_covered": 100.0, "percent_covered_display": "100", "missing_lines": 0, "excluded_lines": 0, "num_branches": 0, "num_partial_branches": 0, "covered_branches": 0, "missing_branches": 0}, "missing_lines": [], "excluded_lines": [], "executed_branches": [], "missing_branches": []}, "TestTerraformStructure.test_backend_setup_creates_s3_bucket": {"executed_lines": [57, 58, 60, 61, 62], "summary": {"covered_lines": 5, "num_statements": 5, "percent_covered": 100.0, "percent_covered_display": "100", "missing_lines": 0, "excluded_lines": 0, "num_branches": 0, "num_partial_branches": 0, "covered_branches": 0, "missing_branches": 0}, "missing_lines": [], "excluded_lines": [], "executed_branches": [], "missing_branches": []}, "TestTerraformStructure.test_backend_setup_creates_dynamodb_table": {"executed_lines": [66, 67, 69, 70, 71, 72], "summary": {"covered_lines": 6, "num_statements": 6, "percent_covered": 100.0, "percent_covered_display": "100", "missing_lines": 0, "excluded_lines": 0, "num_branches": 0, "num_partial_branches": 0, "covered_branches": 0, "missing_branches": 0}, "missing_lines": [], "excluded_lines": [], "executed_branches": [], "missing_branches": []}, "TestTerraformStructure.test_backend_setup_enables_s3_versioning": {"executed_lines": [76, 77, 79, 80], "summary": {"covered_lines": 4, "num_statements": 4, "percent_covered": 100.0, "percent_covered_display": "100", "missing_lines": 0, "excluded_lines": 0, "num_branches": 0, "num_partial_branches": 0, "covered_branches": 0, "missing_branches": 0}, "missing_lines": [], "excluded_lines": [], "executed_branches": [], "missing_branches": []}, "TestTerraformStructure.test_backend_setup_enables_s3_encryption": {"executed_lines": [84, 85, 87, 88], "summary": {"covered_lines": 4, "num_statements": 4, "percent_covered": 100.0, "percent_covered_display": "100", "missing_lines": 0, "excluded_lines": 0, "num_branches": 0, "num_partial_branches": 0, "covered_branches": 0, "missing_branches": 0}, "missing_lines": [], "excluded_lines": [], "executed_branches": [], "missing_branches": []}, "TestTerraformStructure.test_backend_setup_blocks_public_access": {"executed_lines": [92, 93, 95, 96, 97, 98, 99], "summary": {"covered_lines": 7, "num_statements": 7, "percent_covered": 100.0, "percent_covered_display": "100", "missing_lines": 0, "excluded_lines": 0, "num_branches": 0, "num_partial_branches": 0, "covered_branches": 0, "missing_branches": 0}, "missing_lines": [], "excluded_lines": [], "executed_branches": [], "missing_branches": []}, "TestTerraformStructure.test_modules_directory_structure": {"executed_lines": [103, 105, 106, 107, 109, 110, 111], "summary": {"covered_lines": 7, "num_statements": 7, "percent_covered": 100.0, "percent_covered_display": "100", "missing_lines": 0, "excluded_lines": 0, "num_branches": 2, "num_partial_branches": 0, "covered_branches": 2, "missing_branches": 0}, "missing_lines": [], "excluded_lines": [], "executed_branches": [[105, -101], [105, 106]], "missing_branches": []}, "TestTerraformStructure.test_networking_module_creates_vpc": {"executed_lines": [115, 116, 118, 119, 120], "summary": {"covered_lines": 5, "num_statements": 5, "percent_covered": 100.0, "percent_covered_display": "100", "missing_lines": 0, "excluded_lines": 0, "num_branches": 0, "num_partial_branches": 0, "covered_branches": 0, "missing_branches": 0}, "missing_lines": [], "excluded_lines": [], "executed_branches": [], "missing_branches": []}, "TestTerraformStructure.test_networking_module_creates_subnets": {"executed_lines": [124, 125, 127, 128, 129], "summary": {"covered_lines": 5, "num_statements": 5, "percent_covered": 100.0, "percent_covered_display": "100", "missing_lines": 0, "excluded_lines": 0, "num_branches": 0, "num_partial_branches": 0, "covered_branches": 0, "missing_branches": 0}, "missing_lines": [], "excluded_lines": [], "executed_branches": [], "missing_branches": []}, "TestTerraformStructure.test_networking_module_creates_internet_gateway": {"executed_lines": [133, 134, 136], "summary": {"covered_lines": 3, "num_statements": 3, "percent_covered": 100.0, "percent_covered_display": "100", "missing_lines": 0, "excluded_lines": 0, "num_branches": 0, "num_partial_branches": 0, "covered_branches": 0, "missing_branches": 0}, "missing_lines": [], "excluded_lines": [], "executed_branches": [], "missing_branches": []}, "TestTerraformStructure.test_networking_module_creates_route_tables": {"executed_lines": [140, 141, 143, 144], "summary": {"covered_lines": 4, "num_statements": 4, "percent_covered": 100.0, "percent_covered_display": "100", "missing_lines": 0, "excluded_lines": 0, "num_branches": 0, "num_partial_branches": 0, "covered_branches": 0, "missing_branches": 0}, "missing_lines": [], "excluded_lines": [], "executed_branches": [], "missing_branches": []}, "TestTerraformStructure.test_security_groups_module_creates_groups": {"executed_lines": [148, 149, 151, 152], "summary": {"covered_lines": 4, "num_statements": 4, "percent_covered": 100.0, "percent_covered_display": "100", "missing_lines": 0, "excluded_lines": 0, "num_branches": 0, "num_partial_branches": 0, "covered_branches": 0, "missing_branches": 0}, "missing_lines": [], "excluded_lines": [], "executed_branches": [], "missing_branches": []}, "TestTerraformStructure.test_security_groups_alb_allows_http_https": {"executed_lines": [156, 157, 159, 160], "summary": {"covered_lines": 4, "num_statements": 4, "percent_covered": 100.0, "percent_covered_display": "100", "missing_lines": 0, "excluded_lines": 0, "num_branches": 0, "num_partial_branches": 0, "covered_branches": 0, "missing_branches": 0}, "missing_lines": [], "excluded_lines": [], "executed_branches": [], "missing_branches": []}, "TestTerraformStructure.test_iam_module_creates_roles": {"executed_lines": [164, 165, 167, 168, 169], "summary": {"covered_lines": 5, "num_statements": 5, "percent_covered": 100.0, "percent_covered_display": "100", "missing_lines": 0, "excluded_lines": 0, "num_branches": 0, "num_partial_branches": 0, "covered_branches": 0, "missing_branches": 0}, "missing_lines": [], "excluded_lines": [], "executed_branches": [], "missing_branches": []}, "TestTerraformStructure.test_iam_module_attaches_managed_policy": {"executed_lines": [173, 174, 176, 177], "summary": {"covered_lines": 4, "num_statements": 4, "percent_covered": 100.0, "percent_covered_display": "100", "missing_lines": 0, "excluded_lines": 0, "num_branches": 0, "num_partial_branches": 0, "covered_branches": 0, "missing_branches": 0}, "missing_lines": [], "excluded_lines": [], "executed_branches": [], "missing_branches": []}, "TestTerraformStructure.test_ecs_module_creates_cluster": {"executed_lines": [181, 182, 184, 185], "summary": {"covered_lines": 4, "num_statements": 4, "percent_covered": 100.0, "percent_covered_display": "100", "missing_lines": 0, "excluded_lines": 0, "num_branches": 0, "num_partial_branches": 0, "covered_branches": 0, "missing_branches": 0}, "missing_lines": [], "excluded_lines": [], "executed_branches": [], "missing_branches": []}, "TestTerraformStructure.test_ecs_module_creates_task_definition": {"executed_lines": [189, 190, 192, 193, 194], "summary": {"covered_lines": 5, "num_statements": 5, "percent_covered": 100.0, "percent_covered_display": "100", "missing_lines": 0, "excluded_lines": 0, "num_branches": 0, "num_partial_branches": 0, "covered_branches": 0, "missing_branches": 0}, "missing_lines": [], "excluded_lines": [], "executed_branches": [], "missing_branches": []}, "TestTerraformStructure.test_ecs_module_creates_service": {"executed_lines": [198, 199, 201, 202], "summary": {"covered_lines": 4, "num_statements": 4, "percent_covered": 100.0, "percent_covered_display": "100", "missing_lines": 0, "excluded_lines": 0, "num_branches": 0, "num_partial_branches": 0, "covered_branches": 0, "missing_branches": 0}, "missing_lines": [], "excluded_lines": [], "executed_branches": [], "missing_branches": []}, "TestTerraformStructure.test_ecs_module_creates_alb": {"executed_lines": [206, 207, 209, 210, 211], "summary": {"covered_lines": 5, "num_statements": 5, "percent_covered": 100.0, "percent_covered_display": "100", "missing_lines": 0, "excluded_lines": 0, "num_branches": 0, "num_partial_branches": 0, "covered_branches": 0, "missing_branches": 0}, "missing_lines": [], "excluded_lines": [], "executed_branches": [], "missing_branches": []}, "TestTerraformStructure.test_ecs_module_creates_target_group": {"executed_lines": [215, 216, 218, 219], "summary": {"covered_lines": 4, "num_statements": 4, "percent_covered": 100.0, "percent_covered_display": "100", "missing_lines": 0, "excluded_lines": 0, "num_branches": 0, "num_partial_branches": 0, "covered_branches": 0, "missing_branches": 0}, "missing_lines": [], "excluded_lines": [], "executed_branches": [], "missing_branches": []}, "TestTerraformStructure.test_ecs_module_creates_listener": {"executed_lines": [223, 224, 226, 227, 228], "summary": {"covered_lines": 5, "num_statements": 5, "percent_covered": 100.0, "percent_covered_display": "100", "missing_lines": 0, "excluded_lines": 0, "num_branches": 0, "num_partial_branches": 0, "covered_branches": 0, "missing_branches": 0}, "missing_lines": [], "excluded_lines": [], "executed_branches": [], "missing_branches": []}, "TestTerraformStructure.test_ecs_module_creates_cloudwatch_logs": {"executed_lines": [232, 233, 235], "summary": {"covered_lines": 3, "num_statements": 3, "percent_covered": 100.0, "percent_covered_display": "100", "missing_lines": 0, "excluded_lines": 0, "num_branches": 0, "num_partial_branches": 0, "covered_branches": 0, "missing_branches": 0}, "missing_lines": [], "excluded_lines": [], "executed_branches": [], "missing_branches": []}, "TestTerraformStructure.test_ecs_module_configures_autoscaling": {"executed_lines": [239, 240, 242, 243, 244], "summary": {"covered_lines": 5, "num_statements": 5, "percent_covered": 100.0, "percent_covered_display": "100", "missing_lines": 0, "excluded_lines": 0, "num_branches": 0, "num_partial_branches": 0, "covered_branches": 0, "missing_branches": 0}, "missing_lines": [], "excluded_lines": [], "executed_branches": [], "missing_branches": []}, "TestTerraformStructure.test_resource_names_include_environment_suffix": {"executed_lines": [248, 250, 251, 252, 254], "summary": {"covered_lines": 5, "num_statements": 5, "percent_covered": 100.0, "percent_covered_display": "100", "missing_lines": 0, "excluded_lines": 0, "num_branches": 2, "num_partial_branches": 0, "covered_branches": 2, "missing_branches": 0}, "missing_lines": [], "excluded_lines": [], "executed_branches": [[250, -246], [250, 251]], "missing_branches": []}, "TestTerraformStructure.test_no_hardcoded_environment_values": {"executed_lines": [258, 259, 261, 262, 263, 265, 266], "summary": {"covered_lines": 7, "num_statements": 7, "percent_covered": 100.0, "percent_covered_display": "100", "missing_lines": 0, "excluded_lines": 0, "num_branches": 4, "num_partial_branches": 0, "covered_branches": 4, "missing_branches": 0}, "missing_lines": [], "excluded_lines": [], "executed_branches": [[261, -256], [261, 262], [265, 261], [265, 266]], "missing_branches": []}, "TestTerraformStructure.test_modules_define_required_variables": {"executed_lines": [270, 277, 278, 279, 281, 282], "summary": {"covered_lines": 6, "num_statements": 6, "percent_covered": 100.0, "percent_covered_display": "100", "missing_lines": 0, "excluded_lines": 0, "num_branches": 4, "num_partial_branches": 0, "covered_branches": 4, "missing_branches": 0}, "missing_lines": [], "excluded_lines": [], "executed_branches": [[277, -268], [277, 278], [281, 277], [281, 282]], "missing_branches": []}, "TestTerraformStructure.test_environments_directory_structure": {"executed_lines": [286, 287, 289, 290, 291, 293, 294, 295, 296, 297], "summary": {"covered_lines": 10, "num_statements": 10, "percent_covered": 100.0, "percent_covered_display": "100", "missing_lines": 0, "excluded_lines": 0, "num_branches": 2, "num_partial_branches": 0, "covered_branches": 2, "missing_branches": 0}, "missing_lines": [], "excluded_lines": [], "executed_branches": [[289, -284], [289, 290]], "missing_branches": []}, "TestTerraformStructure.test_dev_environment_has_backend_config": {"executed_lines": [301, 302, 304, 305, 306], "summary": {"covered_lines": 5, "num_statements": 5, "percent_covered": 100.0, "percent_covered_display": "100", "missing_lines": 0, "excluded_lines": 0, "num_branches": 0, "num_partial_branches": 0, "covered_branches": 0, "missing_branches": 0}, "missing_lines": [], "excluded_lines": [], "executed_branches": [], "missing_branches": []}, "TestTerraformStructure.test_dev_environment_uses_modules": {"executed_lines": [310, 311, 313, 314, 315, 316], "summary": {"covered_lines": 6, "num_statements": 6, "percent_covered": 100.0, "percent_covered_display": "100", "missing_lines": 0, "excluded_lines": 0, "num_branches": 0, "num_partial_branches": 0, "covered_branches": 0, "missing_branches": 0}, "missing_lines": [], "excluded_lines": [], "executed_branches": [], "missing_branches": []}, "TestTerraformStructure.test_dev_environment_defines_outputs": {"executed_lines": [320, 321, 323, 324, 325], "summary": {"covered_lines": 5, "num_statements": 5, "percent_covered": 100.0, "percent_covered_display": "100", "missing_lines": 0, "excluded_lines": 0, "num_branches": 0, "num_partial_branches": 0, "covered_branches": 0, "missing_branches": 0}, "missing_lines": [], "excluded_lines": [], "executed_branches": [], "missing_branches": []}, "TestTerraformStructure.test_terraform_version_constraints": {"executed_lines": [329, 330, 332, 333], "summary": {"covered_lines": 4, "num_statements": 4, "percent_covered": 100.0, "percent_covered_display": "100", "missing_lines": 0, "excluded_lines": 0, "num_branches": 0, "num_partial_branches": 0, "covered_branches": 0, "missing_branches": 0}, "missing_lines": [], "excluded_lines": [], "executed_branches": [], "missing_branches": []}, "TestTerraformStructure.test_aws_provider_configuration": {"executed_lines": [337, 338, 340, 341], "summary": {"covered_lines": 4, "num_statements": 4, "percent_covered": 100.0, "percent_covered_display": "100", "missing_lines": 0, "excluded_lines": 0, "num_branches": 0, "num_partial_branches": 0, "covered_branches": 0, "missing_branches": 0}, "missing_lines": [], "excluded_lines": [], "executed_branches": [], "missing_branches": []}, "TestTerraformStructure.test_ecs_service_connects_to_alb": {"executed_lines": [345, 346, 348, 349, 350], "summary": {"covered_lines": 5, "num_statements": 5, "percent_covered": 100.0, "percent_covered_display": "100", "missing_lines": 0, "excluded_lines": 0, "num_branches": 0, "num_partial_branches": 0, "covered_branches": 0, "missing_branches": 0}, "missing_lines": [], "excluded_lines": [], "executed_branches": [], "missing_branches": []}, "TestTerraformStructure.test_alb_listener_forwards_to_target_group": {"executed_lines": [354, 355, 357, 358], "summary": {"covered_lines": 4, "num_statements": 4, "percent_covered": 100.0, "percent_covered_display": "100", "missing_lines": 0, "excluded_lines": 0, "num_branches": 0, "num_partial_branches": 0, "covered_branches": 0, "missing_branches": 0}, "missing_lines": [], "excluded_lines": [], "executed_branches": [], "missing_branches": []}, "TestTerraformStructure.test_ecs_tasks_in_private_subnets": {"executed_lines": [362, 363, 365], "summary": {"covered_lines": 3, "num_statements": 3, "percent_covered": 100.0, "percent_covered_display": "100", "missing_lines": 0, "excluded_lines": 0, "num_branches": 0, "num_partial_branches": 0, "covered_branches": 0, "missing_branches": 0}, "missing_lines": [], "excluded_lines": [], "executed_branches": [], "missing_branches": []}, "TestTerraformStructure.test_alb_in_public_subnets": {"executed_lines": [369, 370, 372], "summary": {"covered_lines": 3, "num_statements": 3, "percent_covered": 100.0, "percent_covered_display": "100", "missing_lines": 0, "excluded_lines": 0, "num_branches": 0, "num_partial_branches": 0, "covered_branches": 0, "missing_branches": 0}, "missing_lines": [], "excluded_lines": [], "executed_branches": [], "missing_branches": []}, "TestTerraformStructure.test_no_retain_policies": {"executed_lines": [376, 377, 378, 379, 380, 382, 383], "summary": {"covered_lines": 7, "num_statements": 7, "percent_covered": 100.0, "percent_covered_display": "100", "missing_lines": 0, "excluded_lines": 0, "num_branches": 6, "num_partial_branches": 0, "covered_branches": 6, "missing_branches": 0}, "missing_lines": [], "excluded_lines": [], "executed_branches": [[376, -374], [376, 377], [377, 376], [377, 378], [378, 377], [378, 379]], "missing_branches": []}, "TestTerraformStructure.test_module_outputs_define_key_resources": {"executed_lines": [387, 394, 395, 396, 398, 399], "summary": {"covered_lines": 6, "num_statements": 6, "percent_covered": 100.0, "percent_covered_display": "100", "missing_lines": 0, "excluded_lines": 0, "num_branches": 4, "num_partial_branches": 0, "covered_branches": 4, "missing_branches": 0}, "missing_lines": [], "excluded_lines": [], "executed_branches": [[394, -385], [394, 395], [398, 394], [398, 399]], "missing_branches": []}, "TestTerraformStructure.test_resource_tagging_includes_environment": {"executed_lines": [403, 405, 406, 407, 409, 410], "summary": {"covered_lines": 6, "num_statements": 6, "percent_covered": 100.0, "percent_covered_display": "100", "missing_lines": 0, "excluded_lines": 0, "num_branches": 2, "num_partial_branches": 0, "covered_branches": 2, "missing_branches": 0}, "missing_lines": [], "excluded_lines": [], "executed_branches": [[405, -401], [405, 406]], "missing_branches": []}, "TestTerraformStructure.test_terraform_files_have_correct_syntax": {"executed_lines": [414, 415, 416, 417, 419], "summary": {"covered_lines": 5, "num_statements": 5, "percent_covered": 100.0, "percent_covered_display": "100", "missing_lines": 0, "excluded_lines": 0, "num_branches": 6, "num_partial_branches": 0, "covered_branches": 6, "missing_branches": 0}, "missing_lines": [], "excluded_lines": [], "executed_branches": [[414, 415], [414, 419], [415, 414], [415, 416], [416, 415], [416, 417]], "missing_branches": []}, "TestTerraformStructure.test_backend_outputs_bucket_and_table_info": {"executed_lines": [423, 424, 426, 427], "summary": {"covered_lines": 4, "num_statements": 4, "percent_covered": 100.0, "percent_covered_display": "100", "missing_lines": 0, "excluded_lines": 0, "num_branches": 0, "num_partial_branches": 0, "covered_branches": 0, "missing_branches": 0}, "missing_lines": [], "excluded_lines": [], "executed_branches": [], "missing_branches": []}, "TestTerraformStructure.test_vpc_cidr_blocks_different_per_environment": {"executed_lines": [431, 432, 434, 435, 436, 438, 439, 440, 442], "summary": {"covered_lines": 9, "num_statements": 9, "percent_covered": 100.0, "percent_covered_display": "100", "missing_lines": 0, "excluded_lines": 0, "num_branches": 2, "num_partial_branches": 0, "covered_branches": 2, "missing_branches": 0}, "missing_lines": [], "excluded_lines": [], "executed_branches": [[434, 435], [434, 442]], "missing_branches": []}, "TestTerraformStructure.test_environments_use_different_suffixes": {"executed_lines": [446, 447, 449, 450, 451, 453, 454, 455, 457], "summary": {"covered_lines": 9, "num_statements": 9, "percent_covered": 100.0, "percent_covered_display": "100", "missing_lines": 0, "excluded_lines": 0, "num_branches": 2, "num_partial_branches": 0, "covered_branches": 2, "missing_branches": 0}, "missing_lines": [], "excluded_lines": [], "executed_branches": [[449, 450], [449, 457]], "missing_branches": []}, "": {"executed_lines": [1, 2, 3, 4, 5, 8, 9, 11, 12, 16, 17, 21, 22, 26, 27, 31, 36, 40, 45, 50, 55, 64, 74, 82, 90, 101, 113, 122, 131, 138, 146, 154, 162, 171, 179, 187, 196, 204, 213, 221, 230, 237, 246, 256, 268, 284, 299, 308, 318, 327, 335, 343, 352, 360, 367, 374, 385, 401, 412, 421, 429, 444], "summary": {"covered_lines": 61, "num_statements": 61, "percent_covered": 100.0, "percent_covered_display": "100", "missing_lines": 0, "excluded_lines": 0, "num_branches": 0, "num_partial_branches": 0, "covered_branches": 0, "missing_branches": 0}, "missing_lines": [], "excluded_lines": [], "executed_branches": [], "missing_branches": []}}, "classes": {"TestTerraformStructure": {"executed_lines": [14, 19, 24, 29, 33, 34, 38, 42, 43, 47, 48, 52, 53, 57, 58, 60, 61, 62, 66, 67, 69, 70, 71, 72, 76, 77, 79, 80, 84, 85, 87, 88, 92, 93, 95, 96, 97, 98, 99, 103, 105, 106, 107, 109, 110, 111, 115, 116, 118, 119, 120, 124, 125, 127, 128, 129, 133, 134, 136, 140, 141, 143, 144, 148, 149, 151, 152, 156, 157, 159, 160, 164, 165, 167, 168, 169, 173, 174, 176, 177, 181, 182, 184, 185, 189, 190, 192, 193, 194, 198, 199, 201, 202, 206, 207, 209, 210, 211, 215, 216, 218, 219, 223, 224, 226, 227, 228, 232, 233, 235, 239, 240, 242, 243, 244, 248, 250, 251, 252, 254, 258, 259, 261, 262, 263, 265, 266, 270, 277, 278, 279, 281, 282, 286, 287, 289, 290, 291, 293, 294, 295, 296, 297, 301, 302, 304, 305, 306, 310, 311, 313, 314, 315, 316, 320, 321, 323, 324, 325, 329, 330, 332, 333, 337, 338, 340, 341, 345, 346, 348, 349, 350, 354, 355, 357, 358, 362, 363, 365, 369, 370, 372, 376, 377, 378, 379, 380, 382, 383, 387, 394, 395, 396, 398, 399, 403, 405, 406, 407, 409, 410, 414, 415, 416, 417, 419, 423, 424, 426, 427, 431, 432, 434, 435, 436, 438, 439, 440, 442, 446, 447, 449, 450, 451, 453, 454, 455, 457], "summary": {"covered_lines": 228, "num_statements": 228, "percent_covered": 100.0, "percent_covered_display": "100", "missing_lines": 0, "excluded_lines": 0, "num_branches": 36, "num_partial_branches": 0, "covered_branches": 36, "missing_branches": 0}, "missing_lines": [], "excluded_lines": [], "executed_branches": [[105, -101], [105, 106], [250, -246], [250, 251], [261, -256], [261, 262], [265, 261], [265, 266], [277, -268], [277, 278], [281, 277], [281, 282], [289, -284], [289, 290], [376, -374], [376, 377], [377, 376], [377, 378], [378, 377], [378, 379], [394, -385], [394, 395], [398, 394], [398, 399], [405, -401], [405, 406], [414, 415], [414, 419], [415, 414], [415, 416], [416, 415], [416, 417], [434, 435], [434, 442], [449, 450], [449, 457]], "missing_branches": []}, "": {"executed_lines": [1, 2, 3, 4, 5, 8, 9, 11, 12, 16, 17, 21, 22, 26, 27, 31, 36, 40, 45, 50, 55, 64, 74, 82, 90, 101, 113, 122, 131, 138, 146, 154, 162, 171, 179, 187, 196, 204, 213, 221, 230, 237, 246, 256, 268, 284, 299, 308, 318, 327, 335, 343, 352, 360, 367, 374, 385, 401, 412, 421, 429, 444], "summary": {"covered_lines": 61, "num_statements": 61, "percent_covered": 100.0, "percent_covered_display": "100", "missing_lines": 0, "excluded_lines": 0, "num_branches": 0, "num_partial_branches": 0, "covered_branches": 0, "missing_branches": 0}, "missing_lines": [], "excluded_lines": [], "executed_branches": [], "missing_branches": []}}}, "test/test_terraform_integration.py": {"executed_lines": [1, 2, 3, 4, 5, 6, 9, 10, 12, 13, 15, 21, 22, 24, 25, 27, 29, 30, 32, 34, 35, 37, 39, 40, 42, 44, 45, 47, 49, 51, 52, 53, 54, 55, 57, 59, 61, 62, 64, 65, 67, 68, 70, 71, 73, 75, 77, 81, 82, 84, 85, 87, 88, 90, 92, 94, 98, 100, 101, 102, 103, 105, 107, 109, 113, 114, 116, 118, 119, 120, 122, 123, 125, 127, 129, 133, 134, 136, 138, 139, 141, 142, 144, 146, 148, 149, 151, 152, 153, 155, 157, 158, 160, 165, 167, 168, 169, 170, 172, 174, 175, 177, 182, 183, 185, 187, 189, 191, 193, 194, 196, 198, 199, 200, 201, 203, 205, 207, 208, 209, 211, 215, 216, 218, 219, 221, 223, 225, 226, 227, 229, 233, 234, 236, 237, 238, 240, 242, 243, 245, 250, 251, 253, 257, 259, 261, 262, 263, 265, 267, 269, 270, 272, 273, 275, 277, 278, 280, 281, 283, 284, 285, 286, 287, 294, 296, 298, 299, 301, 303, 304, 306, 308, 310, 311, 313, 314, 316, 318, 320, 324, 325, 327, 329, 331, 332, 334, 339, 340, 342, 344, 345, 346, 347, 349, 351, 352, 354, 359, 360, 362, 364, 365, 366, 367, 369, 371, 372, 374, 379, 380, 382, 386, 387, 388, 390, 392, 394, 395, 397, 400, 402, 405], "summary": {"covered_lines": 222, "num_statements": 226, "percent_covered": 96.55172413793103, "percent_covered_display": "97", "missing_lines": 4, "excluded_lines": 0, "num_branches": 6, "num_partial_branches": 2, "covered_branches": 2, "missing_branches": 4}, "missing_lines": [288, 289, 290, 292], "excluded_lines": [], "executed_branches": [[261, 262], [283, 284]], "missing_branches": [[261, -240], [283, -275], [289, 290], [289, 292]], "functions": {"TestDeployedInfrastructure.deployment_outputs": {"executed_lines": [15, 21, 22], "summary": {"covered_lines": 3, "num_statements": 3, "percent_covered": 100.0, "percent_covered_display": "100", "missing_lines": 0, "excluded_lines": 0, "num_branches": 0, "num_partial_branches": 0, "covered_branches": 0, "missing_branches": 0}, "missing_lines": [], "excluded_lines": [], "executed_branches": [], "missing_branches": []}, "TestDeployedInfrastructure.aws_region": {"executed_lines": [27], "summary": {"covered_lines": 1, "num_statements": 1, "percent_covered": 100.0, "percent_covered_display": "100", "missing_lines": 0, "excluded_lines": 0, "num_branches": 0, "num_partial_branches": 0, "covered_branches": 0, "missing_branches": 0}, "missing_lines": [], "excluded_lines": [], "executed_branches": [], "missing_branches": []}, "TestDeployedInfrastructure.ec2_client": {"executed_lines": [32], "summary": {"covered_lines": 1, "num_statements": 1, "percent_covered": 100.0, "percent_covered_display": "100", "missing_lines": 0, "excluded_lines": 0, "num_branches": 0, "num_partial_branches": 0, "covered_branches": 0, "missing_branches": 0}, "missing_lines": [], "excluded_lines": [], "executed_branches": [], "missing_branches": []}, "TestDeployedInfrastructure.ecs_client": {"executed_lines": [37], "summary": {"covered_lines": 1, "num_statements": 1, "percent_covered": 100.0, "percent_covered_display": "100", "missing_lines": 0, "excluded_lines": 0, "num_branches": 0, "num_partial_branches": 0, "covered_branches": 0, "missing_branches": 0}, "missing_lines": [], "excluded_lines": [], "executed_branches": [], "missing_branches": []}, "TestDeployedInfrastructure.elbv2_client": {"executed_lines": [42], "summary": {"covered_lines": 1, "num_statements": 1, "percent_covered": 100.0, "percent_covered_display": "100", "missing_lines": 0, "excluded_lines": 0, "num_branches": 0, "num_partial_branches": 0, "covered_branches": 0, "missing_branches": 0}, "missing_lines": [], "excluded_lines": [], "executed_branches": [], "missing_branches": []}, "TestDeployedInfrastructure.iam_client": {"executed_lines": [47], "summary": {"covered_lines": 1, "num_statements": 1, "percent_covered": 100.0, "percent_covered_display": "100", "missing_lines": 0, "excluded_lines": 0, "num_branches": 0, "num_partial_branches": 0, "covered_branches": 0, "missing_branches": 0}, "missing_lines": [], "excluded_lines": [], "executed_branches": [], "missing_branches": []}, "TestDeployedInfrastructure.test_deployment_outputs_exist": {"executed_lines": [51, 52, 53, 54, 55], "summary": {"covered_lines": 5, "num_statements": 5, "percent_covered": 100.0, "percent_covered_display": "100", "missing_lines": 0, "excluded_lines": 0, "num_branches": 0, "num_partial_branches": 0, "covered_branches": 0, "missing_branches": 0}, "missing_lines": [], "excluded_lines": [], "executed_branches": [], "missing_branches": []}, "TestDeployedInfrastructure.test_vpc_exists": {"executed_lines": [59, 61, 62, 64, 65, 67, 68, 70, 71], "summary": {"covered_lines": 9, "num_statements": 9, "percent_covered": 100.0, "percent_covered_display": "100", "missing_lines": 0, "excluded_lines": 0, "num_branches": 0, "num_partial_branches": 0, "covered_branches": 0, "missing_branches": 0}, "missing_lines": [], "excluded_lines": [], "executed_branches": [], "missing_branches": []}, "TestDeployedInfrastructure.test_subnets_exist": {"executed_lines": [75, 77, 81, 82, 84, 85, 87, 88], "summary": {"covered_lines": 8, "num_statements": 8, "percent_covered": 100.0, "percent_covered_display": "100", "missing_lines": 0, "excluded_lines": 0, "num_branches": 0, "num_partial_branches": 0, "covered_branches": 0, "missing_branches": 0}, "missing_lines": [], "excluded_lines": [], "executed_branches": [], "missing_branches": []}, "TestDeployedInfrastructure.test_internet_gateway_exists": {"executed_lines": [92, 94, 98, 100, 101, 102, 103], "summary": {"covered_lines": 7, "num_statements": 7, "percent_covered": 100.0, "percent_covered_display": "100", "missing_lines": 0, "excluded_lines": 0, "num_branches": 0, "num_partial_branches": 0, "covered_branches": 0, "missing_branches": 0}, "missing_lines": [], "excluded_lines": [], "executed_branches": [], "missing_branches": []}, "TestDeployedInfrastructure.test_security_groups_exist": {"executed_lines": [107, 109, 113, 114, 116, 118, 119, 120, 122, 123], "summary": {"covered_lines": 10, "num_statements": 10, "percent_covered": 100.0, "percent_covered_display": "100", "missing_lines": 0, "excluded_lines": 0, "num_branches": 0, "num_partial_branches": 0, "covered_branches": 0, "missing_branches": 0}, "missing_lines": [], "excluded_lines": [], "executed_branches": [], "missing_branches": []}, "TestDeployedInfrastructure.test_alb_security_group_rules": {"executed_lines": [127, 129, 133, 134, 136, 138, 139, 141, 142], "summary": {"covered_lines": 9, "num_statements": 9, "percent_covered": 100.0, "percent_covered_display": "100", "missing_lines": 0, "excluded_lines": 0, "num_branches": 0, "num_partial_branches": 0, "covered_branches": 0, "missing_branches": 0}, "missing_lines": [], "excluded_lines": [], "executed_branches": [], "missing_branches": []}, "TestDeployedInfrastructure.test_ecs_cluster_exists": {"executed_lines": [146, 148, 149, 151, 152, 153], "summary": {"covered_lines": 6, "num_statements": 6, "percent_covered": 100.0, "percent_covered_display": "100", "missing_lines": 0, "excluded_lines": 0, "num_branches": 0, "num_partial_branches": 0, "covered_branches": 0, "missing_branches": 0}, "missing_lines": [], "excluded_lines": [], "executed_branches": [], "missing_branches": []}, "TestDeployedInfrastructure.test_ecs_service_exists": {"executed_lines": [157, 158, 160, 165, 167, 168, 169, 170], "summary": {"covered_lines": 8, "num_statements": 8, "percent_covered": 100.0, "percent_covered_display": "100", "missing_lines": 0, "excluded_lines": 0, "num_branches": 0, "num_partial_branches": 0, "covered_branches": 0, "missing_branches": 0}, "missing_lines": [], "excluded_lines": [], "executed_branches": [], "missing_branches": []}, "TestDeployedInfrastructure.test_ecs_tasks_running": {"executed_lines": [174, 175, 177, 182, 183, 185], "summary": {"covered_lines": 6, "num_statements": 6, "percent_covered": 100.0, "percent_covered_display": "100", "missing_lines": 0, "excluded_lines": 0, "num_branches": 0, "num_partial_branches": 0, "covered_branches": 0, "missing_branches": 0}, "missing_lines": [], "excluded_lines": [], "executed_branches": [], "missing_branches": []}, "TestDeployedInfrastructure.test_load_balancer_exists": {"executed_lines": [189, 191, 193, 194, 196, 198, 199, 200, 201], "summary": {"covered_lines": 9, "num_statements": 9, "percent_covered": 100.0, "percent_covered_display": "100", "missing_lines": 0, "excluded_lines": 0, "num_branches": 0, "num_partial_branches": 0, "covered_branches": 0, "missing_branches": 0}, "missing_lines": [], "excluded_lines": [], "executed_branches": [], "missing_branches": []}, "TestDeployedInfrastructure.test_load_balancer_has_listeners": {"executed_lines": [205, 207, 208, 209, 211, 215, 216, 218, 219], "summary": {"covered_lines": 9, "num_statements": 9, "percent_covered": 100.0, "percent_covered_display": "100", "missing_lines": 0, "excluded_lines": 0, "num_branches": 0, "num_partial_branches": 0, "covered_branches": 0, "missing_branches": 0}, "missing_lines": [], "excluded_lines": [], "executed_branches": [], "missing_branches": []}, "TestDeployedInfrastructure.test_load_balancer_has_target_group": {"executed_lines": [223, 225, 226, 227, 229, 233, 234, 236, 237, 238], "summary": {"covered_lines": 10, "num_statements": 10, "percent_covered": 100.0, "percent_covered_display": "100", "missing_lines": 0, "excluded_lines": 0, "num_branches": 0, "num_partial_branches": 0, "covered_branches": 0, "missing_branches": 0}, "missing_lines": [], "excluded_lines": [], "executed_branches": [], "missing_branches": []}, "TestDeployedInfrastructure.test_iam_roles_exist": {"executed_lines": [242, 243, 245, 250, 251, 253, 257, 259, 261, 262, 263], "summary": {"covered_lines": 11, "num_statements": 11, "percent_covered": 92.3076923076923, "percent_covered_display": "92", "missing_lines": 0, "excluded_lines": 0, "num_branches": 2, "num_partial_branches": 1, "covered_branches": 1, "missing_branches": 1}, "missing_lines": [], "excluded_lines": [], "executed_branches": [[261, 262]], "missing_branches": [[261, -240]]}, "TestDeployedInfrastructure.test_cloudwatch_log_group_exists": {"executed_lines": [267, 269, 270, 272, 273], "summary": {"covered_lines": 5, "num_statements": 5, "percent_covered": 100.0, "percent_covered_display": "100", "missing_lines": 0, "excluded_lines": 0, "num_branches": 0, "num_partial_branches": 0, "covered_branches": 0, "missing_branches": 0}, "missing_lines": [], "excluded_lines": [], "executed_branches": [], "missing_branches": []}, "TestDeployedInfrastructure.test_alb_responds_to_http": {"executed_lines": [277, 278, 280, 281, 283, 284, 285, 286, 287], "summary": {"covered_lines": 9, "num_statements": 13, "percent_covered": 58.8235294117647, "percent_covered_display": "59", "missing_lines": 4, "excluded_lines": 0, "num_branches": 4, "num_partial_branches": 1, "covered_branches": 1, "missing_branches": 3}, "missing_lines": [288, 289, 290, 292], "excluded_lines": [], "executed_branches": [[283, 284]], "missing_branches": [[283, -275], [289, 290], [289, 292]]}, "TestDeployedInfrastructure.test_resource_tags_include_environment": {"executed_lines": [296, 298, 299, 301, 303, 304], "summary": {"covered_lines": 6, "num_statements": 6, "percent_covered": 100.0, "percent_covered_display": "100", "missing_lines": 0, "excluded_lines": 0, "num_branches": 0, "num_partial_branches": 0, "covered_branches": 0, "missing_branches": 0}, "missing_lines": [], "excluded_lines": [], "executed_branches": [], "missing_branches": []}, "TestDeployedInfrastructure.test_vpc_has_correct_cidr": {"executed_lines": [308, 310, 311, 313, 314], "summary": {"covered_lines": 5, "num_statements": 5, "percent_covered": 100.0, "percent_covered_display": "100", "missing_lines": 0, "excluded_lines": 0, "num_branches": 0, "num_partial_branches": 0, "covered_branches": 0, "missing_branches": 0}, "missing_lines": [], "excluded_lines": [], "executed_branches": [], "missing_branches": []}, "TestDeployedInfrastructure.test_subnets_span_multiple_azs": {"executed_lines": [318, 320, 324, 325, 327], "summary": {"covered_lines": 5, "num_statements": 5, "percent_covered": 100.0, "percent_covered_display": "100", "missing_lines": 0, "excluded_lines": 0, "num_branches": 0, "num_partial_branches": 0, "covered_branches": 0, "missing_branches": 0}, "missing_lines": [], "excluded_lines": [], "executed_branches": [], "missing_branches": []}, "TestDeployedInfrastructure.test_ecs_service_has_load_balancer_configuration": {"executed_lines": [331, 332, 334, 339, 340, 342, 344, 345, 346, 347], "summary": {"covered_lines": 10, "num_statements": 10, "percent_covered": 100.0, "percent_covered_display": "100", "missing_lines": 0, "excluded_lines": 0, "num_branches": 0, "num_partial_branches": 0, "covered_branches": 0, "missing_branches": 0}, "missing_lines": [], "excluded_lines": [], "executed_branches": [], "missing_branches": []}, "TestDeployedInfrastructure.test_ecs_service_network_configuration": {"executed_lines": [351, 352, 354, 359, 360, 362, 364, 365, 366, 367], "summary": {"covered_lines": 10, "num_statements": 10, "percent_covered": 100.0, "percent_covered_display": "100", "missing_lines": 0, "excluded_lines": 0, "num_branches": 0, "num_partial_branches": 0, "covered_branches": 0, "missing_branches": 0}, "missing_lines": [], "excluded_lines": [], "executed_branches": [], "missing_branches": []}, "TestDeployedInfrastructure.test_ecs_task_definition_uses_fargate": {"executed_lines": [371, 372, 374, 379, 380, 382, 386, 387, 388], "summary": {"covered_lines": 9, "num_statements": 9, "percent_covered": 100.0, "percent_covered_display": "100", "missing_lines": 0, "excluded_lines": 0, "num_branches": 0, "num_partial_branches": 0, "covered_branches": 0, "missing_branches": 0}, "missing_lines": [], "excluded_lines": [], "executed_branches": [], "missing_branches": []}, "TestDeployedInfrastructure.test_deployment_is_self_contained": {"executed_lines": [392, 394, 395, 397, 400, 402, 405], "summary": {"covered_lines": 7, "num_statements": 7, "percent_covered": 100.0, "percent_covered_display": "100", "missing_lines": 0, "excluded_lines": 0, "num_branches": 0, "num_partial_branches": 0, "covered_branches": 0, "missing_branches": 0}, "missing_lines": [], "excluded_lines": [], "executed_branches": [], "missing_branches": []}, "": {"executed_lines": [1, 2, 3, 4, 5, 6, 9, 10, 12, 13, 24, 25, 29, 30, 34, 35, 39, 40, 44, 45, 49, 57, 73, 90, 105, 125, 144, 155, 172, 187, 203, 221, 240, 265, 275, 294, 306, 316, 329, 349, 369, 390], "summary": {"covered_lines": 41, "num_statements": 41, "percent_covered": 100.0, "percent_covered_display": "100", "missing_lines": 0, "excluded_lines": 0, "num_branches": 0, "num_partial_branches": 0, "covered_branches": 0, "missing_branches": 0}, "missing_lines": [], "excluded_lines": [], "executed_branches": [], "missing_branches": []}}, "classes": {"TestDeployedInfrastructure": {"executed_lines": [15, 21, 22, 27, 32, 37, 42, 47, 51, 52, 53, 54, 55, 59, 61, 62, 64, 65, 67, 68, 70, 71, 75, 77, 81, 82, 84, 85, 87, 88, 92, 94, 98, 100, 101, 102, 103, 107, 109, 113, 114, 116, 118, 119, 120, 122, 123, 127, 129, 133, 134, 136, 138, 139, 141, 142, 146, 148, 149, 151, 152, 153, 157, 158, 160, 165, 167, 168, 169, 170, 174, 175, 177, 182, 183, 185, 189, 191, 193, 194, 196, 198, 199, 200, 201, 205, 207, 208, 209, 211, 215, 216, 218, 219, 223, 225, 226, 227, 229, 233, 234, 236, 237, 238, 242, 243, 245, 250, 251, 253, 257, 259, 261, 262, 263, 267, 269, 270, 272, 273, 277, 278, 280, 281, 283, 284, 285, 286, 287, 296, 298, 299, 301, 303, 304, 308, 310, 311, 313, 314, 318, 320, 324, 325, 327, 331, 332, 334, 339, 340, 342, 344, 345, 346, 347, 351, 352, 354, 359, 360, 362, 364, 365, 366, 367, 371, 372, 374, 379, 380, 382, 386, 387, 388, 392, 394, 395, 397, 400, 402, 405], "summary": {"covered_lines": 181, "num_statements": 185, "percent_covered": 95.81151832460733, "percent_covered_display": "96", "missing_lines": 4, "excluded_lines": 0, "num_branches": 6, "num_partial_branches": 2, "covered_branches": 2, "missing_branches": 4}, "missing_lines": [288, 289, 290, 292], "excluded_lines": [], "executed_branches": [[261, 262], [283, 284]], "missing_branches": [[261, -240], [283, -275], [289, 290], [289, 292]]}, "": {"executed_lines": [1, 2, 3, 4, 5, 6, 9, 10, 12, 13, 24, 25, 29, 30, 34, 35, 39, 40, 44, 45, 49, 57, 73, 90, 105, 125, 144, 155, 172, 187, 203, 221, 240, 265, 275, 294, 306, 316, 329, 349, 369, 390], "summary": {"covered_lines": 41, "num_statements": 41, "percent_covered": 100.0, "percent_covered_display": "100", "missing_lines": 0, "excluded_lines": 0, "num_branches": 0, "num_partial_branches": 0, "covered_branches": 0, "missing_branches": 0}, "missing_lines": [], "excluded_lines": [], "executed_branches": [], "missing_branches": []}}}}, "totals": {"covered_lines": 511, "num_statements": 515, "percent_covered": 98.56373429084381, "percent_covered_display": "99", "missing_lines": 4, "excluded_lines": 0, "num_branches": 42, "num_partial_branches": 2, "covered_branches": 38, "missing_branches": 4}}