mode: atomic
github.com/TuringGpt/iac-test-automations/lib/tap_stack.go:39.78,44.29 3 0
github.com/TuringGpt/iac-test-automations/lib/tap_stack.go:44.29,46.3 1 0
github.com/TuringGpt/iac-test-automations/lib/tap_stack.go:49.2,84.39 3 0
github.com/TuringGpt/iac-test-automations/lib/tap_stack.go:84.39,89.3 1 0
github.com/TuringGpt/iac-test-automations/lib/tap_stack.go:92.2,95.39 2 0
github.com/TuringGpt/iac-test-automations/lib/tap_stack.go:95.39,121.49 5 0
github.com/TuringGpt/iac-test-automations/lib/tap_stack.go:121.49,133.4 2 0
github.com/TuringGpt/iac-test-automations/lib/tap_stack.go:136.3,151.38 2 0
github.com/TuringGpt/iac-test-automations/lib/tap_stack.go:151.38,157.4 1 0
github.com/TuringGpt/iac-test-automations/lib/tap_stack.go:160.3,332.5 10 0
github.com/TuringGpt/iac-test-automations/lib/tap_stack.go:336.2,336.43 1 0
github.com/TuringGpt/iac-test-automations/lib/tap_stack.go:336.43,341.3 1 0
github.com/TuringGpt/iac-test-automations/lib/tap_stack.go:343.2,343.14 1 0
