{"total": {"lines":{"total":35,"covered":35,"skipped":0,"pct":100},"statements":{"total":35,"covered":35,"skipped":0,"pct":100},"functions":{"total":1,"covered":1,"skipped":0,"pct":100},"branches":{"total":3,"covered":3,"skipped":0,"pct":100},"branchesTrue":{"total":0,"covered":0,"skipped":0,"pct":"Unknown"}}
,"/home/runner/work/iac-test-automations/iac-test-automations/lib/tap-stack.ts": {"lines":{"total":35,"covered":35,"skipped":0,"pct":100},"functions":{"total":1,"covered":1,"skipped":0,"pct":100},"statements":{"total":35,"covered":35,"skipped":0,"pct":100},"branches":{"total":3,"covered":3,"skipped":0,"pct":100}}
}
