TN:
SF:lib/secure-foundational-environment-stack.ts
FN:22,(anonymous_9)
FN:427,(anonymous_10)
FNF:2
FNH:2
FNDA:10,(anonymous_9)
FNDA:60,(anonymous_10)
DA:3,1
DA:4,1
DA:5,1
DA:6,1
DA:7,1
DA:8,1
DA:9,1
DA:16,1
DA:27,10
DA:35,10
DA:38,10
DA:48,10
DA:95,10
DA:126,10
DA:148,10
DA:155,10
DA:165,10
DA:178,10
DA:185,10
DA:192,10
DA:231,10
DA:237,10
DA:272,10
DA:273,10
DA:324,10
DA:343,10
DA:350,10
DA:374,10
DA:427,10
DA:428,60
DA:432,10
DA:438,10
DA:444,10
DA:450,10
DA:456,10
LF:35
LH:35
BRF:0
BRH:0
end_of_record
