TN:
SF:lib/multi-region-infra.ts
FN:19,(anonymous_9)
FN:42,(anonymous_10)
FNF:2
FNH:2
FNDA:29,(anonymous_9)
FNDA:29,(anonymous_10)
DA:1,1
DA:2,1
DA:3,1
DA:4,1
DA:5,1
DA:6,1
DA:7,1
DA:8,1
DA:9,1
DA:10,1
DA:11,1
DA:18,1
DA:20,29
DA:22,29
DA:23,29
DA:26,29
DA:27,29
DA:30,29
DA:31,29
DA:34,29
DA:49,29
DA:74,29
DA:99,29
DA:105,29
DA:112,29
DA:123,29
DA:135,29
DA:147,29
DA:160,29
DA:184,29
DA:213,29
DA:231,29
DA:275,29
DA:323,29
DA:376,29
DA:383,29
DA:389,29
DA:396,29
DA:404,29
DA:414,29
DA:427,29
DA:441,29
DA:449,29
DA:461,29
DA:471,29
DA:476,29
DA:506,29
DA:516,29
DA:527,29
DA:532,29
DA:537,29
DA:542,29
DA:547,29
DA:552,29
LF:54
LH:54
BRDA:22,0,0,29
BRDA:22,0,1,2
BRDA:27,1,0,1
BRDA:27,1,1,28
BRF:4
BRH:4
end_of_record
TN:
SF:lib/tap-stack.ts
FN:12,(anonymous_9)
FNF:1
FNH:1
FNDA:11,(anonymous_9)
DA:1,1
DA:11,1
DA:13,11
DA:18,11
LF:4
LH:4
BRDA:18,0,0,11
BRDA:18,0,1,8
BRDA:18,0,2,7
BRF:3
BRH:3
end_of_record
