{"total": {"lines":{"total":271,"covered":226,"skipped":0,"pct":83.39},"statements":{"total":278,"covered":230,"skipped":0,"pct":82.73},"functions":{"total":47,"covered":43,"skipped":0,"pct":91.48},"branches":{"total":126,"covered":80,"skipped":0,"pct":63.49},"branchesTrue":{"total":0,"covered":0,"skipped":0,"pct":100}}
,"/Users/mayanksethi/Desktop/projects/turing/iac-test-automations/worktree/synth-z8u5f1v6/lib/tap-stack.ts": {"lines":{"total":25,"covered":25,"skipped":0,"pct":100},"functions":{"total":1,"covered":1,"skipped":0,"pct":100},"statements":{"total":25,"covered":25,"skipped":0,"pct":100},"branches":{"total":0,"covered":0,"skipped":0,"pct":100}}
,"/Users/mayanksethi/Desktop/projects/turing/iac-test-automations/worktree/synth-z8u5f1v6/lib/aspects/iam-policy-aspect.ts": {"lines":{"total":32,"covered":14,"skipped":0,"pct":43.75},"functions":{"total":6,"covered":4,"skipped":0,"pct":66.66},"statements":{"total":35,"covered":14,"skipped":0,"pct":40},"branches":{"total":21,"covered":8,"skipped":0,"pct":38.09}}
,"/Users/mayanksethi/Desktop/projects/turing/iac-test-automations/worktree/synth-z8u5f1v6/lib/aspects/lambda-config-aspect.ts": {"lines":{"total":28,"covered":27,"skipped":0,"pct":96.42},"functions":{"total":3,"covered":3,"skipped":0,"pct":100},"statements":{"total":28,"covered":27,"skipped":0,"pct":96.42},"branches":{"total":18,"covered":14,"skipped":0,"pct":77.77}}
,"/Users/mayanksethi/Desktop/projects/turing/iac-test-automations/worktree/synth-z8u5f1v6/lib/aspects/rds-config-aspect.ts": {"lines":{"total":27,"covered":6,"skipped":0,"pct":22.22},"functions":{"total":4,"covered":2,"skipped":0,"pct":50},"statements":{"total":27,"covered":6,"skipped":0,"pct":22.22},"branches":{"total":16,"covered":1,"skipped":0,"pct":6.25}}
,"/Users/mayanksethi/Desktop/projects/turing/iac-test-automations/worktree/synth-z8u5f1v6/lib/aspects/s3-encryption-aspect.ts": {"lines":{"total":14,"covered":13,"skipped":0,"pct":92.85},"functions":{"total":2,"covered":2,"skipped":0,"pct":100},"statements":{"total":14,"covered":13,"skipped":0,"pct":92.85},"branches":{"total":17,"covered":11,"skipped":0,"pct":64.7}}
,"/Users/mayanksethi/Desktop/projects/turing/iac-test-automations/worktree/synth-z8u5f1v6/lib/comparator/stack-comparator.ts": {"lines":{"total":60,"covered":59,"skipped":0,"pct":98.33},"functions":{"total":9,"covered":9,"skipped":0,"pct":100},"statements":{"total":60,"covered":59,"skipped":0,"pct":98.33},"branches":{"total":29,"covered":26,"skipped":0,"pct":89.65}}
,"/Users/mayanksethi/Desktop/projects/turing/iac-test-automations/worktree/synth-z8u5f1v6/lib/core/validation-registry.ts": {"lines":{"total":13,"covered":13,"skipped":0,"pct":100},"functions":{"total":12,"covered":12,"skipped":0,"pct":100},"statements":{"total":15,"covered":15,"skipped":0,"pct":100},"branches":{"total":2,"covered":2,"skipped":0,"pct":100}}
,"/Users/mayanksethi/Desktop/projects/turing/iac-test-automations/worktree/synth-z8u5f1v6/lib/reporters/validation-reporter.ts": {"lines":{"total":39,"covered":38,"skipped":0,"pct":97.43},"functions":{"total":4,"covered":4,"skipped":0,"pct":100},"statements":{"total":40,"covered":39,"skipped":0,"pct":97.5},"branches":{"total":4,"covered":2,"skipped":0,"pct":50}}
,"/Users/mayanksethi/Desktop/projects/turing/iac-test-automations/worktree/synth-z8u5f1v6/lib/rules/rule-engine.ts": {"lines":{"total":33,"covered":31,"skipped":0,"pct":93.93},"functions":{"total":6,"covered":6,"skipped":0,"pct":100},"statements":{"total":34,"covered":32,"skipped":0,"pct":94.11},"branches":{"total":19,"covered":16,"skipped":0,"pct":84.21}}
}
