TN:
SF:lib/tap-stack.ts
FN:19,(anonymous_6)
FNF:1
FNH:1
FNDA:38,(anonymous_6)
DA:1,3
DA:3,3
DA:4,3
DA:7,3
DA:8,3
DA:9,3
DA:10,3
DA:11,3
DA:12,3
DA:18,3
DA:20,38
DA:22,38
DA:28,38
DA:36,38
DA:44,38
DA:62,38
DA:77,38
DA:82,38
DA:89,38
DA:90,38
DA:91,38
DA:92,38
DA:95,38
DA:101,38
DA:106,38
LF:25
LH:25
BRF:0
BRH:0
end_of_record
TN:
SF:lib/aspects/iam-policy-aspect.ts
FN:7,(anonymous_6)
FN:15,(anonymous_7)
FN:26,(anonymous_8)
FN:31,(anonymous_9)
FN:88,(anonymous_10)
FN:92,(anonymous_11)
FNF:6
FNH:4
FNDA:1330,(anonymous_6)
FNDA:114,(anonymous_7)
FNDA:38,(anonymous_8)
FNDA:38,(anonymous_9)
FNDA:0,(anonymous_10)
FNDA:0,(anonymous_11)
DA:2,3
DA:4,3
DA:6,3
DA:8,1330
DA:9,114
DA:10,1216
DA:11,38
DA:16,114
DA:19,114
DA:21,114
DA:22,0
DA:27,38
DA:28,38
DA:32,38
DA:33,38
DA:36,0
DA:38,0
DA:39,0
DA:40,0
DA:43,0
DA:44,0
DA:46,0
DA:47,0
DA:60,0
DA:61,0
DA:72,0
DA:73,0
DA:89,0
DA:90,0
DA:91,0
DA:92,0
DA:94,0
LF:32
LH:14
BRDA:8,0,0,114
BRDA:8,0,1,1216
BRDA:10,1,0,38
BRDA:19,2,0,114
BRDA:19,2,1,114
BRDA:32,3,0,38
BRDA:32,4,0,38
BRDA:32,4,1,38
BRDA:36,5,0,0
BRDA:36,5,1,0
BRDA:39,6,0,0
BRDA:46,7,0,0
BRDA:46,7,1,0
BRDA:46,8,0,0
BRDA:46,8,1,0
BRDA:60,9,0,0
BRDA:60,9,1,0
BRDA:72,10,0,0
BRDA:89,11,0,0
BRDA:90,12,0,0
BRDA:91,13,0,0
BRF:21
BRH:8
end_of_record
TN:
SF:lib/aspects/lambda-config-aspect.ts
FN:6,(anonymous_6)
FN:12,(anonymous_7)
FN:18,(anonymous_8)
FNF:3
FNH:3
FNDA:38,(anonymous_6)
FNDA:1330,(anonymous_7)
FNDA:76,(anonymous_8)
DA:2,3
DA:4,3
DA:6,3
DA:7,38
DA:8,38
DA:9,38
DA:10,38
DA:13,1330
DA:14,76
DA:19,76
DA:20,76
DA:23,76
DA:24,76
DA:25,38
DA:41,76
DA:42,76
DA:43,38
DA:59,76
DA:60,76
DA:61,76
DA:63,76
DA:64,152
DA:65,152
DA:69,76
DA:70,76
DA:86,76
DA:87,76
DA:88,0
LF:28
LH:27
BRDA:13,0,0,76
BRDA:20,1,0,76
BRDA:20,1,1,0
BRDA:23,2,0,76
BRDA:23,2,1,0
BRDA:24,3,0,38
BRDA:41,4,0,76
BRDA:41,4,1,0
BRDA:42,5,0,38
BRDA:60,6,0,76
BRDA:60,6,1,76
BRDA:64,7,0,152
BRDA:69,8,0,76
BRDA:87,9,0,0
BRDA:87,10,0,76
BRDA:87,10,1,76
BRDA:87,10,2,76
BRDA:87,10,3,76
BRF:18
BRH:14
end_of_record
TN:
SF:lib/aspects/rds-config-aspect.ts
FN:6,(anonymous_6)
FN:9,(anonymous_7)
FN:17,(anonymous_8)
FN:72,(anonymous_9)
FNF:4
FNH:2
FNDA:38,(anonymous_6)
FNDA:1330,(anonymous_7)
FNDA:0,(anonymous_8)
FNDA:0,(anonymous_9)
DA:2,3
DA:4,3
DA:6,3
DA:7,38
DA:10,1330
DA:11,0
DA:12,1330
DA:13,0
DA:18,0
DA:19,0
DA:22,0
DA:23,0
DA:24,0
DA:38,0
DA:39,0
DA:40,0
DA:56,0
DA:57,0
DA:58,0
DA:73,0
DA:74,0
DA:77,0
DA:78,0
DA:79,0
DA:93,0
DA:94,0
DA:95,0
LF:27
LH:6
BRDA:10,0,0,0
BRDA:10,0,1,1330
BRDA:12,1,0,0
BRDA:19,2,0,0
BRDA:19,2,1,0
BRDA:23,3,0,0
BRDA:38,4,0,0
BRDA:38,4,1,0
BRDA:39,5,0,0
BRDA:57,6,0,0
BRDA:74,7,0,0
BRDA:74,7,1,0
BRDA:78,8,0,0
BRDA:93,9,0,0
BRDA:93,9,1,0
BRDA:94,10,0,0
BRF:16
BRH:1
end_of_record
TN:
SF:lib/aspects/s3-encryption-aspect.ts
FN:7,(anonymous_6)
FN:13,(anonymous_7)
FNF:2
FNH:2
FNDA:1330,(anonymous_6)
FNDA:76,(anonymous_7)
DA:2,3
DA:4,3
DA:6,3
DA:8,1330
DA:9,76
DA:14,76
DA:17,76
DA:18,76
DA:20,76
DA:21,38
DA:35,38
DA:36,38
DA:37,0
DA:50,38
LF:14
LH:13
BRDA:8,0,0,76
BRDA:20,1,0,38
BRDA:20,1,1,38
BRDA:20,2,0,76
BRDA:20,2,1,38
BRDA:29,3,0,38
BRDA:29,3,1,0
BRDA:36,4,0,0
BRDA:36,4,1,38
BRDA:36,5,0,38
BRDA:36,5,1,38
BRDA:45,6,0,0
BRDA:45,6,1,0
BRDA:58,7,0,38
BRDA:58,7,1,0
BRDA:59,8,0,38
BRDA:59,8,1,0
BRF:17
BRH:11
end_of_record
TN:
SF:lib/comparator/stack-comparator.ts
FN:15,(anonymous_6)
FN:36,(anonymous_7)
FN:75,(anonymous_8)
FN:82,(anonymous_9)
FN:89,(anonymous_10)
FN:133,(anonymous_11)
FN:142,(anonymous_12)
FN:143,(anonymous_13)
FN:144,(anonymous_14)
FNF:9
FNH:9
FNDA:14,(anonymous_6)
FNDA:14,(anonymous_7)
FNDA:14,(anonymous_8)
FNDA:14,(anonymous_9)
FNDA:41,(anonymous_10)
FNDA:5,(anonymous_11)
FNDA:10,(anonymous_12)
FNDA:10,(anonymous_13)
FNDA:10,(anonymous_14)
DA:1,2
DA:11,2
DA:19,14
DA:20,14
DA:22,14
DA:25,14
DA:28,14
DA:31,14
DA:33,14
DA:40,14
DA:41,14
DA:43,14
DA:44,27
DA:45,27
DA:47,27
DA:48,7
DA:54,20
DA:55,7
DA:63,13
DA:68,13
DA:72,14
DA:79,14
DA:86,14
DA:94,41
DA:95,41
DA:97,41
DA:98,37
DA:99,37
DA:100,37
DA:102,37
DA:103,5
DA:109,32
DA:110,0
DA:116,32
DA:117,9
DA:127,41
DA:134,5
DA:135,2
DA:138,3
DA:139,3
DA:141,3
DA:142,10
DA:143,10
DA:144,10
DA:147,3
DA:148,3
DA:149,3
DA:150,4
DA:152,3
DA:155,3
DA:156,3
DA:157,3
DA:158,3
DA:160,3
DA:163,3
DA:164,3
DA:165,3
DA:166,3
DA:168,3
DA:171,3
LF:60
LH:59
BRDA:25,0,0,14
BRDA:25,0,1,0
BRDA:25,1,0,14
BRDA:25,1,1,0
BRDA:28,2,0,14
BRDA:28,2,1,7
BRDA:28,3,0,14
BRDA:28,3,1,7
BRDA:31,4,0,14
BRDA:31,4,1,7
BRDA:31,5,0,14
BRDA:31,5,1,7
BRDA:47,6,0,7
BRDA:47,6,1,20
BRDA:54,7,0,7
BRDA:54,7,1,13
BRDA:64,8,0,13
BRDA:64,8,1,3
BRDA:65,9,0,13
BRDA:65,9,1,3
BRDA:102,10,0,5
BRDA:102,10,1,32
BRDA:109,11,0,0
BRDA:109,11,1,32
BRDA:116,12,0,9
BRDA:134,13,0,2
BRDA:147,14,0,3
BRDA:155,15,0,3
BRDA:163,16,0,3
BRF:29
BRH:26
end_of_record
TN:
SF:lib/core/validation-registry.ts
FN:16,(anonymous_0)
FN:20,(anonymous_1)
FN:24,(anonymous_2)
FN:25,(anonymous_3)
FN:28,(anonymous_4)
FN:29,(anonymous_5)
FN:32,(anonymous_6)
FN:36,(anonymous_7)
FN:45,(anonymous_8)
FN:46,(anonymous_9)
FN:47,(anonymous_10)
FN:48,(anonymous_11)
FNF:12
FNH:12
FNDA:251,(anonymous_0)
FNDA:73,(anonymous_1)
FNDA:9,(anonymous_2)
FNDA:42,(anonymous_3)
FNDA:8,(anonymous_4)
FNDA:36,(anonymous_5)
FNDA:127,(anonymous_6)
FNDA:42,(anonymous_7)
FNDA:243,(anonymous_8)
FNDA:243,(anonymous_9)
FNDA:243,(anonymous_10)
FNDA:243,(anonymous_11)
DA:13,5
DA:14,5
DA:17,251
DA:21,73
DA:25,42
DA:29,36
DA:33,127
DA:43,42
DA:45,243
DA:46,243
DA:47,243
DA:49,243
DA:50,243
LF:13
LH:13
BRDA:49,0,0,243
BRDA:49,0,1,82
BRF:2
BRH:2
end_of_record
TN:
SF:lib/reporters/validation-reporter.ts
FN:30,(anonymous_6)
FN:37,(anonymous_7)
FN:44,(anonymous_8)
FN:48,(anonymous_9)
FNF:4
FNH:4
FNDA:38,(anonymous_6)
FNDA:38,(anonymous_7)
FNDA:38,(anonymous_8)
FNDA:228,(anonymous_9)
DA:2,3
DA:3,3
DA:4,3
DA:5,3
DA:29,3
DA:31,38
DA:34,38
DA:36,38
DA:38,38
DA:39,38
DA:45,38
DA:46,38
DA:48,228
DA:49,38
DA:51,38
DA:63,38
DA:64,38
DA:65,0
DA:68,38
DA:71,38
DA:72,38
DA:73,38
DA:74,38
DA:75,38
DA:76,38
DA:77,38
DA:78,38
DA:79,38
DA:80,38
DA:81,38
DA:82,38
DA:83,76
DA:85,38
DA:86,38
DA:87,38
DA:88,38
DA:89,38
DA:92,38
DA:93,38
LF:39
LH:38
BRDA:49,0,0,38
BRDA:49,0,1,0
BRDA:64,1,0,0
BRDA:92,2,0,38
BRF:4
BRH:2
end_of_record
TN:
SF:lib/rules/rule-engine.ts
FN:27,(anonymous_6)
FN:33,(anonymous_7)
FN:39,(anonymous_8)
FN:40,(anonymous_9)
FN:64,(anonymous_10)
FN:93,(anonymous_11)
FNF:6
FNH:6
FNDA:22,(anonymous_6)
FNDA:19,(anonymous_7)
FNDA:18,(anonymous_8)
FNDA:31,(anonymous_9)
FNDA:18,(anonymous_10)
FNDA:18,(anonymous_11)
DA:1,2
DA:2,2
DA:4,2
DA:24,2
DA:25,22
DA:28,22
DA:29,18
DA:34,19
DA:35,19
DA:36,19
DA:40,31
DA:42,18
DA:43,18
DA:44,18
DA:46,18
DA:47,13
DA:68,18
DA:70,18
DA:72,4
DA:74,1
DA:76,7
DA:78,1
DA:80,1
DA:85,3
DA:87,1
DA:89,0
DA:94,18
DA:95,18
DA:97,18
DA:98,19
DA:99,0
DA:101,19
DA:104,18
LF:33
LH:31
BRDA:28,0,0,18
BRDA:28,1,0,22
BRDA:28,1,1,21
BRDA:36,2,0,19
BRDA:36,2,1,0
BRDA:46,3,0,13
BRDA:70,4,0,4
BRDA:70,4,1,1
BRDA:70,4,2,7
BRDA:70,4,3,1
BRDA:70,4,4,1
BRDA:70,4,5,3
BRDA:70,4,6,1
BRDA:70,4,7,0
BRDA:81,5,0,1
BRDA:81,5,1,1
BRDA:98,6,0,0
BRDA:98,7,0,19
BRDA:98,7,1,19
BRF:19
BRH:16
end_of_record
