TN:
SF:lib/ddb-stack.ts
FN:8,(anonymous_6)
FNF:1
FNH:0
FNDA:0,(anonymous_6)
DA:1,0
DA:2,0
DA:5,0
DA:9,0
DA:11,0
LF:5
LH:0
BRF:0
BRH:0
end_of_record
TN:
SF:lib/rest-api-stack.ts
FN:8,(anonymous_6)
FN:235,(anonymous_7)
FNF:2
FNH:0
FNDA:0,(anonymous_6)
FNDA:0,(anonymous_7)
DA:1,0
DA:2,0
DA:4,0
DA:7,0
DA:9,0
DA:11,0
DA:24,0
DA:29,0
DA:34,0
DA:46,0
DA:47,0
DA:49,0
DA:53,0
DA:61,0
DA:86,0
DA:232,0
DA:235,0
DA:236,0
DA:250,0
DA:265,0
LF:20
LH:0
BRF:0
BRH:0
end_of_record
TN:
SF:lib/tap-stack.ts
FN:7,(anonymous_6)
FNF:1
FNH:0
FNDA:0,(anonymous_6)
DA:1,0
DA:2,0
DA:3,0
DA:6,0
DA:8,0
DA:10,0
DA:11,0
LF:7
LH:0
BRF:0
BRH:0
end_of_record
